!SESSION 2023-11-25 08:24:44.009 -----------------------------------------------
eclipse.buildId=unknown
java.version=1.8.0_301
java.vendor=Oracle Corporation
BootLoader constants: OS=linux, ARCH=x86_64, WS=gtk, NL=en_US

!ENTRY com.google.gson 4 0 2023-11-25 08:24:44.009
!MESSAGE FrameworkEvent ERROR
!STACK 0
org.osgi.framework.BundleException: Could not resolve module: com.google.gson [41]
  Unresolved requirement: Require-Capability: osgi.ee; filter:="(&(osgi.ee=JavaSE)(version=9.0))"

	at org.eclipse.osgi.container.Module.start(Module.java:457)
	at org.eclipse.osgi.container.ModuleContainer$ContainerStartLevel$1.run(ModuleContainer.java:1820)
	at org.eclipse.osgi.internal.framework.EquinoxContainerAdaptor$2$1.execute(EquinoxContainerAdaptor.java:150)
	at org.eclipse.osgi.container.ModuleContainer$ContainerStartLevel.incStartLevel(ModuleContainer.java:1813)
	at org.eclipse.osgi.container.ModuleContainer$ContainerStartLevel.incStartLevel(ModuleContainer.java:1770)
	at org.eclipse.osgi.container.ModuleContainer$ContainerStartLevel.doContainerStartLevel(ModuleContainer.java:1735)
	at org.eclipse.osgi.container.ModuleContainer$ContainerStartLevel.dispatchEvent(ModuleContainer.java:1661)
	at org.eclipse.osgi.container.ModuleContainer$ContainerStartLevel.dispatchEvent(ModuleContainer.java:1)
	at org.eclipse.osgi.framework.eventmgr.EventManager.dispatchEvent(EventManager.java:234)
	at org.eclipse.osgi.framework.eventmgr.EventManager$EventThread.run(EventManager.java:345)

!ENTRY org.eclipse.equinox.ds 1 0 2023-11-25 08:24:53.033
!MESSAGE Could not bind a reference of component org.wso2.carbon.caching.impl.internal.CachingServiceComponent. The reference is: Reference[name = cache.entry.listener.service, interface = javax.cache.event.CacheEntryListener, policy = dynamic, cardinality = 0..n, target = null, bind = addCacheEntryListener, unbind = removeCacheEntryListener]

!ENTRY org.eclipse.equinox.ds 1 0 2023-11-25 08:24:53.034
!MESSAGE Could not bind a reference of component org.wso2.carbon.caching.impl.internal.CachingServiceComponent. The reference is: Reference[name = cache.invalidation.request.sender.service, interface = javax.cache.CacheInvalidationRequestSender, policy = dynamic, cardinality = 0..n, target = null, bind = addCacheInvalidationRequestSender, unbind = removeCacheInvalidationRequestSender]

!ENTRY org.eclipse.equinox.ds 1 0 2023-11-25 08:24:53.035
!MESSAGE Could not bind a reference of component org.wso2.carbon.caching.impl.internal.CachingServiceComponent. The reference is: Reference[name = config.context.service, interface = org.wso2.carbon.utils.ConfigurationContextService, policy = dynamic, cardinality = 0..1, target = null, bind = setClusteringAgent, unbind = unsetClusteringAgent]

!ENTRY org.eclipse.equinox.ds 1 0 2023-11-25 08:24:53.035
!MESSAGE Could not bind a reference of component org.wso2.carbon.caching.impl.internal.CachingServiceComponent. The reference is: Reference[name = distributedMapProvider, interface = org.wso2.carbon.caching.impl.DistributedMapProvider, policy = dynamic, cardinality = 0..1, target = null, bind = setDistributedMapProvider, unbind = unsetDistributedMapProvider]

!ENTRY org.eclipse.equinox.ds 1 0 2023-11-25 08:24:55.003
!MESSAGE Could not bind a reference of component org.wso2.carbon.crypto.impl. The reference is: Reference[name = externalCryptoProvider, interface = org.wso2.carbon.crypto.api.ExternalCryptoProvider, policy = dynamic, cardinality = 0..n, target = null, bind = setExternalCryptoProvider, unbind = unsetExternalCryptoProvider]

!ENTRY org.eclipse.equinox.ds 1 0 2023-11-25 08:24:55.004
!MESSAGE Could not bind a reference of component org.wso2.carbon.crypto.impl. The reference is: Reference[name = internalCryptoProvider, interface = org.wso2.carbon.crypto.api.InternalCryptoProvider, policy = dynamic, cardinality = 0..n, target = null, bind = setInternalCryptoProvider, unbind = unsetInternalCryptoProvider]

!ENTRY org.eclipse.equinox.ds 1 0 2023-11-25 08:24:55.005
!MESSAGE Could not bind a reference of component org.wso2.carbon.crypto.impl. The reference is: Reference[name = keyResolver, interface = org.wso2.carbon.crypto.api.KeyResolver, policy = dynamic, cardinality = 0..n, target = null, bind = setKeyResolver, unbind = unsetKeyResolver]

!ENTRY org.eclipse.equinox.ds 1 0 2023-11-25 08:24:55.464
!MESSAGE Could not bind a reference of component org.wso2.carbon.deployment.synchronizer.subversion. The reference is: Reference[name = carbon.tomcat.service, interface = org.wso2.carbon.tomcat.api.CarbonTomcatService, policy = dynamic, cardinality = 0..1, target = null, bind = setCarbonTomcatService, unbind = unsetCarbonTomcatService]

!ENTRY org.eclipse.equinox.ds 1 0 2023-11-25 08:24:55.853
!MESSAGE Could not bind a reference of component event.input.adapter.service. The reference is: Reference[name = config.context.service, interface = org.wso2.carbon.utils.ConfigurationContextService, policy = dynamic, cardinality = 0..1, target = null, bind = setConfigurationContextService, unbind = unsetConfigurationContextService]

!ENTRY org.eclipse.equinox.ds 1 0 2023-11-25 08:24:55.854
!MESSAGE Could not bind a reference of component event.input.adapter.service. The reference is: Reference[name = input.event.adapter.tracker.service, interface = org.wso2.carbon.event.input.adapter.core.InputEventAdapterFactory, policy = dynamic, cardinality = 0..n, target = null, bind = setEventAdapterType, unbind = unSetEventAdapterType]

!ENTRY org.eclipse.equinox.ds 1 0 2023-11-25 08:25:00.706
!MESSAGE Could not bind a reference of component input.Kafka.EventAdaptorService.component. The reference is: Reference[name = configurationcontext.service, interface = org.wso2.carbon.utils.ConfigurationContextService, policy = dynamic, cardinality = 0..1, target = null, bind = setConfigurationContextService, unbind = unsetConfigurationContextService]

!ENTRY org.eclipse.equinox.ds 1 0 2023-11-25 08:25:01.549
!MESSAGE Could not bind a reference of component eventProcessorManagementService.component. The reference is: Reference[name = configuration.contextService.service, interface = org.wso2.carbon.utils.ConfigurationContextService, policy = dynamic, cardinality = 0..1, target = null, bind = setConfigurationContextService, unbind = unsetConfigurationContextService]

!ENTRY org.eclipse.equinox.ds 1 0 2023-11-25 08:25:01.550
!MESSAGE Could not bind a reference of component eventProcessorManagementService.component. The reference is: Reference[name = hazelcast.instance.service, interface = com.hazelcast.core.HazelcastInstance, policy = dynamic, cardinality = 0..1, target = null, bind = setHazelcastInstance, unbind = unsetHazelcastInstance]

!ENTRY org.eclipse.equinox.ds 1 0 2023-11-25 08:25:01.849
!MESSAGE Could not bind a reference of component eventStreamService.component. The reference is: Reference[name = config.context.service, interface = org.wso2.carbon.utils.ConfigurationContextService, policy = dynamic, cardinality = 0..1, target = null, bind = setConfigurationContextService, unbind = unsetConfigurationContextService]

!ENTRY org.eclipse.equinox.ds 1 0 2023-11-25 08:25:01.850
!MESSAGE Could not bind a reference of component eventStreamService.component. The reference is: Reference[name = eventStreamListener.service, interface = org.wso2.carbon.event.stream.core.EventStreamListener, policy = dynamic, cardinality = 0..n, target = null, bind = setEventStreamListener, unbind = unsetEventStreamListener]

!ENTRY org.eclipse.equinox.ds 1 0 2023-11-25 08:25:01.959
!MESSAGE Could not bind a reference of component output.Ui.AdapterService.component. The reference is: Reference[name = ui.event.adapter.externsion, interface = org.wso2.carbon.event.output.adapter.ui.UIOutputAuthorizationService, policy = dynamic, cardinality = 0..n, target = null, bind = setUIOutputAuthorizationService, unbind = unsetUIOutputAuthorizationService]

!ENTRY org.eclipse.equinox.ds 1 0 2023-11-25 08:25:02.024
!MESSAGE Could not bind a reference of component template.deployer.service.tracker.component. The reference is: Reference[name = template.deployer.tracker.service, interface = org.wso2.carbon.event.template.manager.core.TemplateDeployer, policy = dynamic, cardinality = 0..n, target = null, bind = setTemplateDeployer, unbind = unSetTemplateDeployer]

!ENTRY org.eclipse.equinox.ds 1 0 2023-11-25 08:25:02.723
!MESSAGE Could not bind a reference of component org.wso2.carbon.identity.application.mgt.listener. The reference is: Reference[name = application.resource.mgt.event.listener.service, interface = org.wso2.carbon.identity.application.mgt.listener.ApplicationResourceManagementListener, policy = dynamic, cardinality = 0..n, target = null, bind = setApplicationResourceMgtListener, unbind = unsetApplicationResourceMgtListener]

!ENTRY org.eclipse.equinox.ds 1 0 2023-11-25 08:25:03.826
!MESSAGE Could not bind a reference of component carbon.identity.notification.mgt. The reference is: Reference[name = ldap.tenant.manager.listener.service, interface = org.wso2.carbon.identity.notification.mgt.NotificationSendingModule, policy = dynamic, cardinality = 0..n, target = null, bind = addNotificationSendingModule, unbind = removeNotificationSendingModule]

!ENTRY org.eclipse.equinox.ds 1 0 2023-11-25 08:25:04.819
!MESSAGE Could not bind a reference of component org.wso2.carbon.user.export.service. The reference is: Reference[name = user.export.attribute.provider, interface = org.wso2.carbon.identity.user.export.core.service.UserInformationProvider, policy = dynamic, cardinality = 0..n, target = null, bind = setUserAttributeProvider, unbind = unsetUserAttributeProvider]

!ENTRY org.eclipse.equinox.ds 1 0 2023-11-25 08:25:05.620
!MESSAGE Could not bind a reference of component org.wso2.carbon.logging.correlation.internal.CorrelationLogManager. The reference is: Reference[name = CorrelationLogService, interface = org.wso2.carbon.logging.correlation.CorrelationLogConfigurable, policy = dynamic, cardinality = 0..n, target = null, bind = setCorrelationLogService, unbind = unsetCorrelationLogService]

!ENTRY org.eclipse.equinox.ds 1 0 2023-11-25 08:25:14.001
!MESSAGE Could not bind a reference of component event.output.adapter.service. The reference is: Reference[name = config.context.service, interface = org.wso2.carbon.utils.ConfigurationContextService, policy = dynamic, cardinality = 0..1, target = null, bind = setConfigurationContextService, unbind = unsetConfigurationContextService]

!ENTRY org.eclipse.equinox.ds 1 0 2023-11-25 08:25:14.212
!MESSAGE Could not bind a reference of component eventPublisherService.component. The reference is: Reference[name = config.context.service, interface = org.wso2.carbon.utils.ConfigurationContextService, policy = dynamic, cardinality = 0..1, target = null, bind = setConfigurationContextService, unbind = unsetConfigurationContextService]

!ENTRY org.eclipse.equinox.ds 1 0 2023-11-25 08:25:14.309
!MESSAGE Could not bind a reference of component eventPublisherService.component. The reference is: Reference[name = registry.service, interface = org.wso2.carbon.registry.core.service.RegistryService, policy = dynamic, cardinality = 0..1, target = null, bind = setRegistryService, unbind = unsetRegistryService]

!ENTRY org.eclipse.equinox.ds 1 0 2023-11-25 08:25:14.326
!MESSAGE Could not bind a reference of component org.wso2.carbon.ndatasource. The reference is: Reference[name = config.context.service, interface = org.wso2.carbon.utils.ConfigurationContextService, policy = dynamic, cardinality = 0..1, target = null, bind = setConfigurationContextService, unbind = unsetConfigurationContextService]

!ENTRY org.eclipse.equinox.ds 1 0 2023-11-25 08:25:14.326
!MESSAGE Could not bind a reference of component org.wso2.carbon.ndatasource. The reference is: Reference[name = external.crypto.service, interface = org.wso2.carbon.crypto.api.ExternalCryptoProvider, policy = dynamic, cardinality = 0..1, target = null, bind = setExternalCryptoProvider, unbind = unsetExternalCryptoProvider]

!ENTRY org.eclipse.equinox.ds 1 0 2023-11-25 08:25:14.327
!MESSAGE Could not bind a reference of component org.wso2.carbon.ndatasource. The reference is: Reference[name = registry.service, interface = org.wso2.carbon.registry.core.service.RegistryService, policy = dynamic, cardinality = 0..1, target = null, bind = setRegistryService, unbind = unsetRegistryService]

!ENTRY org.eclipse.equinox.ds 1 0 2023-11-25 08:25:15.812
!MESSAGE Could not bind a reference of component org.wso2.carbon.ndatasource. The reference is: Reference[name = user.realmservice.default, interface = org.wso2.carbon.user.core.service.RealmService, policy = dynamic, cardinality = 0..1, target = null, bind = setRealmService, unbind = unsetRealmService]

!ENTRY org.eclipse.equinox.ds 1 0 2023-11-25 08:25:19.245
!MESSAGE Could not bind a reference of component org.wso2.carbon.tomcat.internal.CarbonTomcatServiceComponent. The reference is: Reference[name = sci, interface = javax.servlet.ServletContainerInitializer, policy = dynamic, cardinality = 0..n, target = null, bind = setServletContainerInitializer, unbind = unsetServletContainerInitializer]

!ENTRY org.eclipse.equinox.ds 1 0 2023-11-25 08:25:25.771
!MESSAGE Could not bind a reference of component carbon.consent.mgt.component. The reference is: Reference[name = consent.interceptor, interface = org.wso2.carbon.consent.mgt.core.connector.ConsentMgtInterceptor, policy = dynamic, cardinality = 0..n, target = null, bind = setConsentInterceptor, unbind = unsetConsentInterceptor]

!ENTRY org.eclipse.equinox.ds 1 0 2023-11-25 08:25:25.772
!MESSAGE Could not bind a reference of component carbon.consent.mgt.component. The reference is: Reference[name = pii.controller, interface = org.wso2.carbon.consent.mgt.core.connector.PIIController, policy = dynamic, cardinality = 0..n, target = null, bind = setPIIController, unbind = unsetPIIController]

!ENTRY org.eclipse.equinox.ds 1 0 2023-11-25 08:25:25.773
!MESSAGE Could not bind a reference of component carbon.consent.mgt.component. The reference is: Reference[name = piiCategory.dao, interface = org.wso2.carbon.consent.mgt.core.dao.PIICategoryDAO, policy = dynamic, cardinality = 0..n, target = null, bind = setPIICategory, unbind = unsetPIICategory]

!ENTRY org.eclipse.equinox.ds 1 0 2023-11-25 08:25:25.774
!MESSAGE Could not bind a reference of component carbon.consent.mgt.component. The reference is: Reference[name = purpose.dao, interface = org.wso2.carbon.consent.mgt.core.dao.PurposeDAO, policy = dynamic, cardinality = 0..n, target = null, bind = setPurpose, unbind = unsetPurpose]

!ENTRY org.eclipse.equinox.ds 1 0 2023-11-25 08:25:25.775
!MESSAGE Could not bind a reference of component carbon.consent.mgt.component. The reference is: Reference[name = purposeCategory.dao, interface = org.wso2.carbon.consent.mgt.core.dao.PurposeCategoryDAO, policy = dynamic, cardinality = 0..n, target = null, bind = setPurposeCategory, unbind = unsetPurposeCategory]

!ENTRY org.eclipse.equinox.ds 1 0 2023-11-25 08:25:25.786
!MESSAGE Could not bind a reference of component carbon.consent.mgt.component. The reference is: Reference[name = receipt.dao, interface = org.wso2.carbon.consent.mgt.core.dao.ReceiptDAO, policy = dynamic, cardinality = 0..n, target = null, bind = setReceiptDAO, unbind = unsetReceiptDAO]

!ENTRY org.eclipse.equinox.ds 1 0 2023-11-25 08:25:26.552
!MESSAGE Could not bind a reference of component databridge.component. The reference is: Reference[name = config.context.service, interface = org.wso2.carbon.utils.ConfigurationContextService, policy = dynamic, cardinality = 0..1, target = null, bind = setConfigurationContextService, unbind = unsetConfigurationContextService]

!ENTRY org.eclipse.equinox.ds 1 0 2023-11-25 08:25:27.174
!MESSAGE Could not bind a reference of component org.wso2.carbon.identity.authz.service. The reference is: Reference[name = org.wso2.carbon.identity.authz.handler.authz, interface = org.wso2.carbon.identity.authz.service.handler.AuthorizationHandler, policy = dynamic, cardinality = 0..n, target = null, bind = setAuthorizationHandler, unbind = unsetAuthorizationHandler]

!ENTRY org.eclipse.equinox.ds 1 0 2023-11-25 08:25:27.201
!MESSAGE Could not bind a reference of component org.wso2.carbon.identity.authz.service. The reference is: Reference[name = org.wso2.carbon.identity.authz.handler.resource, interface = org.wso2.carbon.identity.authz.service.handler.ResourceHandler, policy = dynamic, cardinality = 0..n, target = null, bind = setResourceHandler, unbind = unsetResourceHandler]

!ENTRY org.eclipse.equinox.ds 1 0 2023-11-25 08:25:28.000
!MESSAGE Could not bind a reference of component registry.core.dscomponent. The reference is: Reference[name = CacheInvalidator, interface = org.wso2.carbon.caching.impl.CacheInvalidator, policy = dynamic, cardinality = 0..n, target = null, bind = setCacheInvalidatorService, unbind = unSetCacheInvalidatorService]

!ENTRY org.eclipse.equinox.ds 1 0 2023-11-25 08:25:28.001
!MESSAGE Could not bind a reference of component registry.core.dscomponent. The reference is: Reference[name = statistics.collector, interface = org.wso2.carbon.registry.core.statistics.StatisticsCollector, policy = dynamic, cardinality = 0..n, target = null, bind = setStatisticsCollector, unbind = unsetStatisticsCollector]

!ENTRY org.eclipse.equinox.ds 1 0 2023-11-25 08:25:32.924
!MESSAGE Could not bind a reference of component eventReceiverService.component. The reference is: Reference[name = config.context.service, interface = org.wso2.carbon.utils.ConfigurationContextService, policy = dynamic, cardinality = 0..1, target = null, bind = setConfigurationContextService, unbind = unsetConfigurationContextService]

!ENTRY org.eclipse.equinox.ds 2 0 2023-11-25 08:25:37.354
!MESSAGE Getting a lock required more than 10000 ms. There might be a synchronization problem in this callstack or just the build/dispose process of some components took too long! 
!STACK 0
java.lang.Exception: Debug stacktrace
	at org.eclipse.equinox.internal.ds.InstanceProcess.getLock(InstanceProcess.java:120)
	at org.eclipse.equinox.internal.ds.InstanceProcess.buildComponents(InstanceProcess.java:159)
	at org.eclipse.equinox.internal.ds.Resolver.getEligible(Resolver.java:343)
	at org.eclipse.equinox.internal.ds.SCRManager.serviceChanged(SCRManager.java:222)
	at org.eclipse.osgi.internal.serviceregistry.FilteredServiceListener.serviceChanged(FilteredServiceListener.java:113)
	at org.eclipse.osgi.internal.framework.BundleContextImpl.dispatchEvent(BundleContextImpl.java:985)
	at org.eclipse.osgi.framework.eventmgr.EventManager.dispatchEvent(EventManager.java:234)
	at org.eclipse.osgi.framework.eventmgr.ListenerQueue.dispatchEventSynchronous(ListenerQueue.java:151)
	at org.eclipse.osgi.internal.serviceregistry.ServiceRegistry.publishServiceEventPrivileged(ServiceRegistry.java:866)
	at org.eclipse.osgi.internal.serviceregistry.ServiceRegistry.publishServiceEvent(ServiceRegistry.java:804)
	at org.eclipse.osgi.internal.serviceregistry.ServiceRegistrationImpl.register(ServiceRegistrationImpl.java:130)
	at org.eclipse.osgi.internal.serviceregistry.ServiceRegistry.registerService(ServiceRegistry.java:228)
	at org.eclipse.osgi.internal.framework.BundleContextImpl.registerService(BundleContextImpl.java:525)
	at org.eclipse.equinox.http.servlet.internal.Activator.registerHttpService(Activator.java:81)
	at org.eclipse.equinox.http.servlet.internal.Activator.addProxyServlet(Activator.java:60)
	at org.eclipse.equinox.http.servlet.internal.ProxyServlet.init(ProxyServlet.java:40)
	at org.wso2.carbon.tomcat.ext.servlet.DelegationServlet.init(DelegationServlet.java:38)
	at org.apache.catalina.core.StandardWrapper.initServlet(StandardWrapper.java:1164)
	at org.apache.catalina.core.StandardWrapper.loadServlet(StandardWrapper.java:1117)
	at org.apache.catalina.core.StandardWrapper.load(StandardWrapper.java:1010)
	at org.apache.catalina.core.StandardContext.loadOnStartup(StandardContext.java:4957)
	at org.apache.catalina.core.StandardContext.startInternal(StandardContext.java:5264)
	at org.apache.catalina.util.LifecycleBase.start(LifecycleBase.java:183)
	at org.apache.catalina.core.ContainerBase$StartChild.call(ContainerBase.java:1396)
	at org.apache.catalina.core.ContainerBase$StartChild.call(ContainerBase.java:1386)
	at java.util.concurrent.FutureTask.run(FutureTask.java:266)
	at org.apache.tomcat.util.threads.InlineExecutorService.execute(InlineExecutorService.java:75)
	at java.util.concurrent.AbstractExecutorService.submit(AbstractExecutorService.java:134)
	at org.apache.catalina.core.ContainerBase.startInternal(ContainerBase.java:919)
	at org.apache.catalina.core.StandardHost.startInternal(StandardHost.java:835)
	at org.apache.catalina.util.LifecycleBase.start(LifecycleBase.java:183)
	at org.apache.catalina.core.ContainerBase$StartChild.call(ContainerBase.java:1396)
	at org.apache.catalina.core.ContainerBase$StartChild.call(ContainerBase.java:1386)
	at java.util.concurrent.FutureTask.run(FutureTask.java:266)
	at org.apache.tomcat.util.threads.InlineExecutorService.execute(InlineExecutorService.java:75)
	at java.util.concurrent.AbstractExecutorService.submit(AbstractExecutorService.java:134)
	at org.apache.catalina.core.ContainerBase.startInternal(ContainerBase.java:919)
	at org.apache.catalina.core.StandardEngine.startInternal(StandardEngine.java:263)
	at org.apache.catalina.util.LifecycleBase.start(LifecycleBase.java:183)
	at org.wso2.carbon.tomcat.ext.service.ExtendedStandardService.startInternal(ExtendedStandardService.java:52)
	at org.apache.catalina.util.LifecycleBase.start(LifecycleBase.java:183)
	at org.apache.catalina.core.StandardServer.startInternal(StandardServer.java:927)
	at org.apache.catalina.util.LifecycleBase.start(LifecycleBase.java:183)
	at org.wso2.carbon.tomcat.internal.CarbonTomcat.start(CarbonTomcat.java:113)
	at org.wso2.carbon.tomcat.internal.ServerManager$1.run(ServerManager.java:167)
	at java.lang.Thread.run(Thread.java:748)

!ENTRY org.eclipse.equinox.ds 1 0 2023-11-25 08:25:56.121
!MESSAGE Could not bind a reference of component org.wso2.carbon.registry.resource. The reference is: Reference[name = registry.download.service, interface = org.wso2.carbon.registry.resource.download.DownloadManagerService, policy = dynamic, cardinality = 0..1, target = null, bind = setDownloadManagerService, unbind = unsetDownloadManagerService]

!ENTRY org.eclipse.equinox.ds 1 0 2023-11-25 08:25:56.122
!MESSAGE Could not bind a reference of component org.wso2.carbon.registry.resource. The reference is: Reference[name = registry.notification.service, interface = org.wso2.carbon.registry.common.eventing.NotificationService, policy = dynamic, cardinality = 0..1, target = null, bind = setRegistryNotificationService, unbind = unsetRegistryNotificationService]

!ENTRY org.eclipse.equinox.ds 1 0 2023-11-25 08:25:56.125
!MESSAGE Could not bind a reference of component org.wso2.carbon.registry.server. The reference is: Reference[name = config.context.service, interface = org.wso2.carbon.utils.ConfigurationContextService, policy = dynamic, cardinality = 0..1, target = null, bind = setConfigurationContextService, unbind = unsetConfigurationContextService]

!ENTRY org.eclipse.equinox.ds 1 0 2023-11-25 08:25:56.127
!MESSAGE Could not bind a reference of component org.wso2.carbon.registry.servlet. The reference is: Reference[name = registry.uddi, interface = org.wso2.carbon.registry.core.servlet.UDDIServlet, policy = dynamic, cardinality = 0..1, target = null, bind = setJUDDIRegistryServlet, unbind = unsetJUDDIRegistryServlet]

!ENTRY org.eclipse.equinox.ds 1 0 2023-11-25 08:25:56.641
!MESSAGE Could not bind a reference of component org.wso2.carbon.user.core.listener. The reference is: Reference[name = authorization.manager.listener.service, interface = org.wso2.carbon.user.core.listener.AuthorizationManagerListener, policy = dynamic, cardinality = 0..n, target = null, bind = setAuthorizationManagerListenerService, unbind = unsetAuthorizationManagerListenerService]

!ENTRY org.eclipse.equinox.ds 1 0 2023-11-25 08:25:56.641
!MESSAGE Could not bind a reference of component org.wso2.carbon.user.core.listener. The reference is: Reference[name = claim.manager.listener.service, interface = org.wso2.carbon.user.core.listener.ClaimManagerListener, policy = dynamic, cardinality = 0..n, target = null, bind = setClaimManagerListenerService, unbind = unsetClaimManagerListenerService]

!ENTRY org.eclipse.equinox.ds 1 0 2023-11-25 08:25:56.641
!MESSAGE Could not bind a reference of component org.wso2.carbon.user.core.listener. The reference is: Reference[name = ldap.tenant.manager.listener.service, interface = org.wso2.carbon.user.core.tenant.LDAPTenantManager, policy = dynamic, cardinality = 0..n, target = null, bind = addLDAPTenantManager, unbind = removeLDAPTenantManager]

!ENTRY org.eclipse.equinox.ds 1 0 2023-11-25 08:25:56.641
!MESSAGE Could not bind a reference of component org.wso2.carbon.user.core.listener. The reference is: Reference[name = user.management.error.event.listener.service, interface = org.wso2.carbon.user.core.listener.UserManagementErrorEventListener, policy = dynamic, cardinality = 0..n, target = null, bind = setUserManagementErrorEventListenerService, unbind = unsetUserManagementErrorEventListenerService]

!ENTRY org.eclipse.equinox.ds 1 0 2023-11-25 08:25:56.642
!MESSAGE Could not bind a reference of component org.wso2.carbon.user.core.listener. The reference is: Reference[name = user.operation.event.listener.service, interface = org.wso2.carbon.user.core.listener.UserOperationEventListener, policy = dynamic, cardinality = 0..n, target = null, bind = setUserOperationEventListenerService, unbind = unsetUserOperationEventListenerService]

!ENTRY org.eclipse.equinox.ds 1 0 2023-11-25 08:25:56.642
!MESSAGE Could not bind a reference of component org.wso2.carbon.user.core.listener. The reference is: Reference[name = user.store.manager.listener.service, interface = org.wso2.carbon.user.core.listener.UserStoreManagerListener, policy = dynamic, cardinality = 0..n, target = null, bind = setUserStoreManagerListenerService, unbind = unsetUserStoreManagerListenerService]

!ENTRY org.eclipse.equinox.ds 1 0 2023-11-25 08:25:56.657
!MESSAGE Could not bind a reference of component user.store.mgt.dscomponent. The reference is: Reference[name = claim.mgt.component, interface = org.wso2.carbon.user.core.claim.ClaimManagerFactory, policy = dynamic, cardinality = 0..1, target = null, bind = setClaimManagerFactory, unbind = unsetClaimManagerFactory]

!ENTRY org.eclipse.equinox.ds 1 0 2023-11-25 08:25:56.735
!MESSAGE Could not bind a reference of component org.wso2.carbon.context.internal.CarbonContextDiscoveryServiceComponent. The reference is: Reference[name = discoveryService, interface = org.wso2.carbon.base.DiscoveryService, policy = dynamic, cardinality = 0..1, target = null, bind = setDiscoveryService, unbind = unsetDiscoveryService]

!ENTRY org.eclipse.equinox.ds 1 0 2023-11-25 08:25:56.752
!MESSAGE Could not bind a reference of component carbon.core.dscomponent. The reference is: Reference[name = coordinatedActivity, interface = org.wso2.carbon.core.clustering.api.CoordinatedActivity, policy = dynamic, cardinality = 0..n, target = null, bind = addCoordinatedActivity, unbind = removeCoordinatedActivity]

!ENTRY org.eclipse.equinox.ds 1 0 2023-11-25 08:25:56.752
!MESSAGE Could not bind a reference of component carbon.core.dscomponent. The reference is: Reference[name = serverRestartHandler, interface = org.wso2.carbon.core.ServerRestartHandler, policy = dynamic, cardinality = 0..n, target = null, bind = addServerRestartHandler, unbind = removeServerRestartHandler]

!ENTRY org.eclipse.equinox.ds 1 0 2023-11-25 08:25:56.752
!MESSAGE Could not bind a reference of component carbon.core.dscomponent. The reference is: Reference[name = serverShutdownHandler, interface = org.wso2.carbon.core.ServerShutdownHandler, policy = dynamic, cardinality = 0..n, target = null, bind = addServerShutdownHandler, unbind = removeServerShutdownHandler]

!ENTRY org.eclipse.equinox.ds 1 0 2023-11-25 08:25:56.753
!MESSAGE Could not bind a reference of component carbon.core.dscomponent. The reference is: Reference[name = serverStartupHandler, interface = org.wso2.carbon.core.ServerStartupHandler, policy = dynamic, cardinality = 0..n, target = null, bind = addServerStartupHandler, unbind = removeServerStartupHandler]

!ENTRY org.eclipse.equinox.ds 1 0 2023-11-25 08:25:56.791
!MESSAGE Could not bind a reference of component eventProcessorService.component. The reference is: Reference[name = configuration.context, interface = org.wso2.carbon.utils.ConfigurationContextService, policy = dynamic, cardinality = 0..1, target = null, bind = setConfigurationContext, unbind = unsetConfigurationContext]

!ENTRY org.eclipse.equinox.ds 1 0 2023-11-25 08:25:56.792
!MESSAGE Could not bind a reference of component eventProcessorService.component. The reference is: Reference[name = hazelcast.instance.service, interface = com.hazelcast.core.HazelcastInstance, policy = dynamic, cardinality = 0..1, target = null, bind = setHazelcastInstance, unbind = unsetHazelcastInstance]

!ENTRY org.eclipse.equinox.ds 1 0 2023-11-25 08:26:00.560
!MESSAGE Could not bind a reference of component throttle.core.services. The reference is: Reference[name = distributedCounterManager.instance.service, interface = org.apache.synapse.commons.throttle.core.DistributedCounterManager, policy = dynamic, cardinality = 0..n, target = null, bind = addDistributedCounterManagerInstance, unbind = removeDistributedCounterManagerInstance]

!ENTRY org.eclipse.equinox.ds 1 0 2023-11-25 08:26:16.240
!MESSAGE Could not bind a reference of component org.wso2.apimgt.persistence.services. The reference is: Reference[name = api.persistence.service, interface = org.wso2.carbon.apimgt.persistence.APIPersistence, policy = dynamic, cardinality = 0..1, target = null, bind = setPersistenceService, unbind = unsetPersistenceService]

!ENTRY org.eclipse.equinox.ds 1 0 2023-11-25 08:26:16.723
!MESSAGE Could not bind a reference of component org.wso2.carbon.deployment.synchronizer.XXX. The reference is: Reference[name = repository.reference.service, interface = org.wso2.carbon.deployment.synchronizer.ArtifactRepository, policy = dynamic, cardinality = 0..n, target = null, bind = addArtifactRepository, unbind = removeArtifactRepository]

!ENTRY org.eclipse.equinox.ds 1 0 2023-11-25 08:26:16.934
!MESSAGE Could not bind a reference of component org.wso2.carbon.usage.agent. The reference is: Reference[name = org.wso2.carbon.statistics.services, interface = org.wso2.carbon.statistics.services.SystemStatisticsUtil, policy = dynamic, cardinality = 0..1, target = null, bind = setSystemStatisticsUtil, unbind = unsetSystemStatisticsUtil]

!ENTRY org.eclipse.equinox.ds 1 0 2023-11-25 08:26:17.735
!MESSAGE Could not bind a reference of component identity.application.management.component. The reference is: Reference[name = application.mgt.authenticator, interface = org.wso2.carbon.identity.application.mgt.AbstractInboundAuthenticatorConfig, policy = dynamic, cardinality = 0..n, target = null, bind = setInboundAuthenticatorConfig, unbind = unsetInboundAuthenticatorConfig]

!ENTRY org.eclipse.equinox.ds 1 0 2023-11-25 08:26:17.773
!MESSAGE Could not bind a reference of component identity.oauth.dcr. The reference is: Reference[name = identity.oauth.dcr.handler.register, interface = org.wso2.carbon.identity.oauth.dcr.handler.RegistrationHandler, policy = dynamic, cardinality = 0..n, target = null, bind = setRegistrationHandler, unbind = unsetRegistrationHandler]

!ENTRY org.eclipse.equinox.ds 1 0 2023-11-25 08:26:17.774
!MESSAGE Could not bind a reference of component identity.oauth.dcr. The reference is: Reference[name = identity.oauth.dcr.handler.unregister, interface = org.wso2.carbon.identity.oauth.dcr.handler.UnRegistrationHandler, policy = dynamic, cardinality = 0..n, target = null, bind = setUnRegistrationHandler, unbind = unsetUnRegistrationHandler]

!ENTRY org.eclipse.equinox.ds 1 0 2023-11-25 08:26:17.867
!MESSAGE Could not bind a reference of component identity.oidc.session.component. The reference is: Reference[name = oidc.logout.handlers, interface = org.wso2.carbon.identity.oidc.session.handler.OIDCLogoutHandler, policy = dynamic, cardinality = 0..n, target = null, bind = registerOIDCLogoutHandler, unbind = unregisterOIDCLogoutHandler]

!ENTRY org.eclipse.equinox.ds 1 0 2023-11-25 08:26:17.868
!MESSAGE Could not bind a reference of component identity.oidc.session.component. The reference is: Reference[name = token.binding.service, interface = org.wso2.carbon.identity.oauth.common.token.bindings.TokenBinderInfo, policy = dynamic, cardinality = 0..n, target = null, bind = setTokenBinderInfo, unbind = unsetTokenBinderInfo]

!ENTRY org.eclipse.equinox.ds 1 0 2023-11-25 08:26:18.208
!MESSAGE Could not bind a reference of component carbon.configuration.mgt.component. The reference is: Reference[name = configuration.dao, interface = org.wso2.carbon.identity.configuration.mgt.core.dao.ConfigurationDAO, policy = dynamic, cardinality = 0..n, target = null, bind = setConfiguration, unbind = unsetConfiguration]

!ENTRY org.eclipse.equinox.ds 1 0 2023-11-25 08:26:18.417
!MESSAGE Could not bind a reference of component identity.core.component. The reference is: Reference[name = is.migration.client, interface = org.wso2.carbon.identity.core.migrate.MigrationClient, policy = dynamic, cardinality = 0..1, target = null, bind = setMigrationClient, unbind = unsetMigrationClient]

!ENTRY org.eclipse.equinox.ds 1 0 2023-11-25 08:26:18.420
!MESSAGE Could not bind a reference of component identity.core.component. The reference is: Reference[name = url.builder.factory, interface = org.wso2.carbon.identity.core.ServiceURLBuilderFactory, policy = dynamic, cardinality = 0..1, target = null, bind = setServiceURLBuilderFactory, unbind = unsetServiceURLBuilderFactory]

!ENTRY org.eclipse.equinox.ds 1 0 2023-11-25 08:26:18.884
!MESSAGE Could not bind a reference of component org.wso2.carbon.identity.auth.service. The reference is: Reference[name = org.wso2.carbon.identity.auth.service.handler.auth, interface = org.wso2.carbon.identity.auth.service.handler.AuthenticationHandler, policy = dynamic, cardinality = 0..n, target = null, bind = addAuthenticationHandler, unbind = removeAuthenticationHandler]

!ENTRY org.eclipse.equinox.ds 1 0 2023-11-25 08:26:18.885
!MESSAGE Could not bind a reference of component org.wso2.carbon.identity.auth.service. The reference is: Reference[name = org.wso2.carbon.identity.auth.service.handler.resource, interface = org.wso2.carbon.identity.auth.service.handler.ResourceHandler, policy = dynamic, cardinality = 0..n, target = null, bind = addResourceHandler, unbind = removeResourceHandler]

!ENTRY org.eclipse.equinox.ds 1 0 2023-11-25 08:26:19.139
!MESSAGE Could not bind a reference of component org.wso2.carbon.identity.auth.valve. The reference is: Reference[name = org.wso2.carbon.identity.auth.service.factory.auth, interface = org.wso2.carbon.identity.auth.service.factory.AuthenticationRequestBuilderFactory, policy = dynamic, cardinality = 0..n, target = null, bind = addAuthenticationRequestBuilderFactory, unbind = removeAuthenticationRequestBuilderFactory]

!ENTRY org.eclipse.equinox.ds 1 0 2023-11-25 08:26:19.245
!MESSAGE Could not bind a reference of component identity.claim.metadata.component. The reference is: Reference[name = claim.manager.listener.service, interface = org.wso2.carbon.user.core.listener.ClaimManagerListener, policy = dynamic, cardinality = 0..n, target = null, bind = setClaimManagerListener, unbind = unsetClaimManagerListener]

!ENTRY org.eclipse.equinox.ds 1 0 2023-11-25 08:26:19.376
!MESSAGE Could not bind a reference of component org.wso2.carbon.identity.data.publisher.oauth. The reference is: Reference[name = org.wso2.carbon.identity.oauth.event.OAuthEventInterceptor, interface = org.wso2.carbon.identity.oauth.event.OAuthEventInterceptor, policy = dynamic, cardinality = 0..n, target = null, bind = setAuthEventInterceptor, unbind = unsetOauthEventInterceptor]

!ENTRY org.eclipse.equinox.ds 1 0 2023-11-25 08:26:19.776
!MESSAGE Could not bind a reference of component identity.data.publisher.authn. The reference is: Reference[name = AuthenticationDataPublisher, interface = org.wso2.carbon.identity.application.authentication.framework.AuthenticationDataPublisher, policy = dynamic, cardinality = 0..n, target = null, bind = setAuthenticationDataPublisher, unbind = unsetAuthenticationDataPublisher]

!ENTRY org.eclipse.equinox.ds 1 0 2023-11-25 08:26:19.842
!MESSAGE Could not bind a reference of component idp.mgt.dscomponent. The reference is: Reference[name = identity.core.ConnectorConfig, interface = org.wso2.carbon.identity.core.ConnectorConfig, policy = dynamic, cardinality = 0..n, target = null, bind = setIdentityGovernanceConnector, unbind = unsetGovernanceConnector]

!ENTRY org.eclipse.equinox.ds 1 0 2023-11-25 08:26:19.842
!MESSAGE Could not bind a reference of component idp.mgt.dscomponent. The reference is: Reference[name = identity.provider.saml.service.component, interface = org.wso2.carbon.idp.mgt.util.MetadataConverter, policy = dynamic, cardinality = 0..n, target = null, bind = setMetadataConverterService, unbind = unsetMetadataConverterService]

!ENTRY org.eclipse.equinox.ds 1 0 2023-11-25 08:26:20.274
!MESSAGE Could not bind a reference of component carbon.identity.template.mgt.component. The reference is: Reference[name = identity.template.handler, interface = org.wso2.carbon.identity.template.mgt.handler.ReadOnlyTemplateHandler, policy = dynamic, cardinality = 0..1, target = null, bind = setReadOnlyTemplateHandler, unbind = unsetReadOnlyTemplateHandler]

!ENTRY org.eclipse.equinox.ds 1 0 2023-11-25 08:26:20.452
!MESSAGE Could not bind a reference of component org.wso2.carbon.identity.user.store.configuration.component. The reference is: Reference[name = user.store.configuration, interface = org.wso2.carbon.identity.user.store.configuration.dao.AbstractUserStoreDAOFactory, policy = dynamic, cardinality = 0..n, target = null, bind = setUserStoreDAOFactory, unbind = unsetUserStoreDAOFactory]

!ENTRY org.eclipse.equinox.ds 1 0 2023-11-25 08:26:20.485
!MESSAGE Could not bind a reference of component identity.user.store.count.component. The reference is: Reference[name = user.store.count, interface = org.wso2.carbon.identity.user.store.count.AbstractCountRetrieverFactory, policy = dynamic, cardinality = 0..n, target = null, bind = setCountRetrieverFactory, unbind = unsetCountRetrieverFactory]

!ENTRY org.eclipse.equinox.ds 1 0 2023-11-25 08:26:20.528
!MESSAGE Could not bind a reference of component usermgt.component. The reference is: Reference[name = org.wso2.carbon.user.core.listener.UserManagementErrorEventListener, interface = org.wso2.carbon.user.core.listener.UserManagementErrorEventListener, policy = dynamic, cardinality = 0..n, target = null, bind = setUserManagementErrorEventListenerService, unbind = unsetUserManagementErrorEventListenerService]

!ENTRY org.eclipse.equinox.ds 1 0 2023-11-25 08:26:20.530
!MESSAGE Could not bind a reference of component usermgt.component. The reference is: Reference[name = org.wso2.carbon.user.mgt.recorder.UserDeletionEventRecorder, interface = org.wso2.carbon.user.mgt.recorder.UserDeletionEventRecorder, policy = dynamic, cardinality = 0..n, target = null, bind = setUserDeleteEventRecorder, unbind = unsetUserDeleteEventRecorder]

!ENTRY org.eclipse.equinox.ds 1 0 2023-11-25 08:26:23.334
!MESSAGE Could not bind a reference of component esb.core.initializer. The reference is: Reference[name = esbntask.taskservice, interface = org.wso2.carbon.mediation.ntask.internal.NtaskService, policy = dynamic, cardinality = 0..1, target = null, bind = setTaskService, unbind = unsetTaskService]

!ENTRY org.eclipse.equinox.ds 1 0 2023-11-25 08:28:25.154
!MESSAGE Could not bind a reference of component org.wso2.carbon.andes.internal.QpidServiceComponent. The reference is: Reference[name = hazelcast.instance.service, interface = com.hazelcast.core.HazelcastInstance, policy = dynamic, cardinality = 0..1, target = null, bind = setHazelcastInstance, unbind = unsetHazelcastInstance]
