TID: [-1234] [2023-08-03 08:54:19,888]  INFO {AUDIT_LOG} - Initiator=wso2.system.user Action=Get-User-Claim-Values Target=admin Data={"Claims":{},"Profile":"default"} Outcome=Success
TID: [-1234] [2023-08-03 08:54:19,891]  INFO {AUDIT_LOG} - Initiator=wso2.system.user Action=Get-User-Claim-Values Target=admin Data={"Claims":{},"Profile":"default"} Outcome=Success
TID: [-1234] [2023-08-03 08:54:19,891]  INFO {AUDIT_LOG} - Initiator=wso2.system.user Action=Get-User-Claim-Values Target=admin Data={"Claims":{},"Profile":"default"} Outcome=Success
TID: [-1234] [2023-08-03 08:54:19,892]  INFO {AUDIT_LOG} - Initiator=wso2.system.user Action=Get-User-Claim-Values Target=admin Data={"Claims":{},"Profile":"default"} Outcome=Success
TID: [-1234] [2023-08-03 08:54:19,892]  INFO {AUDIT_LOG} - Initiator=wso2.system.user Action=Get-User-Claim-Values Target=admin Data={"Claims":{},"Profile":"default"} Outcome=Success
TID: [-1234] [2023-08-03 08:54:19,892]  INFO {AUDIT_LOG} - Initiator=wso2.system.user Action=Get-User-Claim-Values Target=admin Data={"Claims":{},"Profile":"default"} Outcome=Success
TID: [-1234] [2023-08-03 08:54:19,892]  INFO {AUDIT_LOG} - Initiator=wso2.system.user Action=Get-User-Claim-Values Target=admin Data={"Claims":{},"Profile":"default"} Outcome=Success
TID: [-1234] [2023-08-03 08:54:19,892]  INFO {AUDIT_LOG} - Initiator=wso2.system.user Action=Get-User-Claim-Values Target=admin Data={"Claims":{},"Profile":"default"} Outcome=Success
TID: [-1234] [2023-08-03 08:54:19,892]  INFO {AUDIT_LOG} - Initiator=wso2.system.user Action=Get-User-Claim-Values Target=admin Data={"Claims":{},"Profile":"default"} Outcome=Success
TID: [-1234] [2023-08-03 08:54:19,892]  INFO {AUDIT_LOG} - Initiator=wso2.system.user Action=Get-User-Claim-Values Target=admin Data={"Claims":{},"Profile":"default"} Outcome=Success
TID: [-1234] [2023-08-03 08:54:19,892]  INFO {AUDIT_LOG} - Initiator=wso2.system.user Action=Get-User-Claim-Values Target=admin Data={"Claims":{},"Profile":"default"} Outcome=Success
TID: [-1234] [2023-08-03 08:54:19,892]  INFO {AUDIT_LOG} - Initiator=wso2.system.user Action=Get-User-Claim-Values Target=admin Data={"Claims":{},"Profile":"default"} Outcome=Success
TID: [-1234] [2023-08-03 08:54:19,892]  INFO {AUDIT_LOG} - Initiator=wso2.system.user Action=Get-User-Claim-Values Target=admin Data={"Claims":{},"Profile":"default"} Outcome=Success
TID: [-1234] [2023-08-03 08:54:19,892]  INFO {AUDIT_LOG} - Initiator=wso2.system.user Action=Get-User-Claim-Values Target=admin Data={"Claims":{},"Profile":"default"} Outcome=Success
TID: [-1234] [2023-08-03 08:54:19,892]  INFO {AUDIT_LOG} - Initiator=wso2.system.user Action=Get-User-Claim-Values Target=admin Data={"Claims":{},"Profile":"default"} Outcome=Success
TID: [-1234] [2023-08-03 08:54:19,892]  INFO {AUDIT_LOG} - Initiator=wso2.system.user Action=Get-User-Claim-Values Target=admin Data={"Claims":{},"Profile":"default"} Outcome=Success
TID: [-1234] [2023-08-03 08:54:19,893]  INFO {AUDIT_LOG} - Initiator=wso2.system.user Action=Get-User-Claim-Values Target=admin Data={"Claims":{},"Profile":"default"} Outcome=Success
TID: [-1234] [2023-08-03 08:54:19,893]  INFO {AUDIT_LOG} - Initiator=wso2.system.user Action=Get-User-Claim-Values Target=admin Data={"Claims":{},"Profile":"default"} Outcome=Success
TID: [-1234] [2023-08-03 08:54:19,893]  INFO {AUDIT_LOG} - Initiator=wso2.system.user Action=Get-User-Claim-Values Target=admin Data={"Claims":{},"Profile":"default"} Outcome=Success
TID: [-1234] [2023-08-03 08:54:19,893]  INFO {AUDIT_LOG} - Initiator=wso2.system.user Action=Get-User-Claim-Values Target=admin Data={"Claims":{},"Profile":"default"} Outcome=Success
TID: [-1234] [2023-08-03 08:54:19,893]  INFO {AUDIT_LOG} - Initiator=wso2.system.user Action=Get-User-Claim-Values Target=admin Data={"Claims":{},"Profile":"default"} Outcome=Success
TID: [-1234] [2023-08-03 08:54:19,893]  INFO {AUDIT_LOG} - Initiator=wso2.system.user Action=Get-User-Claim-Values Target=admin Data={"Claims":{},"Profile":"default"} Outcome=Success
TID: [-1234] [2023-08-03 08:54:19,893]  INFO {AUDIT_LOG} - Initiator=wso2.system.user Action=Get-User-Claim-Values Target=admin Data={"Claims":{},"Profile":"default"} Outcome=Success
TID: [-1234] [2023-08-03 08:54:19,893]  INFO {AUDIT_LOG} - Initiator=wso2.system.user Action=Get-User-Claim-Values Target=admin Data={"Claims":{},"Profile":"default"} Outcome=Success
TID: [-1234] [2023-08-03 08:54:20,371]  INFO {AUDIT_LOG} - Initiator=wso2.system.user Action=Get-User-Claim-Values Target=admin Data={"Claims":{},"Profile":"default"} Outcome=Success
TID: [-1234] [2023-08-03 08:54:20,371]  INFO {AUDIT_LOG} - Initiator=wso2.system.user Action=Get-User-Claim-Values Target=admin Data={"Claims":{},"Profile":"default"} Outcome=Success
TID: [-1234] [2023-08-03 08:54:20,372]  INFO {AUDIT_LOG} - Initiator=wso2.system.user Action=Get-User-Claim-Values Target=admin Data={"Claims":{},"Profile":"default"} Outcome=Success
TID: [-1234] [2023-08-03 08:54:20,378]  INFO {AUDIT_LOG} - Initiator=wso2.system.user Action=Get-User-Claim-Values Target=admin Data={"Claims":{},"Profile":"default"} Outcome=Success
TID: [-1234] [2023-08-03 08:54:20,379]  INFO {AUDIT_LOG} - Initiator=wso2.system.user Action=Get-User-Claim-Values Target=admin Data={"Claims":{},"Profile":"default"} Outcome=Success
TID: [-1234] [2023-08-03 08:54:20,379]  INFO {AUDIT_LOG} - Initiator=wso2.system.user Action=Get-User-Claim-Values Target=admin Data={"Claims":{},"Profile":"default"} Outcome=Success
TID: [-1234] [2023-08-03 08:54:20,379]  INFO {AUDIT_LOG} - Initiator=wso2.system.user Action=Get-User-Claim-Values Target=admin Data={"Claims":{},"Profile":"default"} Outcome=Success
TID: [-1234] [2023-08-03 08:54:20,384]  INFO {AUDIT_LOG} - Initiator=wso2.system.user Action=Get-User-Claim-Values Target=admin Data={"Claims":{},"Profile":"default"} Outcome=Success
TID: [-1234] [2023-08-03 08:54:20,509]  INFO {AUDIT_LOG} - Initiator=wso2.system.user Action=Get-Roles-of-User Target=admin Data={"Filter":"*","Roles":["Internal/everyone","Application/admin_6d5a94d6-aa3a-4441-b51e-18db987359ba_SANDBOX","admin","Application/apim_publisher","Internal/integration_dev","Internal/subscriber","Internal/creator","Application/apim_devportal","Internal/publisher","Application/publisher_webpack_dev","Internal/devops","Internal/analytics","Internal/observer"]} Outcome=Success
TID: [-1234] [2023-08-03 08:54:21,357]  INFO {AUDIT_LOG} - Initiator=wso2.system.user Action=Get-User-Claim-Values Target=admin Data={"Claims":{},"Profile":"default"} Outcome=Success
TID: [-1234] [2023-08-03 08:54:21,371]  INFO {AUDIT_LOG} - Initiator=wso2.system.user Action=Get-User-Claim-Values Target=admin Data={"Claims":{},"Profile":"default"} Outcome=Success
TID: [-1234] [2023-08-03 08:54:21,677]  INFO {AUDIT_LOG} - Initiator=wso2.system.user Action=Get-User-Claim-Values Target=admin Data={"Claims":{},"Profile":"default"} Outcome=Success
TID: [-1234] [2023-08-03 08:54:22,333]  INFO {AUDIT_LOG} - Initiator=wso2.system.user Action=Get-User-Claim-Values Target=admin Data={"Claims":{},"Profile":"default"} Outcome=Success
TID: [-1234] [2023-08-03 08:54:22,679]  INFO {AUDIT_LOG} - Initiator=wso2.system.user Action=Get-User-Claim-Values Target=admin Data={"Claims":{},"Profile":"default"} Outcome=Success
TID: [-1234] [2023-08-03 08:54:22,993]  INFO {AUDIT_LOG} - Initiator=wso2.system.user Action=Get-User-Claim-Values Target=admin Data={"Claims":{},"Profile":"default"} Outcome=Success
TID: [-1234] [2023-08-03 08:55:33,951]  INFO {AUDIT_LOG} - Initiator=wso2.system.user Action=Get-User-Claim-Values Target=admin Data={"ServiceProviderName":"apim_publisher","Claims":{},"Profile":"default"} Outcome=Success
TID: [-1234] [2023-08-03 08:55:33,996]  INFO {AUDIT_LOG} - Initiator : admin | Action : LoginStepSuccess | Target : ApplicationAuthenticationFramework | Data : { "ContextIdentifier" : "5a406f48-6089-4432-8674-f6c20d4b16a3","AuthenticatedUser" : "admin","AuthenticatedUserTenantDomain" : "carbon.super","ServiceProviderName" : "apim_publisher","RequestType" : "oidc","RelyingParty" : "8Kv3EAJC81e0LHzxWOtAeZ1fMUEa","AuthenticatedIdP" : "LOCAL","User Agent" : "null","RemoteAddress" : "null","UserStoreDomain" : "PRIMARY" } | Result : Success 
TID: [-1234] [2023-08-03 08:55:34,097]  INFO {AUDIT_LOG} - Initiator=wso2.system.user Action=Get-User-Claim-Values Target=admin Data={"ServiceProviderName":"apim_publisher","Claims":{"http://wso2.org/claims/username":"admin","http://wso2.org/claims/userid":"3845fd38-6d52-4d82-983b-f864a1ee5e37","http://wso2.org/claims/role":"Internal/everyone,Application/admin_6d5a94d6-aa3a-4441-b51e-18db987359ba_SANDBOX,admin,Application/apim_publisher,Internal/integration_dev,Internal/subscriber,Internal/creator,Application/apim_devportal,Internal/publisher,Application/publisher_webpack_dev,Internal/devops,Internal/analytics,Internal/observer","http://wso2.org/claims/userprincipal":"admin"}} Outcome=Success
TID: [-1234] [2023-08-03 08:55:34,914]  INFO {AUDIT_LOG} - Initiator : admin | Action : Login | Target : ApplicationAuthenticationFramework | Data : { "ContextIdentifier" : "5a406f48-6089-4432-8674-f6c20d4b16a3","AuthenticatedUser" : "admin","AuthenticatedUserTenantDomain" : "carbon.super","ServiceProviderName" : "apim_publisher","RequestType" : "oidc","RelyingParty" : "8Kv3EAJC81e0LHzxWOtAeZ1fMUEa","AuthenticatedIdPs" : "eyJ0eXAiOiJKV1QiLCAiYWxnIjoiSFMyNTYifQ==.eyJpc3MiOiJ3c28yIiwiZXhwIjoxNjkxMDI3NzM0MDQ2MzAwMCwiaWF0IjoxNjkxMDI3NzM0MDQ2LCJpZHBzIjpbeyJpZHAiOiJMT0NBTCIsImF1dGhlbnRpY2F0b3IiOiJCYXNpY0F1dGhlbnRpY2F0b3IifV19.ZUDtnYjCG8C7EEwsMvfVAjt/ycw=","User Agent" : "null","RemoteAddress" : "null","UserStoreDomain" : "PRIMARY" } | Result : Success 
TID: [-1234] [2023-08-03 08:55:41,296]  INFO {AUDIT_LOG} - Initiator=wso2.system.user Action=Get-User-Claim-Values Target=admin Data={"Claims":{},"Profile":"default"} Outcome=Success
TID: [-1234] [2023-08-03 08:56:57,855]  INFO {AUDIT_LOG} - {"performedBy":"admin","action":"updated","typ":"API","info":"{"provider":"admin","name":"PizzaShackAPI","context":"\/pizzashack\/1.0.0","version":"1.0.0"}"}
TID: [-1234] [2023-08-03 08:56:58,961]  INFO {AUDIT_LOG} - Initiator=wso2.system.user Action=Get-User-Claim-Values Target=admin Data={"Claims":{},"Profile":"default"} Outcome=Success
TID: [-1234] [2023-08-03 08:57:00,333]  INFO {AUDIT_LOG} - Initiator=wso2.system.user Action=Get-User-Claim-Values Target=admin Data={"Claims":{},"Profile":"default"} Outcome=Success
TID: [-1234] [2023-08-03 08:57:11,530]  INFO {AUDIT_LOG} - Initiator=wso2.system.user Action=Get-User-Claim-Values Target=admin Data={"Claims":{},"Profile":"default"} Outcome=Success
TID: [-1234] [2023-08-03 08:57:11,566]  INFO {AUDIT_LOG} - Initiator=wso2.system.user Action=Get-User-Claim-Values Target=admin Data={"Claims":{},"Profile":"default"} Outcome=Success
TID: [-1234] [2023-08-03 10:49:09,568]  INFO {AUDIT_LOG} - Initiator=wso2.system.user Action=Get-Roles-of-User Target=admin Data={"Filter":"*","Roles":["Internal/everyone","Application/admin_6d5a94d6-aa3a-4441-b51e-18db987359ba_SANDBOX","admin","Application/apim_publisher","Internal/integration_dev","Internal/subscriber","Internal/creator","Application/apim_devportal","Internal/publisher","Application/publisher_webpack_dev","Internal/devops","Internal/analytics","Internal/observer"]} Outcome=Success
