TID: [-1234] [2023-11-25 08:05:48,960]  INFO {AUDIT_LOG} - Initiator=wso2.system.user Action=Get-User-Claim-Values Target=admin Data={"Claims":{},"UserName":"admin","Profile":"default"} Outcome=Success
TID: [-1234] [2023-11-25 08:06:32,246]  INFO {AUDIT_LOG} - Initiator=wso2.system.user Action=Get-User-Claim-Values Target=admin Data={"ServiceProviderName":"publisher_webpack_dev","Claims":{},"UserName":"admin","Profile":"default"} Outcome=Success
TID: [-1234] [2023-11-25 08:06:32,293]  INFO {AUDIT_LOG} - Initiator : admin | Action : LoginStepSuccess | Target : ApplicationAuthenticationFramework | Data : { "ContextIdentifier" : "825bc19c-4a67-4785-82d4-c883cceaad42","AuthenticatedUser" : "admin","AuthenticatedUserTenantDomain" : "carbon.super","ServiceProviderName" : "publisher_webpack_dev","RequestType" : "oidc","RelyingParty" : "VxovTNfCWuksval02m1sKxVwCvsa","AuthenticatedIdP" : "LOCAL","User Agent" : "null","RemoteAddress" : "null","UserStoreDomain" : "PRIMARY" } | Result : Success 
TID: [-1234] [2023-11-25 08:06:32,417]  INFO {AUDIT_LOG} - Initiator=wso2.system.user Action=Get-Roles-of-User Target=admin Data={"ServiceProviderName":"publisher_webpack_dev","UserName":"admin","Filter":"*","Roles":["Internal/everyone","Application/admin_6d5a94d6-aa3a-4441-b51e-18db987359ba_SANDBOX","admin","Application/apim_publisher","Internal/integration_dev","Internal/subscriber","Internal/creator","Application/apim_devportal","Internal/publisher","Application/publisher_webpack_dev","Internal/devops","Internal/analytics","Internal/observer"]} Outcome=Success
TID: [-1234] [2023-11-25 08:06:32,420]  INFO {AUDIT_LOG} - Initiator=wso2.system.user Action=Get-User-Claim-Values Target=admin Data={"ServiceProviderName":"publisher_webpack_dev","Claims":{"http://wso2.org/claims/username":"admin","http://wso2.org/claims/userid":"3845fd38-6d52-4d82-983b-f864a1ee5e37","http://wso2.org/claims/role":"Internal/everyone,Application/admin_6d5a94d6-aa3a-4441-b51e-18db987359ba_SANDBOX,admin,Application/apim_publisher,Internal/integration_dev,Internal/subscriber,Internal/creator,Application/apim_devportal,Internal/publisher,Application/publisher_webpack_dev,Internal/devops,Internal/analytics,Internal/observer","http://wso2.org/claims/userprincipal":"admin"},"UserName":"admin"} Outcome=Success
TID: [-1234] [2023-11-25 08:06:32,634]  INFO {AUDIT_LOG} - Initiator : admin | Action : Login | Target : ApplicationAuthenticationFramework | Data : { "ContextIdentifier" : "825bc19c-4a67-4785-82d4-c883cceaad42","AuthenticatedUser" : "admin","AuthenticatedUserTenantDomain" : "carbon.super","ServiceProviderName" : "publisher_webpack_dev","RequestType" : "oidc","RelyingParty" : "VxovTNfCWuksval02m1sKxVwCvsa","AuthenticatedIdPs" : "eyJ0eXAiOiJKV1QiLCAiYWxnIjoiSFMyNTYifQ==.eyJpc3MiOiJ3c28yIiwiZXhwIjoxNzAwODc0MzkyMzQzMzAwMCwiaWF0IjoxNzAwODc0MzkyMzQzLCJpZHBzIjpbeyJpZHAiOiJMT0NBTCIsImF1dGhlbnRpY2F0b3IiOiJCYXNpY0F1dGhlbnRpY2F0b3IifV19.CV4SL3rrrF//tyPkB1RfHYNhHa0=","User Agent" : "null","RemoteAddress" : "null","UserStoreDomain" : "PRIMARY" } | Result : Success 
TID: [-1234] [2023-11-25 08:06:35,648]  INFO {AUDIT_LOG} - Initiator=wso2.system.user Action=Get-User-Claim-Values Target=admin Data={"Claims":{},"UserName":"admin","Profile":"default"} Outcome=Success
TID: [-1234] [2023-11-25 08:47:35,674]  INFO {AUDIT_LOG} - Initiator=wso2.system.user Action=Get-User-Claim-Values Target=admin Data={"Claims":{},"Profile":"default"} Outcome=Success
TID: [-1234] [2023-11-25 08:47:35,674]  INFO {AUDIT_LOG} - Initiator=wso2.system.user Action=Get-User-Claim-Values Target=admin Data={"Claims":{},"Profile":"default"} Outcome=Success
TID: [-1234] [2023-11-25 08:47:35,674]  INFO {AUDIT_LOG} - Initiator=wso2.system.user Action=Get-User-Claim-Values Target=admin Data={"Claims":{},"Profile":"default"} Outcome=Success
TID: [-1234] [2023-11-25 08:47:35,674]  INFO {AUDIT_LOG} - Initiator=wso2.system.user Action=Get-User-Claim-Values Target=admin Data={"Claims":{},"Profile":"default"} Outcome=Success
TID: [-1234] [2023-11-25 08:47:35,699]  INFO {AUDIT_LOG} - Initiator=wso2.system.user Action=Get-User-Claim-Values Target=admin Data={"Claims":{},"Profile":"default"} Outcome=Success
TID: [-1234] [2023-11-25 08:47:35,699]  INFO {AUDIT_LOG} - Initiator=wso2.system.user Action=Get-User-Claim-Values Target=admin Data={"Claims":{},"Profile":"default"} Outcome=Success
TID: [-1234] [2023-11-25 08:47:35,699]  INFO {AUDIT_LOG} - Initiator=wso2.system.user Action=Get-User-Claim-Values Target=admin Data={"Claims":{},"Profile":"default"} Outcome=Success
TID: [-1234] [2023-11-25 08:47:35,699]  INFO {AUDIT_LOG} - Initiator=wso2.system.user Action=Get-User-Claim-Values Target=admin Data={"Claims":{},"Profile":"default"} Outcome=Success
TID: [-1234] [2023-11-25 08:47:35,700]  INFO {AUDIT_LOG} - Initiator=wso2.system.user Action=Get-User-Claim-Values Target=admin Data={"Claims":{},"Profile":"default"} Outcome=Success
TID: [-1234] [2023-11-25 08:47:35,700]  INFO {AUDIT_LOG} - Initiator=wso2.system.user Action=Get-User-Claim-Values Target=admin Data={"Claims":{},"Profile":"default"} Outcome=Success
TID: [-1234] [2023-11-25 08:47:35,701]  INFO {AUDIT_LOG} - Initiator=wso2.system.user Action=Get-User-Claim-Values Target=admin Data={"Claims":{},"Profile":"default"} Outcome=Success
TID: [-1234] [2023-11-25 08:47:35,701]  INFO {AUDIT_LOG} - Initiator=wso2.system.user Action=Get-User-Claim-Values Target=admin Data={"Claims":{},"Profile":"default"} Outcome=Success
TID: [-1234] [2023-11-25 08:47:35,702]  INFO {AUDIT_LOG} - Initiator=wso2.system.user Action=Get-User-Claim-Values Target=admin Data={"Claims":{},"Profile":"default"} Outcome=Success
TID: [-1234] [2023-11-25 08:47:35,702]  INFO {AUDIT_LOG} - Initiator=wso2.system.user Action=Get-User-Claim-Values Target=admin Data={"Claims":{},"Profile":"default"} Outcome=Success
TID: [-1234] [2023-11-25 08:47:35,702]  INFO {AUDIT_LOG} - Initiator=wso2.system.user Action=Get-User-Claim-Values Target=admin Data={"Claims":{},"Profile":"default"} Outcome=Success
TID: [-1234] [2023-11-25 08:47:35,702]  INFO {AUDIT_LOG} - Initiator=wso2.system.user Action=Get-User-Claim-Values Target=admin Data={"Claims":{},"Profile":"default"} Outcome=Success
TID: [-1234] [2023-11-25 08:47:35,703]  INFO {AUDIT_LOG} - Initiator=wso2.system.user Action=Get-User-Claim-Values Target=admin Data={"Claims":{},"Profile":"default"} Outcome=Success
TID: [-1234] [2023-11-25 08:47:35,703]  INFO {AUDIT_LOG} - Initiator=wso2.system.user Action=Get-User-Claim-Values Target=admin Data={"Claims":{},"Profile":"default"} Outcome=Success
TID: [-1234] [2023-11-25 08:47:35,704]  INFO {AUDIT_LOG} - Initiator=wso2.system.user Action=Get-User-Claim-Values Target=admin Data={"Claims":{},"Profile":"default"} Outcome=Success
TID: [-1234] [2023-11-25 08:47:35,704]  INFO {AUDIT_LOG} - Initiator=wso2.system.user Action=Get-User-Claim-Values Target=admin Data={"Claims":{},"Profile":"default"} Outcome=Success
TID: [-1234] [2023-11-25 08:47:35,704]  INFO {AUDIT_LOG} - Initiator=wso2.system.user Action=Get-User-Claim-Values Target=admin Data={"Claims":{},"Profile":"default"} Outcome=Success
TID: [-1234] [2023-11-25 08:47:35,704]  INFO {AUDIT_LOG} - Initiator=wso2.system.user Action=Get-User-Claim-Values Target=admin Data={"Claims":{},"Profile":"default"} Outcome=Success
TID: [-1234] [2023-11-25 08:47:35,704]  INFO {AUDIT_LOG} - Initiator=wso2.system.user Action=Get-User-Claim-Values Target=admin Data={"Claims":{},"Profile":"default"} Outcome=Success
TID: [-1234] [2023-11-25 08:47:35,704]  INFO {AUDIT_LOG} - Initiator=wso2.system.user Action=Get-User-Claim-Values Target=admin Data={"Claims":{},"Profile":"default"} Outcome=Success
TID: [-1234] [2023-11-25 08:47:36,769]  INFO {AUDIT_LOG} - Initiator=wso2.system.user Action=Get-User-Claim-Values Target=admin Data={"Claims":{},"Profile":"default"} Outcome=Success
TID: [-1234] [2023-11-25 08:47:36,769]  INFO {AUDIT_LOG} - Initiator=wso2.system.user Action=Get-User-Claim-Values Target=admin Data={"Claims":{},"Profile":"default"} Outcome=Success
TID: [-1234] [2023-11-25 08:47:36,770]  INFO {AUDIT_LOG} - Initiator=wso2.system.user Action=Get-User-Claim-Values Target=admin Data={"Claims":{},"Profile":"default"} Outcome=Success
TID: [-1234] [2023-11-25 08:47:36,799]  INFO {AUDIT_LOG} - Initiator=wso2.system.user Action=Get-User-Claim-Values Target=admin Data={"Claims":{},"Profile":"default"} Outcome=Success
TID: [-1234] [2023-11-25 08:47:36,905]  INFO {AUDIT_LOG} - Initiator=wso2.system.user Action=Get-User-Claim-Values Target=admin Data={"Claims":{},"Profile":"default"} Outcome=Success
TID: [-1234] [2023-11-25 08:47:36,907]  INFO {AUDIT_LOG} - Initiator=wso2.system.user Action=Get-User-Claim-Values Target=admin Data={"Claims":{},"Profile":"default"} Outcome=Success
TID: [-1234] [2023-11-25 08:47:36,908]  INFO {AUDIT_LOG} - Initiator=wso2.system.user Action=Get-User-Claim-Values Target=admin Data={"Claims":{},"Profile":"default"} Outcome=Success
TID: [-1234] [2023-11-25 08:47:36,910]  INFO {AUDIT_LOG} - Initiator=wso2.system.user Action=Get-User-Claim-Values Target=admin Data={"Claims":{},"Profile":"default"} Outcome=Success
TID: [-1234] [2023-11-25 08:47:37,627]  INFO {AUDIT_LOG} - Initiator=wso2.system.user Action=Get-Roles-of-User Target=admin Data={"Filter":"*","Roles":["Internal/everyone","Application/admin_6d5a94d6-aa3a-4441-b51e-18db987359ba_SANDBOX","admin","Application/apim_publisher","Internal/integration_dev","Internal/subscriber","Internal/creator","Application/apim_devportal","Internal/publisher","Application/publisher_webpack_dev","Internal/devops","Internal/analytics","Internal/observer"]} Outcome=Success
TID: [-1234] [2023-11-25 08:47:42,668]  INFO {AUDIT_LOG} - Initiator=wso2.system.user Action=Get-User-Claim-Values Target=admin Data={"Claims":{},"Profile":"default"} Outcome=Success
TID: [-1234] [2023-11-25 08:47:42,765]  INFO {AUDIT_LOG} - Initiator=wso2.system.user Action=Get-User-Claim-Values Target=admin Data={"Claims":{},"Profile":"default"} Outcome=Success
TID: [-1234] [2023-11-25 08:47:44,925]  INFO {AUDIT_LOG} - Initiator=wso2.system.user Action=Get-User-Claim-Values Target=admin Data={"Claims":{},"Profile":"default"} Outcome=Success
TID: [-1234] [2023-11-25 08:47:48,950]  INFO {AUDIT_LOG} - Initiator=wso2.system.user Action=Get-User-Claim-Values Target=admin Data={"Claims":{},"Profile":"default"} Outcome=Success
TID: [-1234] [2023-11-25 08:47:50,288]  INFO {AUDIT_LOG} - Initiator=wso2.system.user Action=Get-User-Claim-Values Target=admin Data={"Claims":{},"Profile":"default"} Outcome=Success
TID: [-1234] [2023-11-25 08:47:51,585]  INFO {AUDIT_LOG} - Initiator=wso2.system.user Action=Get-User-Claim-Values Target=admin Data={"Claims":{},"Profile":"default"} Outcome=Success
TID: [-1234] [2023-11-25 08:57:30,138]  INFO {AUDIT_LOG} - Initiator=wso2.system.user Action=Get-User-Claim-Values Target=admin Data={"Claims":{},"Profile":"default"} Outcome=Success
TID: [-1234] [2023-11-25 09:01:05,804]  INFO {AUDIT_LOG} - Initiator=wso2.system.user Action=Get-User-Claim-Values Target=admin Data={"Claims":{},"Profile":"default"} Outcome=Success
TID: [-1234] [2023-11-25 09:01:05,990]  INFO {AUDIT_LOG} - 'admin@carbon.super [-1234]' logged in at [2023-11-25 09:01:05,989+0700]
TID: [-1234] [2023-11-25 09:28:38,652]  INFO {AUDIT_LOG} - Initiator=admin@carbon.super Action=Get-Roles-of-User Target=admin Data={"Filter":"*","Roles":["Internal/everyone","Application/admin_6d5a94d6-aa3a-4441-b51e-18db987359ba_SANDBOX","admin","Application/apim_publisher","Internal/integration_dev","Internal/subscriber","Internal/creator","Application/apim_devportal","Internal/publisher","Application/publisher_webpack_dev","Internal/devops","Internal/analytics","Internal/observer"]} Outcome=Success
TID: [-1234] [2023-11-25 09:30:48,131]  INFO {AUDIT_LOG} - Initiator=wso2.system.user Action=Get-User-Claim-Values Target=admin Data={"ServiceProviderName":"apim_publisher","Claims":{},"Profile":"default"} Outcome=Success
TID: [-1234] [2023-11-25 09:30:48,154]  INFO {AUDIT_LOG} - Initiator : admin | Action : LoginStepSuccess | Target : ApplicationAuthenticationFramework | Data : { "ContextIdentifier" : "d9eeb49f-53af-40e2-9e2a-f40885bb0ade","AuthenticatedUser" : "admin","AuthenticatedUserTenantDomain" : "carbon.super","ServiceProviderName" : "apim_publisher","RequestType" : "oidc","RelyingParty" : "8Kv3EAJC81e0LHzxWOtAeZ1fMUEa","AuthenticatedIdP" : "LOCAL","User Agent" : "null","RemoteAddress" : "null","UserStoreDomain" : "PRIMARY" } | Result : Success 
TID: [-1234] [2023-11-25 09:30:48,238]  INFO {AUDIT_LOG} - Initiator=wso2.system.user Action=Get-User-Claim-Values Target=admin Data={"ServiceProviderName":"apim_publisher","Claims":{"http://wso2.org/claims/username":"admin","http://wso2.org/claims/userid":"3845fd38-6d52-4d82-983b-f864a1ee5e37","http://wso2.org/claims/role":"Internal/everyone,Application/admin_6d5a94d6-aa3a-4441-b51e-18db987359ba_SANDBOX,admin,Application/apim_publisher,Internal/integration_dev,Internal/subscriber,Internal/creator,Application/apim_devportal,Internal/publisher,Application/publisher_webpack_dev,Internal/devops,Internal/analytics,Internal/observer","http://wso2.org/claims/userprincipal":"admin"}} Outcome=Success
TID: [-1234] [2023-11-25 09:30:48,550]  INFO {AUDIT_LOG} - Initiator : admin | Action : Login | Target : ApplicationAuthenticationFramework | Data : { "ContextIdentifier" : "d9eeb49f-53af-40e2-9e2a-f40885bb0ade","AuthenticatedUser" : "admin","AuthenticatedUserTenantDomain" : "carbon.super","ServiceProviderName" : "apim_publisher","RequestType" : "oidc","RelyingParty" : "8Kv3EAJC81e0LHzxWOtAeZ1fMUEa","AuthenticatedIdPs" : "eyJ0eXAiOiJKV1QiLCAiYWxnIjoiSFMyNTYifQ==.eyJpc3MiOiJ3c28yIiwiZXhwIjoxNzAwODc5NDQ4MTk2MzAwMCwiaWF0IjoxNzAwODc5NDQ4MTk2LCJpZHBzIjpbeyJpZHAiOiJMT0NBTCIsImF1dGhlbnRpY2F0b3IiOiJCYXNpY0F1dGhlbnRpY2F0b3IifV19.RiZkmLLesD38POBIRiwbjgnhbxo=","User Agent" : "null","RemoteAddress" : "null","UserStoreDomain" : "PRIMARY" } | Result : Success 
TID: [-1234] [2023-11-25 09:30:49,817]  INFO {AUDIT_LOG} - Initiator=wso2.system.user Action=Get-User-Claim-Values Target=admin Data={"Claims":{},"Profile":"default"} Outcome=Success
