TID: [2023-01-31 08:44:30,580]  INFO {org.wso2.config.mapper.ConfigParser} - Configurations Changed in :repository/resources/security/listenerprofiles.xml {org.wso2.config.mapper.ConfigParser}
TID: [2023-01-31 08:44:30,580]  INFO {org.wso2.config.mapper.ConfigParser} - Configurations Changed in :repository/resources/security/sslprofiles.xml {org.wso2.config.mapper.ConfigParser}
TID: [2023-01-31 08:44:30,580]  INFO {org.wso2.config.mapper.ConfigParser} - Overriding files in configuration directory /home/server/Documents/HieuNMe/wso2am-4.1.0 {org.wso2.config.mapper.ConfigParser}
TID: [-1234] [] [2023-01-31 08:45:01,396]  INFO {org.wso2.carbon.core.internal.CarbonCoreActivator} - Starting WSO2 Carbon...
TID: [-1234] [] [2023-01-31 08:45:01,396]  INFO {org.wso2.carbon.core.internal.CarbonCoreActivator} - Operating System : Linux 5.15.0-56-generic, amd64
TID: [-1234] [] [2023-01-31 08:45:01,396]  INFO {org.wso2.carbon.core.internal.CarbonCoreActivator} - Java Home        : /opt/java/jdk1.8.0_301/jre
TID: [-1234] [] [2023-01-31 08:45:01,396]  INFO {org.wso2.carbon.core.internal.CarbonCoreActivator} - Java Version     : 1.8.0_301
TID: [-1234] [] [2023-01-31 08:45:01,396]  INFO {org.wso2.carbon.core.internal.CarbonCoreActivator} - Java VM          : Java HotSpot(TM) 64-Bit Server VM 25.301-b09,Oracle Corporation
TID: [-1234] [] [2023-01-31 08:45:01,396]  INFO {org.wso2.carbon.core.internal.CarbonCoreActivator} - Carbon Home      : /home/server/Documents/HieuNMe/wso2am-4.1.0
TID: [-1234] [] [2023-01-31 08:45:01,397]  INFO {org.wso2.carbon.core.internal.CarbonCoreActivator} - Java Temp Dir    : /home/server/Documents/HieuNMe/wso2am-4.1.0/tmp
TID: [-1234] [] [2023-01-31 08:45:01,397]  INFO {org.wso2.carbon.core.internal.CarbonCoreActivator} - User             : server, en-US, Asia/Ho_Chi_Minh
TID: [-1234] [] [2023-01-31 08:45:01,508]  INFO {org.wso2.carbon.crypto.provider.internal.DefaultCryptoProviderComponent} - 'CryptoService.Secret' property has not been set. 'org.wso2.carbon.crypto.provider.SymmetricKeyInternalCryptoProvider' won't be registered as an internal crypto provider. Please set the secret if the provider needs to be registered.
TID: [-1234] [] [2023-01-31 08:45:01,985]  INFO {org.wso2.carbon.event.output.adapter.kafka.internal.ds.KafkaEventAdapterServiceDS} - Successfully deployed the Kafka output event adaptor service
TID: [-1234] [] [2023-01-31 08:45:02,120]  INFO {org.wso2.carbon.event.template.manager.core.internal.ds.TemplateDeployerServiceTrackerDS} - Successfully deployed the execution manager tracker service
TID: [-1234] [] [2023-01-31 08:45:03,411]  INFO {org.wso2.carbon.apimgt.eventing.hub.internal.ServiceComponent} - Eventing Hub ServiceComponent is activated
TID: [-1234] [] [2023-01-31 08:45:03,907]  WARN {org.apache.tomcat.util.digester.Digester} - Match [Server/Service/Engine/Host/Valve] failed to set property [maxDays] to []
TID: [-1234] [] [2023-01-31 08:45:04,582]  INFO {org.wso2.carbon.consent.mgt.core.internal.ConsentManagerComponent} - ConsentManagerComponent is activated.
TID: [-1234] [] [2023-01-31 08:45:04,793]  INFO {org.wso2.carbon.databridge.receiver.binary.internal.BinaryDataReceiverServiceComponent} - Binary Data Receiver server activated
TID: [-1234] [] [2023-01-31 08:45:04,824]  INFO {org.wso2.carbon.databridge.core.internal.DataBridgeDS} - Successfully deployed Agent Server 
TID: [-1234] [] [2023-01-31 08:45:05,305]  INFO {org.wso2.carbon.registry.core.jdbc.EmbeddedRegistryService} - Configured Registry in 58ms
TID: [-1234] [] [2023-01-31 08:45:05,345]  INFO {org.wso2.carbon.registry.core.jdbc.EmbeddedRegistryService} - Connected to mount at configregistry in 3ms
TID: [-1234] [] [2023-01-31 08:45:05,345]  INFO {org.wso2.carbon.registry.core.jdbc.EmbeddedRegistryService} - Connected to mount at govregistry in 3ms
TID: [-1234] [] [2023-01-31 08:45:05,386]  INFO {org.wso2.carbon.registry.core.jdbc.EmbeddedRegistryService} - Connected to mount at configregistry in 0ms
TID: [-1234] [] [2023-01-31 08:45:05,386]  INFO {org.wso2.carbon.registry.core.jdbc.EmbeddedRegistryService} - Connected to mount at govregistry in 0ms
TID: [-1234] [] [2023-01-31 08:45:05,389]  INFO {org.wso2.carbon.registry.core.internal.RegistryCoreServiceComponent} - Registry Mode    : READ-WRITE
TID: [-1234] [] [2023-01-31 08:45:05,554]  INFO {org.wso2.carbon.metrics.impl.util.JmxReporterBuilder} - Creating JMX reporter for Metrics with domain 'org.wso2.carbon.metrics'
TID: [-1234] [] [2023-01-31 08:45:05,557]  INFO {org.wso2.carbon.metrics.impl.reporter.AbstractReporter} - Started JMX reporter for Metrics
TID: [-1234] [] [2023-01-31 08:45:08,348]  INFO {org.wso2.carbon.registry.indexing.solr.SolrClient} - Default Embedded Solr Server Initialized
TID: [-1234] [] [2023-01-31 08:45:08,685]  INFO {org.wso2.carbon.user.core.internal.UserStoreMgtDSComponent} - Carbon UserStoreMgtDSComponent activated successfully.
TID: [-1234] [] [2023-01-31 08:45:10,988]  INFO {org.wso2.carbon.identity.user.store.configuration.deployer.UserStoreConfigurationDeployer} - User Store Configuration Deployer initiated.
TID: [-1234] [] [2023-01-31 08:45:10,988]  INFO {org.wso2.carbon.identity.user.store.configuration.deployer.UserStoreConfigurationDeployer} - User Store Configuration Deployer initiated.
TID: [-1234] [] [2023-01-31 08:45:12,239]  INFO {org.wso2.carbon.websocket.transport.WebsocketTransportSender} - WSS Sender started
TID: [-1234] [] [2023-01-31 08:45:12,242]  INFO {org.apache.synapse.transport.passthru.PassThroughHttpSender} - Initializing Pass-through HTTP/S Sender...
TID: [-1234] [] [2023-01-31 08:45:12,295]  INFO {org.apache.synapse.transport.passthru.PassThroughHttpSender} - Pass-through HTTP Sender started...
TID: [-1234] [] [2023-01-31 08:45:12,295]  INFO {org.apache.synapse.transport.passthru.PassThroughHttpSSLSender} - Initializing Pass-through HTTP/S Sender...
TID: [-1234] [] [2023-01-31 08:45:12,303]  INFO {org.apache.synapse.transport.nhttp.config.ClientConnFactoryBuilder} - customSSLProfiles configuration is loaded from path: /home/server/Documents/HieuNMe/wso2am-4.1.0/repository/resources/security/sslprofiles.xml
TID: [-1234] [] [2023-01-31 08:45:12,303]  INFO {org.apache.synapse.transport.nhttp.config.ClientConnFactoryBuilder} - HTTPS Loading custom SSL profiles for the HTTPS sender
TID: [-1234] [] [2023-01-31 08:45:12,307]  INFO {org.apache.synapse.transport.nhttp.config.ClientConnFactoryBuilder} - HTTPS Custom SSL profiles initialized for 1 servers
TID: [-1234] [] [2023-01-31 08:45:12,308]  INFO {org.apache.synapse.transport.passthru.PassThroughHttpSSLSender} - Pass-through HTTPS Sender started...
TID: [-1234] [] [2023-01-31 08:45:12,312]  INFO {org.wso2.carbon.websocket.transport.WebsocketTransportSender} - WS Sender started
TID: [-1234] [] [2023-01-31 08:45:12,329]  INFO {org.apache.synapse.transport.passthru.PassThroughHttpListener} - Initializing Pass-through HTTP/S Listener...
TID: [-1234] [] [2023-01-31 08:45:12,359]  INFO {org.apache.synapse.transport.passthru.PassThroughHttpMultiSSLListener} - Initializing Pass-through HTTP/S Listener...
TID: [-1234] [] [2023-01-31 08:45:12,369]  INFO {org.apache.synapse.transport.nhttp.config.ServerConnFactoryBuilder} - SSLProfile configuration is loaded from path: /home/server/Documents/HieuNMe/wso2am-4.1.0/repository/resources/security/listenerprofiles.xml
TID: [-1234] [] [2023-01-31 08:45:13,457]  INFO {org.wso2.carbon.core.deployment.DeploymentInterceptor} - Deploying Axis2 service: I18nEmailMgtConfigService {super-tenant}
TID: [-1234] [] [2023-01-31 08:45:15,188]  INFO {org.wso2.carbon.core.deployment.DeploymentInterceptor} - Deploying Axis2 service: AccountCredentialMgtConfigService {super-tenant}
TID: [-1234] [] [2023-01-31 08:45:15,188]  INFO {org.wso2.carbon.core.deployment.DeploymentInterceptor} - Deploying Axis2 service: UserIdentityManagementAdminService {super-tenant}
TID: [-1234] [] [2023-01-31 08:45:15,189]  INFO {org.wso2.carbon.core.deployment.DeploymentInterceptor} - Deploying Axis2 service: UserInformationRecoveryService {super-tenant}
TID: [-1234] [] [2023-01-31 08:45:17,849]  INFO {org.wso2.carbon.core.init.CarbonServerManager} - Repository       : /home/server/Documents/HieuNMe/wso2am-4.1.0/repository/deployment/server/
TID: [-1234] [] [2023-01-31 08:45:17,852]  INFO {org.wso2.carbon.event.input.adapter.kafka.internal.ds.KafkaEventAdapterServiceHolder} - Kafka input event adaptor waiting for dependent configurations to load
TID: [-1234] [] [2023-01-31 08:45:17,867]  INFO {org.wso2.carbon.andes.core.internal.ds.QueueManagerServiceDS} - Successfully created the queue manager service
TID: [-1234] [] [2023-01-31 08:45:17,872]  INFO {org.wso2.carbon.andes.core.internal.ds.SubscriptionManagerServiceDS} - Successfully created the subscription manager service
TID: [-1234] [] [2023-01-31 08:45:17,937]  INFO {org.wso2.carbon.apimgt.persistence.internal.PersistenceManagerComponent} - Activating PersistenceManagerComponent 
TID: [-1234] [] [2023-01-31 08:45:17,973]  INFO {org.wso2.carbon.core.multitenancy.eager.TenantLoadingConfig} - Using tenant lazy loading policy...
TID: [-1234] [] [2023-01-31 08:45:17,989]  INFO {org.wso2.carbon.core.internal.permission.update.PermissionUpdater} - Permission cache updated for tenant -1234
TID: [-1234] [] [2023-01-31 08:45:18,512]  WARN {org.wso2.carbon.identity.application.mgt.internal.ApplicationManagementServiceComponent} - Templates directory not found at /home/server/Documents/HieuNMe/wso2am-4.1.0/repository/resources/identity/authntemplates
TID: [-1234] [] [2023-01-31 08:45:19,161]  INFO {org.wso2.carbon.user.core.internal.UserStoreMgtDSComponent} - Claim manager set for class org.wso2.carbon.user.core.common.DefaultRealm
TID: [-1234] [] [2023-01-31 08:45:19,166]  INFO {org.wso2.carbon.user.core.internal.UserStoreMgtDSComponent} - Claim manager set for class org.wso2.carbon.user.core.jdbc.UniqueIDJDBCUserStoreManager
TID: [-1234] [] [2023-01-31 08:45:19,379]  INFO {org.wso2.carbon.identity.entitlement.internal.SchemaBuilder} - XACML policy schema loaded successfully.
TID: [-1234] [] [2023-01-31 08:45:20,008]  INFO {org.wso2.carbon.identity.oauth.config.OAuthServerConfiguration} - The default OAuth token issuer will be used. No custom token generator is set.
TID: [-1234] [] [2023-01-31 08:45:21,387]  INFO {org.wso2.carbon.apimgt.common.jms.factory.JMSConnectionFactory} - JMS ConnectionFactory : Siddhi-JMS-Consumer initialized
TID: [-1234] [] [2023-01-31 08:45:21,449]  INFO {org.wso2.carbon.apimgt.common.jms.factory.JMSConnectionFactory} - JMS ConnectionFactory : Siddhi-JMS-Consumer initialized
TID: [-1234] [] [2023-01-31 08:45:22,039]  INFO {org.wso2.carbon.identity.application.authentication.framework.store.SessionDataStore} - Thread pool size for temporary authentication context data delete task: 20
TID: [-1234] [] [2023-01-31 08:45:23,320]  INFO {org.wso2.carbon.mediation.initializer.ServiceBusInitializer} - Starting ESB...
TID: [-1234] [] [2023-01-31 08:45:23,347]  INFO {org.wso2.carbon.mediation.initializer.ServiceBusInitializer} - Initializing Apache Synapse...
TID: [-1234] [] [2023-01-31 08:45:23,355]  INFO {org.apache.synapse.SynapseControllerFactory} - Using Synapse home : /home/server/Documents/HieuNMe/wso2am-4.1.0/.
TID: [-1234] [] [2023-01-31 08:45:23,355]  INFO {org.apache.synapse.SynapseControllerFactory} - Using synapse.xml location : /home/server/Documents/HieuNMe/wso2am-4.1.0/././repository/deployment/server/synapse-configs/default
TID: [-1234] [] [2023-01-31 08:45:23,356]  INFO {org.apache.synapse.SynapseControllerFactory} - Using server name : localhost
TID: [-1234] [] [2023-01-31 08:45:23,379]  INFO {org.apache.synapse.SynapseControllerFactory} - The timeout handler will run every : 15s
TID: [-1234] [] [2023-01-31 08:45:23,409]  INFO {org.apache.synapse.Axis2SynapseController} - Initializing Synapse at : Tue Jan 31 08:45:23 ICT 2023
TID: [-1234] [] [2023-01-31 08:45:23,419]  INFO {org.wso2.carbon.mediation.initializer.CarbonSynapseController} - Loading the mediation configuration from the file system
TID: [-1234] [] [2023-01-31 08:45:23,422]  INFO {org.apache.synapse.config.xml.MultiXMLConfigurationBuilder} - Building synapse configuration from the synapse artifact repository at : ././repository/deployment/server/synapse-configs/default
TID: [-1234] [] [2023-01-31 08:45:23,422]  INFO {org.apache.synapse.config.xml.XMLConfigurationBuilder} - Generating the Synapse configuration model by parsing the XML configuration
TID: [-1234] [] [2023-01-31 08:45:23,557]  INFO {org.wso2.carbon.mediation.dependency.mgt.DependencyTracker} - Sequence : _resource_mismatch_handler_ was added to the Synapse configuration successfully
TID: [-1234] [] [2023-01-31 08:45:23,588]  INFO {org.wso2.carbon.mediation.dependency.mgt.DependencyTracker} - Sequence : _opa_policy_failure_handler_ was added to the Synapse configuration successfully
TID: [-1234] [] [2023-01-31 08:45:23,605]  INFO {org.wso2.carbon.mediation.dependency.mgt.DependencyTracker} - Sequence : fault was added to the Synapse configuration successfully
TID: [-1234] [] [2023-01-31 08:45:23,640]  INFO {org.wso2.carbon.mediation.dependency.mgt.DependencyTracker} - Sequence : dispatchSeq was added to the Synapse configuration successfully
TID: [-1234] [] [2023-01-31 08:45:23,650]  INFO {org.wso2.carbon.mediation.dependency.mgt.DependencyTracker} - Sequence : _graphql_failure_handler was added to the Synapse configuration successfully
TID: [-1234] [] [2023-01-31 08:45:23,661]  INFO {org.wso2.carbon.mediation.dependency.mgt.DependencyTracker} - Sequence : _backend_failure_handler_ was added to the Synapse configuration successfully
TID: [-1234] [] [2023-01-31 08:45:23,674]  INFO {org.wso2.carbon.mediation.dependency.mgt.DependencyTracker} - Sequence : _api_blocked_sequence_ was added to the Synapse configuration successfully
TID: [-1234] [] [2023-01-31 08:45:23,696]  INFO {org.wso2.carbon.mediation.dependency.mgt.DependencyTracker} - Sequence : _throttle_out_handler_ was added to the Synapse configuration successfully
TID: [-1234] [] [2023-01-31 08:45:23,730]  INFO {org.wso2.carbon.mediation.dependency.mgt.DependencyTracker} - Sequence : webhooksFaultSequence was added to the Synapse configuration successfully
TID: [-1234] [] [2023-01-31 08:45:23,731]  INFO {org.wso2.carbon.mediation.dependency.mgt.DependencyTracker} - Sequence : _sandbox_key_error_ was added to the Synapse configuration successfully
TID: [-1234] [] [2023-01-31 08:45:23,744]  INFO {org.wso2.carbon.mediation.dependency.mgt.DependencyTracker} - Sequence : _auth_failure_handler_ was added to the Synapse configuration successfully
TID: [-1234] [] [2023-01-31 08:45:23,780]  INFO {org.wso2.carbon.mediation.dependency.mgt.DependencyTracker} - Sequence : main was added to the Synapse configuration successfully
TID: [-1234] [] [2023-01-31 08:45:23,785]  INFO {org.wso2.carbon.mediation.dependency.mgt.DependencyTracker} - Sequence : _build_ was added to the Synapse configuration successfully
TID: [-1234] [] [2023-01-31 08:45:23,796]  INFO {org.wso2.carbon.mediation.dependency.mgt.DependencyTracker} - Sequence : _token_fault_ was added to the Synapse configuration successfully
TID: [-1234] [] [2023-01-31 08:45:23,800]  INFO {org.wso2.carbon.mediation.dependency.mgt.DependencyTracker} - Sequence : _cors_request_handler_ was added to the Synapse configuration successfully
TID: [-1234] [] [2023-01-31 08:45:23,811]  INFO {org.wso2.carbon.mediation.dependency.mgt.DependencyTracker} - Sequence : _threat_fault_ was added to the Synapse configuration successfully
TID: [-1234] [] [2023-01-31 08:45:23,813]  INFO {org.wso2.carbon.mediation.dependency.mgt.DependencyTracker} - Sequence : _production_key_error_ was added to the Synapse configuration successfully
TID: [-1234] [] [2023-01-31 08:45:23,814]  INFO {org.wso2.carbon.mediation.dependency.mgt.DependencyTracker} - Sequence : outDispatchSeq was added to the Synapse configuration successfully
TID: [-1234] [] [2023-01-31 08:45:23,845]  INFO {org.wso2.carbon.mediation.dependency.mgt.DependencyTracker} - Proxy service : WorkflowCallbackService was added to the Synapse configuration successfully
TID: [-1234] [] [2023-01-31 08:45:23,901]  INFO {org.wso2.carbon.mediation.dependency.mgt.DependencyTracker} - API : _OpenService_ was added to the Synapse configuration successfully
TID: [-1234] [] [2023-01-31 08:45:23,909]  INFO {org.wso2.carbon.mediation.dependency.mgt.DependencyTracker} - Inbound Endpoint : WebSocketInboundEndpoint was added to the Synapse configuration successfully
TID: [-1234] [] [2023-01-31 08:45:23,909]  INFO {org.wso2.carbon.mediation.dependency.mgt.DependencyTracker} - Inbound Endpoint : SecureWebhookServer was added to the Synapse configuration successfully
TID: [-1234] [] [2023-01-31 08:45:23,909]  INFO {org.wso2.carbon.mediation.dependency.mgt.DependencyTracker} - Inbound Endpoint : SecureWebSocketEP was added to the Synapse configuration successfully
TID: [-1234] [] [2023-01-31 08:45:23,910]  INFO {org.wso2.carbon.mediation.dependency.mgt.DependencyTracker} - Inbound Endpoint : WebhookServer was added to the Synapse configuration successfully
TID: [-1234] [] [2023-01-31 08:45:23,910]  INFO {org.apache.synapse.config.SynapseConfigurationBuilder} - Loaded Synapse configuration from the artifact repository at : ././repository/deployment/server/synapse-configs/default
TID: [-1234] [] [2023-01-31 08:45:23,911]  INFO {org.wso2.carbon.mediation.dependency.mgt.DependencyTracker} - Local entry : SERVER_HOST was added to the Synapse configuration successfully
TID: [-1234] [] [2023-01-31 08:45:23,912]  INFO {org.wso2.carbon.mediation.dependency.mgt.DependencyTracker} - Local entry : SERVER_IP was added to the Synapse configuration successfully
TID: [-1234] [] [2023-01-31 08:45:23,964]  INFO {org.apache.synapse.Axis2SynapseController} - Loading mediator extensions...
TID: [-1234] [] [2023-01-31 08:45:24,098]  INFO {org.wso2.carbon.core.deployment.DeploymentInterceptor} - Deploying Axis2 service: echo {super-tenant}
TID: [-1234] [] [2023-01-31 08:45:24,122]  INFO {org.wso2.carbon.core.deployment.DeploymentInterceptor} - Deploying Axis2 service: Version {super-tenant}
TID: [-1234] [] [2023-01-31 08:45:24,136]  INFO {org.wso2.carbon.event.stream.core.EventStreamDeployer} - Stream definition is deployed successfully  : cache.invalidation.stream:1.0.0
TID: [-1234] [] [2023-01-31 08:45:24,137]  INFO {org.wso2.carbon.event.stream.core.EventStreamDeployer} - Stream definition is deployed successfully  : id_gov_notify_stream:1.0.0
TID: [-1234] [] [2023-01-31 08:45:24,137]  INFO {org.wso2.carbon.event.stream.core.EventStreamDeployer} - Stream definition is deployed successfully  : org.wso2.apimgt.cache.invalidation.stream:1.0.0
TID: [-1234] [] [2023-01-31 08:45:24,139]  INFO {org.wso2.carbon.event.stream.core.EventStreamDeployer} - Stream definition is deployed successfully  : org.wso2.apimgt.keymgt.stream:1.0.0
TID: [-1234] [] [2023-01-31 08:45:24,139]  INFO {org.wso2.carbon.event.stream.core.EventStreamDeployer} - Stream definition is deployed successfully  : org.wso2.apimgt.notification.stream:1.0.0
TID: [-1234] [] [2023-01-31 08:45:24,140]  INFO {org.wso2.carbon.event.stream.core.EventStreamDeployer} - Stream definition is deployed successfully  : org.wso2.apimgt.recommendation.event.stream:1.0.0
TID: [-1234] [] [2023-01-31 08:45:24,141]  INFO {org.wso2.carbon.event.stream.core.EventStreamDeployer} - Stream definition is deployed successfully  : org.wso2.apimgt.token.revocation.stream:1.0.0
TID: [-1234] [] [2023-01-31 08:45:24,142]  INFO {org.wso2.carbon.event.stream.core.EventStreamDeployer} - Stream definition is deployed successfully  : org.wso2.apimgt.webhooks.request.stream:1.0.0
TID: [-1234] [] [2023-01-31 08:45:24,142]  INFO {org.wso2.carbon.event.stream.core.EventStreamDeployer} - Stream definition is deployed successfully  : org.wso2.blocking.request.stream:1.0.0
TID: [-1234] [] [2023-01-31 08:45:24,143]  INFO {org.wso2.carbon.event.stream.core.EventStreamDeployer} - Stream definition is deployed successfully  : org.wso2.botDetectionData.request.stream:1.0.0
TID: [-1234] [] [2023-01-31 08:45:24,144]  INFO {org.wso2.carbon.event.stream.core.EventStreamDeployer} - Stream definition is deployed successfully  : org.wso2.keytemplate.request.stream:1.0.0
TID: [-1234] [] [2023-01-31 08:45:24,144]  INFO {org.wso2.carbon.event.stream.core.EventStreamDeployer} - Stream definition is deployed successfully  : org.wso2.throttle.globalThrottle.stream:1.0.0
TID: [-1234] [] [2023-01-31 08:45:24,145]  INFO {org.wso2.carbon.event.stream.core.EventStreamDeployer} - Stream definition is deployed successfully  : org.wso2.throttle.globalThrottle.stream:1.1.0
TID: [-1234] [] [2023-01-31 08:45:24,146]  INFO {org.wso2.carbon.event.stream.core.EventStreamDeployer} - Stream definition is deployed successfully  : org.wso2.throttle.processed.request.stream:1.0.0
TID: [-1234] [] [2023-01-31 08:45:24,147]  INFO {org.wso2.carbon.event.stream.core.EventStreamDeployer} - Stream definition is deployed successfully  : org.wso2.throttle.request.stream:1.0.0
TID: [-1234] [] [2023-01-31 08:45:24,158]  INFO {org.wso2.carbon.event.stream.core.internal.EventJunction} - WSO2EventConsumer added to the junction. Stream:id_gov_notify_stream:1.0.0
TID: [-1234] [] [2023-01-31 08:45:24,162]  INFO {org.wso2.carbon.event.publisher.core.EventPublisherDeployer} - Event Publisher configuration successfully deployed and in active state : EmailPublisher
TID: [-1234] [] [2023-01-31 08:45:24,166]  INFO {org.wso2.carbon.event.stream.core.internal.EventJunction} - WSO2EventConsumer added to the junction. Stream:org.wso2.apimgt.recommendation.event.stream:1.0.0
TID: [-1234] [] [2023-01-31 08:45:24,168]  INFO {org.wso2.carbon.event.publisher.core.EventPublisherDeployer} - Event Publisher configuration successfully deployed and in active state : HTTP-recommendationEventPublisher
TID: [-1234] [] [2023-01-31 08:45:24,169]  INFO {org.wso2.carbon.event.stream.core.internal.EventJunction} - WSO2EventConsumer added to the junction. Stream:org.wso2.apimgt.webhooks.request.stream:1.0.0
TID: [-1234] [] [2023-01-31 08:45:24,183]  INFO {org.wso2.carbon.event.publisher.core.EventPublisherDeployer} - Event Publisher configuration successfully deployed and in active state : asyncWebhooksEventPublisher
TID: [-1234] [] [2023-01-31 08:45:24,184]  INFO {org.wso2.carbon.event.stream.core.internal.EventJunction} - WSO2EventConsumer added to the junction. Stream:org.wso2.apimgt.webhooks.request.stream:1.0.0
TID: [-1234] [] [2023-01-31 08:45:24,184]  INFO {org.wso2.carbon.event.publisher.core.EventPublisherDeployer} - Event Publisher configuration successfully deployed and in active state : asyncWebhooksEventPublisher2
TID: [-1234] [] [2023-01-31 08:45:24,186]  INFO {org.wso2.carbon.event.stream.core.internal.EventJunction} - WSO2EventConsumer added to the junction. Stream:org.wso2.apimgt.webhooks.request.stream:1.0.0
TID: [-1234] [] [2023-01-31 08:45:24,186]  INFO {org.wso2.carbon.event.publisher.core.EventPublisherDeployer} - Event Publisher configuration successfully deployed and in active state : asyncWebhooksEventPublisher-1.0.0
TID: [-1234] [] [2023-01-31 08:45:24,187]  INFO {org.wso2.carbon.event.stream.core.internal.EventJunction} - WSO2EventConsumer added to the junction. Stream:org.wso2.apimgt.webhooks.request.stream:1.0.0
TID: [-1234] [] [2023-01-31 08:45:24,187]  INFO {org.wso2.carbon.event.publisher.core.EventPublisherDeployer} - Event Publisher configuration successfully deployed and in active state : asyncWebhooksEventPublisher-1.0.0-2
TID: [-1234] [] [2023-01-31 08:45:24,188]  INFO {org.wso2.carbon.event.stream.core.internal.EventJunction} - WSO2EventConsumer added to the junction. Stream:org.wso2.blocking.request.stream:1.0.0
TID: [-1234] [] [2023-01-31 08:45:24,188]  INFO {org.wso2.carbon.event.publisher.core.EventPublisherDeployer} - Event Publisher configuration successfully deployed and in active state : blockingEventJMSPublisher
TID: [-1234] [] [2023-01-31 08:45:24,189]  INFO {org.wso2.carbon.event.stream.core.internal.EventJunction} - WSO2EventConsumer added to the junction. Stream:org.wso2.apimgt.cache.invalidation.stream:1.0.0
TID: [-1234] [] [2023-01-31 08:45:24,189]  INFO {org.wso2.carbon.event.publisher.core.EventPublisherDeployer} - Event Publisher configuration successfully deployed and in active state : cacheInvalidationJMSPublisher
TID: [-1234] [] [2023-01-31 08:45:24,191]  INFO {org.wso2.carbon.event.stream.core.internal.EventJunction} - WSO2EventConsumer added to the junction. Stream:cache.invalidation.stream:1.0.0
TID: [-1234] [] [2023-01-31 08:45:24,191]  INFO {org.wso2.carbon.event.publisher.core.EventPublisherDeployer} - Event Publisher configuration successfully deployed and in active state : globalCacheInvalidationJMSPublisher
TID: [-1234] [] [2023-01-31 08:45:24,192]  INFO {org.wso2.carbon.event.stream.core.internal.EventJunction} - WSO2EventConsumer added to the junction. Stream:org.wso2.throttle.globalThrottle.stream:1.0.0
TID: [-1234] [] [2023-01-31 08:45:24,192]  INFO {org.wso2.carbon.event.publisher.core.EventPublisherDeployer} - Event Publisher configuration successfully deployed and in active state : jmsEventPublisher
TID: [-1234] [] [2023-01-31 08:45:24,193]  INFO {org.wso2.carbon.event.stream.core.internal.EventJunction} - WSO2EventConsumer added to the junction. Stream:org.wso2.throttle.globalThrottle.stream:1.0.0
TID: [-1234] [] [2023-01-31 08:45:24,193]  INFO {org.wso2.carbon.event.publisher.core.EventPublisherDeployer} - Event Publisher configuration successfully deployed and in active state : jmsEventPublisher2
TID: [-1234] [] [2023-01-31 08:45:24,194]  INFO {org.wso2.carbon.event.stream.core.internal.EventJunction} - WSO2EventConsumer added to the junction. Stream:org.wso2.throttle.globalThrottle.stream:1.1.0
TID: [-1234] [] [2023-01-31 08:45:24,194]  INFO {org.wso2.carbon.event.publisher.core.EventPublisherDeployer} - Event Publisher configuration successfully deployed and in active state : jmsEventPublisher-1.0.0
TID: [-1234] [] [2023-01-31 08:45:24,195]  INFO {org.wso2.carbon.event.stream.core.internal.EventJunction} - WSO2EventConsumer added to the junction. Stream:org.wso2.throttle.globalThrottle.stream:1.1.0
TID: [-1234] [] [2023-01-31 08:45:24,195]  INFO {org.wso2.carbon.event.publisher.core.EventPublisherDeployer} - Event Publisher configuration successfully deployed and in active state : jmsEventPublisher-1.0.0-2
TID: [-1234] [] [2023-01-31 08:45:24,196]  INFO {org.wso2.carbon.event.stream.core.internal.EventJunction} - WSO2EventConsumer added to the junction. Stream:org.wso2.keytemplate.request.stream:1.0.0
TID: [-1234] [] [2023-01-31 08:45:24,196]  INFO {org.wso2.carbon.event.publisher.core.EventPublisherDeployer} - Event Publisher configuration successfully deployed and in active state : keyTemplateEventPublisher
TID: [-1234] [] [2023-01-31 08:45:24,197]  INFO {org.wso2.carbon.event.stream.core.internal.EventJunction} - WSO2EventConsumer added to the junction. Stream:org.wso2.apimgt.keymgt.stream:1.0.0
TID: [-1234] [] [2023-01-31 08:45:24,197]  INFO {org.wso2.carbon.event.publisher.core.EventPublisherDeployer} - Event Publisher configuration successfully deployed and in active state : keymgtEventJMSEventPublisher
TID: [-1234] [] [2023-01-31 08:45:24,198]  INFO {org.wso2.carbon.event.stream.core.internal.EventJunction} - WSO2EventConsumer added to the junction. Stream:org.wso2.apimgt.notification.stream:1.0.0
TID: [-1234] [] [2023-01-31 08:45:24,198]  INFO {org.wso2.carbon.event.publisher.core.EventPublisherDeployer} - Event Publisher configuration successfully deployed and in active state : notificationJMSPublisher
TID: [-1234] [] [2023-01-31 08:45:24,199]  INFO {org.wso2.carbon.event.stream.core.internal.EventJunction} - WSO2EventConsumer added to the junction. Stream:org.wso2.apimgt.token.revocation.stream:1.0.0
TID: [-1234] [] [2023-01-31 08:45:24,199]  INFO {org.wso2.carbon.event.publisher.core.EventPublisherDeployer} - Event Publisher configuration successfully deployed and in active state : tokenRevocationJMSPublisher
TID: [-1234] [] [2023-01-31 08:45:24,200]  INFO {org.wso2.carbon.event.stream.core.internal.EventJunction} - WSO2EventConsumer added to the junction. Stream:org.wso2.apimgt.token.revocation.stream:1.0.0
TID: [-1234] [] [2023-01-31 08:45:24,200]  INFO {org.wso2.carbon.event.publisher.core.EventPublisherDeployer} - Event Publisher configuration successfully deployed and in active state : tokenRevocationJMSPublisher2
TID: [-1234] [] [2023-01-31 08:45:24,213]  INFO {org.wso2.carbon.event.input.adapter.core.internal.InputAdapterRuntime} - Connecting receiver blockingWso2EventReceiver
TID: [-1234] [] [2023-01-31 08:45:24,213]  INFO {org.wso2.carbon.event.stream.core.internal.EventJunction} - Producer added to the junction. Stream:org.wso2.blocking.request.stream:1.0.0
TID: [-1234] [] [2023-01-31 08:45:24,214]  INFO {org.wso2.carbon.event.receiver.core.EventReceiverDeployer} - Event Receiver configuration successfully deployed and in active state: blockingWso2EventReceiver
TID: [-1234] [] [2023-01-31 08:45:24,215]  INFO {org.wso2.carbon.event.input.adapter.core.internal.InputAdapterRuntime} - Connecting receiver cacheInvalidationRequestReceiver
TID: [-1234] [] [2023-01-31 08:45:24,215]  INFO {org.wso2.carbon.event.stream.core.internal.EventJunction} - Producer added to the junction. Stream:cache.invalidation.stream:1.0.0
TID: [-1234] [] [2023-01-31 08:45:24,215]  INFO {org.wso2.carbon.event.receiver.core.EventReceiverDeployer} - Event Receiver configuration successfully deployed and in active state: cacheInvalidationRequestReceiver
TID: [-1234] [] [2023-01-31 08:45:24,216]  INFO {org.wso2.carbon.event.input.adapter.core.internal.InputAdapterRuntime} - Connecting receiver cacheInvalidationWso2EventReceiver
TID: [-1234] [] [2023-01-31 08:45:24,216]  INFO {org.wso2.carbon.event.stream.core.internal.EventJunction} - Producer added to the junction. Stream:org.wso2.apimgt.cache.invalidation.stream:1.0.0
TID: [-1234] [] [2023-01-31 08:45:24,216]  INFO {org.wso2.carbon.event.receiver.core.EventReceiverDeployer} - Event Receiver configuration successfully deployed and in active state: cacheInvalidationWso2EventReceiver
TID: [-1234] [] [2023-01-31 08:45:24,216]  INFO {org.wso2.carbon.event.input.adapter.core.internal.InputAdapterRuntime} - Connecting receiver keyMgtWso2EventReceiver
TID: [-1234] [] [2023-01-31 08:45:24,216]  INFO {org.wso2.carbon.event.stream.core.internal.EventJunction} - Producer added to the junction. Stream:org.wso2.apimgt.keymgt.stream:1.0.0
TID: [-1234] [] [2023-01-31 08:45:24,217]  INFO {org.wso2.carbon.event.receiver.core.EventReceiverDeployer} - Event Receiver configuration successfully deployed and in active state: keyMgtWso2EventReceiver
TID: [-1234] [] [2023-01-31 08:45:24,217]  INFO {org.wso2.carbon.event.input.adapter.core.internal.InputAdapterRuntime} - Connecting receiver keyTemplateWso2EventReceiver
TID: [-1234] [] [2023-01-31 08:45:24,217]  INFO {org.wso2.carbon.event.stream.core.internal.EventJunction} - Producer added to the junction. Stream:org.wso2.keytemplate.request.stream:1.0.0
TID: [-1234] [] [2023-01-31 08:45:24,217]  INFO {org.wso2.carbon.event.receiver.core.EventReceiverDeployer} - Event Receiver configuration successfully deployed and in active state: keyTemplateWso2EventReceiver
TID: [-1234] [] [2023-01-31 08:45:24,218]  INFO {org.wso2.carbon.event.input.adapter.core.internal.InputAdapterRuntime} - Connecting receiver notificationsWSO2EventReceiver
TID: [-1234] [] [2023-01-31 08:45:24,218]  INFO {org.wso2.carbon.event.stream.core.internal.EventJunction} - Producer added to the junction. Stream:org.wso2.apimgt.notification.stream:1.0.0
TID: [-1234] [] [2023-01-31 08:45:24,218]  INFO {org.wso2.carbon.event.receiver.core.EventReceiverDeployer} - Event Receiver configuration successfully deployed and in active state: notificationsWSO2EventReceiver
TID: [-1234] [] [2023-01-31 08:45:24,219]  INFO {org.wso2.carbon.event.input.adapter.core.internal.InputAdapterRuntime} - Connecting receiver recommendationWso2EventReceiver
TID: [-1234] [] [2023-01-31 08:45:24,219]  INFO {org.wso2.carbon.event.stream.core.internal.EventJunction} - Producer added to the junction. Stream:org.wso2.apimgt.recommendation.event.stream:1.0.0
TID: [-1234] [] [2023-01-31 08:45:24,219]  INFO {org.wso2.carbon.event.receiver.core.EventReceiverDeployer} - Event Receiver configuration successfully deployed and in active state: recommendationWso2EventReceiver
TID: [-1234] [] [2023-01-31 08:45:24,225]  INFO {org.wso2.carbon.event.input.adapter.core.internal.InputAdapterRuntime} - Connecting receiver throttleEventReceiver
TID: [-1234] [] [2023-01-31 08:45:24,226]  INFO {org.wso2.carbon.event.stream.core.internal.EventJunction} - Producer added to the junction. Stream:org.wso2.throttle.request.stream:1.0.0
TID: [-1234] [] [2023-01-31 08:45:24,226]  INFO {org.wso2.carbon.event.receiver.core.EventReceiverDeployer} - Event Receiver configuration successfully deployed and in active state: throttleEventReceiver
TID: [-1234] [] [2023-01-31 08:45:24,227]  INFO {org.wso2.carbon.event.input.adapter.core.internal.InputAdapterRuntime} - Connecting receiver throttleWSO2EventReceiver
TID: [-1234] [] [2023-01-31 08:45:24,227]  INFO {org.wso2.carbon.event.stream.core.internal.EventJunction} - Producer added to the junction. Stream:org.wso2.throttle.request.stream:1.0.0
TID: [-1234] [] [2023-01-31 08:45:24,227]  INFO {org.wso2.carbon.event.receiver.core.EventReceiverDeployer} - Event Receiver configuration successfully deployed and in active state: throttleWSO2EventReceiver
TID: [-1234] [] [2023-01-31 08:45:24,228]  INFO {org.wso2.carbon.event.input.adapter.core.internal.InputAdapterRuntime} - Connecting receiver tokenRevocationWso2EventReceiver
TID: [-1234] [] [2023-01-31 08:45:24,228]  INFO {org.wso2.carbon.event.stream.core.internal.EventJunction} - Producer added to the junction. Stream:org.wso2.apimgt.token.revocation.stream:1.0.0
TID: [-1234] [] [2023-01-31 08:45:24,228]  INFO {org.wso2.carbon.event.receiver.core.EventReceiverDeployer} - Event Receiver configuration successfully deployed and in active state: tokenRevocationWso2EventReceiver
TID: [-1234] [] [2023-01-31 08:45:24,471]  INFO {org.wso2.carbon.event.stream.core.internal.EventJunction} - Producer added to the junction. Stream:org.wso2.throttle.processed.request.stream:1.0.0
TID: [-1234] [] [2023-01-31 08:45:24,472]  INFO {org.wso2.carbon.event.stream.core.internal.EventJunction} - Consumer added to the junction. Stream:org.wso2.throttle.request.stream:1.0.0
TID: [-1234] [] [2023-01-31 08:45:24,472]  INFO {org.wso2.carbon.event.processor.core.EventProcessorDeployer} - Execution plan is deployed successfully and in active state  : requestPreProcessorExecutionPlan
TID: [-1234] [] [2023-01-31 08:45:24,556]  INFO {org.wso2.carbon.event.stream.core.internal.EventJunction} - Producer added to the junction. Stream:org.wso2.throttle.globalThrottle.stream:1.0.0
TID: [-1234] [] [2023-01-31 08:45:24,556]  INFO {org.wso2.carbon.event.stream.core.internal.EventJunction} - Consumer added to the junction. Stream:org.wso2.throttle.processed.request.stream:1.0.0
TID: [-1234] [] [2023-01-31 08:45:24,556]  INFO {org.wso2.carbon.event.processor.core.EventProcessorDeployer} - Execution plan is deployed successfully and in active state  : carbon.super_app_10PerMin
TID: [-1234] [] [2023-01-31 08:45:24,607]  INFO {org.wso2.carbon.event.stream.core.internal.EventJunction} - Producer added to the junction. Stream:org.wso2.throttle.globalThrottle.stream:1.0.0
TID: [-1234] [] [2023-01-31 08:45:24,607]  INFO {org.wso2.carbon.event.stream.core.internal.EventJunction} - Consumer added to the junction. Stream:org.wso2.throttle.processed.request.stream:1.0.0
TID: [-1234] [] [2023-01-31 08:45:24,607]  INFO {org.wso2.carbon.event.processor.core.EventProcessorDeployer} - Execution plan is deployed successfully and in active state  : carbon.super_app_20PerMin
TID: [-1234] [] [2023-01-31 08:45:24,662]  INFO {org.wso2.carbon.event.stream.core.internal.EventJunction} - Producer added to the junction. Stream:org.wso2.throttle.globalThrottle.stream:1.0.0
TID: [-1234] [] [2023-01-31 08:45:24,663]  INFO {org.wso2.carbon.event.stream.core.internal.EventJunction} - Consumer added to the junction. Stream:org.wso2.throttle.processed.request.stream:1.0.0
TID: [-1234] [] [2023-01-31 08:45:24,663]  INFO {org.wso2.carbon.event.processor.core.EventProcessorDeployer} - Execution plan is deployed successfully and in active state  : carbon.super_app_50PerMin
TID: [-1234] [] [2023-01-31 08:45:24,710]  INFO {org.wso2.carbon.event.stream.core.internal.EventJunction} - Producer added to the junction. Stream:org.wso2.throttle.globalThrottle.stream:1.1.0
TID: [-1234] [] [2023-01-31 08:45:24,710]  INFO {org.wso2.carbon.event.stream.core.internal.EventJunction} - Consumer added to the junction. Stream:org.wso2.throttle.processed.request.stream:1.0.0
TID: [-1234] [] [2023-01-31 08:45:24,710]  INFO {org.wso2.carbon.event.processor.core.EventProcessorDeployer} - Execution plan is deployed successfully and in active state  : carbon.super_resource_10KPerMin_default
TID: [-1234] [] [2023-01-31 08:45:24,757]  INFO {org.wso2.carbon.event.stream.core.internal.EventJunction} - Producer added to the junction. Stream:org.wso2.throttle.globalThrottle.stream:1.1.0
TID: [-1234] [] [2023-01-31 08:45:24,758]  INFO {org.wso2.carbon.event.stream.core.internal.EventJunction} - Consumer added to the junction. Stream:org.wso2.throttle.processed.request.stream:1.0.0
TID: [-1234] [] [2023-01-31 08:45:24,758]  INFO {org.wso2.carbon.event.processor.core.EventProcessorDeployer} - Execution plan is deployed successfully and in active state  : carbon.super_resource_20KPerMin_default
TID: [-1234] [] [2023-01-31 08:45:24,805]  INFO {org.wso2.carbon.event.stream.core.internal.EventJunction} - Producer added to the junction. Stream:org.wso2.throttle.globalThrottle.stream:1.1.0
TID: [-1234] [] [2023-01-31 08:45:24,805]  INFO {org.wso2.carbon.event.stream.core.internal.EventJunction} - Consumer added to the junction. Stream:org.wso2.throttle.processed.request.stream:1.0.0
TID: [-1234] [] [2023-01-31 08:45:24,817]  INFO {org.wso2.carbon.event.processor.core.EventProcessorDeployer} - Execution plan is deployed successfully and in active state  : carbon.super_resource_50KPerMin_default
TID: [-1234] [] [2023-01-31 08:45:24,891]  INFO {org.wso2.carbon.event.stream.core.internal.EventJunction} - Producer added to the junction. Stream:org.wso2.throttle.globalThrottle.stream:1.0.0
TID: [-1234] [] [2023-01-31 08:45:24,891]  INFO {org.wso2.carbon.event.stream.core.internal.EventJunction} - Consumer added to the junction. Stream:org.wso2.throttle.processed.request.stream:1.0.0
TID: [-1234] [] [2023-01-31 08:45:24,891]  INFO {org.wso2.carbon.event.processor.core.EventProcessorDeployer} - Execution plan is deployed successfully and in active state  : carbon.super_sub_AsyncBronze
TID: [-1234] [] [2023-01-31 08:45:24,931]  INFO {org.wso2.carbon.event.stream.core.internal.EventJunction} - Producer added to the junction. Stream:org.wso2.throttle.globalThrottle.stream:1.0.0
TID: [-1234] [] [2023-01-31 08:45:24,931]  INFO {org.wso2.carbon.event.stream.core.internal.EventJunction} - Consumer added to the junction. Stream:org.wso2.throttle.processed.request.stream:1.0.0
TID: [-1234] [] [2023-01-31 08:45:24,931]  INFO {org.wso2.carbon.event.processor.core.EventProcessorDeployer} - Execution plan is deployed successfully and in active state  : carbon.super_sub_AsyncGold
TID: [-1234] [] [2023-01-31 08:45:24,970]  INFO {org.wso2.carbon.event.stream.core.internal.EventJunction} - Producer added to the junction. Stream:org.wso2.throttle.globalThrottle.stream:1.0.0
TID: [-1234] [] [2023-01-31 08:45:24,971]  INFO {org.wso2.carbon.event.stream.core.internal.EventJunction} - Consumer added to the junction. Stream:org.wso2.throttle.processed.request.stream:1.0.0
TID: [-1234] [] [2023-01-31 08:45:24,971]  INFO {org.wso2.carbon.event.processor.core.EventProcessorDeployer} - Execution plan is deployed successfully and in active state  : carbon.super_sub_AsyncSilver
TID: [-1234] [] [2023-01-31 08:45:25,011]  INFO {org.wso2.carbon.event.stream.core.internal.EventJunction} - Producer added to the junction. Stream:org.wso2.throttle.globalThrottle.stream:1.0.0
TID: [-1234] [] [2023-01-31 08:45:25,011]  INFO {org.wso2.carbon.event.stream.core.internal.EventJunction} - Consumer added to the junction. Stream:org.wso2.throttle.processed.request.stream:1.0.0
TID: [-1234] [] [2023-01-31 08:45:25,011]  INFO {org.wso2.carbon.event.processor.core.EventProcessorDeployer} - Execution plan is deployed successfully and in active state  : carbon.super_sub_AsyncWHBronze
TID: [-1234] [] [2023-01-31 08:45:25,052]  INFO {org.wso2.carbon.event.stream.core.internal.EventJunction} - Producer added to the junction. Stream:org.wso2.throttle.globalThrottle.stream:1.0.0
TID: [-1234] [] [2023-01-31 08:45:25,052]  INFO {org.wso2.carbon.event.stream.core.internal.EventJunction} - Consumer added to the junction. Stream:org.wso2.throttle.processed.request.stream:1.0.0
TID: [-1234] [] [2023-01-31 08:45:25,052]  INFO {org.wso2.carbon.event.processor.core.EventProcessorDeployer} - Execution plan is deployed successfully and in active state  : carbon.super_sub_AsyncWHGold
TID: [-1234] [] [2023-01-31 08:45:25,089]  INFO {org.wso2.carbon.event.stream.core.internal.EventJunction} - Producer added to the junction. Stream:org.wso2.throttle.globalThrottle.stream:1.0.0
TID: [-1234] [] [2023-01-31 08:45:25,089]  INFO {org.wso2.carbon.event.stream.core.internal.EventJunction} - Consumer added to the junction. Stream:org.wso2.throttle.processed.request.stream:1.0.0
TID: [-1234] [] [2023-01-31 08:45:25,089]  INFO {org.wso2.carbon.event.processor.core.EventProcessorDeployer} - Execution plan is deployed successfully and in active state  : carbon.super_sub_AsyncWHSilver
TID: [-1234] [] [2023-01-31 08:45:25,123]  INFO {org.wso2.carbon.event.stream.core.internal.EventJunction} - Producer added to the junction. Stream:org.wso2.throttle.globalThrottle.stream:1.0.0
TID: [-1234] [] [2023-01-31 08:45:25,123]  INFO {org.wso2.carbon.event.stream.core.internal.EventJunction} - Consumer added to the junction. Stream:org.wso2.throttle.processed.request.stream:1.0.0
TID: [-1234] [] [2023-01-31 08:45:25,123]  INFO {org.wso2.carbon.event.processor.core.EventProcessorDeployer} - Execution plan is deployed successfully and in active state  : carbon.super_sub_Bronze
TID: [-1234] [] [2023-01-31 08:45:25,158]  INFO {org.wso2.carbon.event.stream.core.internal.EventJunction} - Producer added to the junction. Stream:org.wso2.throttle.globalThrottle.stream:1.0.0
TID: [-1234] [] [2023-01-31 08:45:25,158]  INFO {org.wso2.carbon.event.stream.core.internal.EventJunction} - Consumer added to the junction. Stream:org.wso2.throttle.processed.request.stream:1.0.0
TID: [-1234] [] [2023-01-31 08:45:25,158]  INFO {org.wso2.carbon.event.processor.core.EventProcessorDeployer} - Execution plan is deployed successfully and in active state  : carbon.super_sub_Gold
TID: [-1234] [] [2023-01-31 08:45:25,194]  INFO {org.wso2.carbon.event.stream.core.internal.EventJunction} - Producer added to the junction. Stream:org.wso2.throttle.globalThrottle.stream:1.0.0
TID: [-1234] [] [2023-01-31 08:45:25,194]  INFO {org.wso2.carbon.event.stream.core.internal.EventJunction} - Consumer added to the junction. Stream:org.wso2.throttle.processed.request.stream:1.0.0
TID: [-1234] [] [2023-01-31 08:45:25,194]  INFO {org.wso2.carbon.event.processor.core.EventProcessorDeployer} - Execution plan is deployed successfully and in active state  : carbon.super_sub_Silver
TID: [-1234] [] [2023-01-31 08:45:25,228]  INFO {org.wso2.carbon.event.stream.core.internal.EventJunction} - Producer added to the junction. Stream:org.wso2.throttle.globalThrottle.stream:1.0.0
TID: [-1234] [] [2023-01-31 08:45:25,228]  INFO {org.wso2.carbon.event.stream.core.internal.EventJunction} - Consumer added to the junction. Stream:org.wso2.throttle.processed.request.stream:1.0.0
TID: [-1234] [] [2023-01-31 08:45:25,228]  INFO {org.wso2.carbon.event.processor.core.EventProcessorDeployer} - Execution plan is deployed successfully and in active state  : carbon.super_sub_Unauthenticated
TID: [-1234] [] [2023-01-31 08:45:26,019]  INFO {org.wso2.carbon.webapp.mgt.TomcatGenericWebappsDeployer} - Deployed webapp: StandardEngine[Catalina].StandardHost[localhost].StandardContext[/accountrecoveryendpoint].File[/home/server/Documents/HieuNMe/wso2am-4.1.0/repository/deployment/server/webapps/accountrecoveryendpoint]
TID: [-1234] [] [2023-01-31 08:45:28,016]  INFO {org.wso2.carbon.webapp.mgt.TomcatGenericWebappsDeployer} - Deployed webapp: StandardEngine[Catalina].StandardHost[localhost].StandardContext[/am/sample/calculator/v1].File[/home/server/Documents/HieuNMe/wso2am-4.1.0/repository/deployment/server/webapps/am#sample#calculator#v1.war]
TID: [-1234] [] [2023-01-31 08:45:30,556]  INFO {org.wso2.carbon.webapp.mgt.TomcatGenericWebappsDeployer} - Deployed webapp: StandardEngine[Catalina].StandardHost[localhost].StandardContext[/am/sample/pizzashack/v1].File[/home/server/Documents/HieuNMe/wso2am-4.1.0/repository/deployment/server/webapps/am#sample#pizzashack#v1.war]
TID: [-1234] [] [2023-01-31 08:45:36,834]  INFO {org.wso2.carbon.webapp.mgt.TomcatGenericWebappsDeployer} - Deployed webapp: StandardEngine[Catalina].StandardHost[localhost].StandardContext[/api/am/admin].File[/home/server/Documents/HieuNMe/wso2am-4.1.0/repository/deployment/server/webapps/api#am#admin.war]
TID: [-1234] [] [2023-01-31 08:45:43,979]  INFO {org.wso2.carbon.webapp.mgt.TomcatGenericWebappsDeployer} - Deployed webapp: StandardEngine[Catalina].StandardHost[localhost].StandardContext[/api/am/devops/v0].File[/home/server/Documents/HieuNMe/wso2am-4.1.0/repository/deployment/server/webapps/api#am#devops#v0.war]
TID: [-1234] [] [2023-01-31 08:45:55,649]  INFO {org.wso2.carbon.webapp.mgt.TomcatGenericWebappsDeployer} - Deployed webapp: StandardEngine[Catalina].StandardHost[localhost].StandardContext[/api/am/devportal].File[/home/server/Documents/HieuNMe/wso2am-4.1.0/repository/deployment/server/webapps/api#am#devportal.war]
TID: [-1234] [] [2023-01-31 08:45:57,853]  INFO {org.wso2.carbon.event.processor.manager.core.internal.CarbonEventManagementService} - Starting polling event receivers
TID: [-1234] [] [2023-01-31 08:46:04,923]  INFO {org.wso2.carbon.webapp.mgt.TomcatGenericWebappsDeployer} - Deployed webapp: StandardEngine[Catalina].StandardHost[localhost].StandardContext[/api/am/gateway/v2].File[/home/server/Documents/HieuNMe/wso2am-4.1.0/repository/deployment/server/webapps/api#am#gateway#v2.war]
TID: [-1234] [] [2023-01-31 08:46:15,053]  INFO {org.wso2.carbon.webapp.mgt.TomcatGenericWebappsDeployer} - Deployed webapp: StandardEngine[Catalina].StandardHost[localhost].StandardContext[/api/am/publisher].File[/home/server/Documents/HieuNMe/wso2am-4.1.0/repository/deployment/server/webapps/api#am#publisher.war]
TID: [-1234] [] [2023-01-31 08:46:16,041]  INFO {org.wso2.carbon.webapp.mgt.TomcatGenericWebappsDeployer} - Deployed webapp: StandardEngine[Catalina].StandardHost[localhost].StandardContext[/api/am/service-catalog/v1].File[/home/server/Documents/HieuNMe/wso2am-4.1.0/repository/deployment/server/webapps/api#am#service-catalog#v1.war]
TID: [-1234] [] [2023-01-31 08:46:17,574]  INFO {org.wso2.carbon.webapp.mgt.TomcatGenericWebappsDeployer} - Deployed webapp: StandardEngine[Catalina].StandardHost[localhost].StandardContext[/api/identity/consent-mgt/v1.0].File[/home/server/Documents/HieuNMe/wso2am-4.1.0/repository/deployment/server/webapps/api#identity#consent-mgt#v1.0.war]
TID: [-1234] [] [2023-01-31 08:46:17,951]  WARN {org.wso2.carbon.application.deployer.internal.AppDeployerServiceComponent} - Waiting for required OSGi services: org.wso2.carbon.application.deployer.synapse.service.SynapseAppDeployerService,org.wso2.carbon.mediation.initializer.services.SynapseEnvironmentService,
TID: [-1234] [] [2023-01-31 08:46:17,976]  WARN {org.wso2.carbon.core.internal.StartupFinalizerServiceComponent} - Waiting for required OSGi services: org.wso2.carbon.application.deployer.service.CappDeploymentService,org.wso2.carbon.server.admin.common.IServerAdmin,org.wso2.carbon.throttling.agent.ThrottlingAgent,
TID: [-1234] [] [2023-01-31 08:46:18,494]  INFO {org.wso2.carbon.webapp.mgt.TomcatGenericWebappsDeployer} - Deployed webapp: StandardEngine[Catalina].StandardHost[localhost].StandardContext[/api/identity/oauth2/dcr/v1.1].File[/home/server/Documents/HieuNMe/wso2am-4.1.0/repository/deployment/server/webapps/api#identity#oauth2#dcr#v1.1.war]
TID: [-1234] [] [2023-01-31 08:46:19,351]  INFO {org.wso2.carbon.webapp.mgt.TomcatGenericWebappsDeployer} - Deployed webapp: StandardEngine[Catalina].StandardHost[localhost].StandardContext[/api/identity/oauth2/v1.0].File[/home/server/Documents/HieuNMe/wso2am-4.1.0/repository/deployment/server/webapps/api#identity#oauth2#v1.0.war]
TID: [-1234] [] [2023-01-31 08:46:20,268]  INFO {org.wso2.carbon.webapp.mgt.TomcatGenericWebappsDeployer} - Deployed webapp: StandardEngine[Catalina].StandardHost[localhost].StandardContext[/api/identity/recovery/v0.9].File[/home/server/Documents/HieuNMe/wso2am-4.1.0/repository/deployment/server/webapps/api#identity#recovery#v0.9.war]
TID: [-1234] [] [2023-01-31 08:46:21,193]  INFO {org.wso2.carbon.webapp.mgt.TomcatGenericWebappsDeployer} - Deployed webapp: StandardEngine[Catalina].StandardHost[localhost].StandardContext[/api/identity/user/v1.0].File[/home/server/Documents/HieuNMe/wso2am-4.1.0/repository/deployment/server/webapps/api#identity#user#v1.0.war]
TID: [-1234] [] [2023-01-31 08:46:21,388]  INFO {org.wso2.carbon.identity.application.authentication.endpoint.util.TenantDataManager} - EndpointConfig.properties file loaded from ./repository/conf/identity/EndpointConfig.properties
TID: [-1234] [] [2023-01-31 08:46:21,391]  INFO {org.wso2.carbon.identity.application.authentication.endpoint.util.MutualSSLManager} - EndpointConfig.properties file loaded from ./repository/conf/identity/EndpointConfig.properties
TID: [-1234] [] [2023-01-31 08:46:21,412]  INFO {org.wso2.carbon.identity.application.authentication.endpoint.util.EndpointConfigManager} - EndpointConfig.properties file loaded from ./repository/conf/identity/EndpointConfig.properties
TID: [-1234] [] [2023-01-31 08:46:21,609]  INFO {org.wso2.carbon.webapp.mgt.TomcatGenericWebappsDeployer} - Deployed webapp: StandardEngine[Catalina].StandardHost[localhost].StandardContext[/authenticationendpoint].File[/home/server/Documents/HieuNMe/wso2am-4.1.0/repository/deployment/server/webapps/authenticationendpoint]
TID: [-1234] [] [2023-01-31 08:46:22,750]  INFO {org.wso2.carbon.webapp.mgt.TomcatGenericWebappsDeployer} - Deployed webapp: StandardEngine[Catalina].StandardHost[localhost].StandardContext[/client-registration/v0.17].File[/home/server/Documents/HieuNMe/wso2am-4.1.0/repository/deployment/server/webapps/client-registration#v0.17.war]
TID: [-1234] [] [2023-01-31 08:46:23,822]  INFO {org.wso2.carbon.webapp.mgt.TomcatGenericWebappsDeployer} - Deployed webapp: StandardEngine[Catalina].StandardHost[localhost].StandardContext[/internal/data/v1].File[/home/server/Documents/HieuNMe/wso2am-4.1.0/repository/deployment/server/webapps/internal#data#v1.war]
TID: [-1234] [] [2023-01-31 08:46:24,891]  INFO {org.wso2.carbon.webapp.mgt.TomcatGenericWebappsDeployer} - Deployed webapp: StandardEngine[Catalina].StandardHost[localhost].StandardContext[/keymanager-operations].File[/home/server/Documents/HieuNMe/wso2am-4.1.0/repository/deployment/server/webapps/keymanager-operations.war]
TID: [-1234] [] [2023-01-31 08:46:26,406]  INFO {org.wso2.carbon.webapp.mgt.TomcatGenericWebappsDeployer} - Deployed webapp: StandardEngine[Catalina].StandardHost[localhost].StandardContext[/oauth2].File[/home/server/Documents/HieuNMe/wso2am-4.1.0/repository/deployment/server/webapps/oauth2.war]
TID: [-1234] [] [2023-01-31 08:46:27,544]  INFO {org.apache.synapse.Axis2SynapseController} - Deploying the Synapse service...
TID: [-1234] [] [2023-01-31 08:46:27,546]  INFO {org.apache.synapse.Axis2SynapseController} - Deploying Proxy services...
TID: [-1234] [] [2023-01-31 08:46:27,547]  INFO {org.apache.synapse.core.axis2.ProxyService} - {proxy:WorkflowCallbackService} Building Axis service for Proxy service : WorkflowCallbackService
TID: [-1234] [] [2023-01-31 08:46:27,555]  INFO {org.apache.synapse.core.axis2.ProxyService} - {proxy:WorkflowCallbackService} Adding service WorkflowCallbackService to the Axis2 configuration
TID: [-1234] [] [2023-01-31 08:46:27,556]  INFO {org.wso2.carbon.core.deployment.DeploymentInterceptor} - Deploying Axis2 service: WorkflowCallbackService {super-tenant}
TID: [-1234] [] [2023-01-31 08:46:27,556]  INFO {org.apache.synapse.core.axis2.ProxyService} - {proxy:WorkflowCallbackService} Successfully created the Axis2 service for Proxy service : WorkflowCallbackService
TID: [-1234] [] [2023-01-31 08:46:27,556]  INFO {org.apache.synapse.Axis2SynapseController} - Deployed Proxy service : WorkflowCallbackService
TID: [-1234] [] [2023-01-31 08:46:27,556]  INFO {org.apache.synapse.Axis2SynapseController} - Deploying EventSources...
TID: [-1234] [] [2023-01-31 08:46:27,620]  INFO {org.apache.synapse.inbound.InboundEndpoint} - Initializing Inbound Endpoint: WebSocketInboundEndpoint
TID: [-1234] [] [2023-01-31 08:46:27,959]  INFO {org.wso2.carbon.inbound.endpoint.protocol.websocket.management.WebsocketEndpointManager} - Netty Listener starting on port 9099
TID: [-1234] [] [2023-01-31 08:46:27,959]  INFO {org.apache.synapse.inbound.InboundEndpoint} - Initializing Inbound Endpoint: SecureWebSocketEP
TID: [-1234] [] [2023-01-31 08:46:27,996]  INFO {org.wso2.carbon.inbound.endpoint.protocol.websocket.management.WebsocketEndpointManager} - Netty SSL Listener starting on port 8099
TID: [-1234] [] [2023-01-31 08:46:27,996]  INFO {org.apache.synapse.inbound.InboundEndpoint} - Initializing Inbound Endpoint: WebhookServer
TID: [-1234] [] [2023-01-31 08:46:28,046]  INFO {org.apache.synapse.transport.passthru.core.PassThroughListeningIOReactorManager} - Pass-through WebhookServer Listener started on 0.0.0.0:9021
TID: [-1234] [] [2023-01-31 08:46:28,046]  INFO {org.apache.synapse.inbound.InboundEndpoint} - Initializing Inbound Endpoint: SecureWebhookServer
TID: [-1234] [] [2023-01-31 08:46:28,090]  INFO {org.apache.synapse.transport.passthru.core.PassThroughListeningIOReactorManager} - Pass-through SecureWebhookServer Listener started on 0.0.0.0:8021
TID: [-1234] [] [2023-01-31 08:46:28,093]  INFO {org.apache.synapse.api.API} - {api:_OpenService_} Initializing API: _OpenService_
TID: [-1234] [] [2023-01-31 08:46:28,094]  INFO {org.apache.synapse.ServerManager} - Server ready for processing...
TID: [-1234] [] [2023-01-31 08:46:29,293]  INFO {org.wso2.carbon.apimgt.common.jms.factory.JMSConnectionFactory} - JMS ConnectionFactory : Siddhi-JMS-Consumer initialized
TID: [-1234] [] [2023-01-31 08:46:29,293]  INFO {org.wso2.carbon.apimgt.common.jms.factory.JMSConnectionFactory} - JMS ConnectionFactory : Siddhi-JMS-Consumer initialized
TID: [-1234] [] [2023-01-31 08:46:29,372]  INFO {org.wso2.carbon.inbound.endpoint.protocol.websocket.management.WebsocketEndpointManager} - Netty Listener already started on port 8099
TID: [-1234] [] [2023-01-31 08:46:29,372]  INFO {org.wso2.carbon.inbound.endpoint.protocol.http.management.HTTPEndpointManager} - Listener is already started for port : 8021
TID: [-1234] [] [2023-01-31 08:46:29,372]  INFO {org.wso2.carbon.inbound.endpoint.protocol.websocket.management.WebsocketEndpointManager} - Netty Listener already started on port 9099
TID: [-1234] [] [2023-01-31 08:46:29,372]  INFO {org.wso2.carbon.inbound.endpoint.protocol.http.management.HTTPEndpointManager} - Listener is already started for port : 9021
TID: [-1234] [] [2023-01-31 08:46:29,565]  INFO {org.wso2.carbon.andes.internal.QpidServiceComponent} - Activating Andes Message Broker Engine...
TID: [-1234] [] [2023-01-31 08:46:30,436]  INFO {qpid.message.broker.listening} - [Broker] BRK-1002 : Starting : Listening on TCP port 5672
TID: [-1234] [] [2023-01-31 08:46:30,443]  INFO {qpid.message.broker.listening} - [Broker] BRK-1002 : Starting : Listening on TCP/SSL port 8672
TID: [-1234] [] [2023-01-31 08:46:30,452]  INFO {org.wso2.carbon.andes.internal.QpidServiceComponent} - AMQP Host Address : 0.0.0.0 Port : 5672
TID: [-1234] [] [2023-01-31 08:46:30,452]  INFO {org.wso2.carbon.andes.internal.QpidServiceComponent} - Successfully connected to AMQP server on port 5672
TID: [-1234] [] [2023-01-31 08:46:30,453]  INFO {org.wso2.carbon.andes.internal.QpidServiceComponent} - WSO2 Message Broker is started.
TID: [-1234] [] [2023-01-31 08:46:30,847]  INFO {org.wso2.carbon.databridge.receiver.binary.internal.BinaryDataReceiver} - Started Binary SSL Transport on port : 9711
TID: [-1234] [] [2023-01-31 08:46:30,848]  INFO {org.wso2.carbon.databridge.receiver.binary.internal.BinaryDataReceiver} - Started Binary TCP Transport on port : 9611
TID: [-1234] [] [2023-01-31 08:46:31,005]  INFO {org.wso2.carbon.databridge.receiver.thrift.internal.ThriftServerStartupObserver} -  Thrift Data Receiver is disabled.
TID: [-1234] [] [2023-01-31 08:46:31,075]  INFO {org.apache.synapse.transport.passthru.PassThroughHttpListener} - Starting Pass-through HTTP Listener...
TID: [-1234] [] [2023-01-31 08:46:31,083]  INFO {org.apache.synapse.transport.passthru.core.PassThroughListeningIOReactorManager} - Pass-through HTTP Listener started on 0.0.0.0:8280
TID: [-1234] [] [2023-01-31 08:46:31,084]  INFO {org.apache.synapse.transport.passthru.PassThroughHttpMultiSSLListener} - Starting Pass-through HTTPS Listener...
TID: [-1234] [] [2023-01-31 08:46:31,096]  INFO {org.apache.synapse.transport.passthru.core.PassThroughListeningIOReactorManager} - Pass-through HTTPS Listener started on 0.0.0.0:8243
TID: [-1234] [] [2023-01-31 08:46:31,233]  WARN {org.apache.tomcat.util.net.SSLUtilBase} - The trusted certificate with alias [geotrustglobalca] and DN [CN=GeoTrust Global CA, O=GeoTrust Inc., C=US] is not valid due to [NotAfter: Sat May 21 11:00:00 ICT 2022]. Certificates signed by this trusted certificate WILL be accepted
TID: [-1234] [] [2023-01-31 08:46:31,420]  INFO {org.wso2.carbon.ntask.core.service.impl.TaskServiceImpl} - Task service starting in STANDALONE mode...
TID: [-1234] [] [2023-01-31 08:46:31,475]  INFO {org.wso2.carbon.registry.eventing.internal.RegistryEventingServiceComponent} - Successfully Initialized Eventing on Registry
TID: [-1234] [] [2023-01-31 08:46:31,685]  INFO {org.wso2.carbon.core.init.JMXServerManager} - JMX Service URL  : service:jmx:rmi://localhost:11111/jndi/rmi://localhost:9999/jmxrmi
TID: [-1234] [] [2023-01-31 08:46:31,784]  INFO {org.wso2.carbon.event.processor.core.internal.util.EventProcessorConfigurationFilesystemInvoker} - carbon.super_sub_AsyncWHSilver.siddhiql is deleted from the file system
TID: [-1234] [] [2023-01-31 08:46:31,785]  INFO {org.wso2.carbon.event.processor.core.EventProcessorDeployer} - Execution Plan was undeployed successfully : carbon.super_sub_AsyncWHSilver.siddhiql
TID: [-1234] [] [2023-01-31 08:46:31,788]  INFO {org.wso2.carbon.event.processor.core.internal.util.EventProcessorConfigurationFilesystemInvoker} - carbon.super_sub_AsyncBronze.siddhiql is deleted from the file system
TID: [-1234] [] [2023-01-31 08:46:31,788]  INFO {org.wso2.carbon.event.processor.core.EventProcessorDeployer} - Execution Plan was undeployed successfully : carbon.super_sub_AsyncBronze.siddhiql
TID: [-1234] [] [2023-01-31 08:46:31,790]  INFO {org.wso2.carbon.event.processor.core.internal.util.EventProcessorConfigurationFilesystemInvoker} - carbon.super_sub_Unauthenticated.siddhiql is deleted from the file system
TID: [-1234] [] [2023-01-31 08:46:31,790]  INFO {org.wso2.carbon.event.processor.core.EventProcessorDeployer} - Execution Plan was undeployed successfully : carbon.super_sub_Unauthenticated.siddhiql
TID: [-1234] [] [2023-01-31 08:46:31,792]  INFO {org.wso2.carbon.event.processor.core.internal.util.EventProcessorConfigurationFilesystemInvoker} - carbon.super_sub_AsyncWHGold.siddhiql is deleted from the file system
TID: [-1234] [] [2023-01-31 08:46:31,792]  INFO {org.wso2.carbon.event.processor.core.EventProcessorDeployer} - Execution Plan was undeployed successfully : carbon.super_sub_AsyncWHGold.siddhiql
TID: [-1234] [] [2023-01-31 08:46:31,793]  INFO {org.wso2.carbon.event.processor.core.internal.util.EventProcessorConfigurationFilesystemInvoker} - carbon.super_resource_10KPerMin_default.siddhiql is deleted from the file system
TID: [-1234] [] [2023-01-31 08:46:31,793]  INFO {org.wso2.carbon.event.processor.core.EventProcessorDeployer} - Execution Plan was undeployed successfully : carbon.super_resource_10KPerMin_default.siddhiql
TID: [-1234] [] [2023-01-31 08:46:31,796]  INFO {org.wso2.carbon.event.processor.core.internal.util.EventProcessorConfigurationFilesystemInvoker} - carbon.super_sub_AsyncWHBronze.siddhiql is deleted from the file system
TID: [-1234] [] [2023-01-31 08:46:31,796]  INFO {org.wso2.carbon.event.processor.core.EventProcessorDeployer} - Execution Plan was undeployed successfully : carbon.super_sub_AsyncWHBronze.siddhiql
TID: [-1234] [] [2023-01-31 08:46:31,798]  INFO {org.wso2.carbon.event.processor.core.internal.util.EventProcessorConfigurationFilesystemInvoker} - carbon.super_sub_AsyncSilver.siddhiql is deleted from the file system
TID: [-1234] [] [2023-01-31 08:46:31,798]  INFO {org.wso2.carbon.event.processor.core.EventProcessorDeployer} - Execution Plan was undeployed successfully : carbon.super_sub_AsyncSilver.siddhiql
TID: [-1234] [] [2023-01-31 08:46:31,799]  INFO {org.wso2.carbon.event.processor.core.internal.util.EventProcessorConfigurationFilesystemInvoker} - carbon.super_sub_Silver.siddhiql is deleted from the file system
TID: [-1234] [] [2023-01-31 08:46:31,799]  INFO {org.wso2.carbon.event.processor.core.EventProcessorDeployer} - Execution Plan was undeployed successfully : carbon.super_sub_Silver.siddhiql
TID: [-1234] [] [2023-01-31 08:46:31,801]  INFO {org.wso2.carbon.event.processor.core.internal.util.EventProcessorConfigurationFilesystemInvoker} - carbon.super_resource_50KPerMin_default.siddhiql is deleted from the file system
TID: [-1234] [] [2023-01-31 08:46:31,801]  INFO {org.wso2.carbon.event.processor.core.EventProcessorDeployer} - Execution Plan was undeployed successfully : carbon.super_resource_50KPerMin_default.siddhiql
TID: [-1234] [] [2023-01-31 08:46:31,803]  INFO {org.wso2.carbon.event.processor.core.internal.util.EventProcessorConfigurationFilesystemInvoker} - carbon.super_sub_Bronze.siddhiql is deleted from the file system
TID: [-1234] [] [2023-01-31 08:46:31,803]  INFO {org.wso2.carbon.event.processor.core.EventProcessorDeployer} - Execution Plan was undeployed successfully : carbon.super_sub_Bronze.siddhiql
TID: [-1234] [] [2023-01-31 08:46:31,804]  INFO {org.wso2.carbon.event.processor.core.internal.util.EventProcessorConfigurationFilesystemInvoker} - carbon.super_resource_20KPerMin_default.siddhiql is deleted from the file system
TID: [-1234] [] [2023-01-31 08:46:31,804]  INFO {org.wso2.carbon.event.processor.core.EventProcessorDeployer} - Execution Plan was undeployed successfully : carbon.super_resource_20KPerMin_default.siddhiql
TID: [-1234] [] [2023-01-31 08:46:31,806]  INFO {org.wso2.carbon.event.processor.core.internal.util.EventProcessorConfigurationFilesystemInvoker} - carbon.super_sub_AsyncGold.siddhiql is deleted from the file system
TID: [-1234] [] [2023-01-31 08:46:31,806]  INFO {org.wso2.carbon.apimgt.common.jms.JMSTransportHandler} - Starting jms topic consumer thread for the notification topic...
TID: [-1234] [] [2023-01-31 08:46:31,806]  INFO {org.wso2.carbon.event.processor.core.EventProcessorDeployer} - Execution Plan was undeployed successfully : carbon.super_sub_AsyncGold.siddhiql
TID: [-1234] [] [2023-01-31 08:46:31,807]  INFO {org.wso2.carbon.event.processor.core.internal.util.EventProcessorConfigurationFilesystemInvoker} - carbon.super_sub_Gold.siddhiql is deleted from the file system
TID: [-1234] [] [2023-01-31 08:46:31,807]  INFO {org.wso2.carbon.event.processor.core.EventProcessorDeployer} - Execution Plan was undeployed successfully : carbon.super_sub_Gold.siddhiql
TID: [-1234] [] [2023-01-31 08:46:31,809]  INFO {org.wso2.carbon.event.processor.core.internal.util.EventProcessorConfigurationFilesystemInvoker} - carbon.super_app_10PerMin.siddhiql is deleted from the file system
TID: [-1234] [] [2023-01-31 08:46:31,809]  INFO {org.wso2.carbon.event.processor.core.EventProcessorDeployer} - Execution Plan was undeployed successfully : carbon.super_app_10PerMin.siddhiql
TID: [-1234] [] [2023-01-31 08:46:31,811]  INFO {org.wso2.carbon.event.processor.core.internal.util.EventProcessorConfigurationFilesystemInvoker} - carbon.super_app_20PerMin.siddhiql is deleted from the file system
TID: [-1234] [] [2023-01-31 08:46:31,811]  INFO {org.wso2.carbon.event.processor.core.EventProcessorDeployer} - Execution Plan was undeployed successfully : carbon.super_app_20PerMin.siddhiql
TID: [-1234] [] [2023-01-31 08:46:31,813]  INFO {org.wso2.carbon.event.processor.core.internal.util.EventProcessorConfigurationFilesystemInvoker} - carbon.super_app_50PerMin.siddhiql is deleted from the file system
TID: [-1234] [] [2023-01-31 08:46:31,813]  INFO {org.wso2.carbon.event.processor.core.EventProcessorDeployer} - Execution Plan was undeployed successfully : carbon.super_app_50PerMin.siddhiql
TID: [-1234] [] [2023-01-31 08:46:31,828]  INFO {org.wso2.carbon.apimgt.common.jms.JMSTransportHandler} - Starting jms topic consumer thread for the keyManager topic...
TID: [-1234] [] [2023-01-31 08:46:31,886]  INFO {org.wso2.carbon.apimgt.common.jms.JMSTransportHandler} - Starting jms topic consumer thread for the throttleData topic...
TID: [-1234] [] [2023-01-31 08:46:31,893]  INFO {org.wso2.carbon.apimgt.common.jms.JMSTransportHandler} - Starting jms topic consumer thread for the tokenRevocation topic...
TID: [-1234] [] [2023-01-31 08:46:31,897]  INFO {org.wso2.carbon.apimgt.common.jms.JMSTransportHandler} - Starting jms topic consumer thread for the cacheInvalidation topic...
TID: [-1234] [] [2023-01-31 08:46:31,905]  INFO {org.wso2.carbon.apimgt.common.jms.JMSTransportHandler} - Starting jms topic consumer thread for the notification topic...
TID: [-1234] [] [2023-01-31 08:46:31,905]  INFO {org.wso2.carbon.apimgt.common.jms.JMSTransportHandler} - Starting jms topic consumer thread for the throttleData topic...
TID: [-1234] [] [2023-01-31 08:46:31,906]  INFO {org.wso2.carbon.apimgt.common.jms.JMSTransportHandler} - Starting jms topic consumer thread for the asyncWebhooksData topic...
TID: [-1234] [] [2023-01-31 08:46:33,620]  INFO {org.wso2.carbon.apimgt.common.jms.JMSListener} - Connection attempt: 1 for JMS Provider for listener: Siddhi-JMS-Consumer#asyncWebhooksData was successful!
TID: [-1234] [] [2023-01-31 08:46:33,620]  INFO {org.wso2.carbon.apimgt.common.jms.JMSListener} - Connection attempt: 1 for JMS Provider for listener: Siddhi-JMS-Consumer#throttleData was successful!
TID: [-1234] [] [2023-01-31 08:46:33,620]  INFO {org.wso2.carbon.apimgt.common.jms.JMSListener} - Connection attempt: 1 for JMS Provider for listener: Siddhi-JMS-Consumer#keyManager was successful!
TID: [-1234] [] [2023-01-31 08:46:33,620]  INFO {org.wso2.carbon.apimgt.common.jms.JMSListener} - Connection attempt: 1 for JMS Provider for listener: Siddhi-JMS-Consumer#cacheInvalidation was successful!
TID: [-1234] [] [2023-01-31 08:46:33,620]  INFO {org.wso2.carbon.apimgt.common.jms.JMSListener} - Connection attempt: 1 for JMS Provider for listener: Siddhi-JMS-Consumer#throttleData was successful!
TID: [-1234] [] [2023-01-31 08:46:33,620]  INFO {org.wso2.carbon.apimgt.common.jms.JMSListener} - Connection attempt: 1 for JMS Provider for listener: Siddhi-JMS-Consumer#notification was successful!
TID: [-1234] [] [2023-01-31 08:46:33,620]  INFO {org.wso2.carbon.apimgt.common.jms.JMSListener} - Connection attempt: 1 for JMS Provider for listener: Siddhi-JMS-Consumer#notification was successful!
TID: [-1234] [] [2023-01-31 08:46:33,621]  INFO {org.wso2.carbon.apimgt.common.jms.JMSListener} - Connection attempt: 1 for JMS Provider for listener: Siddhi-JMS-Consumer#tokenRevocation was successful!
TID: [-1234] [] [2023-01-31 08:46:33,628]  INFO {org.wso2.carbon.apimgt.common.jms.JMSTaskManager} - Task manager for Siddhi-JMS-Consumer [re-]initialized
TID: [-1234] [] [2023-01-31 08:46:33,628]  INFO {org.wso2.carbon.apimgt.common.jms.JMSTaskManager} - Task manager for Siddhi-JMS-Consumer [re-]initialized
TID: [-1234] [] [2023-01-31 08:46:33,628]  INFO {org.wso2.carbon.apimgt.common.jms.JMSTaskManager} - Task manager for Siddhi-JMS-Consumer [re-]initialized
TID: [-1234] [] [2023-01-31 08:46:33,628]  INFO {org.wso2.carbon.apimgt.common.jms.JMSTaskManager} - Task manager for Siddhi-JMS-Consumer [re-]initialized
TID: [-1234] [] [2023-01-31 08:46:33,633]  INFO {org.wso2.carbon.apimgt.common.jms.JMSTaskManager} - Task manager for Siddhi-JMS-Consumer [re-]initialized
TID: [-1234] [] [2023-01-31 08:46:33,635]  INFO {org.wso2.carbon.apimgt.common.jms.JMSTaskManager} - Task manager for Siddhi-JMS-Consumer [re-]initialized
TID: [-1234] [] [2023-01-31 08:46:33,635]  INFO {org.wso2.carbon.apimgt.common.jms.JMSTaskManager} - Task manager for Siddhi-JMS-Consumer [re-]initialized
TID: [-1234] [] [2023-01-31 08:46:33,635]  INFO {org.wso2.carbon.apimgt.common.jms.JMSTaskManager} - Task manager for Siddhi-JMS-Consumer [re-]initialized
TID: [-1234] [internal/data/v1] [2023-01-31 08:46:33,953]  INFO {org.wso2.carbon.identity.oauth.config.OAuthServerConfiguration} - An instance of org.wso2.carbon.identity.oauth2.token.OauthTokenIssuerImpl is created for Identity OAuth token generation.
TID: [-1234] [internal/data/v1] [2023-01-31 08:46:34,117]  INFO {org.wso2.carbon.apimgt.impl.importexport.utils.CommonUtil} - Creation of folder is successful. Directory Name : Definitions
TID: [-1234] [] [2023-01-31 08:46:34,628]  INFO {org.wso2.carbon.apimgt.common.jms.JMSListener} - Started to listen on destination : keyManager of type topic for listener Siddhi-JMS-Consumer#keyManager
TID: [-1234] [] [2023-01-31 08:46:34,628]  INFO {org.wso2.carbon.apimgt.common.jms.JMSListener} - Started to listen on destination : notification of type topic for listener Siddhi-JMS-Consumer#notification
TID: [-1234] [] [2023-01-31 08:46:34,628]  INFO {org.wso2.carbon.apimgt.common.jms.JMSListener} - Started to listen on destination : asyncWebhooksData of type topic for listener Siddhi-JMS-Consumer#asyncWebhooksData
TID: [-1234] [] [2023-01-31 08:46:34,628]  INFO {org.wso2.carbon.apimgt.common.jms.JMSListener} - Started to listen on destination : tokenRevocation of type topic for listener Siddhi-JMS-Consumer#tokenRevocation
TID: [-1234] [] [2023-01-31 08:46:34,635]  INFO {org.wso2.carbon.apimgt.common.jms.JMSListener} - Started to listen on destination : throttleData of type topic for listener Siddhi-JMS-Consumer#throttleData
TID: [-1234] [] [2023-01-31 08:46:34,635]  INFO {org.wso2.carbon.apimgt.common.jms.JMSListener} - Started to listen on destination : notification of type topic for listener Siddhi-JMS-Consumer#notification
TID: [-1234] [] [2023-01-31 08:46:34,635]  INFO {org.wso2.carbon.apimgt.common.jms.JMSListener} - Started to listen on destination : cacheInvalidation of type topic for listener Siddhi-JMS-Consumer#cacheInvalidation
TID: [-1234] [] [2023-01-31 08:46:34,635]  INFO {org.wso2.carbon.apimgt.common.jms.JMSListener} - Started to listen on destination : throttleData of type topic for listener Siddhi-JMS-Consumer#throttleData
TID: [-1234] [] [2023-01-31 08:46:35,237]  INFO {org.wso2.carbon.mediation.dependency.mgt.DependencyTracker} - Local entry : ga-config-key was added to the Synapse configuration successfully
TID: [-1234] [] [2023-01-31 08:46:35,370]  INFO {org.wso2.carbon.event.processor.core.internal.util.EventProcessorConfigurationFilesystemInvoker} - Execution plan: carbon.super_sub_Gold saved in the filesystem
TID: [-1234] [] [2023-01-31 08:46:35,397]  INFO {org.wso2.carbon.core.internal.StartupFinalizerServiceComponent} - Server           :  WSO2 API Manager-4.1.0
TID: [-1234] [] [2023-01-31 08:46:35,397]  INFO {org.wso2.carbon.core.internal.StartupFinalizerServiceComponent} - WSO2 Carbon started in 127 sec
TID: [-1234] [] [2023-01-31 08:46:35,423]  INFO {org.wso2.carbon.event.stream.core.internal.EventJunction} - Producer added to the junction. Stream:org.wso2.throttle.globalThrottle.stream:1.0.0
TID: [-1234] [] [2023-01-31 08:46:35,426]  INFO {org.wso2.carbon.event.stream.core.internal.EventJunction} - Consumer added to the junction. Stream:org.wso2.throttle.processed.request.stream:1.0.0
TID: [-1234] [] [2023-01-31 08:46:35,426]  INFO {org.wso2.carbon.event.processor.core.EventProcessorDeployer} - Execution plan is deployed successfully and in active state  : carbon.super_sub_Gold
TID: [-1234] [] [2023-01-31 08:46:35,449]  INFO {org.wso2.carbon.event.processor.core.internal.util.EventProcessorConfigurationFilesystemInvoker} - Execution plan: carbon.super_sub_Silver saved in the filesystem
TID: [-1234] [] [2023-01-31 08:46:35,511]  INFO {org.wso2.carbon.event.stream.core.internal.EventJunction} - Producer added to the junction. Stream:org.wso2.throttle.globalThrottle.stream:1.0.0
TID: [-1234] [] [2023-01-31 08:46:35,512]  INFO {org.wso2.carbon.event.stream.core.internal.EventJunction} - Consumer added to the junction. Stream:org.wso2.throttle.processed.request.stream:1.0.0
TID: [-1234] [] [2023-01-31 08:46:35,512]  INFO {org.wso2.carbon.event.processor.core.EventProcessorDeployer} - Execution plan is deployed successfully and in active state  : carbon.super_sub_Silver
TID: [-1234] [] [2023-01-31 08:46:35,533]  INFO {org.wso2.carbon.event.processor.core.internal.util.EventProcessorConfigurationFilesystemInvoker} - Execution plan: carbon.super_sub_Bronze saved in the filesystem
TID: [-1234] [] [2023-01-31 08:46:35,542]  INFO {org.wso2.carbon.databridge.core.DataBridge} - user admin connected
TID: [-1234] [] [2023-01-31 08:46:35,576]  INFO {org.wso2.carbon.event.stream.core.internal.EventJunction} - Producer added to the junction. Stream:org.wso2.throttle.globalThrottle.stream:1.0.0
TID: [-1234] [] [2023-01-31 08:46:35,576]  INFO {org.wso2.carbon.event.stream.core.internal.EventJunction} - Consumer added to the junction. Stream:org.wso2.throttle.processed.request.stream:1.0.0
TID: [-1234] [] [2023-01-31 08:46:35,576]  INFO {org.wso2.carbon.event.processor.core.EventProcessorDeployer} - Execution plan is deployed successfully and in active state  : carbon.super_sub_Bronze
TID: [-1234] [] [2023-01-31 08:46:35,595]  INFO {org.wso2.carbon.event.processor.core.internal.util.EventProcessorConfigurationFilesystemInvoker} - Execution plan: carbon.super_sub_Unauthenticated saved in the filesystem
TID: [-1234] [] [2023-01-31 08:46:35,708]  INFO {org.wso2.carbon.event.stream.core.internal.EventJunction} - Producer added to the junction. Stream:org.wso2.throttle.globalThrottle.stream:1.0.0
TID: [-1234] [] [2023-01-31 08:46:35,708]  INFO {org.wso2.carbon.event.stream.core.internal.EventJunction} - Consumer added to the junction. Stream:org.wso2.throttle.processed.request.stream:1.0.0
TID: [-1234] [] [2023-01-31 08:46:35,708]  INFO {org.wso2.carbon.event.processor.core.EventProcessorDeployer} - Execution plan is deployed successfully and in active state  : carbon.super_sub_Unauthenticated
TID: [-1234] [] [2023-01-31 08:46:35,722]  INFO {org.wso2.carbon.event.processor.core.internal.util.EventProcessorConfigurationFilesystemInvoker} - Execution plan: carbon.super_sub_AsyncGold saved in the filesystem
TID: [-1234] [] [2023-01-31 08:46:35,765]  INFO {org.wso2.carbon.event.stream.core.internal.EventJunction} - Producer added to the junction. Stream:org.wso2.throttle.globalThrottle.stream:1.0.0
TID: [-1234] [] [2023-01-31 08:46:35,765]  INFO {org.wso2.carbon.event.stream.core.internal.EventJunction} - Consumer added to the junction. Stream:org.wso2.throttle.processed.request.stream:1.0.0
TID: [-1234] [] [2023-01-31 08:46:35,765]  INFO {org.wso2.carbon.event.processor.core.EventProcessorDeployer} - Execution plan is deployed successfully and in active state  : carbon.super_sub_AsyncGold
TID: [-1234] [] [2023-01-31 08:46:35,782]  INFO {org.wso2.carbon.event.processor.core.internal.util.EventProcessorConfigurationFilesystemInvoker} - Execution plan: carbon.super_sub_AsyncSilver saved in the filesystem
TID: [-1234] [] [2023-01-31 08:46:35,826]  INFO {org.wso2.carbon.event.stream.core.internal.EventJunction} - Producer added to the junction. Stream:org.wso2.throttle.globalThrottle.stream:1.0.0
TID: [-1234] [] [2023-01-31 08:46:35,826]  INFO {org.wso2.carbon.event.stream.core.internal.EventJunction} - Consumer added to the junction. Stream:org.wso2.throttle.processed.request.stream:1.0.0
TID: [-1234] [] [2023-01-31 08:46:35,826]  INFO {org.wso2.carbon.event.processor.core.EventProcessorDeployer} - Execution plan is deployed successfully and in active state  : carbon.super_sub_AsyncSilver
TID: [-1234] [] [2023-01-31 08:46:35,846]  INFO {org.wso2.carbon.event.processor.core.internal.util.EventProcessorConfigurationFilesystemInvoker} - Execution plan: carbon.super_sub_AsyncBronze saved in the filesystem
TID: [-1234] [] [2023-01-31 08:46:35,887]  INFO {org.wso2.carbon.event.stream.core.internal.EventJunction} - Producer added to the junction. Stream:org.wso2.throttle.globalThrottle.stream:1.0.0
TID: [-1234] [] [2023-01-31 08:46:35,887]  INFO {org.wso2.carbon.event.stream.core.internal.EventJunction} - Consumer added to the junction. Stream:org.wso2.throttle.processed.request.stream:1.0.0
TID: [-1234] [] [2023-01-31 08:46:35,887]  INFO {org.wso2.carbon.event.processor.core.EventProcessorDeployer} - Execution plan is deployed successfully and in active state  : carbon.super_sub_AsyncBronze
TID: [-1234] [] [2023-01-31 08:46:35,904]  INFO {org.wso2.carbon.event.processor.core.internal.util.EventProcessorConfigurationFilesystemInvoker} - Execution plan: carbon.super_sub_AsyncWHGold saved in the filesystem
TID: [-1234] [] [2023-01-31 08:46:35,982]  INFO {org.wso2.carbon.event.stream.core.internal.EventJunction} - Producer added to the junction. Stream:org.wso2.throttle.globalThrottle.stream:1.0.0
TID: [-1234] [] [2023-01-31 08:46:35,982]  INFO {org.wso2.carbon.event.stream.core.internal.EventJunction} - Consumer added to the junction. Stream:org.wso2.throttle.processed.request.stream:1.0.0
TID: [-1234] [] [2023-01-31 08:46:35,982]  INFO {org.wso2.carbon.event.processor.core.EventProcessorDeployer} - Execution plan is deployed successfully and in active state  : carbon.super_sub_AsyncWHGold
TID: [-1234] [] [2023-01-31 08:46:35,995]  INFO {org.wso2.carbon.event.processor.core.internal.util.EventProcessorConfigurationFilesystemInvoker} - Execution plan: carbon.super_sub_AsyncWHSilver saved in the filesystem
TID: [-1234] [] [2023-01-31 08:46:36,025]  INFO {org.wso2.carbon.event.stream.core.internal.EventJunction} - Producer added to the junction. Stream:org.wso2.throttle.globalThrottle.stream:1.0.0
TID: [-1234] [] [2023-01-31 08:46:36,025]  INFO {org.wso2.carbon.event.stream.core.internal.EventJunction} - Consumer added to the junction. Stream:org.wso2.throttle.processed.request.stream:1.0.0
TID: [-1234] [] [2023-01-31 08:46:36,026]  INFO {org.wso2.carbon.event.processor.core.EventProcessorDeployer} - Execution plan is deployed successfully and in active state  : carbon.super_sub_AsyncWHSilver
TID: [-1234] [] [2023-01-31 08:46:36,038]  INFO {org.wso2.carbon.event.processor.core.internal.util.EventProcessorConfigurationFilesystemInvoker} - Execution plan: carbon.super_sub_AsyncWHBronze saved in the filesystem
TID: [-1234] [] [2023-01-31 08:46:36,084]  INFO {org.wso2.carbon.event.stream.core.internal.EventJunction} - Producer added to the junction. Stream:org.wso2.throttle.globalThrottle.stream:1.0.0
TID: [-1234] [] [2023-01-31 08:46:36,084]  INFO {org.wso2.carbon.event.stream.core.internal.EventJunction} - Consumer added to the junction. Stream:org.wso2.throttle.processed.request.stream:1.0.0
TID: [-1234] [] [2023-01-31 08:46:36,084]  INFO {org.wso2.carbon.event.processor.core.EventProcessorDeployer} - Execution plan is deployed successfully and in active state  : carbon.super_sub_AsyncWHBronze
TID: [-1234] [] [2023-01-31 08:46:36,183]  INFO {org.wso2.carbon.event.processor.core.internal.util.EventProcessorConfigurationFilesystemInvoker} - Execution plan: carbon.super_app_50PerMin saved in the filesystem
TID: [-1234] [] [2023-01-31 08:46:36,202]  INFO {org.wso2.carbon.event.stream.core.internal.EventJunction} - Producer added to the junction. Stream:org.wso2.throttle.globalThrottle.stream:1.0.0
TID: [-1234] [] [2023-01-31 08:46:36,202]  INFO {org.wso2.carbon.event.stream.core.internal.EventJunction} - Consumer added to the junction. Stream:org.wso2.throttle.processed.request.stream:1.0.0
TID: [-1234] [] [2023-01-31 08:46:36,202]  INFO {org.wso2.carbon.event.processor.core.EventProcessorDeployer} - Execution plan is deployed successfully and in active state  : carbon.super_app_50PerMin
TID: [-1234] [] [2023-01-31 08:46:36,210]  INFO {org.wso2.carbon.event.processor.core.internal.util.EventProcessorConfigurationFilesystemInvoker} - Execution plan: carbon.super_app_20PerMin saved in the filesystem
TID: [-1234] [] [2023-01-31 08:46:36,273]  INFO {org.wso2.carbon.event.stream.core.internal.EventJunction} - Producer added to the junction. Stream:org.wso2.throttle.globalThrottle.stream:1.0.0
TID: [-1234] [] [2023-01-31 08:46:36,273]  INFO {org.wso2.carbon.event.stream.core.internal.EventJunction} - Consumer added to the junction. Stream:org.wso2.throttle.processed.request.stream:1.0.0
TID: [-1234] [] [2023-01-31 08:46:36,273]  INFO {org.wso2.carbon.event.processor.core.EventProcessorDeployer} - Execution plan is deployed successfully and in active state  : carbon.super_app_20PerMin
TID: [-1234] [] [2023-01-31 08:46:36,285]  INFO {org.wso2.carbon.event.processor.core.internal.util.EventProcessorConfigurationFilesystemInvoker} - Execution plan: carbon.super_app_10PerMin saved in the filesystem
TID: [-1234] [] [2023-01-31 08:46:36,305]  INFO {org.wso2.carbon.event.stream.core.internal.EventJunction} - Producer added to the junction. Stream:org.wso2.throttle.globalThrottle.stream:1.0.0
TID: [-1234] [] [2023-01-31 08:46:36,306]  INFO {org.wso2.carbon.event.stream.core.internal.EventJunction} - Consumer added to the junction. Stream:org.wso2.throttle.processed.request.stream:1.0.0
TID: [-1234] [] [2023-01-31 08:46:36,306]  INFO {org.wso2.carbon.event.processor.core.EventProcessorDeployer} - Execution plan is deployed successfully and in active state  : carbon.super_app_10PerMin
TID: [-1234] [] [2023-01-31 08:46:36,377]  INFO {org.wso2.carbon.apimgt.gateway.InMemoryAPIDeployer} - Deploying synapse artifacts of PizzaShackAPI
TID: [-1234] [] [2023-01-31 08:46:36,412]  INFO {org.wso2.carbon.event.processor.core.internal.util.EventProcessorConfigurationFilesystemInvoker} - Execution plan: carbon.super_resource_50KPerMin_default saved in the filesystem
TID: [-1234] [] [2023-01-31 08:46:36,443]  INFO {org.wso2.carbon.event.stream.core.internal.EventJunction} - Producer added to the junction. Stream:org.wso2.throttle.globalThrottle.stream:1.1.0
TID: [-1234] [] [2023-01-31 08:46:36,443]  INFO {org.wso2.carbon.event.stream.core.internal.EventJunction} - Consumer added to the junction. Stream:org.wso2.throttle.processed.request.stream:1.0.0
TID: [-1234] [] [2023-01-31 08:46:36,443]  INFO {org.wso2.carbon.event.processor.core.EventProcessorDeployer} - Execution plan is deployed successfully and in active state  : carbon.super_resource_50KPerMin_default
TID: [-1234] [] [2023-01-31 08:46:36,463]  INFO {org.wso2.carbon.event.processor.core.internal.util.EventProcessorConfigurationFilesystemInvoker} - Execution plan: carbon.super_resource_20KPerMin_default saved in the filesystem
TID: [-1234] [] [2023-01-31 08:46:36,484]  INFO {org.wso2.carbon.mediation.dependency.mgt.DependencyTracker} - Local entry : c814a00c-4add-4cad-b3fe-99b1c5c9f322 was added to the Synapse configuration successfully
TID: [-1234] [] [2023-01-31 08:46:36,495]  INFO {org.wso2.carbon.event.stream.core.internal.EventJunction} - Producer added to the junction. Stream:org.wso2.throttle.globalThrottle.stream:1.1.0
TID: [-1234] [] [2023-01-31 08:46:36,495]  INFO {org.wso2.carbon.event.stream.core.internal.EventJunction} - Consumer added to the junction. Stream:org.wso2.throttle.processed.request.stream:1.0.0
TID: [-1234] [] [2023-01-31 08:46:36,495]  INFO {org.wso2.carbon.event.processor.core.EventProcessorDeployer} - Execution plan is deployed successfully and in active state  : carbon.super_resource_20KPerMin_default
TID: [-1234] [] [2023-01-31 08:46:36,503]  INFO {org.wso2.carbon.mediation.dependency.mgt.DependencyTracker} - Endpoint : PizzaShackAPI--v1.0.0_APIproductionEndpoint was added to the Synapse configuration successfully
TID: [-1234] [] [2023-01-31 08:46:36,506]  INFO {org.wso2.carbon.mediation.dependency.mgt.DependencyTracker} - Endpoint : PizzaShackAPI--v1.0.0_APIsandboxEndpoint was added to the Synapse configuration successfully
TID: [-1234] [] [2023-01-31 08:46:36,516]  INFO {org.wso2.carbon.event.processor.core.internal.util.EventProcessorConfigurationFilesystemInvoker} - Execution plan: carbon.super_resource_10KPerMin_default saved in the filesystem
TID: [-1234] [] [2023-01-31 08:46:36,537]  INFO {org.wso2.carbon.event.stream.core.internal.EventJunction} - Producer added to the junction. Stream:org.wso2.throttle.globalThrottle.stream:1.1.0
TID: [-1234] [] [2023-01-31 08:46:36,537]  INFO {org.wso2.carbon.event.stream.core.internal.EventJunction} - Consumer added to the junction. Stream:org.wso2.throttle.processed.request.stream:1.0.0
TID: [-1234] [] [2023-01-31 08:46:36,537]  INFO {org.wso2.carbon.event.processor.core.EventProcessorDeployer} - Execution plan is deployed successfully and in active state  : carbon.super_resource_10KPerMin_default
TID: [-1234] [] [2023-01-31 08:46:36,922]  INFO {org.wso2.carbon.ui.internal.CarbonUIServiceComponent} - Mgt Console URL  : https://localhost:9443/carbon/
TID: [-1234] [] [2023-01-31 08:46:36,922]  INFO {org.wso2.carbon.ui.internal.CarbonUIServiceComponent} - API Developer Portal Default Context : https://localhost:9443/devportal
TID: [-1234] [] [2023-01-31 08:46:36,922]  INFO {org.wso2.carbon.ui.internal.CarbonUIServiceComponent} - API Publisher Default Context : https://localhost:9443/publisher
TID: [-1234] [] [2023-01-31 08:46:37,152]  INFO {org.wso2.carbon.mediation.dependency.mgt.DependencyTracker} - API : PizzaShackAPI:v1.0.0 was added to the Synapse configuration successfully
TID: [-1234] [] [2023-01-31 08:46:37,152]  INFO {org.apache.synapse.api.API} - {api:PizzaShackAPI:v1.0.0} Initializing API: PizzaShackAPI:v1.0.0
TID: [-1234] [] [2023-01-31 08:46:37,201]  INFO {org.wso2.carbon.apimgt.gateway.listeners.GatewayStartupListener} - Synapse Artifacts deployed Successfully in the Gateway
TID: [-1234] [] [2023-01-31 08:46:37,201]  INFO {org.apache.synapse.transport.passthru.PassThroughHttpSSLSender} - PassThroughHttpSender reloading SSL Config..
TID: [-1234] [] [2023-01-31 08:46:37,201]  INFO {org.apache.synapse.transport.passthru.PassThroughHttpMultiSSLListener} - PassThroughHttpListener reloading SSL Config..
TID: [-1234] [] [2023-01-31 08:46:37,206]  INFO {org.apache.synapse.transport.nhttp.config.ServerConnFactoryBuilder} - SSLProfile configuration is loaded from path: /home/server/Documents/HieuNMe/wso2am-4.1.0/repository/resources/security/listenerprofiles.xml
TID: [-1234] [] [2023-01-31 08:46:37,206]  INFO {org.apache.synapse.transport.nhttp.config.ClientConnFactoryBuilder} - customSSLProfiles configuration is loaded from path: /home/server/Documents/HieuNMe/wso2am-4.1.0/repository/resources/security/sslprofiles.xml
TID: [-1234] [] [2023-01-31 08:46:37,206]  INFO {org.apache.synapse.transport.nhttp.config.ClientConnFactoryBuilder} - HTTPS Loading custom SSL profiles for the HTTPS sender
TID: [-1234] [] [2023-01-31 08:46:37,211]  INFO {org.apache.synapse.transport.nhttp.config.ClientConnFactoryBuilder} - HTTPS Custom SSL profiles initialized for 1 servers
TID: [-1234] [] [2023-01-31 08:46:37,211]  INFO {org.apache.synapse.transport.passthru.PassThroughHttpSSLSender} - Pass-through HTTPS Sender updated with Dynamic Configuration Updates ...
TID: [-1234] [] [2023-01-31 08:46:37,217]  INFO {org.apache.synapse.transport.passthru.core.PassThroughListeningIOReactorManager} - Pass-through HTTPS Listener started on 0.0.0.0:8243
TID: [-1234] [] [2023-01-31 08:46:37,217]  INFO {org.apache.synapse.transport.passthru.PassThroughHttpMultiSSLListener} - HTTPS Reloaded
TID: [-1234] [] [2023-01-31 08:58:45,654] ERROR {org.wso2.carbon.identity.oidc.session.servlet.OIDCSessionIFrameServlet} - Invalid request. redirect_uri is not matched with the regex configured in the service provider, client_id : 8Kv3EAJC81e0LHzxWOtAeZ1fMUEa org.wso2.carbon.identity.oidc.session.OIDCSessionManagerException: Invalid request. redirect_uri is not matched with the regex configured in the service provider, client_id : 8Kv3EAJC81e0LHzxWOtAeZ1fMUEa
	at org.wso2.carbon.identity.oidc.session.servlet.OIDCSessionIFrameServlet.getCallbackURL(OIDCSessionIFrameServlet.java:137)
	at org.wso2.carbon.identity.oidc.session.servlet.OIDCSessionIFrameServlet.doGet(OIDCSessionIFrameServlet.java:82)
	at javax.servlet.http.HttpServlet.service(HttpServlet.java:655)
	at javax.servlet.http.HttpServlet.service(HttpServlet.java:764)
	at org.eclipse.equinox.http.helper.ContextPathServletAdaptor.service(ContextPathServletAdaptor.java:37)
	at org.eclipse.equinox.http.servlet.internal.ServletRegistration.service(ServletRegistration.java:61)
	at org.eclipse.equinox.http.servlet.internal.ProxyServlet.processAlias(ProxyServlet.java:128)
	at org.eclipse.equinox.http.servlet.internal.ProxyServlet.service(ProxyServlet.java:60)
	at javax.servlet.http.HttpServlet.service(HttpServlet.java:764)
	at org.wso2.carbon.tomcat.ext.servlet.DelegationServlet.service(DelegationServlet.java:68)
	at org.apache.catalina.core.ApplicationFilterChain.internalDoFilter(ApplicationFilterChain.java:227)
	at org.apache.catalina.core.ApplicationFilterChain.doFilter(ApplicationFilterChain.java:162)
	at org.apache.tomcat.websocket.server.WsFilter.doFilter(WsFilter.java:53)
	at org.apache.catalina.core.ApplicationFilterChain.internalDoFilter(ApplicationFilterChain.java:189)
	at org.apache.catalina.core.ApplicationFilterChain.doFilter(ApplicationFilterChain.java:162)
	at org.owasp.csrfguard.CsrfGuardFilter.doFilter(CsrfGuardFilter.java:72)
	at org.apache.catalina.core.ApplicationFilterChain.internalDoFilter(ApplicationFilterChain.java:189)
	at org.apache.catalina.core.ApplicationFilterChain.doFilter(ApplicationFilterChain.java:162)
	at org.wso2.carbon.tomcat.ext.filter.CharacterSetFilter.doFilter(CharacterSetFilter.java:65)
	at org.apache.catalina.core.ApplicationFilterChain.internalDoFilter(ApplicationFilterChain.java:189)
	at org.apache.catalina.core.ApplicationFilterChain.doFilter(ApplicationFilterChain.java:162)
	at org.apache.catalina.filters.HttpHeaderSecurityFilter.doFilter(HttpHeaderSecurityFilter.java:126)
	at org.apache.catalina.core.ApplicationFilterChain.internalDoFilter(ApplicationFilterChain.java:189)
	at org.apache.catalina.core.ApplicationFilterChain.doFilter(ApplicationFilterChain.java:162)
	at org.apache.catalina.core.StandardWrapperValve.invoke(StandardWrapperValve.java:197)
	at org.apache.catalina.core.StandardContextValve.invoke(StandardContextValve.java:97)
	at org.apache.catalina.authenticator.AuthenticatorBase.invoke(AuthenticatorBase.java:540)
	at org.apache.catalina.core.StandardHostValve.invoke(StandardHostValve.java:135)
	at org.apache.catalina.valves.ErrorReportValve.invoke(ErrorReportValve.java:92)
	at org.wso2.carbon.identity.context.rewrite.valve.TenantContextRewriteValve.invoke(TenantContextRewriteValve.java:107)
	at org.wso2.carbon.identity.authz.valve.AuthorizationValve.invoke(AuthorizationValve.java:110)
	at org.wso2.carbon.identity.auth.valve.AuthenticationValve.invoke(AuthenticationValve.java:102)
	at org.wso2.carbon.tomcat.ext.valves.CompositeValve.continueInvocation(CompositeValve.java:101)
	at org.wso2.carbon.tomcat.ext.valves.TomcatValveContainer.invokeValves(TomcatValveContainer.java:49)
	at org.wso2.carbon.tomcat.ext.valves.CompositeValve.invoke(CompositeValve.java:62)
	at org.wso2.carbon.tomcat.ext.valves.CarbonStuckThreadDetectionValve.invoke(CarbonStuckThreadDetectionValve.java:146)
	at org.apache.catalina.valves.AbstractAccessLogValve.invoke(AbstractAccessLogValve.java:687)
	at org.wso2.carbon.tomcat.ext.valves.CarbonContextCreatorValve.invoke(CarbonContextCreatorValve.java:58)
	at org.wso2.carbon.tomcat.ext.valves.RequestCorrelationIdValve.invoke(RequestCorrelationIdValve.java:126)
	at org.apache.catalina.core.StandardEngineValve.invoke(StandardEngineValve.java:78)
	at org.apache.catalina.connector.CoyoteAdapter.service(CoyoteAdapter.java:359)
	at org.apache.coyote.http11.Http11Processor.service(Http11Processor.java:399)
	at org.apache.coyote.AbstractProcessorLight.process(AbstractProcessorLight.java:65)
	at org.apache.coyote.AbstractProtocol$ConnectionHandler.process(AbstractProtocol.java:889)
	at org.apache.tomcat.util.net.NioEndpoint$SocketProcessor.doRun(NioEndpoint.java:1735)
	at org.apache.tomcat.util.net.SocketProcessorBase.run(SocketProcessorBase.java:49)
	at org.apache.tomcat.util.threads.ThreadPoolExecutor.runWorker(ThreadPoolExecutor.java:1191)
	at org.apache.tomcat.util.threads.ThreadPoolExecutor$Worker.run(ThreadPoolExecutor.java:659)
	at org.apache.tomcat.util.threads.TaskThread$WrappingRunnable.run(TaskThread.java:61)
	at java.lang.Thread.run(Thread.java:748)

TID: [-1234] [api/am/publisher] [2023-01-31 11:12:36,333] ERROR {org.wso2.carbon.apimgt.rest.api.util.interceptors.PostAuthenticationInterceptor} - Authentication failed: Bearer/Basic authentication header is missing
TID: [-1234] [] [2023-01-31 11:12:56,989] ERROR {org.wso2.carbon.identity.oidc.session.servlet.OIDCSessionIFrameServlet} - Invalid request. redirect_uri is not matched with the regex configured in the service provider, client_id : 8Kv3EAJC81e0LHzxWOtAeZ1fMUEa org.wso2.carbon.identity.oidc.session.OIDCSessionManagerException: Invalid request. redirect_uri is not matched with the regex configured in the service provider, client_id : 8Kv3EAJC81e0LHzxWOtAeZ1fMUEa
	at org.wso2.carbon.identity.oidc.session.servlet.OIDCSessionIFrameServlet.getCallbackURL(OIDCSessionIFrameServlet.java:137)
	at org.wso2.carbon.identity.oidc.session.servlet.OIDCSessionIFrameServlet.doGet(OIDCSessionIFrameServlet.java:82)
	at javax.servlet.http.HttpServlet.service(HttpServlet.java:655)
	at javax.servlet.http.HttpServlet.service(HttpServlet.java:764)
	at org.eclipse.equinox.http.helper.ContextPathServletAdaptor.service(ContextPathServletAdaptor.java:37)
	at org.eclipse.equinox.http.servlet.internal.ServletRegistration.service(ServletRegistration.java:61)
	at org.eclipse.equinox.http.servlet.internal.ProxyServlet.processAlias(ProxyServlet.java:128)
	at org.eclipse.equinox.http.servlet.internal.ProxyServlet.service(ProxyServlet.java:60)
	at javax.servlet.http.HttpServlet.service(HttpServlet.java:764)
	at org.wso2.carbon.tomcat.ext.servlet.DelegationServlet.service(DelegationServlet.java:68)
	at org.apache.catalina.core.ApplicationFilterChain.internalDoFilter(ApplicationFilterChain.java:227)
	at org.apache.catalina.core.ApplicationFilterChain.doFilter(ApplicationFilterChain.java:162)
	at org.apache.tomcat.websocket.server.WsFilter.doFilter(WsFilter.java:53)
	at org.apache.catalina.core.ApplicationFilterChain.internalDoFilter(ApplicationFilterChain.java:189)
	at org.apache.catalina.core.ApplicationFilterChain.doFilter(ApplicationFilterChain.java:162)
	at org.owasp.csrfguard.CsrfGuardFilter.doFilter(CsrfGuardFilter.java:72)
	at org.apache.catalina.core.ApplicationFilterChain.internalDoFilter(ApplicationFilterChain.java:189)
	at org.apache.catalina.core.ApplicationFilterChain.doFilter(ApplicationFilterChain.java:162)
	at org.wso2.carbon.tomcat.ext.filter.CharacterSetFilter.doFilter(CharacterSetFilter.java:65)
	at org.apache.catalina.core.ApplicationFilterChain.internalDoFilter(ApplicationFilterChain.java:189)
	at org.apache.catalina.core.ApplicationFilterChain.doFilter(ApplicationFilterChain.java:162)
	at org.apache.catalina.filters.HttpHeaderSecurityFilter.doFilter(HttpHeaderSecurityFilter.java:126)
	at org.apache.catalina.core.ApplicationFilterChain.internalDoFilter(ApplicationFilterChain.java:189)
	at org.apache.catalina.core.ApplicationFilterChain.doFilter(ApplicationFilterChain.java:162)
	at org.apache.catalina.core.StandardWrapperValve.invoke(StandardWrapperValve.java:197)
	at org.apache.catalina.core.StandardContextValve.invoke(StandardContextValve.java:97)
	at org.apache.catalina.authenticator.AuthenticatorBase.invoke(AuthenticatorBase.java:540)
	at org.apache.catalina.core.StandardHostValve.invoke(StandardHostValve.java:135)
	at org.apache.catalina.valves.ErrorReportValve.invoke(ErrorReportValve.java:92)
	at org.wso2.carbon.identity.context.rewrite.valve.TenantContextRewriteValve.invoke(TenantContextRewriteValve.java:107)
	at org.wso2.carbon.identity.authz.valve.AuthorizationValve.invoke(AuthorizationValve.java:110)
	at org.wso2.carbon.identity.auth.valve.AuthenticationValve.invoke(AuthenticationValve.java:102)
	at org.wso2.carbon.tomcat.ext.valves.CompositeValve.continueInvocation(CompositeValve.java:101)
	at org.wso2.carbon.tomcat.ext.valves.TomcatValveContainer.invokeValves(TomcatValveContainer.java:49)
	at org.wso2.carbon.tomcat.ext.valves.CompositeValve.invoke(CompositeValve.java:62)
	at org.wso2.carbon.tomcat.ext.valves.CarbonStuckThreadDetectionValve.invoke(CarbonStuckThreadDetectionValve.java:146)
	at org.apache.catalina.valves.AbstractAccessLogValve.invoke(AbstractAccessLogValve.java:687)
	at org.wso2.carbon.tomcat.ext.valves.CarbonContextCreatorValve.invoke(CarbonContextCreatorValve.java:58)
	at org.wso2.carbon.tomcat.ext.valves.RequestCorrelationIdValve.invoke(RequestCorrelationIdValve.java:126)
	at org.apache.catalina.core.StandardEngineValve.invoke(StandardEngineValve.java:78)
	at org.apache.catalina.connector.CoyoteAdapter.service(CoyoteAdapter.java:359)
	at org.apache.coyote.http11.Http11Processor.service(Http11Processor.java:399)
	at org.apache.coyote.AbstractProcessorLight.process(AbstractProcessorLight.java:65)
	at org.apache.coyote.AbstractProtocol$ConnectionHandler.process(AbstractProtocol.java:889)
	at org.apache.tomcat.util.net.NioEndpoint$SocketProcessor.doRun(NioEndpoint.java:1735)
	at org.apache.tomcat.util.net.SocketProcessorBase.run(SocketProcessorBase.java:49)
	at org.apache.tomcat.util.threads.ThreadPoolExecutor.runWorker(ThreadPoolExecutor.java:1191)
	at org.apache.tomcat.util.threads.ThreadPoolExecutor$Worker.run(ThreadPoolExecutor.java:659)
	at org.apache.tomcat.util.threads.TaskThread$WrappingRunnable.run(TaskThread.java:61)
	at java.lang.Thread.run(Thread.java:748)

