TID: [2023-02-07 11:21:47,426]  INFO {org.wso2.config.mapper.ConfigParser} - Configurations Changed in :repository/resources/security/listenerprofiles.xml {org.wso2.config.mapper.ConfigParser}
TID: [2023-02-07 11:21:47,426]  INFO {org.wso2.config.mapper.ConfigParser} - Configurations Changed in :repository/resources/security/sslprofiles.xml {org.wso2.config.mapper.ConfigParser}
TID: [2023-02-07 11:21:47,426]  INFO {org.wso2.config.mapper.ConfigParser} - Overriding files in configuration directory /home/server/Documents/HieuNMe/wso2am-4.1.0 {org.wso2.config.mapper.ConfigParser}
TID: [-1234] [] [2023-02-07 11:22:04,509]  INFO {org.wso2.carbon.core.internal.CarbonCoreActivator} - Starting WSO2 Carbon...
TID: [-1234] [] [2023-02-07 11:22:04,510]  INFO {org.wso2.carbon.core.internal.CarbonCoreActivator} - Operating System : Linux 5.15.0-56-generic, amd64
TID: [-1234] [] [2023-02-07 11:22:04,510]  INFO {org.wso2.carbon.core.internal.CarbonCoreActivator} - Java Home        : /opt/java/jdk1.8.0_301/jre
TID: [-1234] [] [2023-02-07 11:22:04,510]  INFO {org.wso2.carbon.core.internal.CarbonCoreActivator} - Java Version     : 1.8.0_301
TID: [-1234] [] [2023-02-07 11:22:04,510]  INFO {org.wso2.carbon.core.internal.CarbonCoreActivator} - Java VM          : Java HotSpot(TM) 64-Bit Server VM 25.301-b09,Oracle Corporation
TID: [-1234] [] [2023-02-07 11:22:04,510]  INFO {org.wso2.carbon.core.internal.CarbonCoreActivator} - Carbon Home      : /home/server/Documents/HieuNMe/wso2am-4.1.0
TID: [-1234] [] [2023-02-07 11:22:04,510]  INFO {org.wso2.carbon.core.internal.CarbonCoreActivator} - Java Temp Dir    : /home/server/Documents/HieuNMe/wso2am-4.1.0/tmp
TID: [-1234] [] [2023-02-07 11:22:04,510]  INFO {org.wso2.carbon.core.internal.CarbonCoreActivator} - User             : server, en-US, Asia/Ho_Chi_Minh
TID: [-1234] [] [2023-02-07 11:22:04,682]  INFO {org.wso2.carbon.crypto.provider.internal.DefaultCryptoProviderComponent} - 'CryptoService.Secret' property has not been set. 'org.wso2.carbon.crypto.provider.SymmetricKeyInternalCryptoProvider' won't be registered as an internal crypto provider. Please set the secret if the provider needs to be registered.
TID: [-1234] [] [2023-02-07 11:22:05,324]  INFO {org.wso2.carbon.event.output.adapter.kafka.internal.ds.KafkaEventAdapterServiceDS} - Successfully deployed the Kafka output event adaptor service
TID: [-1234] [] [2023-02-07 11:22:05,495]  INFO {org.wso2.carbon.event.template.manager.core.internal.ds.TemplateDeployerServiceTrackerDS} - Successfully deployed the execution manager tracker service
TID: [-1234] [] [2023-02-07 11:22:07,089]  INFO {org.wso2.carbon.apimgt.eventing.hub.internal.ServiceComponent} - Eventing Hub ServiceComponent is activated
TID: [-1234] [] [2023-02-07 11:22:07,792]  WARN {org.apache.tomcat.util.digester.Digester} - Match [Server/Service/Engine/Host/Valve] failed to set property [maxDays] to []
TID: [-1234] [] [2023-02-07 11:22:08,812]  INFO {org.wso2.carbon.consent.mgt.core.internal.ConsentManagerComponent} - ConsentManagerComponent is activated.
TID: [-1234] [] [2023-02-07 11:22:09,023]  INFO {org.wso2.carbon.databridge.receiver.binary.internal.BinaryDataReceiverServiceComponent} - Binary Data Receiver server activated
TID: [-1234] [] [2023-02-07 11:22:09,041]  INFO {org.wso2.carbon.databridge.core.internal.DataBridgeDS} - Successfully deployed Agent Server 
TID: [-1234] [] [2023-02-07 11:22:09,593]  INFO {org.wso2.carbon.registry.core.jdbc.EmbeddedRegistryService} - Configured Registry in 97ms
TID: [-1234] [] [2023-02-07 11:22:09,664]  INFO {org.wso2.carbon.registry.core.jdbc.EmbeddedRegistryService} - Connected to mount at configregistry in 5ms
TID: [-1234] [] [2023-02-07 11:22:09,664]  INFO {org.wso2.carbon.registry.core.jdbc.EmbeddedRegistryService} - Connected to mount at govregistry in 6ms
TID: [-1234] [] [2023-02-07 11:22:09,735]  INFO {org.wso2.carbon.registry.core.jdbc.EmbeddedRegistryService} - Connected to mount at configregistry in 0ms
TID: [-1234] [] [2023-02-07 11:22:09,735]  INFO {org.wso2.carbon.registry.core.jdbc.EmbeddedRegistryService} - Connected to mount at govregistry in 0ms
TID: [-1234] [] [2023-02-07 11:22:09,740]  INFO {org.wso2.carbon.registry.core.internal.RegistryCoreServiceComponent} - Registry Mode    : READ-WRITE
TID: [-1234] [] [2023-02-07 11:22:09,994]  INFO {org.wso2.carbon.metrics.impl.util.JmxReporterBuilder} - Creating JMX reporter for Metrics with domain 'org.wso2.carbon.metrics'
TID: [-1234] [] [2023-02-07 11:22:09,998]  INFO {org.wso2.carbon.metrics.impl.reporter.AbstractReporter} - Started JMX reporter for Metrics
TID: [-1234] [] [2023-02-07 11:22:14,242]  INFO {org.wso2.carbon.registry.indexing.solr.SolrClient} - Default Embedded Solr Server Initialized
TID: [-1234] [] [2023-02-07 11:22:14,649]  INFO {org.wso2.carbon.user.core.internal.UserStoreMgtDSComponent} - Carbon UserStoreMgtDSComponent activated successfully.
TID: [-1234] [] [2023-02-07 11:22:17,661]  INFO {org.wso2.carbon.identity.user.store.configuration.deployer.UserStoreConfigurationDeployer} - User Store Configuration Deployer initiated.
TID: [-1234] [] [2023-02-07 11:22:17,661]  INFO {org.wso2.carbon.identity.user.store.configuration.deployer.UserStoreConfigurationDeployer} - User Store Configuration Deployer initiated.
TID: [-1234] [] [2023-02-07 11:22:19,717]  INFO {org.wso2.carbon.websocket.transport.WebsocketTransportSender} - WSS Sender started
TID: [-1234] [] [2023-02-07 11:22:19,722]  INFO {org.apache.synapse.transport.passthru.PassThroughHttpSender} - Initializing Pass-through HTTP/S Sender...
TID: [-1234] [] [2023-02-07 11:22:19,800]  INFO {org.apache.synapse.transport.passthru.PassThroughHttpSender} - Pass-through HTTP Sender started...
TID: [-1234] [] [2023-02-07 11:22:19,800]  INFO {org.apache.synapse.transport.passthru.PassThroughHttpSSLSender} - Initializing Pass-through HTTP/S Sender...
TID: [-1234] [] [2023-02-07 11:22:19,812]  INFO {org.apache.synapse.transport.nhttp.config.ClientConnFactoryBuilder} - customSSLProfiles configuration is loaded from path: /home/server/Documents/HieuNMe/wso2am-4.1.0/repository/resources/security/sslprofiles.xml
TID: [-1234] [] [2023-02-07 11:22:19,812]  INFO {org.apache.synapse.transport.nhttp.config.ClientConnFactoryBuilder} - HTTPS Loading custom SSL profiles for the HTTPS sender
TID: [-1234] [] [2023-02-07 11:22:19,820]  INFO {org.apache.synapse.transport.nhttp.config.ClientConnFactoryBuilder} - HTTPS Custom SSL profiles initialized for 1 servers
TID: [-1234] [] [2023-02-07 11:22:19,821]  INFO {org.apache.synapse.transport.passthru.PassThroughHttpSSLSender} - Pass-through HTTPS Sender started...
TID: [-1234] [] [2023-02-07 11:22:19,830]  INFO {org.wso2.carbon.websocket.transport.WebsocketTransportSender} - WS Sender started
TID: [-1234] [] [2023-02-07 11:22:19,865]  INFO {org.apache.synapse.transport.passthru.PassThroughHttpListener} - Initializing Pass-through HTTP/S Listener...
TID: [-1234] [] [2023-02-07 11:22:19,920]  INFO {org.apache.synapse.transport.passthru.PassThroughHttpMultiSSLListener} - Initializing Pass-through HTTP/S Listener...
TID: [-1234] [] [2023-02-07 11:22:19,934]  INFO {org.apache.synapse.transport.nhttp.config.ServerConnFactoryBuilder} - SSLProfile configuration is loaded from path: /home/server/Documents/HieuNMe/wso2am-4.1.0/repository/resources/security/listenerprofiles.xml
TID: [-1234] [] [2023-02-07 11:22:21,641]  INFO {org.wso2.carbon.core.deployment.DeploymentInterceptor} - Deploying Axis2 service: I18nEmailMgtConfigService {super-tenant}
TID: [-1234] [] [2023-02-07 11:22:24,340]  INFO {org.wso2.carbon.core.deployment.DeploymentInterceptor} - Deploying Axis2 service: AccountCredentialMgtConfigService {super-tenant}
TID: [-1234] [] [2023-02-07 11:22:24,341]  INFO {org.wso2.carbon.core.deployment.DeploymentInterceptor} - Deploying Axis2 service: UserIdentityManagementAdminService {super-tenant}
TID: [-1234] [] [2023-02-07 11:22:24,342]  INFO {org.wso2.carbon.core.deployment.DeploymentInterceptor} - Deploying Axis2 service: UserInformationRecoveryService {super-tenant}
TID: [-1234] [] [2023-02-07 11:22:30,386]  INFO {org.wso2.carbon.core.init.CarbonServerManager} - Repository       : /home/server/Documents/HieuNMe/wso2am-4.1.0/repository/deployment/server/
TID: [-1234] [] [2023-02-07 11:22:30,397]  INFO {org.wso2.carbon.event.input.adapter.kafka.internal.ds.KafkaEventAdapterServiceHolder} - Kafka input event adaptor waiting for dependent configurations to load
TID: [-1234] [] [2023-02-07 11:22:30,439]  INFO {org.wso2.carbon.andes.core.internal.ds.QueueManagerServiceDS} - Successfully created the queue manager service
TID: [-1234] [] [2023-02-07 11:22:30,453]  INFO {org.wso2.carbon.andes.core.internal.ds.SubscriptionManagerServiceDS} - Successfully created the subscription manager service
TID: [-1234] [] [2023-02-07 11:22:30,644]  INFO {org.wso2.carbon.apimgt.persistence.internal.PersistenceManagerComponent} - Activating PersistenceManagerComponent 
TID: [-1234] [] [2023-02-07 11:22:30,767]  INFO {org.wso2.carbon.core.multitenancy.eager.TenantLoadingConfig} - Using tenant lazy loading policy...
TID: [-1234] [] [2023-02-07 11:22:30,810]  INFO {org.wso2.carbon.core.internal.permission.update.PermissionUpdater} - Permission cache updated for tenant -1234
TID: [-1234] [] [2023-02-07 11:22:32,119]  WARN {org.wso2.carbon.identity.application.mgt.internal.ApplicationManagementServiceComponent} - Templates directory not found at /home/server/Documents/HieuNMe/wso2am-4.1.0/repository/resources/identity/authntemplates
TID: [-1234] [] [2023-02-07 11:22:33,946]  INFO {org.wso2.carbon.user.core.internal.UserStoreMgtDSComponent} - Claim manager set for class org.wso2.carbon.user.core.common.DefaultRealm
TID: [-1234] [] [2023-02-07 11:22:33,959]  INFO {org.wso2.carbon.user.core.internal.UserStoreMgtDSComponent} - Claim manager set for class org.wso2.carbon.user.core.jdbc.UniqueIDJDBCUserStoreManager
TID: [-1234] [] [2023-02-07 11:22:34,477]  INFO {org.wso2.carbon.identity.entitlement.internal.SchemaBuilder} - XACML policy schema loaded successfully.
TID: [-1234] [] [2023-02-07 11:22:36,509]  INFO {org.wso2.carbon.identity.oauth.config.OAuthServerConfiguration} - The default OAuth token issuer will be used. No custom token generator is set.
TID: [-1234] [] [2023-02-07 11:22:42,327]  INFO {org.wso2.carbon.apimgt.common.jms.factory.JMSConnectionFactory} - JMS ConnectionFactory : Siddhi-JMS-Consumer initialized
TID: [-1234] [] [2023-02-07 11:22:42,621]  INFO {org.wso2.carbon.apimgt.common.jms.factory.JMSConnectionFactory} - JMS ConnectionFactory : Siddhi-JMS-Consumer initialized
TID: [-1234] [] [2023-02-07 11:22:45,394]  INFO {org.wso2.carbon.identity.application.authentication.framework.store.SessionDataStore} - Thread pool size for temporary authentication context data delete task: 20
TID: [-1234] [] [2023-02-07 11:22:52,657]  INFO {org.wso2.carbon.mediation.initializer.ServiceBusInitializer} - Starting ESB...
TID: [-1234] [] [2023-02-07 11:22:52,892]  INFO {org.wso2.carbon.mediation.initializer.ServiceBusInitializer} - Initializing Apache Synapse...
TID: [-1234] [] [2023-02-07 11:22:52,993]  INFO {org.apache.synapse.SynapseControllerFactory} - Using Synapse home : /home/server/Documents/HieuNMe/wso2am-4.1.0/.
TID: [-1234] [] [2023-02-07 11:22:52,993]  INFO {org.apache.synapse.SynapseControllerFactory} - Using synapse.xml location : /home/server/Documents/HieuNMe/wso2am-4.1.0/././repository/deployment/server/synapse-configs/default
TID: [-1234] [] [2023-02-07 11:22:52,993]  INFO {org.apache.synapse.SynapseControllerFactory} - Using server name : localhost
TID: [-1234] [] [2023-02-07 11:22:53,363]  INFO {org.apache.synapse.SynapseControllerFactory} - The timeout handler will run every : 15s
TID: [-1234] [] [2023-02-07 11:22:53,514]  INFO {org.apache.synapse.Axis2SynapseController} - Initializing Synapse at : Tue Feb 07 11:22:53 ICT 2023
TID: [-1234] [] [2023-02-07 11:22:53,559]  INFO {org.wso2.carbon.mediation.initializer.CarbonSynapseController} - Loading the mediation configuration from the file system
TID: [-1234] [] [2023-02-07 11:22:53,567]  INFO {org.apache.synapse.config.xml.MultiXMLConfigurationBuilder} - Building synapse configuration from the synapse artifact repository at : ././repository/deployment/server/synapse-configs/default
TID: [-1234] [] [2023-02-07 11:22:53,569]  INFO {org.apache.synapse.config.xml.XMLConfigurationBuilder} - Generating the Synapse configuration model by parsing the XML configuration
TID: [-1234] [] [2023-02-07 11:22:54,323]  INFO {org.wso2.carbon.mediation.dependency.mgt.DependencyTracker} - Sequence : _resource_mismatch_handler_ was added to the Synapse configuration successfully
TID: [-1234] [] [2023-02-07 11:22:54,566]  INFO {org.wso2.carbon.mediation.dependency.mgt.DependencyTracker} - Sequence : _opa_policy_failure_handler_ was added to the Synapse configuration successfully
TID: [-1234] [] [2023-02-07 11:22:54,675]  INFO {org.wso2.carbon.mediation.dependency.mgt.DependencyTracker} - Sequence : fault was added to the Synapse configuration successfully
TID: [-1234] [] [2023-02-07 11:22:54,869]  INFO {org.wso2.carbon.mediation.dependency.mgt.DependencyTracker} - Sequence : dispatchSeq was added to the Synapse configuration successfully
TID: [-1234] [] [2023-02-07 11:22:54,916]  INFO {org.wso2.carbon.mediation.dependency.mgt.DependencyTracker} - Sequence : _graphql_failure_handler was added to the Synapse configuration successfully
TID: [-1234] [] [2023-02-07 11:22:54,966]  INFO {org.wso2.carbon.mediation.dependency.mgt.DependencyTracker} - Sequence : _backend_failure_handler_ was added to the Synapse configuration successfully
TID: [-1234] [] [2023-02-07 11:22:55,012]  INFO {org.wso2.carbon.mediation.dependency.mgt.DependencyTracker} - Sequence : _api_blocked_sequence_ was added to the Synapse configuration successfully
TID: [-1234] [] [2023-02-07 11:22:55,155]  INFO {org.wso2.carbon.mediation.dependency.mgt.DependencyTracker} - Sequence : _throttle_out_handler_ was added to the Synapse configuration successfully
TID: [-1234] [] [2023-02-07 11:22:55,350]  INFO {org.wso2.carbon.mediation.dependency.mgt.DependencyTracker} - Sequence : webhooksFaultSequence was added to the Synapse configuration successfully
TID: [-1234] [] [2023-02-07 11:22:55,352]  INFO {org.wso2.carbon.mediation.dependency.mgt.DependencyTracker} - Sequence : _sandbox_key_error_ was added to the Synapse configuration successfully
TID: [-1234] [] [2023-02-07 11:22:55,534]  INFO {org.wso2.carbon.mediation.dependency.mgt.DependencyTracker} - Sequence : _auth_failure_handler_ was added to the Synapse configuration successfully
TID: [-1234] [] [2023-02-07 11:22:55,965]  INFO {org.wso2.carbon.mediation.dependency.mgt.DependencyTracker} - Sequence : main was added to the Synapse configuration successfully
TID: [-1234] [] [2023-02-07 11:22:56,003]  INFO {org.wso2.carbon.mediation.dependency.mgt.DependencyTracker} - Sequence : _build_ was added to the Synapse configuration successfully
TID: [-1234] [] [2023-02-07 11:22:56,066]  INFO {org.wso2.carbon.mediation.dependency.mgt.DependencyTracker} - Sequence : _token_fault_ was added to the Synapse configuration successfully
TID: [-1234] [] [2023-02-07 11:22:56,104]  INFO {org.wso2.carbon.mediation.dependency.mgt.DependencyTracker} - Sequence : _cors_request_handler_ was added to the Synapse configuration successfully
TID: [-1234] [] [2023-02-07 11:22:56,194]  INFO {org.wso2.carbon.mediation.dependency.mgt.DependencyTracker} - Sequence : _threat_fault_ was added to the Synapse configuration successfully
TID: [-1234] [] [2023-02-07 11:22:56,198]  INFO {org.wso2.carbon.mediation.dependency.mgt.DependencyTracker} - Sequence : _production_key_error_ was added to the Synapse configuration successfully
TID: [-1234] [] [2023-02-07 11:22:56,200]  INFO {org.wso2.carbon.mediation.dependency.mgt.DependencyTracker} - Sequence : outDispatchSeq was added to the Synapse configuration successfully
TID: [-1234] [] [2023-02-07 11:22:56,440]  INFO {org.wso2.carbon.mediation.dependency.mgt.DependencyTracker} - Proxy service : WorkflowCallbackService was added to the Synapse configuration successfully
TID: [-1234] [] [2023-02-07 11:22:56,837]  INFO {org.wso2.carbon.mediation.dependency.mgt.DependencyTracker} - API : _OpenService_ was added to the Synapse configuration successfully
TID: [-1234] [] [2023-02-07 11:22:56,885]  INFO {org.wso2.carbon.mediation.dependency.mgt.DependencyTracker} - Inbound Endpoint : WebSocketInboundEndpoint was added to the Synapse configuration successfully
TID: [-1234] [] [2023-02-07 11:22:56,887]  INFO {org.wso2.carbon.mediation.dependency.mgt.DependencyTracker} - Inbound Endpoint : SecureWebhookServer was added to the Synapse configuration successfully
TID: [-1234] [] [2023-02-07 11:22:56,913]  INFO {org.wso2.carbon.mediation.dependency.mgt.DependencyTracker} - Inbound Endpoint : SecureWebSocketEP was added to the Synapse configuration successfully
TID: [-1234] [] [2023-02-07 11:22:56,914]  INFO {org.wso2.carbon.mediation.dependency.mgt.DependencyTracker} - Inbound Endpoint : WebhookServer was added to the Synapse configuration successfully
TID: [-1234] [] [2023-02-07 11:22:56,915]  INFO {org.apache.synapse.config.SynapseConfigurationBuilder} - Loaded Synapse configuration from the artifact repository at : ././repository/deployment/server/synapse-configs/default
TID: [-1234] [] [2023-02-07 11:22:56,919]  INFO {org.wso2.carbon.mediation.dependency.mgt.DependencyTracker} - Local entry : SERVER_HOST was added to the Synapse configuration successfully
TID: [-1234] [] [2023-02-07 11:22:56,920]  INFO {org.wso2.carbon.mediation.dependency.mgt.DependencyTracker} - Local entry : SERVER_IP was added to the Synapse configuration successfully
TID: [-1234] [] [2023-02-07 11:22:57,267]  INFO {org.apache.synapse.Axis2SynapseController} - Loading mediator extensions...
TID: [-1234] [] [2023-02-07 11:22:58,422]  INFO {org.wso2.carbon.core.deployment.DeploymentInterceptor} - Deploying Axis2 service: echo {super-tenant}
TID: [-1234] [] [2023-02-07 11:22:58,567]  INFO {org.wso2.carbon.core.deployment.DeploymentInterceptor} - Deploying Axis2 service: Version {super-tenant}
TID: [-1234] [] [2023-02-07 11:22:58,662]  INFO {org.wso2.carbon.event.stream.core.EventStreamDeployer} - Stream definition is deployed successfully  : cache.invalidation.stream:1.0.0
TID: [-1234] [] [2023-02-07 11:22:58,665]  INFO {org.wso2.carbon.event.stream.core.EventStreamDeployer} - Stream definition is deployed successfully  : id_gov_notify_stream:1.0.0
TID: [-1234] [] [2023-02-07 11:22:58,667]  INFO {org.wso2.carbon.event.stream.core.EventStreamDeployer} - Stream definition is deployed successfully  : org.wso2.apimgt.cache.invalidation.stream:1.0.0
TID: [-1234] [] [2023-02-07 11:22:58,695]  INFO {org.wso2.carbon.event.stream.core.EventStreamDeployer} - Stream definition is deployed successfully  : org.wso2.apimgt.keymgt.stream:1.0.0
TID: [-1234] [] [2023-02-07 11:22:58,698]  INFO {org.wso2.carbon.event.stream.core.EventStreamDeployer} - Stream definition is deployed successfully  : org.wso2.apimgt.notification.stream:1.0.0
TID: [-1234] [] [2023-02-07 11:22:58,700]  INFO {org.wso2.carbon.event.stream.core.EventStreamDeployer} - Stream definition is deployed successfully  : org.wso2.apimgt.recommendation.event.stream:1.0.0
TID: [-1234] [] [2023-02-07 11:22:58,703]  INFO {org.wso2.carbon.event.stream.core.EventStreamDeployer} - Stream definition is deployed successfully  : org.wso2.apimgt.token.revocation.stream:1.0.0
TID: [-1234] [] [2023-02-07 11:22:58,708]  INFO {org.wso2.carbon.event.stream.core.EventStreamDeployer} - Stream definition is deployed successfully  : org.wso2.apimgt.webhooks.request.stream:1.0.0
TID: [-1234] [] [2023-02-07 11:22:58,711]  INFO {org.wso2.carbon.event.stream.core.EventStreamDeployer} - Stream definition is deployed successfully  : org.wso2.blocking.request.stream:1.0.0
TID: [-1234] [] [2023-02-07 11:22:58,741]  INFO {org.wso2.carbon.event.stream.core.EventStreamDeployer} - Stream definition is deployed successfully  : org.wso2.botDetectionData.request.stream:1.0.0
TID: [-1234] [] [2023-02-07 11:22:58,747]  INFO {org.wso2.carbon.event.stream.core.EventStreamDeployer} - Stream definition is deployed successfully  : org.wso2.keytemplate.request.stream:1.0.0
TID: [-1234] [] [2023-02-07 11:22:58,750]  INFO {org.wso2.carbon.event.stream.core.EventStreamDeployer} - Stream definition is deployed successfully  : org.wso2.throttle.globalThrottle.stream:1.0.0
TID: [-1234] [] [2023-02-07 11:22:58,752]  INFO {org.wso2.carbon.event.stream.core.EventStreamDeployer} - Stream definition is deployed successfully  : org.wso2.throttle.globalThrottle.stream:1.1.0
TID: [-1234] [] [2023-02-07 11:22:58,761]  INFO {org.wso2.carbon.event.stream.core.EventStreamDeployer} - Stream definition is deployed successfully  : org.wso2.throttle.processed.request.stream:1.0.0
TID: [-1234] [] [2023-02-07 11:22:58,764]  INFO {org.wso2.carbon.event.stream.core.EventStreamDeployer} - Stream definition is deployed successfully  : org.wso2.throttle.request.stream:1.0.0
TID: [-1234] [] [2023-02-07 11:22:58,933]  INFO {org.wso2.carbon.event.stream.core.internal.EventJunction} - WSO2EventConsumer added to the junction. Stream:id_gov_notify_stream:1.0.0
TID: [-1234] [] [2023-02-07 11:22:58,950]  INFO {org.wso2.carbon.event.publisher.core.EventPublisherDeployer} - Event Publisher configuration successfully deployed and in active state : EmailPublisher
TID: [-1234] [] [2023-02-07 11:22:58,988]  INFO {org.wso2.carbon.event.stream.core.internal.EventJunction} - WSO2EventConsumer added to the junction. Stream:org.wso2.apimgt.recommendation.event.stream:1.0.0
TID: [-1234] [] [2023-02-07 11:22:58,994]  INFO {org.wso2.carbon.event.publisher.core.EventPublisherDeployer} - Event Publisher configuration successfully deployed and in active state : HTTP-recommendationEventPublisher
TID: [-1234] [] [2023-02-07 11:22:58,998]  INFO {org.wso2.carbon.event.stream.core.internal.EventJunction} - WSO2EventConsumer added to the junction. Stream:org.wso2.apimgt.webhooks.request.stream:1.0.0
TID: [-1234] [] [2023-02-07 11:22:59,088]  INFO {org.wso2.carbon.event.publisher.core.EventPublisherDeployer} - Event Publisher configuration successfully deployed and in active state : asyncWebhooksEventPublisher
TID: [-1234] [] [2023-02-07 11:22:59,092]  INFO {org.wso2.carbon.event.stream.core.internal.EventJunction} - WSO2EventConsumer added to the junction. Stream:org.wso2.apimgt.webhooks.request.stream:1.0.0
TID: [-1234] [] [2023-02-07 11:22:59,092]  INFO {org.wso2.carbon.event.publisher.core.EventPublisherDeployer} - Event Publisher configuration successfully deployed and in active state : asyncWebhooksEventPublisher2
TID: [-1234] [] [2023-02-07 11:22:59,096]  INFO {org.wso2.carbon.event.stream.core.internal.EventJunction} - WSO2EventConsumer added to the junction. Stream:org.wso2.apimgt.webhooks.request.stream:1.0.0
TID: [-1234] [] [2023-02-07 11:22:59,096]  INFO {org.wso2.carbon.event.publisher.core.EventPublisherDeployer} - Event Publisher configuration successfully deployed and in active state : asyncWebhooksEventPublisher-1.0.0
TID: [-1234] [] [2023-02-07 11:22:59,123]  INFO {org.wso2.carbon.event.stream.core.internal.EventJunction} - WSO2EventConsumer added to the junction. Stream:org.wso2.apimgt.webhooks.request.stream:1.0.0
TID: [-1234] [] [2023-02-07 11:22:59,124]  INFO {org.wso2.carbon.event.publisher.core.EventPublisherDeployer} - Event Publisher configuration successfully deployed and in active state : asyncWebhooksEventPublisher-1.0.0-2
TID: [-1234] [] [2023-02-07 11:22:59,127]  INFO {org.wso2.carbon.event.stream.core.internal.EventJunction} - WSO2EventConsumer added to the junction. Stream:org.wso2.blocking.request.stream:1.0.0
TID: [-1234] [] [2023-02-07 11:22:59,128]  INFO {org.wso2.carbon.event.publisher.core.EventPublisherDeployer} - Event Publisher configuration successfully deployed and in active state : blockingEventJMSPublisher
TID: [-1234] [] [2023-02-07 11:22:59,131]  INFO {org.wso2.carbon.event.stream.core.internal.EventJunction} - WSO2EventConsumer added to the junction. Stream:org.wso2.apimgt.cache.invalidation.stream:1.0.0
TID: [-1234] [] [2023-02-07 11:22:59,132]  INFO {org.wso2.carbon.event.publisher.core.EventPublisherDeployer} - Event Publisher configuration successfully deployed and in active state : cacheInvalidationJMSPublisher
TID: [-1234] [] [2023-02-07 11:22:59,138]  INFO {org.wso2.carbon.event.stream.core.internal.EventJunction} - WSO2EventConsumer added to the junction. Stream:cache.invalidation.stream:1.0.0
TID: [-1234] [] [2023-02-07 11:22:59,139]  INFO {org.wso2.carbon.event.publisher.core.EventPublisherDeployer} - Event Publisher configuration successfully deployed and in active state : globalCacheInvalidationJMSPublisher
TID: [-1234] [] [2023-02-07 11:22:59,141]  INFO {org.wso2.carbon.event.stream.core.internal.EventJunction} - WSO2EventConsumer added to the junction. Stream:org.wso2.throttle.globalThrottle.stream:1.0.0
TID: [-1234] [] [2023-02-07 11:22:59,142]  INFO {org.wso2.carbon.event.publisher.core.EventPublisherDeployer} - Event Publisher configuration successfully deployed and in active state : jmsEventPublisher
TID: [-1234] [] [2023-02-07 11:22:59,144]  INFO {org.wso2.carbon.event.stream.core.internal.EventJunction} - WSO2EventConsumer added to the junction. Stream:org.wso2.throttle.globalThrottle.stream:1.0.0
TID: [-1234] [] [2023-02-07 11:22:59,144]  INFO {org.wso2.carbon.event.publisher.core.EventPublisherDeployer} - Event Publisher configuration successfully deployed and in active state : jmsEventPublisher2
TID: [-1234] [] [2023-02-07 11:22:59,171]  INFO {org.wso2.carbon.event.stream.core.internal.EventJunction} - WSO2EventConsumer added to the junction. Stream:org.wso2.throttle.globalThrottle.stream:1.1.0
TID: [-1234] [] [2023-02-07 11:22:59,171]  INFO {org.wso2.carbon.event.publisher.core.EventPublisherDeployer} - Event Publisher configuration successfully deployed and in active state : jmsEventPublisher-1.0.0
TID: [-1234] [] [2023-02-07 11:22:59,172]  INFO {org.wso2.carbon.event.stream.core.internal.EventJunction} - WSO2EventConsumer added to the junction. Stream:org.wso2.throttle.globalThrottle.stream:1.1.0
TID: [-1234] [] [2023-02-07 11:22:59,173]  INFO {org.wso2.carbon.event.publisher.core.EventPublisherDeployer} - Event Publisher configuration successfully deployed and in active state : jmsEventPublisher-1.0.0-2
TID: [-1234] [] [2023-02-07 11:22:59,175]  INFO {org.wso2.carbon.event.stream.core.internal.EventJunction} - WSO2EventConsumer added to the junction. Stream:org.wso2.keytemplate.request.stream:1.0.0
TID: [-1234] [] [2023-02-07 11:22:59,176]  INFO {org.wso2.carbon.event.publisher.core.EventPublisherDeployer} - Event Publisher configuration successfully deployed and in active state : keyTemplateEventPublisher
TID: [-1234] [] [2023-02-07 11:22:59,179]  INFO {org.wso2.carbon.event.stream.core.internal.EventJunction} - WSO2EventConsumer added to the junction. Stream:org.wso2.apimgt.keymgt.stream:1.0.0
TID: [-1234] [] [2023-02-07 11:22:59,180]  INFO {org.wso2.carbon.event.publisher.core.EventPublisherDeployer} - Event Publisher configuration successfully deployed and in active state : keymgtEventJMSEventPublisher
TID: [-1234] [] [2023-02-07 11:22:59,183]  INFO {org.wso2.carbon.event.stream.core.internal.EventJunction} - WSO2EventConsumer added to the junction. Stream:org.wso2.apimgt.notification.stream:1.0.0
TID: [-1234] [] [2023-02-07 11:22:59,183]  INFO {org.wso2.carbon.event.publisher.core.EventPublisherDeployer} - Event Publisher configuration successfully deployed and in active state : notificationJMSPublisher
TID: [-1234] [] [2023-02-07 11:22:59,186]  INFO {org.wso2.carbon.event.stream.core.internal.EventJunction} - WSO2EventConsumer added to the junction. Stream:org.wso2.apimgt.token.revocation.stream:1.0.0
TID: [-1234] [] [2023-02-07 11:22:59,187]  INFO {org.wso2.carbon.event.publisher.core.EventPublisherDeployer} - Event Publisher configuration successfully deployed and in active state : tokenRevocationJMSPublisher
TID: [-1234] [] [2023-02-07 11:22:59,189]  INFO {org.wso2.carbon.event.stream.core.internal.EventJunction} - WSO2EventConsumer added to the junction. Stream:org.wso2.apimgt.token.revocation.stream:1.0.0
TID: [-1234] [] [2023-02-07 11:22:59,189]  INFO {org.wso2.carbon.event.publisher.core.EventPublisherDeployer} - Event Publisher configuration successfully deployed and in active state : tokenRevocationJMSPublisher2
TID: [-1234] [] [2023-02-07 11:22:59,272]  INFO {org.wso2.carbon.event.input.adapter.core.internal.InputAdapterRuntime} - Connecting receiver blockingWso2EventReceiver
TID: [-1234] [] [2023-02-07 11:22:59,272]  INFO {org.wso2.carbon.event.stream.core.internal.EventJunction} - Producer added to the junction. Stream:org.wso2.blocking.request.stream:1.0.0
TID: [-1234] [] [2023-02-07 11:22:59,274]  INFO {org.wso2.carbon.event.receiver.core.EventReceiverDeployer} - Event Receiver configuration successfully deployed and in active state: blockingWso2EventReceiver
TID: [-1234] [] [2023-02-07 11:22:59,276]  INFO {org.wso2.carbon.event.input.adapter.core.internal.InputAdapterRuntime} - Connecting receiver cacheInvalidationRequestReceiver
TID: [-1234] [] [2023-02-07 11:22:59,277]  INFO {org.wso2.carbon.event.stream.core.internal.EventJunction} - Producer added to the junction. Stream:cache.invalidation.stream:1.0.0
TID: [-1234] [] [2023-02-07 11:22:59,277]  INFO {org.wso2.carbon.event.receiver.core.EventReceiverDeployer} - Event Receiver configuration successfully deployed and in active state: cacheInvalidationRequestReceiver
TID: [-1234] [] [2023-02-07 11:22:59,279]  INFO {org.wso2.carbon.event.input.adapter.core.internal.InputAdapterRuntime} - Connecting receiver cacheInvalidationWso2EventReceiver
TID: [-1234] [] [2023-02-07 11:22:59,279]  INFO {org.wso2.carbon.event.stream.core.internal.EventJunction} - Producer added to the junction. Stream:org.wso2.apimgt.cache.invalidation.stream:1.0.0
TID: [-1234] [] [2023-02-07 11:22:59,279]  INFO {org.wso2.carbon.event.receiver.core.EventReceiverDeployer} - Event Receiver configuration successfully deployed and in active state: cacheInvalidationWso2EventReceiver
TID: [-1234] [] [2023-02-07 11:22:59,281]  INFO {org.wso2.carbon.event.input.adapter.core.internal.InputAdapterRuntime} - Connecting receiver keyMgtWso2EventReceiver
TID: [-1234] [] [2023-02-07 11:22:59,281]  INFO {org.wso2.carbon.event.stream.core.internal.EventJunction} - Producer added to the junction. Stream:org.wso2.apimgt.keymgt.stream:1.0.0
TID: [-1234] [] [2023-02-07 11:22:59,281]  INFO {org.wso2.carbon.event.receiver.core.EventReceiverDeployer} - Event Receiver configuration successfully deployed and in active state: keyMgtWso2EventReceiver
TID: [-1234] [] [2023-02-07 11:22:59,283]  INFO {org.wso2.carbon.event.input.adapter.core.internal.InputAdapterRuntime} - Connecting receiver keyTemplateWso2EventReceiver
TID: [-1234] [] [2023-02-07 11:22:59,283]  INFO {org.wso2.carbon.event.stream.core.internal.EventJunction} - Producer added to the junction. Stream:org.wso2.keytemplate.request.stream:1.0.0
TID: [-1234] [] [2023-02-07 11:22:59,283]  INFO {org.wso2.carbon.event.receiver.core.EventReceiverDeployer} - Event Receiver configuration successfully deployed and in active state: keyTemplateWso2EventReceiver
TID: [-1234] [] [2023-02-07 11:22:59,285]  INFO {org.wso2.carbon.event.input.adapter.core.internal.InputAdapterRuntime} - Connecting receiver notificationsWSO2EventReceiver
TID: [-1234] [] [2023-02-07 11:22:59,285]  INFO {org.wso2.carbon.event.stream.core.internal.EventJunction} - Producer added to the junction. Stream:org.wso2.apimgt.notification.stream:1.0.0
TID: [-1234] [] [2023-02-07 11:22:59,285]  INFO {org.wso2.carbon.event.receiver.core.EventReceiverDeployer} - Event Receiver configuration successfully deployed and in active state: notificationsWSO2EventReceiver
TID: [-1234] [] [2023-02-07 11:22:59,288]  INFO {org.wso2.carbon.event.input.adapter.core.internal.InputAdapterRuntime} - Connecting receiver recommendationWso2EventReceiver
TID: [-1234] [] [2023-02-07 11:22:59,288]  INFO {org.wso2.carbon.event.stream.core.internal.EventJunction} - Producer added to the junction. Stream:org.wso2.apimgt.recommendation.event.stream:1.0.0
TID: [-1234] [] [2023-02-07 11:22:59,288]  INFO {org.wso2.carbon.event.receiver.core.EventReceiverDeployer} - Event Receiver configuration successfully deployed and in active state: recommendationWso2EventReceiver
TID: [-1234] [] [2023-02-07 11:22:59,332]  INFO {org.wso2.carbon.event.input.adapter.core.internal.InputAdapterRuntime} - Connecting receiver throttleEventReceiver
TID: [-1234] [] [2023-02-07 11:22:59,336]  INFO {org.wso2.carbon.event.stream.core.internal.EventJunction} - Producer added to the junction. Stream:org.wso2.throttle.request.stream:1.0.0
TID: [-1234] [] [2023-02-07 11:22:59,336]  INFO {org.wso2.carbon.event.receiver.core.EventReceiverDeployer} - Event Receiver configuration successfully deployed and in active state: throttleEventReceiver
TID: [-1234] [] [2023-02-07 11:22:59,363]  INFO {org.wso2.carbon.event.input.adapter.core.internal.InputAdapterRuntime} - Connecting receiver throttleWSO2EventReceiver
TID: [-1234] [] [2023-02-07 11:22:59,363]  INFO {org.wso2.carbon.event.stream.core.internal.EventJunction} - Producer added to the junction. Stream:org.wso2.throttle.request.stream:1.0.0
TID: [-1234] [] [2023-02-07 11:22:59,363]  INFO {org.wso2.carbon.event.receiver.core.EventReceiverDeployer} - Event Receiver configuration successfully deployed and in active state: throttleWSO2EventReceiver
TID: [-1234] [] [2023-02-07 11:22:59,366]  INFO {org.wso2.carbon.event.input.adapter.core.internal.InputAdapterRuntime} - Connecting receiver tokenRevocationWso2EventReceiver
TID: [-1234] [] [2023-02-07 11:22:59,366]  INFO {org.wso2.carbon.event.stream.core.internal.EventJunction} - Producer added to the junction. Stream:org.wso2.apimgt.token.revocation.stream:1.0.0
TID: [-1234] [] [2023-02-07 11:22:59,366]  INFO {org.wso2.carbon.event.receiver.core.EventReceiverDeployer} - Event Receiver configuration successfully deployed and in active state: tokenRevocationWso2EventReceiver
TID: [-1234] [] [2023-02-07 11:23:01,195]  INFO {org.wso2.carbon.event.stream.core.internal.EventJunction} - Producer added to the junction. Stream:org.wso2.throttle.processed.request.stream:1.0.0
TID: [-1234] [] [2023-02-07 11:23:01,198]  INFO {org.wso2.carbon.event.stream.core.internal.EventJunction} - Consumer added to the junction. Stream:org.wso2.throttle.request.stream:1.0.0
TID: [-1234] [] [2023-02-07 11:23:01,198]  INFO {org.wso2.carbon.event.processor.core.EventProcessorDeployer} - Execution plan is deployed successfully and in active state  : requestPreProcessorExecutionPlan
TID: [-1234] [] [2023-02-07 11:23:01,644]  INFO {org.wso2.carbon.event.stream.core.internal.EventJunction} - Producer added to the junction. Stream:org.wso2.throttle.globalThrottle.stream:1.0.0
TID: [-1234] [] [2023-02-07 11:23:01,645]  INFO {org.wso2.carbon.event.stream.core.internal.EventJunction} - Consumer added to the junction. Stream:org.wso2.throttle.processed.request.stream:1.0.0
TID: [-1234] [] [2023-02-07 11:23:01,669]  INFO {org.wso2.carbon.event.processor.core.EventProcessorDeployer} - Execution plan is deployed successfully and in active state  : carbon.super_app_10PerMin
TID: [-1234] [] [2023-02-07 11:23:02,102]  INFO {org.wso2.carbon.event.stream.core.internal.EventJunction} - Producer added to the junction. Stream:org.wso2.throttle.globalThrottle.stream:1.0.0
TID: [-1234] [] [2023-02-07 11:23:02,103]  INFO {org.wso2.carbon.event.stream.core.internal.EventJunction} - Consumer added to the junction. Stream:org.wso2.throttle.processed.request.stream:1.0.0
TID: [-1234] [] [2023-02-07 11:23:02,103]  INFO {org.wso2.carbon.event.processor.core.EventProcessorDeployer} - Execution plan is deployed successfully and in active state  : carbon.super_app_20PerMin
TID: [-1234] [] [2023-02-07 11:23:02,540]  INFO {org.wso2.carbon.event.stream.core.internal.EventJunction} - Producer added to the junction. Stream:org.wso2.throttle.globalThrottle.stream:1.0.0
TID: [-1234] [] [2023-02-07 11:23:02,541]  INFO {org.wso2.carbon.event.stream.core.internal.EventJunction} - Consumer added to the junction. Stream:org.wso2.throttle.processed.request.stream:1.0.0
TID: [-1234] [] [2023-02-07 11:23:02,541]  INFO {org.wso2.carbon.event.processor.core.EventProcessorDeployer} - Execution plan is deployed successfully and in active state  : carbon.super_app_50PerMin
TID: [-1234] [] [2023-02-07 11:23:02,828]  INFO {org.wso2.carbon.event.stream.core.internal.EventJunction} - Producer added to the junction. Stream:org.wso2.throttle.globalThrottle.stream:1.1.0
TID: [-1234] [] [2023-02-07 11:23:02,829]  INFO {org.wso2.carbon.event.stream.core.internal.EventJunction} - Consumer added to the junction. Stream:org.wso2.throttle.processed.request.stream:1.0.0
TID: [-1234] [] [2023-02-07 11:23:02,829]  INFO {org.wso2.carbon.event.processor.core.EventProcessorDeployer} - Execution plan is deployed successfully and in active state  : carbon.super_resource_10KPerMin_default
TID: [-1234] [] [2023-02-07 11:23:03,108]  INFO {org.wso2.carbon.event.stream.core.internal.EventJunction} - Producer added to the junction. Stream:org.wso2.throttle.globalThrottle.stream:1.1.0
TID: [-1234] [] [2023-02-07 11:23:03,108]  INFO {org.wso2.carbon.event.stream.core.internal.EventJunction} - Consumer added to the junction. Stream:org.wso2.throttle.processed.request.stream:1.0.0
TID: [-1234] [] [2023-02-07 11:23:03,109]  INFO {org.wso2.carbon.event.processor.core.EventProcessorDeployer} - Execution plan is deployed successfully and in active state  : carbon.super_resource_20KPerMin_default
TID: [-1234] [] [2023-02-07 11:23:03,395]  INFO {org.wso2.carbon.event.stream.core.internal.EventJunction} - Producer added to the junction. Stream:org.wso2.throttle.globalThrottle.stream:1.1.0
TID: [-1234] [] [2023-02-07 11:23:03,396]  INFO {org.wso2.carbon.event.stream.core.internal.EventJunction} - Consumer added to the junction. Stream:org.wso2.throttle.processed.request.stream:1.0.0
TID: [-1234] [] [2023-02-07 11:23:03,396]  INFO {org.wso2.carbon.event.processor.core.EventProcessorDeployer} - Execution plan is deployed successfully and in active state  : carbon.super_resource_50KPerMin_default
TID: [-1234] [] [2023-02-07 11:23:03,732]  INFO {org.wso2.carbon.event.stream.core.internal.EventJunction} - Producer added to the junction. Stream:org.wso2.throttle.globalThrottle.stream:1.0.0
TID: [-1234] [] [2023-02-07 11:23:03,732]  INFO {org.wso2.carbon.event.stream.core.internal.EventJunction} - Consumer added to the junction. Stream:org.wso2.throttle.processed.request.stream:1.0.0
TID: [-1234] [] [2023-02-07 11:23:03,732]  INFO {org.wso2.carbon.event.processor.core.EventProcessorDeployer} - Execution plan is deployed successfully and in active state  : carbon.super_sub_AsyncBronze
TID: [-1234] [] [2023-02-07 11:23:04,030]  INFO {org.wso2.carbon.event.stream.core.internal.EventJunction} - Producer added to the junction. Stream:org.wso2.throttle.globalThrottle.stream:1.0.0
TID: [-1234] [] [2023-02-07 11:23:04,031]  INFO {org.wso2.carbon.event.stream.core.internal.EventJunction} - Consumer added to the junction. Stream:org.wso2.throttle.processed.request.stream:1.0.0
TID: [-1234] [] [2023-02-07 11:23:04,031]  INFO {org.wso2.carbon.event.processor.core.EventProcessorDeployer} - Execution plan is deployed successfully and in active state  : carbon.super_sub_AsyncGold
TID: [-1234] [] [2023-02-07 11:23:04,319]  INFO {org.wso2.carbon.event.stream.core.internal.EventJunction} - Producer added to the junction. Stream:org.wso2.throttle.globalThrottle.stream:1.0.0
TID: [-1234] [] [2023-02-07 11:23:04,320]  INFO {org.wso2.carbon.event.stream.core.internal.EventJunction} - Consumer added to the junction. Stream:org.wso2.throttle.processed.request.stream:1.0.0
TID: [-1234] [] [2023-02-07 11:23:04,320]  INFO {org.wso2.carbon.event.processor.core.EventProcessorDeployer} - Execution plan is deployed successfully and in active state  : carbon.super_sub_AsyncSilver
TID: [-1234] [] [2023-02-07 11:23:04,548]  INFO {org.wso2.carbon.event.stream.core.internal.EventJunction} - Producer added to the junction. Stream:org.wso2.throttle.globalThrottle.stream:1.0.0
TID: [-1234] [] [2023-02-07 11:23:04,549]  INFO {org.wso2.carbon.event.stream.core.internal.EventJunction} - Consumer added to the junction. Stream:org.wso2.throttle.processed.request.stream:1.0.0
TID: [-1234] [] [2023-02-07 11:23:04,549]  INFO {org.wso2.carbon.event.processor.core.EventProcessorDeployer} - Execution plan is deployed successfully and in active state  : carbon.super_sub_AsyncWHBronze
TID: [-1234] [] [2023-02-07 11:23:04,752]  INFO {org.wso2.carbon.event.stream.core.internal.EventJunction} - Producer added to the junction. Stream:org.wso2.throttle.globalThrottle.stream:1.0.0
TID: [-1234] [] [2023-02-07 11:23:04,753]  INFO {org.wso2.carbon.event.stream.core.internal.EventJunction} - Consumer added to the junction. Stream:org.wso2.throttle.processed.request.stream:1.0.0
TID: [-1234] [] [2023-02-07 11:23:04,753]  INFO {org.wso2.carbon.event.processor.core.EventProcessorDeployer} - Execution plan is deployed successfully and in active state  : carbon.super_sub_AsyncWHGold
TID: [-1234] [] [2023-02-07 11:23:04,985]  INFO {org.wso2.carbon.event.stream.core.internal.EventJunction} - Producer added to the junction. Stream:org.wso2.throttle.globalThrottle.stream:1.0.0
TID: [-1234] [] [2023-02-07 11:23:04,986]  INFO {org.wso2.carbon.event.stream.core.internal.EventJunction} - Consumer added to the junction. Stream:org.wso2.throttle.processed.request.stream:1.0.0
TID: [-1234] [] [2023-02-07 11:23:04,986]  INFO {org.wso2.carbon.event.processor.core.EventProcessorDeployer} - Execution plan is deployed successfully and in active state  : carbon.super_sub_AsyncWHSilver
TID: [-1234] [] [2023-02-07 11:23:05,291]  INFO {org.wso2.carbon.event.stream.core.internal.EventJunction} - Producer added to the junction. Stream:org.wso2.throttle.globalThrottle.stream:1.0.0
TID: [-1234] [] [2023-02-07 11:23:05,291]  INFO {org.wso2.carbon.event.stream.core.internal.EventJunction} - Consumer added to the junction. Stream:org.wso2.throttle.processed.request.stream:1.0.0
TID: [-1234] [] [2023-02-07 11:23:05,291]  INFO {org.wso2.carbon.event.processor.core.EventProcessorDeployer} - Execution plan is deployed successfully and in active state  : carbon.super_sub_Bronze
TID: [-1234] [] [2023-02-07 11:23:05,609]  INFO {org.wso2.carbon.event.stream.core.internal.EventJunction} - Producer added to the junction. Stream:org.wso2.throttle.globalThrottle.stream:1.0.0
TID: [-1234] [] [2023-02-07 11:23:05,609]  INFO {org.wso2.carbon.event.stream.core.internal.EventJunction} - Consumer added to the junction. Stream:org.wso2.throttle.processed.request.stream:1.0.0
TID: [-1234] [] [2023-02-07 11:23:05,609]  INFO {org.wso2.carbon.event.processor.core.EventProcessorDeployer} - Execution plan is deployed successfully and in active state  : carbon.super_sub_Gold
TID: [-1234] [] [2023-02-07 11:23:05,811]  INFO {org.wso2.carbon.event.stream.core.internal.EventJunction} - Producer added to the junction. Stream:org.wso2.throttle.globalThrottle.stream:1.0.0
TID: [-1234] [] [2023-02-07 11:23:05,811]  INFO {org.wso2.carbon.event.stream.core.internal.EventJunction} - Consumer added to the junction. Stream:org.wso2.throttle.processed.request.stream:1.0.0
TID: [-1234] [] [2023-02-07 11:23:05,811]  INFO {org.wso2.carbon.event.processor.core.EventProcessorDeployer} - Execution plan is deployed successfully and in active state  : carbon.super_sub_Silver
TID: [-1234] [] [2023-02-07 11:23:06,041]  INFO {org.wso2.carbon.event.stream.core.internal.EventJunction} - Producer added to the junction. Stream:org.wso2.throttle.globalThrottle.stream:1.0.0
TID: [-1234] [] [2023-02-07 11:23:06,041]  INFO {org.wso2.carbon.event.stream.core.internal.EventJunction} - Consumer added to the junction. Stream:org.wso2.throttle.processed.request.stream:1.0.0
TID: [-1234] [] [2023-02-07 11:23:06,041]  INFO {org.wso2.carbon.event.processor.core.EventProcessorDeployer} - Execution plan is deployed successfully and in active state  : carbon.super_sub_Unauthenticated
TID: [-1234] [] [2023-02-07 11:23:10,274]  INFO {org.wso2.carbon.webapp.mgt.TomcatGenericWebappsDeployer} - Deployed webapp: StandardEngine[Catalina].StandardHost[localhost].StandardContext[/accountrecoveryendpoint].File[/home/server/Documents/HieuNMe/wso2am-4.1.0/repository/deployment/server/webapps/accountrecoveryendpoint]
TID: [-1234] [] [2023-02-07 11:23:10,401]  INFO {org.wso2.carbon.event.processor.manager.core.internal.CarbonEventManagementService} - Starting polling event receivers
TID: [-1234] [] [2023-02-07 11:23:17,563]  INFO {org.wso2.carbon.webapp.mgt.TomcatGenericWebappsDeployer} - Deployed webapp: StandardEngine[Catalina].StandardHost[localhost].StandardContext[/am/sample/calculator/v1].File[/home/server/Documents/HieuNMe/wso2am-4.1.0/repository/deployment/server/webapps/am#sample#calculator#v1.war]
TID: [-1234] [] [2023-02-07 11:23:22,904]  INFO {org.wso2.carbon.webapp.mgt.TomcatGenericWebappsDeployer} - Deployed webapp: StandardEngine[Catalina].StandardHost[localhost].StandardContext[/am/sample/pizzashack/v1].File[/home/server/Documents/HieuNMe/wso2am-4.1.0/repository/deployment/server/webapps/am#sample#pizzashack#v1.war]
TID: [-1234] [] [2023-02-07 11:23:30,769]  WARN {org.wso2.carbon.application.deployer.internal.AppDeployerServiceComponent} - Waiting for required OSGi services: org.wso2.carbon.application.deployer.synapse.service.SynapseAppDeployerService,org.wso2.carbon.mediation.initializer.services.SynapseEnvironmentService,
TID: [-1234] [] [2023-02-07 11:23:30,775]  WARN {org.wso2.carbon.core.internal.StartupFinalizerServiceComponent} - Waiting for required OSGi services: org.wso2.carbon.application.deployer.service.CappDeploymentService,org.wso2.carbon.server.admin.common.IServerAdmin,org.wso2.carbon.throttling.agent.ThrottlingAgent,
TID: [-1234] [] [2023-02-07 11:23:36,248]  INFO {org.wso2.carbon.webapp.mgt.TomcatGenericWebappsDeployer} - Deployed webapp: StandardEngine[Catalina].StandardHost[localhost].StandardContext[/api/am/admin].File[/home/server/Documents/HieuNMe/wso2am-4.1.0/repository/deployment/server/webapps/api#am#admin.war]
TID: [-1234] [] [2023-02-07 11:23:44,300]  INFO {org.wso2.carbon.webapp.mgt.TomcatGenericWebappsDeployer} - Deployed webapp: StandardEngine[Catalina].StandardHost[localhost].StandardContext[/api/am/devops/v0].File[/home/server/Documents/HieuNMe/wso2am-4.1.0/repository/deployment/server/webapps/api#am#devops#v0.war]
TID: [-1234] [] [2023-02-07 11:23:45,586]  INFO {org.wso2.carbon.webapp.mgt.TomcatGenericWebappsDeployer} - Deployed webapp: StandardEngine[Catalina].StandardHost[localhost].StandardContext[/api/am/devportal].File[/home/server/Documents/HieuNMe/wso2am-4.1.0/repository/deployment/server/webapps/api#am#devportal.war]
TID: [-1234] [] [2023-02-07 11:23:46,552]  INFO {org.wso2.carbon.webapp.mgt.TomcatGenericWebappsDeployer} - Deployed webapp: StandardEngine[Catalina].StandardHost[localhost].StandardContext[/api/am/gateway/v2].File[/home/server/Documents/HieuNMe/wso2am-4.1.0/repository/deployment/server/webapps/api#am#gateway#v2.war]
TID: [-1234] [] [2023-02-07 11:23:47,810]  INFO {org.wso2.carbon.webapp.mgt.TomcatGenericWebappsDeployer} - Deployed webapp: StandardEngine[Catalina].StandardHost[localhost].StandardContext[/api/am/publisher].File[/home/server/Documents/HieuNMe/wso2am-4.1.0/repository/deployment/server/webapps/api#am#publisher.war]
TID: [-1234] [] [2023-02-07 11:23:48,860]  INFO {org.wso2.carbon.webapp.mgt.TomcatGenericWebappsDeployer} - Deployed webapp: StandardEngine[Catalina].StandardHost[localhost].StandardContext[/api/am/service-catalog/v1].File[/home/server/Documents/HieuNMe/wso2am-4.1.0/repository/deployment/server/webapps/api#am#service-catalog#v1.war]
TID: [-1234] [] [2023-02-07 11:23:50,064]  INFO {org.wso2.carbon.webapp.mgt.TomcatGenericWebappsDeployer} - Deployed webapp: StandardEngine[Catalina].StandardHost[localhost].StandardContext[/api/identity/consent-mgt/v1.0].File[/home/server/Documents/HieuNMe/wso2am-4.1.0/repository/deployment/server/webapps/api#identity#consent-mgt#v1.0.war]
TID: [-1234] [] [2023-02-07 11:23:50,963]  INFO {org.wso2.carbon.webapp.mgt.TomcatGenericWebappsDeployer} - Deployed webapp: StandardEngine[Catalina].StandardHost[localhost].StandardContext[/api/identity/oauth2/dcr/v1.1].File[/home/server/Documents/HieuNMe/wso2am-4.1.0/repository/deployment/server/webapps/api#identity#oauth2#dcr#v1.1.war]
TID: [-1234] [] [2023-02-07 11:23:51,859]  INFO {org.wso2.carbon.webapp.mgt.TomcatGenericWebappsDeployer} - Deployed webapp: StandardEngine[Catalina].StandardHost[localhost].StandardContext[/api/identity/oauth2/v1.0].File[/home/server/Documents/HieuNMe/wso2am-4.1.0/repository/deployment/server/webapps/api#identity#oauth2#v1.0.war]
TID: [-1234] [] [2023-02-07 11:23:52,804]  INFO {org.wso2.carbon.webapp.mgt.TomcatGenericWebappsDeployer} - Deployed webapp: StandardEngine[Catalina].StandardHost[localhost].StandardContext[/api/identity/recovery/v0.9].File[/home/server/Documents/HieuNMe/wso2am-4.1.0/repository/deployment/server/webapps/api#identity#recovery#v0.9.war]
TID: [-1234] [] [2023-02-07 11:23:53,844]  INFO {org.wso2.carbon.webapp.mgt.TomcatGenericWebappsDeployer} - Deployed webapp: StandardEngine[Catalina].StandardHost[localhost].StandardContext[/api/identity/user/v1.0].File[/home/server/Documents/HieuNMe/wso2am-4.1.0/repository/deployment/server/webapps/api#identity#user#v1.0.war]
TID: [-1234] [] [2023-02-07 11:23:54,126]  INFO {org.wso2.carbon.identity.application.authentication.endpoint.util.TenantDataManager} - EndpointConfig.properties file loaded from ./repository/conf/identity/EndpointConfig.properties
TID: [-1234] [] [2023-02-07 11:23:54,131]  INFO {org.wso2.carbon.identity.application.authentication.endpoint.util.MutualSSLManager} - EndpointConfig.properties file loaded from ./repository/conf/identity/EndpointConfig.properties
TID: [-1234] [] [2023-02-07 11:23:54,161]  INFO {org.wso2.carbon.identity.application.authentication.endpoint.util.EndpointConfigManager} - EndpointConfig.properties file loaded from ./repository/conf/identity/EndpointConfig.properties
TID: [-1234] [] [2023-02-07 11:23:54,420]  INFO {org.wso2.carbon.webapp.mgt.TomcatGenericWebappsDeployer} - Deployed webapp: StandardEngine[Catalina].StandardHost[localhost].StandardContext[/authenticationendpoint].File[/home/server/Documents/HieuNMe/wso2am-4.1.0/repository/deployment/server/webapps/authenticationendpoint]
TID: [-1234] [] [2023-02-07 11:23:55,801]  INFO {org.wso2.carbon.webapp.mgt.TomcatGenericWebappsDeployer} - Deployed webapp: StandardEngine[Catalina].StandardHost[localhost].StandardContext[/client-registration/v0.17].File[/home/server/Documents/HieuNMe/wso2am-4.1.0/repository/deployment/server/webapps/client-registration#v0.17.war]
TID: [-1234] [] [2023-02-07 11:23:57,071]  INFO {org.wso2.carbon.webapp.mgt.TomcatGenericWebappsDeployer} - Deployed webapp: StandardEngine[Catalina].StandardHost[localhost].StandardContext[/internal/data/v1].File[/home/server/Documents/HieuNMe/wso2am-4.1.0/repository/deployment/server/webapps/internal#data#v1.war]
TID: [-1234] [] [2023-02-07 11:23:58,515]  INFO {org.wso2.carbon.webapp.mgt.TomcatGenericWebappsDeployer} - Deployed webapp: StandardEngine[Catalina].StandardHost[localhost].StandardContext[/keymanager-operations].File[/home/server/Documents/HieuNMe/wso2am-4.1.0/repository/deployment/server/webapps/keymanager-operations.war]
TID: [-1234] [] [2023-02-07 11:24:00,509]  INFO {org.wso2.carbon.webapp.mgt.TomcatGenericWebappsDeployer} - Deployed webapp: StandardEngine[Catalina].StandardHost[localhost].StandardContext[/oauth2].File[/home/server/Documents/HieuNMe/wso2am-4.1.0/repository/deployment/server/webapps/oauth2.war]
TID: [-1234] [] [2023-02-07 11:24:01,673]  INFO {org.apache.synapse.Axis2SynapseController} - Deploying the Synapse service...
TID: [-1234] [] [2023-02-07 11:24:01,675]  INFO {org.apache.synapse.Axis2SynapseController} - Deploying Proxy services...
TID: [-1234] [] [2023-02-07 11:24:01,676]  INFO {org.apache.synapse.core.axis2.ProxyService} - {proxy:WorkflowCallbackService} Building Axis service for Proxy service : WorkflowCallbackService
TID: [-1234] [] [2023-02-07 11:24:01,683]  INFO {org.apache.synapse.core.axis2.ProxyService} - {proxy:WorkflowCallbackService} Adding service WorkflowCallbackService to the Axis2 configuration
TID: [-1234] [] [2023-02-07 11:24:01,684]  INFO {org.wso2.carbon.core.deployment.DeploymentInterceptor} - Deploying Axis2 service: WorkflowCallbackService {super-tenant}
TID: [-1234] [] [2023-02-07 11:24:01,684]  INFO {org.apache.synapse.core.axis2.ProxyService} - {proxy:WorkflowCallbackService} Successfully created the Axis2 service for Proxy service : WorkflowCallbackService
TID: [-1234] [] [2023-02-07 11:24:01,684]  INFO {org.apache.synapse.Axis2SynapseController} - Deployed Proxy service : WorkflowCallbackService
TID: [-1234] [] [2023-02-07 11:24:01,684]  INFO {org.apache.synapse.Axis2SynapseController} - Deploying EventSources...
TID: [-1234] [] [2023-02-07 11:24:01,739]  INFO {org.apache.synapse.inbound.InboundEndpoint} - Initializing Inbound Endpoint: WebSocketInboundEndpoint
TID: [-1234] [] [2023-02-07 11:24:02,389]  INFO {org.wso2.carbon.inbound.endpoint.protocol.websocket.management.WebsocketEndpointManager} - Netty Listener starting on port 9099
TID: [-1234] [] [2023-02-07 11:24:02,389]  INFO {org.apache.synapse.inbound.InboundEndpoint} - Initializing Inbound Endpoint: SecureWebSocketEP
TID: [-1234] [] [2023-02-07 11:24:02,437]  INFO {org.wso2.carbon.inbound.endpoint.protocol.websocket.management.WebsocketEndpointManager} - Netty SSL Listener starting on port 8099
TID: [-1234] [] [2023-02-07 11:24:02,437]  INFO {org.apache.synapse.inbound.InboundEndpoint} - Initializing Inbound Endpoint: WebhookServer
TID: [-1234] [] [2023-02-07 11:24:02,482]  INFO {org.apache.synapse.transport.passthru.core.PassThroughListeningIOReactorManager} - Pass-through WebhookServer Listener started on 0.0.0.0:9021
TID: [-1234] [] [2023-02-07 11:24:02,482]  INFO {org.apache.synapse.inbound.InboundEndpoint} - Initializing Inbound Endpoint: SecureWebhookServer
TID: [-1234] [] [2023-02-07 11:24:02,519]  INFO {org.apache.synapse.transport.passthru.core.PassThroughListeningIOReactorManager} - Pass-through SecureWebhookServer Listener started on 0.0.0.0:8021
TID: [-1234] [] [2023-02-07 11:24:02,523]  INFO {org.apache.synapse.api.API} - {api:_OpenService_} Initializing API: _OpenService_
TID: [-1234] [] [2023-02-07 11:24:02,524]  INFO {org.apache.synapse.ServerManager} - Server ready for processing...
TID: [-1234] [] [2023-02-07 11:24:03,582]  INFO {org.wso2.carbon.apimgt.common.jms.factory.JMSConnectionFactory} - JMS ConnectionFactory : Siddhi-JMS-Consumer initialized
TID: [-1234] [] [2023-02-07 11:24:03,583]  INFO {org.wso2.carbon.apimgt.common.jms.factory.JMSConnectionFactory} - JMS ConnectionFactory : Siddhi-JMS-Consumer initialized
TID: [-1234] [] [2023-02-07 11:24:03,667]  INFO {org.wso2.carbon.inbound.endpoint.protocol.websocket.management.WebsocketEndpointManager} - Netty Listener already started on port 8099
TID: [-1234] [] [2023-02-07 11:24:03,667]  INFO {org.wso2.carbon.inbound.endpoint.protocol.http.management.HTTPEndpointManager} - Listener is already started for port : 8021
TID: [-1234] [] [2023-02-07 11:24:03,667]  INFO {org.wso2.carbon.inbound.endpoint.protocol.websocket.management.WebsocketEndpointManager} - Netty Listener already started on port 9099
TID: [-1234] [] [2023-02-07 11:24:03,667]  INFO {org.wso2.carbon.inbound.endpoint.protocol.http.management.HTTPEndpointManager} - Listener is already started for port : 9021
TID: [-1234] [] [2023-02-07 11:24:03,879]  INFO {org.wso2.carbon.andes.internal.QpidServiceComponent} - Activating Andes Message Broker Engine...
TID: [-1234] [] [2023-02-07 11:24:04,763]  INFO {qpid.message.broker.listening} - [Broker] BRK-1002 : Starting : Listening on TCP port 5672
TID: [-1234] [] [2023-02-07 11:24:04,772]  INFO {qpid.message.broker.listening} - [Broker] BRK-1002 : Starting : Listening on TCP/SSL port 8672
TID: [-1234] [] [2023-02-07 11:24:04,784]  INFO {org.wso2.carbon.andes.internal.QpidServiceComponent} - AMQP Host Address : 0.0.0.0 Port : 5672
TID: [-1234] [] [2023-02-07 11:24:04,784]  INFO {org.wso2.carbon.andes.internal.QpidServiceComponent} - Successfully connected to AMQP server on port 5672
TID: [-1234] [] [2023-02-07 11:24:04,785]  INFO {org.wso2.carbon.andes.internal.QpidServiceComponent} - WSO2 Message Broker is started.
TID: [-1234] [] [2023-02-07 11:24:05,225]  INFO {org.wso2.carbon.databridge.receiver.binary.internal.BinaryDataReceiver} - Started Binary SSL Transport on port : 9711
TID: [-1234] [] [2023-02-07 11:24:05,226]  INFO {org.wso2.carbon.databridge.receiver.binary.internal.BinaryDataReceiver} - Started Binary TCP Transport on port : 9611
TID: [-1234] [] [2023-02-07 11:24:05,433]  INFO {org.wso2.carbon.databridge.receiver.thrift.internal.ThriftServerStartupObserver} -  Thrift Data Receiver is disabled.
TID: [-1234] [] [2023-02-07 11:24:05,547]  INFO {org.apache.synapse.transport.passthru.PassThroughHttpListener} - Starting Pass-through HTTP Listener...
TID: [-1234] [] [2023-02-07 11:24:05,555]  INFO {org.apache.synapse.transport.passthru.core.PassThroughListeningIOReactorManager} - Pass-through HTTP Listener started on 0.0.0.0:8280
TID: [-1234] [] [2023-02-07 11:24:05,556]  INFO {org.apache.synapse.transport.passthru.PassThroughHttpMultiSSLListener} - Starting Pass-through HTTPS Listener...
TID: [-1234] [] [2023-02-07 11:24:05,562]  INFO {org.apache.synapse.transport.passthru.core.PassThroughListeningIOReactorManager} - Pass-through HTTPS Listener started on 0.0.0.0:8243
TID: [-1234] [] [2023-02-07 11:24:05,737]  WARN {org.apache.tomcat.util.net.SSLUtilBase} - The trusted certificate with alias [geotrustglobalca] and DN [CN=GeoTrust Global CA, O=GeoTrust Inc., C=US] is not valid due to [NotAfter: Sat May 21 11:00:00 ICT 2022]. Certificates signed by this trusted certificate WILL be accepted
TID: [-1234] [] [2023-02-07 11:24:05,935]  INFO {org.wso2.carbon.ntask.core.service.impl.TaskServiceImpl} - Task service starting in STANDALONE mode...
TID: [-1234] [] [2023-02-07 11:24:06,010]  INFO {org.wso2.carbon.registry.eventing.internal.RegistryEventingServiceComponent} - Successfully Initialized Eventing on Registry
TID: [-1234] [] [2023-02-07 11:24:06,214]  INFO {org.wso2.carbon.core.init.JMXServerManager} - JMX Service URL  : service:jmx:rmi://localhost:11111/jndi/rmi://localhost:9999/jmxrmi
TID: [-1234] [] [2023-02-07 11:24:06,329]  INFO {org.wso2.carbon.event.processor.core.internal.util.EventProcessorConfigurationFilesystemInvoker} - carbon.super_sub_AsyncWHSilver.siddhiql is deleted from the file system
TID: [-1234] [] [2023-02-07 11:24:06,330]  INFO {org.wso2.carbon.event.processor.core.EventProcessorDeployer} - Execution Plan was undeployed successfully : carbon.super_sub_AsyncWHSilver.siddhiql
TID: [-1234] [] [2023-02-07 11:24:06,333]  INFO {org.wso2.carbon.event.processor.core.internal.util.EventProcessorConfigurationFilesystemInvoker} - carbon.super_sub_AsyncBronze.siddhiql is deleted from the file system
TID: [-1234] [] [2023-02-07 11:24:06,333]  INFO {org.wso2.carbon.event.processor.core.EventProcessorDeployer} - Execution Plan was undeployed successfully : carbon.super_sub_AsyncBronze.siddhiql
TID: [-1234] [] [2023-02-07 11:24:06,337]  INFO {org.wso2.carbon.event.processor.core.internal.util.EventProcessorConfigurationFilesystemInvoker} - carbon.super_sub_Unauthenticated.siddhiql is deleted from the file system
TID: [-1234] [] [2023-02-07 11:24:06,337]  INFO {org.wso2.carbon.event.processor.core.EventProcessorDeployer} - Execution Plan was undeployed successfully : carbon.super_sub_Unauthenticated.siddhiql
TID: [-1234] [] [2023-02-07 11:24:06,338]  INFO {org.wso2.carbon.event.processor.core.internal.util.EventProcessorConfigurationFilesystemInvoker} - carbon.super_sub_AsyncWHGold.siddhiql is deleted from the file system
TID: [-1234] [] [2023-02-07 11:24:06,338]  INFO {org.wso2.carbon.event.processor.core.EventProcessorDeployer} - Execution Plan was undeployed successfully : carbon.super_sub_AsyncWHGold.siddhiql
TID: [-1234] [] [2023-02-07 11:24:06,340]  INFO {org.wso2.carbon.event.processor.core.internal.util.EventProcessorConfigurationFilesystemInvoker} - carbon.super_resource_10KPerMin_default.siddhiql is deleted from the file system
TID: [-1234] [] [2023-02-07 11:24:06,340]  INFO {org.wso2.carbon.event.processor.core.EventProcessorDeployer} - Execution Plan was undeployed successfully : carbon.super_resource_10KPerMin_default.siddhiql
TID: [-1234] [] [2023-02-07 11:24:06,341]  INFO {org.wso2.carbon.event.processor.core.internal.util.EventProcessorConfigurationFilesystemInvoker} - carbon.super_sub_AsyncWHBronze.siddhiql is deleted from the file system
TID: [-1234] [] [2023-02-07 11:24:06,341]  INFO {org.wso2.carbon.event.processor.core.EventProcessorDeployer} - Execution Plan was undeployed successfully : carbon.super_sub_AsyncWHBronze.siddhiql
TID: [-1234] [] [2023-02-07 11:24:06,343]  INFO {org.wso2.carbon.event.processor.core.internal.util.EventProcessorConfigurationFilesystemInvoker} - carbon.super_sub_AsyncSilver.siddhiql is deleted from the file system
TID: [-1234] [] [2023-02-07 11:24:06,343]  INFO {org.wso2.carbon.event.processor.core.EventProcessorDeployer} - Execution Plan was undeployed successfully : carbon.super_sub_AsyncSilver.siddhiql
TID: [-1234] [] [2023-02-07 11:24:06,344]  INFO {org.wso2.carbon.event.processor.core.internal.util.EventProcessorConfigurationFilesystemInvoker} - carbon.super_sub_Silver.siddhiql is deleted from the file system
TID: [-1234] [] [2023-02-07 11:24:06,344]  INFO {org.wso2.carbon.event.processor.core.EventProcessorDeployer} - Execution Plan was undeployed successfully : carbon.super_sub_Silver.siddhiql
TID: [-1234] [] [2023-02-07 11:24:06,346]  INFO {org.wso2.carbon.event.processor.core.internal.util.EventProcessorConfigurationFilesystemInvoker} - carbon.super_resource_50KPerMin_default.siddhiql is deleted from the file system
TID: [-1234] [] [2023-02-07 11:24:06,346]  INFO {org.wso2.carbon.event.processor.core.EventProcessorDeployer} - Execution Plan was undeployed successfully : carbon.super_resource_50KPerMin_default.siddhiql
TID: [-1234] [] [2023-02-07 11:24:06,348]  INFO {org.wso2.carbon.event.processor.core.internal.util.EventProcessorConfigurationFilesystemInvoker} - carbon.super_sub_Bronze.siddhiql is deleted from the file system
TID: [-1234] [] [2023-02-07 11:24:06,348]  INFO {org.wso2.carbon.event.processor.core.EventProcessorDeployer} - Execution Plan was undeployed successfully : carbon.super_sub_Bronze.siddhiql
TID: [-1234] [] [2023-02-07 11:24:06,349]  INFO {org.wso2.carbon.event.processor.core.internal.util.EventProcessorConfigurationFilesystemInvoker} - carbon.super_resource_20KPerMin_default.siddhiql is deleted from the file system
TID: [-1234] [] [2023-02-07 11:24:06,349]  INFO {org.wso2.carbon.event.processor.core.EventProcessorDeployer} - Execution Plan was undeployed successfully : carbon.super_resource_20KPerMin_default.siddhiql
TID: [-1234] [] [2023-02-07 11:24:06,350]  INFO {org.wso2.carbon.event.processor.core.internal.util.EventProcessorConfigurationFilesystemInvoker} - carbon.super_sub_AsyncGold.siddhiql is deleted from the file system
TID: [-1234] [] [2023-02-07 11:24:06,350]  INFO {org.wso2.carbon.event.processor.core.EventProcessorDeployer} - Execution Plan was undeployed successfully : carbon.super_sub_AsyncGold.siddhiql
TID: [-1234] [] [2023-02-07 11:24:06,351]  INFO {org.wso2.carbon.apimgt.common.jms.JMSTransportHandler} - Starting jms topic consumer thread for the notification topic...
TID: [-1234] [] [2023-02-07 11:24:06,356]  INFO {org.wso2.carbon.event.processor.core.internal.util.EventProcessorConfigurationFilesystemInvoker} - carbon.super_sub_Gold.siddhiql is deleted from the file system
TID: [-1234] [] [2023-02-07 11:24:06,356]  INFO {org.wso2.carbon.event.processor.core.EventProcessorDeployer} - Execution Plan was undeployed successfully : carbon.super_sub_Gold.siddhiql
TID: [-1234] [] [2023-02-07 11:24:06,359]  INFO {org.wso2.carbon.apimgt.common.jms.JMSTransportHandler} - Starting jms topic consumer thread for the keyManager topic...
TID: [-1234] [] [2023-02-07 11:24:06,359]  INFO {org.wso2.carbon.event.processor.core.internal.util.EventProcessorConfigurationFilesystemInvoker} - carbon.super_app_10PerMin.siddhiql is deleted from the file system
TID: [-1234] [] [2023-02-07 11:24:06,359]  INFO {org.wso2.carbon.event.processor.core.EventProcessorDeployer} - Execution Plan was undeployed successfully : carbon.super_app_10PerMin.siddhiql
TID: [-1234] [] [2023-02-07 11:24:06,361]  INFO {org.wso2.carbon.event.processor.core.internal.util.EventProcessorConfigurationFilesystemInvoker} - carbon.super_app_20PerMin.siddhiql is deleted from the file system
TID: [-1234] [] [2023-02-07 11:24:06,361]  INFO {org.wso2.carbon.event.processor.core.EventProcessorDeployer} - Execution Plan was undeployed successfully : carbon.super_app_20PerMin.siddhiql
TID: [-1234] [] [2023-02-07 11:24:06,365]  INFO {org.wso2.carbon.event.processor.core.internal.util.EventProcessorConfigurationFilesystemInvoker} - carbon.super_app_50PerMin.siddhiql is deleted from the file system
TID: [-1234] [] [2023-02-07 11:24:06,365]  INFO {org.wso2.carbon.event.processor.core.EventProcessorDeployer} - Execution Plan was undeployed successfully : carbon.super_app_50PerMin.siddhiql
TID: [-1234] [] [2023-02-07 11:24:06,426]  INFO {org.wso2.carbon.apimgt.common.jms.JMSTransportHandler} - Starting jms topic consumer thread for the throttleData topic...
TID: [-1234] [] [2023-02-07 11:24:06,430]  INFO {org.wso2.carbon.apimgt.common.jms.JMSTransportHandler} - Starting jms topic consumer thread for the tokenRevocation topic...
TID: [-1234] [] [2023-02-07 11:24:06,436]  INFO {org.wso2.carbon.apimgt.common.jms.JMSTransportHandler} - Starting jms topic consumer thread for the cacheInvalidation topic...
TID: [-1234] [] [2023-02-07 11:24:06,448]  INFO {org.wso2.carbon.apimgt.common.jms.JMSTransportHandler} - Starting jms topic consumer thread for the notification topic...
TID: [-1234] [] [2023-02-07 11:24:06,449]  INFO {org.wso2.carbon.apimgt.common.jms.JMSTransportHandler} - Starting jms topic consumer thread for the throttleData topic...
TID: [-1234] [] [2023-02-07 11:24:06,449]  INFO {org.wso2.carbon.apimgt.common.jms.JMSTransportHandler} - Starting jms topic consumer thread for the asyncWebhooksData topic...
TID: [-1234] [] [2023-02-07 11:24:08,487]  INFO {org.wso2.carbon.apimgt.common.jms.JMSListener} - Connection attempt: 1 for JMS Provider for listener: Siddhi-JMS-Consumer#throttleData was successful!
TID: [-1234] [] [2023-02-07 11:24:08,487]  INFO {org.wso2.carbon.apimgt.common.jms.JMSListener} - Connection attempt: 1 for JMS Provider for listener: Siddhi-JMS-Consumer#tokenRevocation was successful!
TID: [-1234] [] [2023-02-07 11:24:08,487]  INFO {org.wso2.carbon.apimgt.common.jms.JMSListener} - Connection attempt: 1 for JMS Provider for listener: Siddhi-JMS-Consumer#asyncWebhooksData was successful!
TID: [-1234] [] [2023-02-07 11:24:08,487]  INFO {org.wso2.carbon.apimgt.common.jms.JMSListener} - Connection attempt: 1 for JMS Provider for listener: Siddhi-JMS-Consumer#notification was successful!
TID: [-1234] [] [2023-02-07 11:24:08,488]  INFO {org.wso2.carbon.apimgt.common.jms.JMSListener} - Connection attempt: 1 for JMS Provider for listener: Siddhi-JMS-Consumer#cacheInvalidation was successful!
TID: [-1234] [] [2023-02-07 11:24:08,488]  INFO {org.wso2.carbon.apimgt.common.jms.JMSListener} - Connection attempt: 1 for JMS Provider for listener: Siddhi-JMS-Consumer#notification was successful!
TID: [-1234] [] [2023-02-07 11:24:08,488]  INFO {org.wso2.carbon.apimgt.common.jms.JMSListener} - Connection attempt: 1 for JMS Provider for listener: Siddhi-JMS-Consumer#keyManager was successful!
TID: [-1234] [] [2023-02-07 11:24:08,488]  INFO {org.wso2.carbon.apimgt.common.jms.JMSListener} - Connection attempt: 1 for JMS Provider for listener: Siddhi-JMS-Consumer#throttleData was successful!
TID: [-1234] [] [2023-02-07 11:24:08,497]  INFO {org.wso2.carbon.apimgt.common.jms.JMSTaskManager} - Task manager for Siddhi-JMS-Consumer [re-]initialized
TID: [-1234] [] [2023-02-07 11:24:08,497]  INFO {org.wso2.carbon.apimgt.common.jms.JMSTaskManager} - Task manager for Siddhi-JMS-Consumer [re-]initialized
TID: [-1234] [] [2023-02-07 11:24:08,498]  INFO {org.wso2.carbon.apimgt.common.jms.JMSTaskManager} - Task manager for Siddhi-JMS-Consumer [re-]initialized
TID: [-1234] [] [2023-02-07 11:24:08,498]  INFO {org.wso2.carbon.apimgt.common.jms.JMSTaskManager} - Task manager for Siddhi-JMS-Consumer [re-]initialized
TID: [-1234] [] [2023-02-07 11:24:08,498]  INFO {org.wso2.carbon.apimgt.common.jms.JMSTaskManager} - Task manager for Siddhi-JMS-Consumer [re-]initialized
TID: [-1234] [] [2023-02-07 11:24:08,498]  INFO {org.wso2.carbon.apimgt.common.jms.JMSTaskManager} - Task manager for Siddhi-JMS-Consumer [re-]initialized
TID: [-1234] [] [2023-02-07 11:24:08,505]  INFO {org.wso2.carbon.apimgt.common.jms.JMSTaskManager} - Task manager for Siddhi-JMS-Consumer [re-]initialized
TID: [-1234] [] [2023-02-07 11:24:08,515]  INFO {org.wso2.carbon.apimgt.common.jms.JMSTaskManager} - Task manager for Siddhi-JMS-Consumer [re-]initialized
TID: [-1234] [internal/data/v1] [2023-02-07 11:24:08,831]  INFO {org.wso2.carbon.identity.oauth.config.OAuthServerConfiguration} - An instance of org.wso2.carbon.identity.oauth2.token.OauthTokenIssuerImpl is created for Identity OAuth token generation.
TID: [-1234] [internal/data/v1] [2023-02-07 11:24:09,164]  INFO {org.wso2.carbon.apimgt.impl.importexport.utils.CommonUtil} - Creation of folder is successful. Directory Name : Definitions
TID: [-1234] [] [2023-02-07 11:24:09,498]  INFO {org.wso2.carbon.apimgt.common.jms.JMSListener} - Started to listen on destination : tokenRevocation of type topic for listener Siddhi-JMS-Consumer#tokenRevocation
TID: [-1234] [] [2023-02-07 11:24:09,498]  INFO {org.wso2.carbon.apimgt.common.jms.JMSListener} - Started to listen on destination : notification of type topic for listener Siddhi-JMS-Consumer#notification
TID: [-1234] [] [2023-02-07 11:24:09,499]  INFO {org.wso2.carbon.apimgt.common.jms.JMSListener} - Started to listen on destination : asyncWebhooksData of type topic for listener Siddhi-JMS-Consumer#asyncWebhooksData
TID: [-1234] [] [2023-02-07 11:24:09,516]  INFO {org.wso2.carbon.apimgt.common.jms.JMSListener} - Started to listen on destination : keyManager of type topic for listener Siddhi-JMS-Consumer#keyManager
TID: [-1234] [] [2023-02-07 11:24:10,497]  INFO {org.wso2.carbon.apimgt.common.jms.JMSListener} - Started to listen on destination : notification of type topic for listener Siddhi-JMS-Consumer#notification
TID: [-1234] [] [2023-02-07 11:24:10,498]  INFO {org.wso2.carbon.apimgt.common.jms.JMSListener} - Started to listen on destination : throttleData of type topic for listener Siddhi-JMS-Consumer#throttleData
TID: [-1234] [] [2023-02-07 11:24:10,498]  INFO {org.wso2.carbon.apimgt.common.jms.JMSListener} - Started to listen on destination : cacheInvalidation of type topic for listener Siddhi-JMS-Consumer#cacheInvalidation
TID: [-1234] [] [2023-02-07 11:24:10,505]  INFO {org.wso2.carbon.apimgt.common.jms.JMSListener} - Started to listen on destination : throttleData of type topic for listener Siddhi-JMS-Consumer#throttleData
TID: [-1234] [] [2023-02-07 11:24:10,565]  INFO {org.wso2.carbon.mediation.dependency.mgt.DependencyTracker} - Local entry : ga-config-key was added to the Synapse configuration successfully
TID: [-1234] [] [2023-02-07 11:24:11,065]  INFO {org.wso2.carbon.core.internal.StartupFinalizerServiceComponent} - Server           :  WSO2 API Manager-4.1.0
TID: [-1234] [] [2023-02-07 11:24:11,066]  INFO {org.wso2.carbon.core.internal.StartupFinalizerServiceComponent} - WSO2 Carbon started in 146 sec
TID: [-1234] [] [2023-02-07 11:24:11,088]  INFO {org.wso2.carbon.event.processor.core.internal.util.EventProcessorConfigurationFilesystemInvoker} - Execution plan: carbon.super_sub_Gold saved in the filesystem
TID: [-1234] [] [2023-02-07 11:24:11,199]  INFO {org.wso2.carbon.event.stream.core.internal.EventJunction} - Producer added to the junction. Stream:org.wso2.throttle.globalThrottle.stream:1.0.0
TID: [-1234] [] [2023-02-07 11:24:11,199]  INFO {org.wso2.carbon.event.stream.core.internal.EventJunction} - Consumer added to the junction. Stream:org.wso2.throttle.processed.request.stream:1.0.0
TID: [-1234] [] [2023-02-07 11:24:11,199]  INFO {org.wso2.carbon.event.processor.core.EventProcessorDeployer} - Execution plan is deployed successfully and in active state  : carbon.super_sub_Gold
TID: [-1234] [] [2023-02-07 11:24:11,269]  INFO {org.wso2.carbon.databridge.core.DataBridge} - user admin connected
TID: [-1234] [] [2023-02-07 11:24:11,271]  INFO {org.wso2.carbon.event.processor.core.internal.util.EventProcessorConfigurationFilesystemInvoker} - Execution plan: carbon.super_sub_Silver saved in the filesystem
TID: [-1234] [] [2023-02-07 11:24:11,357]  INFO {org.wso2.carbon.event.stream.core.internal.EventJunction} - Producer added to the junction. Stream:org.wso2.throttle.globalThrottle.stream:1.0.0
TID: [-1234] [] [2023-02-07 11:24:11,357]  INFO {org.wso2.carbon.event.stream.core.internal.EventJunction} - Consumer added to the junction. Stream:org.wso2.throttle.processed.request.stream:1.0.0
TID: [-1234] [] [2023-02-07 11:24:11,358]  INFO {org.wso2.carbon.event.processor.core.EventProcessorDeployer} - Execution plan is deployed successfully and in active state  : carbon.super_sub_Silver
TID: [-1234] [] [2023-02-07 11:24:11,388]  INFO {org.wso2.carbon.event.processor.core.internal.util.EventProcessorConfigurationFilesystemInvoker} - Execution plan: carbon.super_sub_Bronze saved in the filesystem
TID: [-1234] [] [2023-02-07 11:24:11,459]  INFO {org.wso2.carbon.event.stream.core.internal.EventJunction} - Producer added to the junction. Stream:org.wso2.throttle.globalThrottle.stream:1.0.0
TID: [-1234] [] [2023-02-07 11:24:11,459]  INFO {org.wso2.carbon.event.stream.core.internal.EventJunction} - Consumer added to the junction. Stream:org.wso2.throttle.processed.request.stream:1.0.0
TID: [-1234] [] [2023-02-07 11:24:11,459]  INFO {org.wso2.carbon.event.processor.core.EventProcessorDeployer} - Execution plan is deployed successfully and in active state  : carbon.super_sub_Bronze
TID: [-1234] [] [2023-02-07 11:24:11,494]  INFO {org.wso2.carbon.event.processor.core.internal.util.EventProcessorConfigurationFilesystemInvoker} - Execution plan: carbon.super_sub_Unauthenticated saved in the filesystem
TID: [-1234] [] [2023-02-07 11:24:11,584]  INFO {org.wso2.carbon.event.stream.core.internal.EventJunction} - Producer added to the junction. Stream:org.wso2.throttle.globalThrottle.stream:1.0.0
TID: [-1234] [] [2023-02-07 11:24:11,585]  INFO {org.wso2.carbon.event.stream.core.internal.EventJunction} - Consumer added to the junction. Stream:org.wso2.throttle.processed.request.stream:1.0.0
TID: [-1234] [] [2023-02-07 11:24:11,585]  INFO {org.wso2.carbon.event.processor.core.EventProcessorDeployer} - Execution plan is deployed successfully and in active state  : carbon.super_sub_Unauthenticated
TID: [-1234] [] [2023-02-07 11:24:11,623]  INFO {org.wso2.carbon.event.processor.core.internal.util.EventProcessorConfigurationFilesystemInvoker} - Execution plan: carbon.super_sub_AsyncGold saved in the filesystem
TID: [-1234] [] [2023-02-07 11:24:11,798]  INFO {org.wso2.carbon.event.stream.core.internal.EventJunction} - Producer added to the junction. Stream:org.wso2.throttle.globalThrottle.stream:1.0.0
TID: [-1234] [] [2023-02-07 11:24:11,798]  INFO {org.wso2.carbon.event.stream.core.internal.EventJunction} - Consumer added to the junction. Stream:org.wso2.throttle.processed.request.stream:1.0.0
TID: [-1234] [] [2023-02-07 11:24:11,799]  INFO {org.wso2.carbon.event.processor.core.EventProcessorDeployer} - Execution plan is deployed successfully and in active state  : carbon.super_sub_AsyncGold
TID: [-1234] [] [2023-02-07 11:24:11,838]  INFO {org.wso2.carbon.event.processor.core.internal.util.EventProcessorConfigurationFilesystemInvoker} - Execution plan: carbon.super_sub_AsyncSilver saved in the filesystem
TID: [-1234] [] [2023-02-07 11:24:11,945]  INFO {org.wso2.carbon.event.stream.core.internal.EventJunction} - Producer added to the junction. Stream:org.wso2.throttle.globalThrottle.stream:1.0.0
TID: [-1234] [] [2023-02-07 11:24:11,946]  INFO {org.wso2.carbon.event.stream.core.internal.EventJunction} - Consumer added to the junction. Stream:org.wso2.throttle.processed.request.stream:1.0.0
TID: [-1234] [] [2023-02-07 11:24:11,946]  INFO {org.wso2.carbon.event.processor.core.EventProcessorDeployer} - Execution plan is deployed successfully and in active state  : carbon.super_sub_AsyncSilver
TID: [-1234] [] [2023-02-07 11:24:12,033]  INFO {org.wso2.carbon.event.processor.core.internal.util.EventProcessorConfigurationFilesystemInvoker} - Execution plan: carbon.super_sub_AsyncBronze saved in the filesystem
TID: [-1234] [] [2023-02-07 11:24:12,101]  INFO {org.wso2.carbon.event.stream.core.internal.EventJunction} - Producer added to the junction. Stream:org.wso2.throttle.globalThrottle.stream:1.0.0
TID: [-1234] [] [2023-02-07 11:24:12,101]  INFO {org.wso2.carbon.event.stream.core.internal.EventJunction} - Consumer added to the junction. Stream:org.wso2.throttle.processed.request.stream:1.0.0
TID: [-1234] [] [2023-02-07 11:24:12,101]  INFO {org.wso2.carbon.event.processor.core.EventProcessorDeployer} - Execution plan is deployed successfully and in active state  : carbon.super_sub_AsyncBronze
TID: [-1234] [] [2023-02-07 11:24:12,131]  INFO {org.wso2.carbon.event.processor.core.internal.util.EventProcessorConfigurationFilesystemInvoker} - Execution plan: carbon.super_sub_AsyncWHGold saved in the filesystem
TID: [-1234] [] [2023-02-07 11:24:12,194]  INFO {org.wso2.carbon.event.stream.core.internal.EventJunction} - Producer added to the junction. Stream:org.wso2.throttle.globalThrottle.stream:1.0.0
TID: [-1234] [] [2023-02-07 11:24:12,195]  INFO {org.wso2.carbon.event.stream.core.internal.EventJunction} - Consumer added to the junction. Stream:org.wso2.throttle.processed.request.stream:1.0.0
TID: [-1234] [] [2023-02-07 11:24:12,195]  INFO {org.wso2.carbon.event.processor.core.EventProcessorDeployer} - Execution plan is deployed successfully and in active state  : carbon.super_sub_AsyncWHGold
TID: [-1234] [] [2023-02-07 11:24:12,226]  INFO {org.wso2.carbon.event.processor.core.internal.util.EventProcessorConfigurationFilesystemInvoker} - Execution plan: carbon.super_sub_AsyncWHSilver saved in the filesystem
TID: [-1234] [] [2023-02-07 11:24:12,375]  INFO {org.wso2.carbon.event.stream.core.internal.EventJunction} - Producer added to the junction. Stream:org.wso2.throttle.globalThrottle.stream:1.0.0
TID: [-1234] [] [2023-02-07 11:24:12,375]  INFO {org.wso2.carbon.event.stream.core.internal.EventJunction} - Consumer added to the junction. Stream:org.wso2.throttle.processed.request.stream:1.0.0
TID: [-1234] [] [2023-02-07 11:24:12,375]  INFO {org.wso2.carbon.event.processor.core.EventProcessorDeployer} - Execution plan is deployed successfully and in active state  : carbon.super_sub_AsyncWHSilver
TID: [-1234] [] [2023-02-07 11:24:12,404]  INFO {org.wso2.carbon.event.processor.core.internal.util.EventProcessorConfigurationFilesystemInvoker} - Execution plan: carbon.super_sub_AsyncWHBronze saved in the filesystem
TID: [-1234] [] [2023-02-07 11:24:12,498]  INFO {org.wso2.carbon.event.stream.core.internal.EventJunction} - Producer added to the junction. Stream:org.wso2.throttle.globalThrottle.stream:1.0.0
TID: [-1234] [] [2023-02-07 11:24:12,498]  INFO {org.wso2.carbon.event.stream.core.internal.EventJunction} - Consumer added to the junction. Stream:org.wso2.throttle.processed.request.stream:1.0.0
TID: [-1234] [] [2023-02-07 11:24:12,498]  INFO {org.wso2.carbon.event.processor.core.EventProcessorDeployer} - Execution plan is deployed successfully and in active state  : carbon.super_sub_AsyncWHBronze
TID: [-1234] [] [2023-02-07 11:24:12,751]  INFO {org.wso2.carbon.event.processor.core.internal.util.EventProcessorConfigurationFilesystemInvoker} - Execution plan: carbon.super_app_50PerMin saved in the filesystem
TID: [-1234] [] [2023-02-07 11:24:12,810]  INFO {org.wso2.carbon.event.stream.core.internal.EventJunction} - Producer added to the junction. Stream:org.wso2.throttle.globalThrottle.stream:1.0.0
TID: [-1234] [] [2023-02-07 11:24:12,810]  INFO {org.wso2.carbon.event.stream.core.internal.EventJunction} - Consumer added to the junction. Stream:org.wso2.throttle.processed.request.stream:1.0.0
TID: [-1234] [] [2023-02-07 11:24:12,811]  INFO {org.wso2.carbon.event.processor.core.EventProcessorDeployer} - Execution plan is deployed successfully and in active state  : carbon.super_app_50PerMin
TID: [-1234] [] [2023-02-07 11:24:12,838]  INFO {org.wso2.carbon.event.processor.core.internal.util.EventProcessorConfigurationFilesystemInvoker} - Execution plan: carbon.super_app_20PerMin saved in the filesystem
TID: [-1234] [] [2023-02-07 11:24:12,936]  INFO {org.wso2.carbon.event.stream.core.internal.EventJunction} - Producer added to the junction. Stream:org.wso2.throttle.globalThrottle.stream:1.0.0
TID: [-1234] [] [2023-02-07 11:24:12,936]  INFO {org.wso2.carbon.event.stream.core.internal.EventJunction} - Consumer added to the junction. Stream:org.wso2.throttle.processed.request.stream:1.0.0
TID: [-1234] [] [2023-02-07 11:24:12,936]  INFO {org.wso2.carbon.event.processor.core.EventProcessorDeployer} - Execution plan is deployed successfully and in active state  : carbon.super_app_20PerMin
TID: [-1234] [] [2023-02-07 11:24:12,941]  INFO {org.wso2.carbon.apimgt.gateway.InMemoryAPIDeployer} - Deploying synapse artifacts of PizzaShackAPI
TID: [-1234] [] [2023-02-07 11:24:12,979]  INFO {org.wso2.carbon.event.processor.core.internal.util.EventProcessorConfigurationFilesystemInvoker} - Execution plan: carbon.super_app_10PerMin saved in the filesystem
TID: [-1234] [] [2023-02-07 11:24:13,150]  INFO {org.wso2.carbon.event.stream.core.internal.EventJunction} - Producer added to the junction. Stream:org.wso2.throttle.globalThrottle.stream:1.0.0
TID: [-1234] [] [2023-02-07 11:24:13,151]  INFO {org.wso2.carbon.event.stream.core.internal.EventJunction} - Consumer added to the junction. Stream:org.wso2.throttle.processed.request.stream:1.0.0
TID: [-1234] [] [2023-02-07 11:24:13,151]  INFO {org.wso2.carbon.event.processor.core.EventProcessorDeployer} - Execution plan is deployed successfully and in active state  : carbon.super_app_10PerMin
TID: [-1234] [] [2023-02-07 11:24:13,229]  INFO {org.wso2.carbon.mediation.dependency.mgt.DependencyTracker} - Local entry : c814a00c-4add-4cad-b3fe-99b1c5c9f322 was added to the Synapse configuration successfully
TID: [-1234] [] [2023-02-07 11:24:13,268]  INFO {org.wso2.carbon.mediation.dependency.mgt.DependencyTracker} - Endpoint : PizzaShackAPI--v1.0.0_APIproductionEndpoint was added to the Synapse configuration successfully
TID: [-1234] [] [2023-02-07 11:24:13,274]  INFO {org.wso2.carbon.mediation.dependency.mgt.DependencyTracker} - Endpoint : PizzaShackAPI--v1.0.0_APIsandboxEndpoint was added to the Synapse configuration successfully
TID: [-1234] [] [2023-02-07 11:24:13,352]  INFO {org.wso2.carbon.event.processor.core.internal.util.EventProcessorConfigurationFilesystemInvoker} - Execution plan: carbon.super_resource_50KPerMin_default saved in the filesystem
TID: [-1234] [] [2023-02-07 11:24:13,490]  INFO {org.wso2.carbon.event.stream.core.internal.EventJunction} - Producer added to the junction. Stream:org.wso2.throttle.globalThrottle.stream:1.1.0
TID: [-1234] [] [2023-02-07 11:24:13,490]  INFO {org.wso2.carbon.event.stream.core.internal.EventJunction} - Consumer added to the junction. Stream:org.wso2.throttle.processed.request.stream:1.0.0
TID: [-1234] [] [2023-02-07 11:24:13,490]  INFO {org.wso2.carbon.event.processor.core.EventProcessorDeployer} - Execution plan is deployed successfully and in active state  : carbon.super_resource_50KPerMin_default
TID: [-1234] [] [2023-02-07 11:24:13,532]  INFO {org.wso2.carbon.event.processor.core.internal.util.EventProcessorConfigurationFilesystemInvoker} - Execution plan: carbon.super_resource_20KPerMin_default saved in the filesystem
TID: [-1234] [] [2023-02-07 11:24:13,587]  INFO {org.wso2.carbon.event.stream.core.internal.EventJunction} - Producer added to the junction. Stream:org.wso2.throttle.globalThrottle.stream:1.1.0
TID: [-1234] [] [2023-02-07 11:24:13,587]  INFO {org.wso2.carbon.event.stream.core.internal.EventJunction} - Consumer added to the junction. Stream:org.wso2.throttle.processed.request.stream:1.0.0
TID: [-1234] [] [2023-02-07 11:24:13,587]  INFO {org.wso2.carbon.event.processor.core.EventProcessorDeployer} - Execution plan is deployed successfully and in active state  : carbon.super_resource_20KPerMin_default
TID: [-1234] [] [2023-02-07 11:24:13,620]  INFO {org.wso2.carbon.event.processor.core.internal.util.EventProcessorConfigurationFilesystemInvoker} - Execution plan: carbon.super_resource_10KPerMin_default saved in the filesystem
TID: [-1234] [] [2023-02-07 11:24:13,677]  INFO {org.wso2.carbon.event.stream.core.internal.EventJunction} - Producer added to the junction. Stream:org.wso2.throttle.globalThrottle.stream:1.1.0
TID: [-1234] [] [2023-02-07 11:24:13,677]  INFO {org.wso2.carbon.event.stream.core.internal.EventJunction} - Consumer added to the junction. Stream:org.wso2.throttle.processed.request.stream:1.0.0
TID: [-1234] [] [2023-02-07 11:24:13,677]  INFO {org.wso2.carbon.event.processor.core.EventProcessorDeployer} - Execution plan is deployed successfully and in active state  : carbon.super_resource_10KPerMin_default
TID: [-1234] [] [2023-02-07 11:24:13,684]  INFO {org.wso2.carbon.ui.internal.CarbonUIServiceComponent} - Mgt Console URL  : https://localhost:9443/carbon/
TID: [-1234] [] [2023-02-07 11:24:13,685]  INFO {org.wso2.carbon.ui.internal.CarbonUIServiceComponent} - API Developer Portal Default Context : https://localhost:9443/devportal
TID: [-1234] [] [2023-02-07 11:24:13,685]  INFO {org.wso2.carbon.ui.internal.CarbonUIServiceComponent} - API Publisher Default Context : https://localhost:9443/publisher
TID: [-1234] [] [2023-02-07 11:24:13,937]  INFO {org.wso2.carbon.mediation.dependency.mgt.DependencyTracker} - API : PizzaShackAPI:v1.0.0 was added to the Synapse configuration successfully
TID: [-1234] [] [2023-02-07 11:24:13,937]  INFO {org.apache.synapse.api.API} - {api:PizzaShackAPI:v1.0.0} Initializing API: PizzaShackAPI:v1.0.0
TID: [-1234] [] [2023-02-07 11:24:14,039]  INFO {org.wso2.carbon.apimgt.gateway.listeners.GatewayStartupListener} - Synapse Artifacts deployed Successfully in the Gateway
TID: [-1234] [] [2023-02-07 11:24:14,039]  INFO {org.apache.synapse.transport.passthru.PassThroughHttpMultiSSLListener} - PassThroughHttpListener reloading SSL Config..
TID: [-1234] [] [2023-02-07 11:24:14,039]  INFO {org.apache.synapse.transport.passthru.PassThroughHttpSSLSender} - PassThroughHttpSender reloading SSL Config..
TID: [-1234] [] [2023-02-07 11:24:14,120]  INFO {org.apache.synapse.transport.nhttp.config.ServerConnFactoryBuilder} - SSLProfile configuration is loaded from path: /home/server/Documents/HieuNMe/wso2am-4.1.0/repository/resources/security/listenerprofiles.xml
TID: [-1234] [] [2023-02-07 11:24:14,120]  INFO {org.apache.synapse.transport.nhttp.config.ClientConnFactoryBuilder} - customSSLProfiles configuration is loaded from path: /home/server/Documents/HieuNMe/wso2am-4.1.0/repository/resources/security/sslprofiles.xml
TID: [-1234] [] [2023-02-07 11:24:14,120]  INFO {org.apache.synapse.transport.nhttp.config.ClientConnFactoryBuilder} - HTTPS Loading custom SSL profiles for the HTTPS sender
TID: [-1234] [] [2023-02-07 11:24:14,131]  INFO {org.apache.synapse.transport.nhttp.config.ClientConnFactoryBuilder} - HTTPS Custom SSL profiles initialized for 1 servers
TID: [-1234] [] [2023-02-07 11:24:14,132]  INFO {org.apache.synapse.transport.passthru.PassThroughHttpSSLSender} - Pass-through HTTPS Sender updated with Dynamic Configuration Updates ...
TID: [-1234] [] [2023-02-07 11:24:14,143]  INFO {org.apache.synapse.transport.passthru.core.PassThroughListeningIOReactorManager} - Pass-through HTTPS Listener started on 0.0.0.0:8243
TID: [-1234] [] [2023-02-07 11:24:14,144]  INFO {org.apache.synapse.transport.passthru.PassThroughHttpMultiSSLListener} - HTTPS Reloaded
TID: [-1234] [] [2023-02-07 11:43:37,755] ERROR {org.wso2.carbon.identity.oidc.session.servlet.OIDCSessionIFrameServlet} - Error while retrieving OAuth application information for the provided client id : null, Cannot find an application associated with the given consumer key : null
TID: [-1234] [] [2023-02-07 11:46:26,342] ERROR {org.wso2.carbon.identity.oidc.session.servlet.OIDCSessionIFrameServlet} - Error while retrieving OAuth application information for the provided client id : null, Cannot find an application associated with the given consumer key : null
TID: [-1234] [] [2023-02-07 11:48:17,830] ERROR {org.wso2.carbon.identity.oidc.session.servlet.OIDCSessionIFrameServlet} - Error while retrieving OAuth application information for the provided client id : null, Cannot find an application associated with the given consumer key : null
TID: [-1234] [] [2023-02-07 11:50:08,546] ERROR {org.wso2.carbon.identity.oidc.session.servlet.OIDCSessionIFrameServlet} - Error while retrieving OAuth application information for the provided client id : null, Cannot find an application associated with the given consumer key : null
TID: [-1234] [] [2023-02-07 11:50:29,656] ERROR {org.wso2.carbon.identity.oidc.session.servlet.OIDCSessionIFrameServlet} - Error while retrieving OAuth application information for the provided client id : null, Cannot find an application associated with the given consumer key : null
TID: [-1234] [] [2023-02-07 11:51:42,232] ERROR {org.wso2.carbon.identity.oidc.session.servlet.OIDCSessionIFrameServlet} - Error while retrieving OAuth application information for the provided client id : null, Cannot find an application associated with the given consumer key : null
TID: [-1234] [] [2023-02-07 11:53:56,791] ERROR {org.wso2.carbon.identity.oidc.session.servlet.OIDCSessionIFrameServlet} - Error while retrieving OAuth application information for the provided client id : null, Cannot find an application associated with the given consumer key : null
