2022-12-30T09:30:04,568 [-] [Framework Event Dispatcher: Equinox Container: 5df2962a-2934-438e-95c5-2b4810156ada]  INFO WorkflowCallbackService Building Axis service for Proxy service : WorkflowCallbackService
2022-12-30T09:30:04,579 [-] [Framework Event Dispatcher: Equinox Container: 5df2962a-2934-438e-95c5-2b4810156ada]  INFO WorkflowCallbackService Adding service WorkflowCallbackService to the Axis2 configuration
2022-12-30T09:30:04,581 [-] [Framework Event Dispatcher: Equinox Container: 5df2962a-2934-438e-95c5-2b4810156ada]  INFO WorkflowCallbackService Successfully created the Axis2 service for Proxy service : WorkflowCallbackService
2022-12-30T11:48:02,396 [-] [Framework Event Dispatcher: Equinox Container: d9508fed-5c73-445b-954f-aaa7636e3dfc]  INFO WorkflowCallbackService Building Axis service for Proxy service : WorkflowCallbackService
2022-12-30T11:48:02,404 [-] [Framework Event Dispatcher: Equinox Container: d9508fed-5c73-445b-954f-aaa7636e3dfc]  INFO WorkflowCallbackService Adding service WorkflowCallbackService to the Axis2 configuration
2022-12-30T11:48:02,404 [-] [Framework Event Dispatcher: Equinox Container: d9508fed-5c73-445b-954f-aaa7636e3dfc]  INFO WorkflowCallbackService Successfully created the Axis2 service for Proxy service : WorkflowCallbackService
2023-01-03T08:39:35,217 [-] [Framework Event Dispatcher: Equinox Container: faecf0fb-d0a9-4112-9d1f-23cd94b336de]  INFO WorkflowCallbackService Building Axis service for Proxy service : WorkflowCallbackService
2023-01-03T08:39:35,223 [-] [Framework Event Dispatcher: Equinox Container: faecf0fb-d0a9-4112-9d1f-23cd94b336de]  INFO WorkflowCallbackService Adding service WorkflowCallbackService to the Axis2 configuration
2023-01-03T08:39:35,223 [-] [Framework Event Dispatcher: Equinox Container: faecf0fb-d0a9-4112-9d1f-23cd94b336de]  INFO WorkflowCallbackService Successfully created the Axis2 service for Proxy service : WorkflowCallbackService
2023-01-04T13:18:39,728 [-] [Framework Event Dispatcher: Equinox Container: b39a8177-a3b2-4880-b5e8-059d1695157a]  INFO WorkflowCallbackService Building Axis service for Proxy service : WorkflowCallbackService
2023-01-04T13:18:39,747 [-] [Framework Event Dispatcher: Equinox Container: b39a8177-a3b2-4880-b5e8-059d1695157a]  INFO WorkflowCallbackService Adding service WorkflowCallbackService to the Axis2 configuration
2023-01-04T13:18:39,749 [-] [Framework Event Dispatcher: Equinox Container: b39a8177-a3b2-4880-b5e8-059d1695157a]  INFO WorkflowCallbackService Successfully created the Axis2 service for Proxy service : WorkflowCallbackService
2023-01-05T08:15:26,107 [-] [Framework Event Dispatcher: Equinox Container: bf22bfc1-d443-45da-b767-3b06eefa96de]  INFO WorkflowCallbackService Building Axis service for Proxy service : WorkflowCallbackService
2023-01-05T08:15:26,116 [-] [Framework Event Dispatcher: Equinox Container: bf22bfc1-d443-45da-b767-3b06eefa96de]  INFO WorkflowCallbackService Adding service WorkflowCallbackService to the Axis2 configuration
2023-01-05T08:15:26,117 [-] [Framework Event Dispatcher: Equinox Container: bf22bfc1-d443-45da-b767-3b06eefa96de]  INFO WorkflowCallbackService Successfully created the Axis2 service for Proxy service : WorkflowCallbackService
2023-01-10T08:34:31,932 [-] [Framework Event Dispatcher: Equinox Container: b56673cf-4652-4223-adba-9a52867b51d1]  INFO WorkflowCallbackService Building Axis service for Proxy service : WorkflowCallbackService
2023-01-10T08:34:31,951 [-] [Framework Event Dispatcher: Equinox Container: b56673cf-4652-4223-adba-9a52867b51d1]  INFO WorkflowCallbackService Adding service WorkflowCallbackService to the Axis2 configuration
2023-01-10T08:34:31,953 [-] [Framework Event Dispatcher: Equinox Container: b56673cf-4652-4223-adba-9a52867b51d1]  INFO WorkflowCallbackService Successfully created the Axis2 service for Proxy service : WorkflowCallbackService
2023-01-10T09:03:38,669 [-] [Framework Event Dispatcher: Equinox Container: 07c97dd2-076e-4514-ae47-1f264dfbcb1a]  INFO WorkflowCallbackService Building Axis service for Proxy service : WorkflowCallbackService
2023-01-10T09:03:38,682 [-] [Framework Event Dispatcher: Equinox Container: 07c97dd2-076e-4514-ae47-1f264dfbcb1a]  INFO WorkflowCallbackService Adding service WorkflowCallbackService to the Axis2 configuration
2023-01-10T09:03:38,683 [-] [Framework Event Dispatcher: Equinox Container: 07c97dd2-076e-4514-ae47-1f264dfbcb1a]  INFO WorkflowCallbackService Successfully created the Axis2 service for Proxy service : WorkflowCallbackService
2023-01-12T09:18:18,327 [-] [Framework Event Dispatcher: Equinox Container: cbd2e048-a184-4652-a12f-130130a1a8b6]  INFO WorkflowCallbackService Building Axis service for Proxy service : WorkflowCallbackService
2023-01-12T09:18:18,336 [-] [Framework Event Dispatcher: Equinox Container: cbd2e048-a184-4652-a12f-130130a1a8b6]  INFO WorkflowCallbackService Adding service WorkflowCallbackService to the Axis2 configuration
2023-01-12T09:18:18,337 [-] [Framework Event Dispatcher: Equinox Container: cbd2e048-a184-4652-a12f-130130a1a8b6]  INFO WorkflowCallbackService Successfully created the Axis2 service for Proxy service : WorkflowCallbackService
2023-01-12T13:55:17,211 [-] [Framework Event Dispatcher: Equinox Container: e9a94b55-e9c7-4a60-b102-29b8b0fb3354]  INFO WorkflowCallbackService Building Axis service for Proxy service : WorkflowCallbackService
2023-01-12T13:55:17,220 [-] [Framework Event Dispatcher: Equinox Container: e9a94b55-e9c7-4a60-b102-29b8b0fb3354]  INFO WorkflowCallbackService Adding service WorkflowCallbackService to the Axis2 configuration
2023-01-12T13:55:17,221 [-] [Framework Event Dispatcher: Equinox Container: e9a94b55-e9c7-4a60-b102-29b8b0fb3354]  INFO WorkflowCallbackService Successfully created the Axis2 service for Proxy service : WorkflowCallbackService
2023-01-12T15:53:16,056 [-] [Framework Event Dispatcher: Equinox Container: 0a9b14c4-c9f4-40df-972f-1bdc5188b118]  INFO WorkflowCallbackService Building Axis service for Proxy service : WorkflowCallbackService
2023-01-12T15:53:16,064 [-] [Framework Event Dispatcher: Equinox Container: 0a9b14c4-c9f4-40df-972f-1bdc5188b118]  INFO WorkflowCallbackService Adding service WorkflowCallbackService to the Axis2 configuration
2023-01-12T15:53:16,065 [-] [Framework Event Dispatcher: Equinox Container: 0a9b14c4-c9f4-40df-972f-1bdc5188b118]  INFO WorkflowCallbackService Successfully created the Axis2 service for Proxy service : WorkflowCallbackService
2023-01-14T08:46:34,496 [-] [Framework Event Dispatcher: Equinox Container: 4a1ef16b-c5bf-4d9f-9db7-51743aef101f]  INFO WorkflowCallbackService Building Axis service for Proxy service : WorkflowCallbackService
2023-01-14T08:46:34,503 [-] [Framework Event Dispatcher: Equinox Container: 4a1ef16b-c5bf-4d9f-9db7-51743aef101f]  INFO WorkflowCallbackService Adding service WorkflowCallbackService to the Axis2 configuration
2023-01-14T08:46:34,504 [-] [Framework Event Dispatcher: Equinox Container: 4a1ef16b-c5bf-4d9f-9db7-51743aef101f]  INFO WorkflowCallbackService Successfully created the Axis2 service for Proxy service : WorkflowCallbackService
2023-01-30T08:43:45,134 [-] [Framework Event Dispatcher: Equinox Container: 75000a1e-cfcf-4941-9e9d-04eeb40f2401]  INFO WorkflowCallbackService Building Axis service for Proxy service : WorkflowCallbackService
2023-01-30T08:43:45,151 [-] [Framework Event Dispatcher: Equinox Container: 75000a1e-cfcf-4941-9e9d-04eeb40f2401]  INFO WorkflowCallbackService Adding service WorkflowCallbackService to the Axis2 configuration
2023-01-30T08:43:45,153 [-] [Framework Event Dispatcher: Equinox Container: 75000a1e-cfcf-4941-9e9d-04eeb40f2401]  INFO WorkflowCallbackService Successfully created the Axis2 service for Proxy service : WorkflowCallbackService
2023-01-31T08:46:27,547 [-] [Framework Event Dispatcher: Equinox Container: 522ebdef-197e-4315-8342-cf0f46a0d8f3]  INFO WorkflowCallbackService Building Axis service for Proxy service : WorkflowCallbackService
2023-01-31T08:46:27,555 [-] [Framework Event Dispatcher: Equinox Container: 522ebdef-197e-4315-8342-cf0f46a0d8f3]  INFO WorkflowCallbackService Adding service WorkflowCallbackService to the Axis2 configuration
2023-01-31T08:46:27,556 [-] [Framework Event Dispatcher: Equinox Container: 522ebdef-197e-4315-8342-cf0f46a0d8f3]  INFO WorkflowCallbackService Successfully created the Axis2 service for Proxy service : WorkflowCallbackService
2023-02-06T09:28:01,784 [-] [Framework Event Dispatcher: Equinox Container: 6ca410ee-5ab6-4518-b521-e9cab6c2b9f9]  INFO WorkflowCallbackService Building Axis service for Proxy service : WorkflowCallbackService
2023-02-06T09:28:01,824 [-] [Framework Event Dispatcher: Equinox Container: 6ca410ee-5ab6-4518-b521-e9cab6c2b9f9]  INFO WorkflowCallbackService Adding service WorkflowCallbackService to the Axis2 configuration
2023-02-06T09:28:01,826 [-] [Framework Event Dispatcher: Equinox Container: 6ca410ee-5ab6-4518-b521-e9cab6c2b9f9]  INFO WorkflowCallbackService Successfully created the Axis2 service for Proxy service : WorkflowCallbackService
2023-02-06T11:12:58,755 [-] [Framework Event Dispatcher: Equinox Container: c4f18dbe-8e88-4f82-bbcf-7e4e58c3a84a]  INFO WorkflowCallbackService Building Axis service for Proxy service : WorkflowCallbackService
2023-02-06T11:12:58,760 [-] [Framework Event Dispatcher: Equinox Container: c4f18dbe-8e88-4f82-bbcf-7e4e58c3a84a]  INFO WorkflowCallbackService Adding service WorkflowCallbackService to the Axis2 configuration
2023-02-06T11:12:58,760 [-] [Framework Event Dispatcher: Equinox Container: c4f18dbe-8e88-4f82-bbcf-7e4e58c3a84a]  INFO WorkflowCallbackService Successfully created the Axis2 service for Proxy service : WorkflowCallbackService
2023-02-06T11:40:26,777 [-] [Framework Event Dispatcher: Equinox Container: d5ccc6c9-213f-46c7-97b2-a1f514217eb9]  INFO WorkflowCallbackService Building Axis service for Proxy service : WorkflowCallbackService
2023-02-06T11:40:26,824 [-] [Framework Event Dispatcher: Equinox Container: d5ccc6c9-213f-46c7-97b2-a1f514217eb9]  INFO WorkflowCallbackService Adding service WorkflowCallbackService to the Axis2 configuration
2023-02-06T11:40:26,826 [-] [Framework Event Dispatcher: Equinox Container: d5ccc6c9-213f-46c7-97b2-a1f514217eb9]  INFO WorkflowCallbackService Successfully created the Axis2 service for Proxy service : WorkflowCallbackService
2023-02-07T11:24:01,676 [-] [Framework Event Dispatcher: Equinox Container: 8f9a605e-ad5b-46d7-b895-3766c417f67c]  INFO WorkflowCallbackService Building Axis service for Proxy service : WorkflowCallbackService
2023-02-07T11:24:01,683 [-] [Framework Event Dispatcher: Equinox Container: 8f9a605e-ad5b-46d7-b895-3766c417f67c]  INFO WorkflowCallbackService Adding service WorkflowCallbackService to the Axis2 configuration
2023-02-07T11:24:01,684 [-] [Framework Event Dispatcher: Equinox Container: 8f9a605e-ad5b-46d7-b895-3766c417f67c]  INFO WorkflowCallbackService Successfully created the Axis2 service for Proxy service : WorkflowCallbackService
2023-02-09T08:42:40,794 [-] [Framework Event Dispatcher: Equinox Container: a63ea0bd-7d88-4f20-92e5-eca3abfce044]  INFO WorkflowCallbackService Building Axis service for Proxy service : WorkflowCallbackService
2023-02-09T08:42:40,802 [-] [Framework Event Dispatcher: Equinox Container: a63ea0bd-7d88-4f20-92e5-eca3abfce044]  INFO WorkflowCallbackService Adding service WorkflowCallbackService to the Axis2 configuration
2023-02-09T08:42:40,802 [-] [Framework Event Dispatcher: Equinox Container: a63ea0bd-7d88-4f20-92e5-eca3abfce044]  INFO WorkflowCallbackService Successfully created the Axis2 service for Proxy service : WorkflowCallbackService
2023-02-13T08:35:55,601 [-] [Framework Event Dispatcher: Equinox Container: 713ee7d3-6098-439d-b04e-60373387dd01]  INFO WorkflowCallbackService Building Axis service for Proxy service : WorkflowCallbackService
2023-02-13T08:35:55,609 [-] [Framework Event Dispatcher: Equinox Container: 713ee7d3-6098-439d-b04e-60373387dd01]  INFO WorkflowCallbackService Adding service WorkflowCallbackService to the Axis2 configuration
2023-02-13T08:35:55,630 [-] [Framework Event Dispatcher: Equinox Container: 713ee7d3-6098-439d-b04e-60373387dd01]  INFO WorkflowCallbackService Successfully created the Axis2 service for Proxy service : WorkflowCallbackService
2023-02-13T11:08:30,534 [-] [Framework Event Dispatcher: Equinox Container: 0cb76e09-96b4-4961-a80c-42457153390c]  INFO WorkflowCallbackService Building Axis service for Proxy service : WorkflowCallbackService
2023-02-13T11:08:30,541 [-] [Framework Event Dispatcher: Equinox Container: 0cb76e09-96b4-4961-a80c-42457153390c]  INFO WorkflowCallbackService Adding service WorkflowCallbackService to the Axis2 configuration
2023-02-13T11:08:30,542 [-] [Framework Event Dispatcher: Equinox Container: 0cb76e09-96b4-4961-a80c-42457153390c]  INFO WorkflowCallbackService Successfully created the Axis2 service for Proxy service : WorkflowCallbackService
2023-02-14T08:33:51,043 [-] [Framework Event Dispatcher: Equinox Container: b934dd76-6afd-47d2-aa78-6326c856f4a5]  INFO WorkflowCallbackService Building Axis service for Proxy service : WorkflowCallbackService
2023-02-14T08:33:51,050 [-] [Framework Event Dispatcher: Equinox Container: b934dd76-6afd-47d2-aa78-6326c856f4a5]  INFO WorkflowCallbackService Adding service WorkflowCallbackService to the Axis2 configuration
2023-02-14T08:33:51,051 [-] [Framework Event Dispatcher: Equinox Container: b934dd76-6afd-47d2-aa78-6326c856f4a5]  INFO WorkflowCallbackService Successfully created the Axis2 service for Proxy service : WorkflowCallbackService
2023-02-16T08:28:20,421 [-] [Framework Event Dispatcher: Equinox Container: 9aed8cdf-2c66-4ab5-a9ca-689326fa105e]  INFO WorkflowCallbackService Building Axis service for Proxy service : WorkflowCallbackService
2023-02-16T08:28:20,438 [-] [Framework Event Dispatcher: Equinox Container: 9aed8cdf-2c66-4ab5-a9ca-689326fa105e]  INFO WorkflowCallbackService Adding service WorkflowCallbackService to the Axis2 configuration
2023-02-16T08:28:20,440 [-] [Framework Event Dispatcher: Equinox Container: 9aed8cdf-2c66-4ab5-a9ca-689326fa105e]  INFO WorkflowCallbackService Successfully created the Axis2 service for Proxy service : WorkflowCallbackService
2023-02-20T15:53:55,506 [-] [Framework Event Dispatcher: Equinox Container: f8fd040a-b8c3-49ac-acdc-83f2d00b4e42]  INFO WorkflowCallbackService Building Axis service for Proxy service : WorkflowCallbackService
2023-02-20T15:53:55,511 [-] [Framework Event Dispatcher: Equinox Container: f8fd040a-b8c3-49ac-acdc-83f2d00b4e42]  INFO WorkflowCallbackService Adding service WorkflowCallbackService to the Axis2 configuration
2023-02-20T15:53:55,511 [-] [Framework Event Dispatcher: Equinox Container: f8fd040a-b8c3-49ac-acdc-83f2d00b4e42]  INFO WorkflowCallbackService Successfully created the Axis2 service for Proxy service : WorkflowCallbackService
2023-02-20T16:42:34,078 [-] [Framework Event Dispatcher: Equinox Container: 1d23c9b3-6165-49f3-816a-3192c548a343]  INFO WorkflowCallbackService Building Axis service for Proxy service : WorkflowCallbackService
2023-02-20T16:42:34,086 [-] [Framework Event Dispatcher: Equinox Container: 1d23c9b3-6165-49f3-816a-3192c548a343]  INFO WorkflowCallbackService Adding service WorkflowCallbackService to the Axis2 configuration
2023-02-20T16:42:34,087 [-] [Framework Event Dispatcher: Equinox Container: 1d23c9b3-6165-49f3-816a-3192c548a343]  INFO WorkflowCallbackService Successfully created the Axis2 service for Proxy service : WorkflowCallbackService
2023-02-21T08:54:51,961 [-] [Framework Event Dispatcher: Equinox Container: 2e8cf731-f887-4f7f-9378-f4f4cd90e01f]  INFO WorkflowCallbackService Building Axis service for Proxy service : WorkflowCallbackService
2023-02-21T08:54:51,970 [-] [Framework Event Dispatcher: Equinox Container: 2e8cf731-f887-4f7f-9378-f4f4cd90e01f]  INFO WorkflowCallbackService Adding service WorkflowCallbackService to the Axis2 configuration
2023-02-21T08:54:51,971 [-] [Framework Event Dispatcher: Equinox Container: 2e8cf731-f887-4f7f-9378-f4f4cd90e01f]  INFO WorkflowCallbackService Successfully created the Axis2 service for Proxy service : WorkflowCallbackService
2023-02-21T10:33:23,435 [-] [Framework Event Dispatcher: Equinox Container: 03103f28-be24-4c59-81b5-87ef1df01156]  INFO WorkflowCallbackService Building Axis service for Proxy service : WorkflowCallbackService
2023-02-21T10:33:23,442 [-] [Framework Event Dispatcher: Equinox Container: 03103f28-be24-4c59-81b5-87ef1df01156]  INFO WorkflowCallbackService Adding service WorkflowCallbackService to the Axis2 configuration
2023-02-21T10:33:23,442 [-] [Framework Event Dispatcher: Equinox Container: 03103f28-be24-4c59-81b5-87ef1df01156]  INFO WorkflowCallbackService Successfully created the Axis2 service for Proxy service : WorkflowCallbackService
2023-02-23T08:40:00,466 [-] [Framework Event Dispatcher: Equinox Container: 60a3b90d-5eba-4354-bb4a-847b58f5979a]  INFO WorkflowCallbackService Building Axis service for Proxy service : WorkflowCallbackService
2023-02-23T08:40:00,475 [-] [Framework Event Dispatcher: Equinox Container: 60a3b90d-5eba-4354-bb4a-847b58f5979a]  INFO WorkflowCallbackService Adding service WorkflowCallbackService to the Axis2 configuration
2023-02-23T08:40:00,476 [-] [Framework Event Dispatcher: Equinox Container: 60a3b90d-5eba-4354-bb4a-847b58f5979a]  INFO WorkflowCallbackService Successfully created the Axis2 service for Proxy service : WorkflowCallbackService
2023-02-25T08:35:54,864 [-] [Framework Event Dispatcher: Equinox Container: 2c9aeb57-08d9-46c2-bea5-c83e4f631e0f]  INFO WorkflowCallbackService Building Axis service for Proxy service : WorkflowCallbackService
2023-02-25T08:35:54,882 [-] [Framework Event Dispatcher: Equinox Container: 2c9aeb57-08d9-46c2-bea5-c83e4f631e0f]  INFO WorkflowCallbackService Adding service WorkflowCallbackService to the Axis2 configuration
2023-02-25T08:35:54,884 [-] [Framework Event Dispatcher: Equinox Container: 2c9aeb57-08d9-46c2-bea5-c83e4f631e0f]  INFO WorkflowCallbackService Successfully created the Axis2 service for Proxy service : WorkflowCallbackService
2023-02-27T08:34:55,787 [-] [Framework Event Dispatcher: Equinox Container: 27b046cb-978b-4770-99f1-1c737e9516e9]  INFO WorkflowCallbackService Building Axis service for Proxy service : WorkflowCallbackService
2023-02-27T08:34:55,795 [-] [Framework Event Dispatcher: Equinox Container: 27b046cb-978b-4770-99f1-1c737e9516e9]  INFO WorkflowCallbackService Adding service WorkflowCallbackService to the Axis2 configuration
2023-02-27T08:34:55,796 [-] [Framework Event Dispatcher: Equinox Container: 27b046cb-978b-4770-99f1-1c737e9516e9]  INFO WorkflowCallbackService Successfully created the Axis2 service for Proxy service : WorkflowCallbackService
2023-02-27T10:49:23,779 [-] [Framework Event Dispatcher: Equinox Container: bdb93665-9bea-45e9-8ded-4bd3645d1c21]  INFO WorkflowCallbackService Building Axis service for Proxy service : WorkflowCallbackService
2023-02-27T10:49:23,791 [-] [Framework Event Dispatcher: Equinox Container: bdb93665-9bea-45e9-8ded-4bd3645d1c21]  INFO WorkflowCallbackService Adding service WorkflowCallbackService to the Axis2 configuration
2023-02-27T10:49:23,792 [-] [Framework Event Dispatcher: Equinox Container: bdb93665-9bea-45e9-8ded-4bd3645d1c21]  INFO WorkflowCallbackService Successfully created the Axis2 service for Proxy service : WorkflowCallbackService
2023-02-27T11:08:56,262 [-] [Framework Event Dispatcher: Equinox Container: 06f95a2f-2a76-40d9-83b3-4c96b920c5ad]  INFO WorkflowCallbackService Building Axis service for Proxy service : WorkflowCallbackService
2023-02-27T11:08:56,311 [-] [Framework Event Dispatcher: Equinox Container: 06f95a2f-2a76-40d9-83b3-4c96b920c5ad]  INFO WorkflowCallbackService Adding service WorkflowCallbackService to the Axis2 configuration
2023-02-27T11:08:56,312 [-] [Framework Event Dispatcher: Equinox Container: 06f95a2f-2a76-40d9-83b3-4c96b920c5ad]  INFO WorkflowCallbackService Successfully created the Axis2 service for Proxy service : WorkflowCallbackService
2023-03-02T08:58:50,339 [-] [Framework Event Dispatcher: Equinox Container: f344c185-bd85-4621-89f9-e253841b849e]  INFO WorkflowCallbackService Building Axis service for Proxy service : WorkflowCallbackService
2023-03-02T08:58:50,359 [-] [Framework Event Dispatcher: Equinox Container: f344c185-bd85-4621-89f9-e253841b849e]  INFO WorkflowCallbackService Adding service WorkflowCallbackService to the Axis2 configuration
2023-03-02T08:58:50,361 [-] [Framework Event Dispatcher: Equinox Container: f344c185-bd85-4621-89f9-e253841b849e]  INFO WorkflowCallbackService Successfully created the Axis2 service for Proxy service : WorkflowCallbackService
2023-03-04T08:52:56,901 [-] [Framework Event Dispatcher: Equinox Container: e45f7ac6-8ecb-4283-93e4-c96fd4c5e5e6]  INFO WorkflowCallbackService Building Axis service for Proxy service : WorkflowCallbackService
2023-03-04T08:52:56,991 [-] [Framework Event Dispatcher: Equinox Container: e45f7ac6-8ecb-4283-93e4-c96fd4c5e5e6]  INFO WorkflowCallbackService Adding service WorkflowCallbackService to the Axis2 configuration
2023-03-04T08:52:57,032 [-] [Framework Event Dispatcher: Equinox Container: e45f7ac6-8ecb-4283-93e4-c96fd4c5e5e6]  INFO WorkflowCallbackService Successfully created the Axis2 service for Proxy service : WorkflowCallbackService
2023-03-04T12:28:25,730 [-] [Framework Event Dispatcher: Equinox Container: 2cd98d72-2419-4c92-a8a6-c4e1c98e4b0e]  INFO WorkflowCallbackService Building Axis service for Proxy service : WorkflowCallbackService
2023-03-04T12:28:25,752 [-] [Framework Event Dispatcher: Equinox Container: 2cd98d72-2419-4c92-a8a6-c4e1c98e4b0e]  INFO WorkflowCallbackService Adding service WorkflowCallbackService to the Axis2 configuration
2023-03-04T12:28:25,755 [-] [Framework Event Dispatcher: Equinox Container: 2cd98d72-2419-4c92-a8a6-c4e1c98e4b0e]  INFO WorkflowCallbackService Successfully created the Axis2 service for Proxy service : WorkflowCallbackService
2023-03-28T17:29:50,385 [-] [Framework Event Dispatcher: Equinox Container: db700385-8189-4254-a7f3-4373246193ab]  INFO WorkflowCallbackService Building Axis service for Proxy service : WorkflowCallbackService
2023-03-28T17:29:50,391 [-] [Framework Event Dispatcher: Equinox Container: db700385-8189-4254-a7f3-4373246193ab]  INFO WorkflowCallbackService Adding service WorkflowCallbackService to the Axis2 configuration
2023-03-28T17:29:50,392 [-] [Framework Event Dispatcher: Equinox Container: db700385-8189-4254-a7f3-4373246193ab]  INFO WorkflowCallbackService Successfully created the Axis2 service for Proxy service : WorkflowCallbackService
2023-03-29T08:40:20,580 [-] [Framework Event Dispatcher: Equinox Container: d091a86c-d1fd-40aa-b2fa-107d4dd6b309]  INFO WorkflowCallbackService Building Axis service for Proxy service : WorkflowCallbackService
2023-03-29T08:40:20,587 [-] [Framework Event Dispatcher: Equinox Container: d091a86c-d1fd-40aa-b2fa-107d4dd6b309]  INFO WorkflowCallbackService Adding service WorkflowCallbackService to the Axis2 configuration
2023-03-29T08:40:20,587 [-] [Framework Event Dispatcher: Equinox Container: d091a86c-d1fd-40aa-b2fa-107d4dd6b309]  INFO WorkflowCallbackService Successfully created the Axis2 service for Proxy service : WorkflowCallbackService
2023-03-29T09:29:10,331 [-] [Framework Event Dispatcher: Equinox Container: e9194e57-52e0-4a4d-93e4-d2a13886812d]  INFO WorkflowCallbackService Building Axis service for Proxy service : WorkflowCallbackService
2023-03-29T09:29:10,338 [-] [Framework Event Dispatcher: Equinox Container: e9194e57-52e0-4a4d-93e4-d2a13886812d]  INFO WorkflowCallbackService Adding service WorkflowCallbackService to the Axis2 configuration
2023-03-29T09:29:10,338 [-] [Framework Event Dispatcher: Equinox Container: e9194e57-52e0-4a4d-93e4-d2a13886812d]  INFO WorkflowCallbackService Successfully created the Axis2 service for Proxy service : WorkflowCallbackService
2023-03-30T13:16:26,881 [-] [Framework Event Dispatcher: Equinox Container: 54a1cb16-b93a-4252-a59b-1f40a2df2515]  INFO WorkflowCallbackService Building Axis service for Proxy service : WorkflowCallbackService
2023-03-30T13:16:26,889 [-] [Framework Event Dispatcher: Equinox Container: 54a1cb16-b93a-4252-a59b-1f40a2df2515]  INFO WorkflowCallbackService Adding service WorkflowCallbackService to the Axis2 configuration
2023-03-30T13:16:26,890 [-] [Framework Event Dispatcher: Equinox Container: 54a1cb16-b93a-4252-a59b-1f40a2df2515]  INFO WorkflowCallbackService Successfully created the Axis2 service for Proxy service : WorkflowCallbackService
2023-03-30T14:52:21,502 [-] [Framework Event Dispatcher: Equinox Container: c47e69fc-191e-4e85-9715-f5d5496adf83]  INFO WorkflowCallbackService Building Axis service for Proxy service : WorkflowCallbackService
2023-03-30T14:52:21,509 [-] [Framework Event Dispatcher: Equinox Container: c47e69fc-191e-4e85-9715-f5d5496adf83]  INFO WorkflowCallbackService Adding service WorkflowCallbackService to the Axis2 configuration
2023-03-30T14:52:21,510 [-] [Framework Event Dispatcher: Equinox Container: c47e69fc-191e-4e85-9715-f5d5496adf83]  INFO WorkflowCallbackService Successfully created the Axis2 service for Proxy service : WorkflowCallbackService
2023-04-04T10:41:49,132 [-] [Framework Event Dispatcher: Equinox Container: 90f32a0a-b703-4198-bd0f-60276a8ce636]  INFO WorkflowCallbackService Building Axis service for Proxy service : WorkflowCallbackService
2023-04-04T10:41:49,157 [-] [Framework Event Dispatcher: Equinox Container: 90f32a0a-b703-4198-bd0f-60276a8ce636]  INFO WorkflowCallbackService Adding service WorkflowCallbackService to the Axis2 configuration
2023-04-04T10:41:49,158 [-] [Framework Event Dispatcher: Equinox Container: 90f32a0a-b703-4198-bd0f-60276a8ce636]  INFO WorkflowCallbackService Successfully created the Axis2 service for Proxy service : WorkflowCallbackService
2023-04-04T11:56:19,730 [-] [Framework Event Dispatcher: Equinox Container: 35b6304b-125c-407c-9a57-3308667ff987]  INFO WorkflowCallbackService Building Axis service for Proxy service : WorkflowCallbackService
2023-04-04T11:56:19,735 [-] [Framework Event Dispatcher: Equinox Container: 35b6304b-125c-407c-9a57-3308667ff987]  INFO WorkflowCallbackService Adding service WorkflowCallbackService to the Axis2 configuration
2023-04-04T11:56:19,735 [-] [Framework Event Dispatcher: Equinox Container: 35b6304b-125c-407c-9a57-3308667ff987]  INFO WorkflowCallbackService Successfully created the Axis2 service for Proxy service : WorkflowCallbackService
2023-04-10T08:59:40,426 [-] [Framework Event Dispatcher: Equinox Container: fb220428-a360-415a-b144-e6d9f54e207b]  INFO WorkflowCallbackService Building Axis service for Proxy service : WorkflowCallbackService
2023-04-10T08:59:40,432 [-] [Framework Event Dispatcher: Equinox Container: fb220428-a360-415a-b144-e6d9f54e207b]  INFO WorkflowCallbackService Adding service WorkflowCallbackService to the Axis2 configuration
2023-04-10T08:59:40,433 [-] [Framework Event Dispatcher: Equinox Container: fb220428-a360-415a-b144-e6d9f54e207b]  INFO WorkflowCallbackService Successfully created the Axis2 service for Proxy service : WorkflowCallbackService
2023-07-07T13:04:06,613 [-] [Framework Event Dispatcher: Equinox Container: 72691631-d593-4a13-ab60-af0a183d1e65]  INFO WorkflowCallbackService Building Axis service for Proxy service : WorkflowCallbackService
2023-07-07T13:04:06,653 [-] [Framework Event Dispatcher: Equinox Container: 72691631-d593-4a13-ab60-af0a183d1e65]  INFO WorkflowCallbackService Adding service WorkflowCallbackService to the Axis2 configuration
2023-07-07T13:04:06,655 [-] [Framework Event Dispatcher: Equinox Container: 72691631-d593-4a13-ab60-af0a183d1e65]  INFO WorkflowCallbackService Successfully created the Axis2 service for Proxy service : WorkflowCallbackService
2023-07-07T13:32:17,975 [-] [Framework Event Dispatcher: Equinox Container: 6518c3d2-53f5-4afb-b776-10e285ce1018]  INFO WorkflowCallbackService Building Axis service for Proxy service : WorkflowCallbackService
2023-07-07T13:32:17,985 [-] [Framework Event Dispatcher: Equinox Container: 6518c3d2-53f5-4afb-b776-10e285ce1018]  INFO WorkflowCallbackService Adding service WorkflowCallbackService to the Axis2 configuration
2023-07-07T13:32:17,986 [-] [Framework Event Dispatcher: Equinox Container: 6518c3d2-53f5-4afb-b776-10e285ce1018]  INFO WorkflowCallbackService Successfully created the Axis2 service for Proxy service : WorkflowCallbackService
2023-07-10T08:19:37,360 [-] [Framework Event Dispatcher: Equinox Container: 312564a2-a0b3-4ee1-821b-14738723b36a]  INFO WorkflowCallbackService Building Axis service for Proxy service : WorkflowCallbackService
2023-07-10T08:19:37,366 [-] [Framework Event Dispatcher: Equinox Container: 312564a2-a0b3-4ee1-821b-14738723b36a]  INFO WorkflowCallbackService Adding service WorkflowCallbackService to the Axis2 configuration
2023-07-10T08:19:37,366 [-] [Framework Event Dispatcher: Equinox Container: 312564a2-a0b3-4ee1-821b-14738723b36a]  INFO WorkflowCallbackService Successfully created the Axis2 service for Proxy service : WorkflowCallbackService
2023-07-10T08:32:39,734 [-] [Framework Event Dispatcher: Equinox Container: a853f5fb-f2c3-46b9-b40c-d89c446803f6]  INFO WorkflowCallbackService Building Axis service for Proxy service : WorkflowCallbackService
2023-07-10T08:32:39,743 [-] [Framework Event Dispatcher: Equinox Container: a853f5fb-f2c3-46b9-b40c-d89c446803f6]  INFO WorkflowCallbackService Adding service WorkflowCallbackService to the Axis2 configuration
2023-07-10T08:32:39,743 [-] [Framework Event Dispatcher: Equinox Container: a853f5fb-f2c3-46b9-b40c-d89c446803f6]  INFO WorkflowCallbackService Successfully created the Axis2 service for Proxy service : WorkflowCallbackService
2023-07-27T09:41:53,832 [-] [Framework Event Dispatcher: Equinox Container: dadbe976-ae8b-4fb2-a628-f9d6a72a18b5]  INFO WorkflowCallbackService Building Axis service for Proxy service : WorkflowCallbackService
2023-07-27T09:41:53,850 [-] [Framework Event Dispatcher: Equinox Container: dadbe976-ae8b-4fb2-a628-f9d6a72a18b5]  INFO WorkflowCallbackService Adding service WorkflowCallbackService to the Axis2 configuration
2023-07-27T09:41:53,852 [-] [Framework Event Dispatcher: Equinox Container: dadbe976-ae8b-4fb2-a628-f9d6a72a18b5]  INFO WorkflowCallbackService Successfully created the Axis2 service for Proxy service : WorkflowCallbackService
2023-07-27T09:53:38,176 [-] [Framework Event Dispatcher: Equinox Container: 0f319273-840c-47a6-8aa8-98d3d2b25bba]  INFO WorkflowCallbackService Building Axis service for Proxy service : WorkflowCallbackService
2023-07-27T09:53:38,226 [-] [Framework Event Dispatcher: Equinox Container: 0f319273-840c-47a6-8aa8-98d3d2b25bba]  INFO WorkflowCallbackService Adding service WorkflowCallbackService to the Axis2 configuration
2023-07-27T09:53:38,229 [-] [Framework Event Dispatcher: Equinox Container: 0f319273-840c-47a6-8aa8-98d3d2b25bba]  INFO WorkflowCallbackService Successfully created the Axis2 service for Proxy service : WorkflowCallbackService
2023-07-27T10:54:40,238 [-] [PassThroughMessageProcessor-1]  INFO __SynapseService STATUS = Message dispatched to the main sequence. Invalid URL., RESOURCE = /test/1.0.0/business/1234/details, HEALTH CHECK URL = /test/1.0.0/business/1234/details
2023-08-03T08:54:04,151 [-] [Framework Event Dispatcher: Equinox Container: a05cff84-429b-4200-ad12-1ca6ad9f6f9b]  INFO WorkflowCallbackService Building Axis service for Proxy service : WorkflowCallbackService
2023-08-03T08:54:04,223 [-] [Framework Event Dispatcher: Equinox Container: a05cff84-429b-4200-ad12-1ca6ad9f6f9b]  INFO WorkflowCallbackService Adding service WorkflowCallbackService to the Axis2 configuration
2023-08-03T08:54:04,226 [-] [Framework Event Dispatcher: Equinox Container: a05cff84-429b-4200-ad12-1ca6ad9f6f9b]  INFO WorkflowCallbackService Successfully created the Axis2 service for Proxy service : WorkflowCallbackService
2023-09-21T09:12:26,229 [-] [Framework Event Dispatcher: Equinox Container: 240e072e-d42b-45e5-b9bf-11bfa93aa4d0]  INFO WorkflowCallbackService Building Axis service for Proxy service : WorkflowCallbackService
2023-09-21T09:12:26,236 [-] [Framework Event Dispatcher: Equinox Container: 240e072e-d42b-45e5-b9bf-11bfa93aa4d0]  INFO WorkflowCallbackService Adding service WorkflowCallbackService to the Axis2 configuration
2023-09-21T09:12:26,237 [-] [Framework Event Dispatcher: Equinox Container: 240e072e-d42b-45e5-b9bf-11bfa93aa4d0]  INFO WorkflowCallbackService Successfully created the Axis2 service for Proxy service : WorkflowCallbackService
2023-09-29T09:58:53,049 [-] [Framework Event Dispatcher: Equinox Container: 2dade21e-c84a-4b98-b97f-adeb6ed15524]  INFO WorkflowCallbackService Building Axis service for Proxy service : WorkflowCallbackService
2023-09-29T09:58:53,058 [-] [Framework Event Dispatcher: Equinox Container: 2dade21e-c84a-4b98-b97f-adeb6ed15524]  INFO WorkflowCallbackService Adding service WorkflowCallbackService to the Axis2 configuration
2023-09-29T09:58:53,059 [-] [Framework Event Dispatcher: Equinox Container: 2dade21e-c84a-4b98-b97f-adeb6ed15524]  INFO WorkflowCallbackService Successfully created the Axis2 service for Proxy service : WorkflowCallbackService
2023-11-15T16:00:29,483 [-] [Framework Event Dispatcher: Equinox Container: 11f9e83a-4e0f-48fc-b654-bbb8ea7e9a8f]  INFO WorkflowCallbackService Building Axis service for Proxy service : WorkflowCallbackService
2023-11-15T16:00:29,528 [-] [Framework Event Dispatcher: Equinox Container: 11f9e83a-4e0f-48fc-b654-bbb8ea7e9a8f]  INFO WorkflowCallbackService Adding service WorkflowCallbackService to the Axis2 configuration
2023-11-15T16:00:29,530 [-] [Framework Event Dispatcher: Equinox Container: 11f9e83a-4e0f-48fc-b654-bbb8ea7e9a8f]  INFO WorkflowCallbackService Successfully created the Axis2 service for Proxy service : WorkflowCallbackService
2023-11-16T08:41:01,966 [-] [Framework Event Dispatcher: Equinox Container: 5e29cdc1-32f2-4a80-9668-7bdbd3168239]  INFO WorkflowCallbackService Building Axis service for Proxy service : WorkflowCallbackService
2023-11-16T08:41:01,975 [-] [Framework Event Dispatcher: Equinox Container: 5e29cdc1-32f2-4a80-9668-7bdbd3168239]  INFO WorkflowCallbackService Adding service WorkflowCallbackService to the Axis2 configuration
2023-11-16T08:41:01,976 [-] [Framework Event Dispatcher: Equinox Container: 5e29cdc1-32f2-4a80-9668-7bdbd3168239]  INFO WorkflowCallbackService Successfully created the Axis2 service for Proxy service : WorkflowCallbackService
2023-11-24T11:18:31,222 [-] [Framework Event Dispatcher: Equinox Container: 5e26afa8-9ea6-4180-a044-bb01b0cda3d3]  INFO WorkflowCallbackService Building Axis service for Proxy service : WorkflowCallbackService
2023-11-24T11:18:31,237 [-] [Framework Event Dispatcher: Equinox Container: 5e26afa8-9ea6-4180-a044-bb01b0cda3d3]  INFO WorkflowCallbackService Adding service WorkflowCallbackService to the Axis2 configuration
2023-11-24T11:18:31,237 [-] [Framework Event Dispatcher: Equinox Container: 5e26afa8-9ea6-4180-a044-bb01b0cda3d3]  INFO WorkflowCallbackService Successfully created the Axis2 service for Proxy service : WorkflowCallbackService
2023-11-25T08:28:21,851 [-] [Framework Event Dispatcher: Equinox Container: 6ee4a35e-2cca-4ffa-9b1e-510a8609569d]  INFO WorkflowCallbackService Building Axis service for Proxy service : WorkflowCallbackService
2023-11-25T08:28:21,864 [-] [Framework Event Dispatcher: Equinox Container: 6ee4a35e-2cca-4ffa-9b1e-510a8609569d]  INFO WorkflowCallbackService Adding service WorkflowCallbackService to the Axis2 configuration
2023-11-25T08:28:21,865 [-] [Framework Event Dispatcher: Equinox Container: 6ee4a35e-2cca-4ffa-9b1e-510a8609569d]  INFO WorkflowCallbackService Successfully created the Axis2 service for Proxy service : WorkflowCallbackService
2023-11-25T08:33:08,626 [-] [Framework Event Dispatcher: Equinox Container: 3aefaecb-bdf4-431b-a6b1-7039816749a4]  INFO WorkflowCallbackService Building Axis service for Proxy service : WorkflowCallbackService
2023-11-25T08:33:08,633 [-] [Framework Event Dispatcher: Equinox Container: 3aefaecb-bdf4-431b-a6b1-7039816749a4]  INFO WorkflowCallbackService Adding service WorkflowCallbackService to the Axis2 configuration
2023-11-25T08:33:08,634 [-] [Framework Event Dispatcher: Equinox Container: 3aefaecb-bdf4-431b-a6b1-7039816749a4]  INFO WorkflowCallbackService Successfully created the Axis2 service for Proxy service : WorkflowCallbackService
2023-11-25T08:47:17,631 [-] [Framework Event Dispatcher: Equinox Container: e9c35780-42e9-4cd0-8f72-ba412efc4747]  INFO WorkflowCallbackService Building Axis service for Proxy service : WorkflowCallbackService
2023-11-25T08:47:17,653 [-] [Framework Event Dispatcher: Equinox Container: e9c35780-42e9-4cd0-8f72-ba412efc4747]  INFO WorkflowCallbackService Adding service WorkflowCallbackService to the Axis2 configuration
2023-11-25T08:47:17,655 [-] [Framework Event Dispatcher: Equinox Container: e9c35780-42e9-4cd0-8f72-ba412efc4747]  INFO WorkflowCallbackService Successfully created the Axis2 service for Proxy service : WorkflowCallbackService
2023-12-05T08:34:26,005 [-] [Framework Event Dispatcher: Equinox Container: 0744e710-0969-48e5-986c-184f3fe14e4c]  INFO WorkflowCallbackService Building Axis service for Proxy service : WorkflowCallbackService
2023-12-05T08:34:26,009 [-] [Framework Event Dispatcher: Equinox Container: 0744e710-0969-48e5-986c-184f3fe14e4c]  INFO WorkflowCallbackService Adding service WorkflowCallbackService to the Axis2 configuration
2023-12-05T08:34:26,010 [-] [Framework Event Dispatcher: Equinox Container: 0744e710-0969-48e5-986c-184f3fe14e4c]  INFO WorkflowCallbackService Successfully created the Axis2 service for Proxy service : WorkflowCallbackService
2023-12-11T15:44:23,703 [-] [Framework Event Dispatcher: Equinox Container: 198e0ba0-bcca-4129-8c35-c43f78c6e1ea]  INFO WorkflowCallbackService Building Axis service for Proxy service : WorkflowCallbackService
2023-12-11T15:44:23,709 [-] [Framework Event Dispatcher: Equinox Container: 198e0ba0-bcca-4129-8c35-c43f78c6e1ea]  INFO WorkflowCallbackService Adding service WorkflowCallbackService to the Axis2 configuration
2023-12-11T15:44:23,710 [-] [Framework Event Dispatcher: Equinox Container: 198e0ba0-bcca-4129-8c35-c43f78c6e1ea]  INFO WorkflowCallbackService Successfully created the Axis2 service for Proxy service : WorkflowCallbackService
2023-12-12T08:52:37,456 [-] [Framework Event Dispatcher: Equinox Container: dcb50781-34d9-4c22-af8b-805dfa20b03e]  INFO WorkflowCallbackService Building Axis service for Proxy service : WorkflowCallbackService
2023-12-12T08:52:37,468 [-] [Framework Event Dispatcher: Equinox Container: dcb50781-34d9-4c22-af8b-805dfa20b03e]  INFO WorkflowCallbackService Adding service WorkflowCallbackService to the Axis2 configuration
2023-12-12T08:52:37,470 [-] [Framework Event Dispatcher: Equinox Container: dcb50781-34d9-4c22-af8b-805dfa20b03e]  INFO WorkflowCallbackService Successfully created the Axis2 service for Proxy service : WorkflowCallbackService
