TID: [2023-11-15 15:56:23,668]  INFO {org.wso2.config.mapper.ConfigParser} - Configurations Changed in :repository/resources/security/listenerprofiles.xml {org.wso2.config.mapper.ConfigParser}
TID: [2023-11-15 15:56:23,668]  INFO {org.wso2.config.mapper.ConfigParser} - Configurations Changed in :repository/resources/security/sslprofiles.xml {org.wso2.config.mapper.ConfigParser}
TID: [2023-11-15 15:56:23,668]  INFO {org.wso2.config.mapper.ConfigParser} - Overriding files in configuration directory /home/server/Documents/HieuNMe/wso2am-4.1.0 {org.wso2.config.mapper.ConfigParser}
TID: [-1234] [] [2023-11-15 15:56:54,613]  INFO {org.wso2.carbon.core.internal.CarbonCoreActivator} - Starting WSO2 Carbon...
TID: [-1234] [] [2023-11-15 15:56:54,614]  INFO {org.wso2.carbon.core.internal.CarbonCoreActivator} - Operating System : Linux 5.15.0-56-generic, amd64
TID: [-1234] [] [2023-11-15 15:56:54,615]  INFO {org.wso2.carbon.core.internal.CarbonCoreActivator} - Java Home        : /opt/java/jdk1.8.0_301/jre
TID: [-1234] [] [2023-11-15 15:56:54,615]  INFO {org.wso2.carbon.core.internal.CarbonCoreActivator} - Java Version     : 1.8.0_301
TID: [-1234] [] [2023-11-15 15:56:54,615]  INFO {org.wso2.carbon.core.internal.CarbonCoreActivator} - Java VM          : Java HotSpot(TM) 64-Bit Server VM 25.301-b09,Oracle Corporation
TID: [-1234] [] [2023-11-15 15:56:54,615]  INFO {org.wso2.carbon.core.internal.CarbonCoreActivator} - Carbon Home      : /home/server/Documents/HieuNMe/wso2am-4.1.0
TID: [-1234] [] [2023-11-15 15:56:54,615]  INFO {org.wso2.carbon.core.internal.CarbonCoreActivator} - Java Temp Dir    : /home/server/Documents/HieuNMe/wso2am-4.1.0/tmp
TID: [-1234] [] [2023-11-15 15:56:54,616]  INFO {org.wso2.carbon.core.internal.CarbonCoreActivator} - User             : server, en-US, Asia/Ho_Chi_Minh
TID: [-1234] [] [2023-11-15 15:56:55,466]  INFO {org.wso2.carbon.crypto.provider.internal.DefaultCryptoProviderComponent} - 'CryptoService.Secret' property has not been set. 'org.wso2.carbon.crypto.provider.SymmetricKeyInternalCryptoProvider' won't be registered as an internal crypto provider. Please set the secret if the provider needs to be registered.
TID: [-1234] [] [2023-11-15 15:56:56,959]  INFO {org.wso2.carbon.event.output.adapter.kafka.internal.ds.KafkaEventAdapterServiceDS} - Successfully deployed the Kafka output event adaptor service
TID: [-1234] [] [2023-11-15 15:56:57,630]  INFO {org.wso2.carbon.event.template.manager.core.internal.ds.TemplateDeployerServiceTrackerDS} - Successfully deployed the execution manager tracker service
TID: [-1234] [] [2023-11-15 15:57:04,482]  INFO {org.wso2.carbon.apimgt.eventing.hub.internal.ServiceComponent} - Eventing Hub ServiceComponent is activated
TID: [-1234] [] [2023-11-15 15:57:07,031]  WARN {org.apache.tomcat.util.digester.Digester} - Match [Server/Service/Engine/Host/Valve] failed to set property [maxDays] to []
TID: [-1234] [] [2023-11-15 15:57:11,647]  INFO {org.wso2.carbon.consent.mgt.core.internal.ConsentManagerComponent} - ConsentManagerComponent is activated.
TID: [-1234] [] [2023-11-15 15:57:12,373]  INFO {org.wso2.carbon.databridge.receiver.binary.internal.BinaryDataReceiverServiceComponent} - Binary Data Receiver server activated
TID: [-1234] [] [2023-11-15 15:57:12,425]  INFO {org.wso2.carbon.databridge.core.internal.DataBridgeDS} - Successfully deployed Agent Server 
TID: [-1234] [] [2023-11-15 15:57:14,202]  INFO {org.wso2.carbon.registry.core.jdbc.EmbeddedRegistryService} - Configured Registry in 343ms
TID: [-1234] [] [2023-11-15 15:57:14,404]  INFO {org.wso2.carbon.registry.core.jdbc.EmbeddedRegistryService} - Connected to mount at configregistry in 40ms
TID: [-1234] [] [2023-11-15 15:57:14,405]  INFO {org.wso2.carbon.registry.core.jdbc.EmbeddedRegistryService} - Connected to mount at govregistry in 41ms
TID: [-1234] [] [2023-11-15 15:57:14,665]  INFO {org.wso2.carbon.registry.core.jdbc.EmbeddedRegistryService} - Connected to mount at configregistry in 2ms
TID: [-1234] [] [2023-11-15 15:57:14,666]  INFO {org.wso2.carbon.registry.core.jdbc.EmbeddedRegistryService} - Connected to mount at govregistry in 2ms
TID: [-1234] [] [2023-11-15 15:57:14,681]  INFO {org.wso2.carbon.registry.core.internal.RegistryCoreServiceComponent} - Registry Mode    : READ-WRITE
TID: [-1234] [] [2023-11-15 15:57:15,557]  INFO {org.wso2.carbon.metrics.impl.util.JmxReporterBuilder} - Creating JMX reporter for Metrics with domain 'org.wso2.carbon.metrics'
TID: [-1234] [] [2023-11-15 15:57:15,592]  INFO {org.wso2.carbon.metrics.impl.reporter.AbstractReporter} - Started JMX reporter for Metrics
TID: [-1234] [] [2023-11-15 15:57:27,633]  INFO {org.wso2.carbon.registry.indexing.solr.SolrClient} - Default Embedded Solr Server Initialized
TID: [-1234] [] [2023-11-15 15:57:29,061]  INFO {org.wso2.carbon.user.core.internal.UserStoreMgtDSComponent} - Carbon UserStoreMgtDSComponent activated successfully.
TID: [-1234] [] [2023-11-15 15:57:39,373]  INFO {org.wso2.carbon.identity.user.store.configuration.deployer.UserStoreConfigurationDeployer} - User Store Configuration Deployer initiated.
TID: [-1234] [] [2023-11-15 15:57:39,374]  INFO {org.wso2.carbon.identity.user.store.configuration.deployer.UserStoreConfigurationDeployer} - User Store Configuration Deployer initiated.
TID: [-1234] [] [2023-11-15 15:57:44,441]  INFO {org.wso2.carbon.websocket.transport.WebsocketTransportSender} - WSS Sender started
TID: [-1234] [] [2023-11-15 15:57:44,451]  INFO {org.apache.synapse.transport.passthru.PassThroughHttpSender} - Initializing Pass-through HTTP/S Sender...
TID: [-1234] [] [2023-11-15 15:57:44,668]  INFO {org.apache.synapse.transport.passthru.PassThroughHttpSender} - Pass-through HTTP Sender started...
TID: [-1234] [] [2023-11-15 15:57:44,668]  INFO {org.apache.synapse.transport.passthru.PassThroughHttpSSLSender} - Initializing Pass-through HTTP/S Sender...
TID: [-1234] [] [2023-11-15 15:57:44,694]  INFO {org.apache.synapse.transport.nhttp.config.ClientConnFactoryBuilder} - customSSLProfiles configuration is loaded from path: /home/server/Documents/HieuNMe/wso2am-4.1.0/repository/resources/security/sslprofiles.xml
TID: [-1234] [] [2023-11-15 15:57:44,695]  INFO {org.apache.synapse.transport.nhttp.config.ClientConnFactoryBuilder} - HTTPS Loading custom SSL profiles for the HTTPS sender
TID: [-1234] [] [2023-11-15 15:57:44,707]  INFO {org.apache.synapse.transport.nhttp.config.ClientConnFactoryBuilder} - HTTPS Custom SSL profiles initialized for 1 servers
TID: [-1234] [] [2023-11-15 15:57:44,709]  INFO {org.apache.synapse.transport.passthru.PassThroughHttpSSLSender} - Pass-through HTTPS Sender started...
TID: [-1234] [] [2023-11-15 15:57:44,748]  INFO {org.wso2.carbon.websocket.transport.WebsocketTransportSender} - WS Sender started
TID: [-1234] [] [2023-11-15 15:57:44,805]  INFO {org.apache.synapse.transport.passthru.PassThroughHttpListener} - Initializing Pass-through HTTP/S Listener...
TID: [-1234] [] [2023-11-15 15:57:44,923]  INFO {org.apache.synapse.transport.passthru.PassThroughHttpMultiSSLListener} - Initializing Pass-through HTTP/S Listener...
TID: [-1234] [] [2023-11-15 15:57:44,945]  INFO {org.apache.synapse.transport.nhttp.config.ServerConnFactoryBuilder} - SSLProfile configuration is loaded from path: /home/server/Documents/HieuNMe/wso2am-4.1.0/repository/resources/security/listenerprofiles.xml
TID: [-1234] [] [2023-11-15 15:57:49,068]  INFO {org.wso2.carbon.core.deployment.DeploymentInterceptor} - Deploying Axis2 service: I18nEmailMgtConfigService {super-tenant}
TID: [-1234] [] [2023-11-15 15:57:55,332]  INFO {org.wso2.carbon.core.deployment.DeploymentInterceptor} - Deploying Axis2 service: AccountCredentialMgtConfigService {super-tenant}
TID: [-1234] [] [2023-11-15 15:57:55,335]  INFO {org.wso2.carbon.core.deployment.DeploymentInterceptor} - Deploying Axis2 service: UserIdentityManagementAdminService {super-tenant}
TID: [-1234] [] [2023-11-15 15:57:55,338]  INFO {org.wso2.carbon.core.deployment.DeploymentInterceptor} - Deploying Axis2 service: UserInformationRecoveryService {super-tenant}
TID: [-1234] [] [2023-11-15 15:58:04,920]  INFO {org.wso2.carbon.core.init.CarbonServerManager} - Repository       : /home/server/Documents/HieuNMe/wso2am-4.1.0/repository/deployment/server/
TID: [-1234] [] [2023-11-15 15:58:04,931]  INFO {org.wso2.carbon.event.input.adapter.kafka.internal.ds.KafkaEventAdapterServiceHolder} - Kafka input event adaptor waiting for dependent configurations to load
TID: [-1234] [] [2023-11-15 15:58:04,982]  INFO {org.wso2.carbon.andes.core.internal.ds.QueueManagerServiceDS} - Successfully created the queue manager service
TID: [-1234] [] [2023-11-15 15:58:04,997]  INFO {org.wso2.carbon.andes.core.internal.ds.SubscriptionManagerServiceDS} - Successfully created the subscription manager service
TID: [-1234] [] [2023-11-15 15:58:05,224]  INFO {org.wso2.carbon.apimgt.persistence.internal.PersistenceManagerComponent} - Activating PersistenceManagerComponent 
TID: [-1234] [] [2023-11-15 15:58:05,342]  INFO {org.wso2.carbon.core.multitenancy.eager.TenantLoadingConfig} - Using tenant lazy loading policy...
TID: [-1234] [] [2023-11-15 15:58:05,418]  INFO {org.wso2.carbon.core.internal.permission.update.PermissionUpdater} - Permission cache updated for tenant -1234
TID: [-1234] [] [2023-11-15 15:58:08,060]  WARN {org.wso2.carbon.identity.application.mgt.internal.ApplicationManagementServiceComponent} - Templates directory not found at /home/server/Documents/HieuNMe/wso2am-4.1.0/repository/resources/identity/authntemplates
TID: [-1234] [] [2023-11-15 15:58:10,920]  INFO {org.wso2.carbon.user.core.internal.UserStoreMgtDSComponent} - Claim manager set for class org.wso2.carbon.user.core.common.DefaultRealm
TID: [-1234] [] [2023-11-15 15:58:10,936]  INFO {org.wso2.carbon.user.core.internal.UserStoreMgtDSComponent} - Claim manager set for class org.wso2.carbon.user.core.jdbc.UniqueIDJDBCUserStoreManager
TID: [-1234] [] [2023-11-15 15:58:11,624]  INFO {org.wso2.carbon.identity.entitlement.internal.SchemaBuilder} - XACML policy schema loaded successfully.
TID: [-1234] [] [2023-11-15 15:58:13,979]  INFO {org.wso2.carbon.identity.oauth.config.OAuthServerConfiguration} - The default OAuth token issuer will be used. No custom token generator is set.
TID: [-1234] [] [2023-11-15 15:58:18,249]  INFO {org.wso2.carbon.apimgt.common.jms.factory.JMSConnectionFactory} - JMS ConnectionFactory : Siddhi-JMS-Consumer initialized
TID: [-1234] [] [2023-11-15 15:58:18,482]  INFO {org.wso2.carbon.apimgt.common.jms.factory.JMSConnectionFactory} - JMS ConnectionFactory : Siddhi-JMS-Consumer initialized
TID: [-1234] [] [2023-11-15 15:58:20,640]  INFO {org.wso2.carbon.identity.application.authentication.framework.store.SessionDataStore} - Thread pool size for temporary authentication context data delete task: 20
TID: [-1234] [] [2023-11-15 15:58:25,791]  INFO {org.wso2.carbon.mediation.initializer.ServiceBusInitializer} - Starting ESB...
TID: [-1234] [] [2023-11-15 15:58:25,876]  INFO {org.wso2.carbon.mediation.initializer.ServiceBusInitializer} - Initializing Apache Synapse...
TID: [-1234] [] [2023-11-15 15:58:25,932]  INFO {org.apache.synapse.SynapseControllerFactory} - Using Synapse home : /home/server/Documents/HieuNMe/wso2am-4.1.0/.
TID: [-1234] [] [2023-11-15 15:58:25,933]  INFO {org.apache.synapse.SynapseControllerFactory} - Using synapse.xml location : /home/server/Documents/HieuNMe/wso2am-4.1.0/././repository/deployment/server/synapse-configs/default
TID: [-1234] [] [2023-11-15 15:58:25,933]  INFO {org.apache.synapse.SynapseControllerFactory} - Using server name : localhost
TID: [-1234] [] [2023-11-15 15:58:26,090]  INFO {org.apache.synapse.SynapseControllerFactory} - The timeout handler will run every : 15s
TID: [-1234] [] [2023-11-15 15:58:26,235]  INFO {org.apache.synapse.Axis2SynapseController} - Initializing Synapse at : Wed Nov 15 15:58:26 ICT 2023
TID: [-1234] [] [2023-11-15 15:58:26,295]  INFO {org.wso2.carbon.mediation.initializer.CarbonSynapseController} - Loading the mediation configuration from the file system
TID: [-1234] [] [2023-11-15 15:58:26,313]  INFO {org.apache.synapse.config.xml.MultiXMLConfigurationBuilder} - Building synapse configuration from the synapse artifact repository at : ././repository/deployment/server/synapse-configs/default
TID: [-1234] [] [2023-11-15 15:58:26,316]  INFO {org.apache.synapse.config.xml.XMLConfigurationBuilder} - Generating the Synapse configuration model by parsing the XML configuration
TID: [-1234] [] [2023-11-15 15:58:26,897]  INFO {org.wso2.carbon.mediation.dependency.mgt.DependencyTracker} - Sequence : _resource_mismatch_handler_ was added to the Synapse configuration successfully
TID: [-1234] [] [2023-11-15 15:58:27,024]  INFO {org.wso2.carbon.mediation.dependency.mgt.DependencyTracker} - Sequence : _opa_policy_failure_handler_ was added to the Synapse configuration successfully
TID: [-1234] [] [2023-11-15 15:58:27,114]  INFO {org.wso2.carbon.mediation.dependency.mgt.DependencyTracker} - Sequence : fault was added to the Synapse configuration successfully
TID: [-1234] [] [2023-11-15 15:58:27,247]  INFO {org.wso2.carbon.mediation.dependency.mgt.DependencyTracker} - Sequence : dispatchSeq was added to the Synapse configuration successfully
TID: [-1234] [] [2023-11-15 15:58:27,276]  INFO {org.wso2.carbon.mediation.dependency.mgt.DependencyTracker} - Sequence : _graphql_failure_handler was added to the Synapse configuration successfully
TID: [-1234] [] [2023-11-15 15:58:27,313]  INFO {org.wso2.carbon.mediation.dependency.mgt.DependencyTracker} - Sequence : _backend_failure_handler_ was added to the Synapse configuration successfully
TID: [-1234] [] [2023-11-15 15:58:27,369]  INFO {org.wso2.carbon.mediation.dependency.mgt.DependencyTracker} - Sequence : _api_blocked_sequence_ was added to the Synapse configuration successfully
TID: [-1234] [] [2023-11-15 15:58:27,428]  INFO {org.wso2.carbon.mediation.dependency.mgt.DependencyTracker} - Sequence : _throttle_out_handler_ was added to the Synapse configuration successfully
TID: [-1234] [] [2023-11-15 15:58:27,535]  INFO {org.wso2.carbon.mediation.dependency.mgt.DependencyTracker} - Sequence : webhooksFaultSequence was added to the Synapse configuration successfully
TID: [-1234] [] [2023-11-15 15:58:27,537]  INFO {org.wso2.carbon.mediation.dependency.mgt.DependencyTracker} - Sequence : _sandbox_key_error_ was added to the Synapse configuration successfully
TID: [-1234] [] [2023-11-15 15:58:27,600]  INFO {org.wso2.carbon.mediation.dependency.mgt.DependencyTracker} - Sequence : _auth_failure_handler_ was added to the Synapse configuration successfully
TID: [-1234] [] [2023-11-15 15:58:27,713]  INFO {org.wso2.carbon.mediation.dependency.mgt.DependencyTracker} - Sequence : main was added to the Synapse configuration successfully
TID: [-1234] [] [2023-11-15 15:58:27,726]  INFO {org.wso2.carbon.mediation.dependency.mgt.DependencyTracker} - Sequence : _build_ was added to the Synapse configuration successfully
TID: [-1234] [] [2023-11-15 15:58:27,755]  INFO {org.wso2.carbon.mediation.dependency.mgt.DependencyTracker} - Sequence : _token_fault_ was added to the Synapse configuration successfully
TID: [-1234] [] [2023-11-15 15:58:27,772]  INFO {org.wso2.carbon.mediation.dependency.mgt.DependencyTracker} - Sequence : _cors_request_handler_ was added to the Synapse configuration successfully
TID: [-1234] [] [2023-11-15 15:58:27,835]  INFO {org.wso2.carbon.mediation.dependency.mgt.DependencyTracker} - Sequence : _threat_fault_ was added to the Synapse configuration successfully
TID: [-1234] [] [2023-11-15 15:58:27,838]  INFO {org.wso2.carbon.mediation.dependency.mgt.DependencyTracker} - Sequence : _production_key_error_ was added to the Synapse configuration successfully
TID: [-1234] [] [2023-11-15 15:58:27,840]  INFO {org.wso2.carbon.mediation.dependency.mgt.DependencyTracker} - Sequence : outDispatchSeq was added to the Synapse configuration successfully
TID: [-1234] [] [2023-11-15 15:58:27,955]  INFO {org.wso2.carbon.mediation.dependency.mgt.DependencyTracker} - Proxy service : WorkflowCallbackService was added to the Synapse configuration successfully
TID: [-1234] [] [2023-11-15 15:58:28,123]  INFO {org.wso2.carbon.mediation.dependency.mgt.DependencyTracker} - API : _OpenService_ was added to the Synapse configuration successfully
TID: [-1234] [] [2023-11-15 15:58:28,222]  INFO {org.wso2.carbon.mediation.dependency.mgt.DependencyTracker} - Inbound Endpoint : WebSocketInboundEndpoint was added to the Synapse configuration successfully
TID: [-1234] [] [2023-11-15 15:58:28,225]  INFO {org.wso2.carbon.mediation.dependency.mgt.DependencyTracker} - Inbound Endpoint : SecureWebhookServer was added to the Synapse configuration successfully
TID: [-1234] [] [2023-11-15 15:58:28,228]  INFO {org.wso2.carbon.mediation.dependency.mgt.DependencyTracker} - Inbound Endpoint : SecureWebSocketEP was added to the Synapse configuration successfully
TID: [-1234] [] [2023-11-15 15:58:28,232]  INFO {org.wso2.carbon.mediation.dependency.mgt.DependencyTracker} - Inbound Endpoint : WebhookServer was added to the Synapse configuration successfully
TID: [-1234] [] [2023-11-15 15:58:28,233]  INFO {org.apache.synapse.config.SynapseConfigurationBuilder} - Loaded Synapse configuration from the artifact repository at : ././repository/deployment/server/synapse-configs/default
TID: [-1234] [] [2023-11-15 15:58:28,237]  INFO {org.wso2.carbon.mediation.dependency.mgt.DependencyTracker} - Local entry : SERVER_HOST was added to the Synapse configuration successfully
TID: [-1234] [] [2023-11-15 15:58:28,238]  INFO {org.wso2.carbon.mediation.dependency.mgt.DependencyTracker} - Local entry : SERVER_IP was added to the Synapse configuration successfully
TID: [-1234] [] [2023-11-15 15:58:28,462]  INFO {org.apache.synapse.Axis2SynapseController} - Loading mediator extensions...
TID: [-1234] [] [2023-11-15 15:58:29,047]  INFO {org.wso2.carbon.core.deployment.DeploymentInterceptor} - Deploying Axis2 service: echo {super-tenant}
TID: [-1234] [] [2023-11-15 15:58:29,204]  INFO {org.wso2.carbon.core.deployment.DeploymentInterceptor} - Deploying Axis2 service: Version {super-tenant}
TID: [-1234] [] [2023-11-15 15:58:29,275]  INFO {org.wso2.carbon.event.stream.core.EventStreamDeployer} - Stream definition is deployed successfully  : cache.invalidation.stream:1.0.0
TID: [-1234] [] [2023-11-15 15:58:29,278]  INFO {org.wso2.carbon.event.stream.core.EventStreamDeployer} - Stream definition is deployed successfully  : id_gov_notify_stream:1.0.0
TID: [-1234] [] [2023-11-15 15:58:29,280]  INFO {org.wso2.carbon.event.stream.core.EventStreamDeployer} - Stream definition is deployed successfully  : org.wso2.apimgt.cache.invalidation.stream:1.0.0
TID: [-1234] [] [2023-11-15 15:58:29,284]  INFO {org.wso2.carbon.event.stream.core.EventStreamDeployer} - Stream definition is deployed successfully  : org.wso2.apimgt.keymgt.stream:1.0.0
TID: [-1234] [] [2023-11-15 15:58:29,287]  INFO {org.wso2.carbon.event.stream.core.EventStreamDeployer} - Stream definition is deployed successfully  : org.wso2.apimgt.notification.stream:1.0.0
TID: [-1234] [] [2023-11-15 15:58:29,289]  INFO {org.wso2.carbon.event.stream.core.EventStreamDeployer} - Stream definition is deployed successfully  : org.wso2.apimgt.recommendation.event.stream:1.0.0
TID: [-1234] [] [2023-11-15 15:58:29,291]  INFO {org.wso2.carbon.event.stream.core.EventStreamDeployer} - Stream definition is deployed successfully  : org.wso2.apimgt.token.revocation.stream:1.0.0
TID: [-1234] [] [2023-11-15 15:58:29,296]  INFO {org.wso2.carbon.event.stream.core.EventStreamDeployer} - Stream definition is deployed successfully  : org.wso2.apimgt.webhooks.request.stream:1.0.0
TID: [-1234] [] [2023-11-15 15:58:29,298]  INFO {org.wso2.carbon.event.stream.core.EventStreamDeployer} - Stream definition is deployed successfully  : org.wso2.blocking.request.stream:1.0.0
TID: [-1234] [] [2023-11-15 15:58:29,300]  INFO {org.wso2.carbon.event.stream.core.EventStreamDeployer} - Stream definition is deployed successfully  : org.wso2.botDetectionData.request.stream:1.0.0
TID: [-1234] [] [2023-11-15 15:58:29,302]  INFO {org.wso2.carbon.event.stream.core.EventStreamDeployer} - Stream definition is deployed successfully  : org.wso2.keytemplate.request.stream:1.0.0
TID: [-1234] [] [2023-11-15 15:58:29,304]  INFO {org.wso2.carbon.event.stream.core.EventStreamDeployer} - Stream definition is deployed successfully  : org.wso2.throttle.globalThrottle.stream:1.0.0
TID: [-1234] [] [2023-11-15 15:58:29,306]  INFO {org.wso2.carbon.event.stream.core.EventStreamDeployer} - Stream definition is deployed successfully  : org.wso2.throttle.globalThrottle.stream:1.1.0
TID: [-1234] [] [2023-11-15 15:58:29,309]  INFO {org.wso2.carbon.event.stream.core.EventStreamDeployer} - Stream definition is deployed successfully  : org.wso2.throttle.processed.request.stream:1.0.0
TID: [-1234] [] [2023-11-15 15:58:29,312]  INFO {org.wso2.carbon.event.stream.core.EventStreamDeployer} - Stream definition is deployed successfully  : org.wso2.throttle.request.stream:1.0.0
TID: [-1234] [] [2023-11-15 15:58:29,351]  INFO {org.wso2.carbon.event.stream.core.internal.EventJunction} - WSO2EventConsumer added to the junction. Stream:id_gov_notify_stream:1.0.0
TID: [-1234] [] [2023-11-15 15:58:29,388]  INFO {org.wso2.carbon.event.publisher.core.EventPublisherDeployer} - Event Publisher configuration successfully deployed and in active state : EmailPublisher
TID: [-1234] [] [2023-11-15 15:58:29,400]  INFO {org.wso2.carbon.event.stream.core.internal.EventJunction} - WSO2EventConsumer added to the junction. Stream:org.wso2.apimgt.recommendation.event.stream:1.0.0
TID: [-1234] [] [2023-11-15 15:58:29,406]  INFO {org.wso2.carbon.event.publisher.core.EventPublisherDeployer} - Event Publisher configuration successfully deployed and in active state : HTTP-recommendationEventPublisher
TID: [-1234] [] [2023-11-15 15:58:29,409]  INFO {org.wso2.carbon.event.stream.core.internal.EventJunction} - WSO2EventConsumer added to the junction. Stream:org.wso2.apimgt.webhooks.request.stream:1.0.0
TID: [-1234] [] [2023-11-15 15:58:29,457]  INFO {org.wso2.carbon.event.publisher.core.EventPublisherDeployer} - Event Publisher configuration successfully deployed and in active state : asyncWebhooksEventPublisher
TID: [-1234] [] [2023-11-15 15:58:29,461]  INFO {org.wso2.carbon.event.stream.core.internal.EventJunction} - WSO2EventConsumer added to the junction. Stream:org.wso2.apimgt.webhooks.request.stream:1.0.0
TID: [-1234] [] [2023-11-15 15:58:29,461]  INFO {org.wso2.carbon.event.publisher.core.EventPublisherDeployer} - Event Publisher configuration successfully deployed and in active state : asyncWebhooksEventPublisher2
TID: [-1234] [] [2023-11-15 15:58:29,465]  INFO {org.wso2.carbon.event.stream.core.internal.EventJunction} - WSO2EventConsumer added to the junction. Stream:org.wso2.apimgt.webhooks.request.stream:1.0.0
TID: [-1234] [] [2023-11-15 15:58:29,465]  INFO {org.wso2.carbon.event.publisher.core.EventPublisherDeployer} - Event Publisher configuration successfully deployed and in active state : asyncWebhooksEventPublisher-1.0.0
TID: [-1234] [] [2023-11-15 15:58:29,467]  INFO {org.wso2.carbon.event.stream.core.internal.EventJunction} - WSO2EventConsumer added to the junction. Stream:org.wso2.apimgt.webhooks.request.stream:1.0.0
TID: [-1234] [] [2023-11-15 15:58:29,468]  INFO {org.wso2.carbon.event.publisher.core.EventPublisherDeployer} - Event Publisher configuration successfully deployed and in active state : asyncWebhooksEventPublisher-1.0.0-2
TID: [-1234] [] [2023-11-15 15:58:29,471]  INFO {org.wso2.carbon.event.stream.core.internal.EventJunction} - WSO2EventConsumer added to the junction. Stream:org.wso2.blocking.request.stream:1.0.0
TID: [-1234] [] [2023-11-15 15:58:29,472]  INFO {org.wso2.carbon.event.publisher.core.EventPublisherDeployer} - Event Publisher configuration successfully deployed and in active state : blockingEventJMSPublisher
TID: [-1234] [] [2023-11-15 15:58:29,475]  INFO {org.wso2.carbon.event.stream.core.internal.EventJunction} - WSO2EventConsumer added to the junction. Stream:org.wso2.apimgt.cache.invalidation.stream:1.0.0
TID: [-1234] [] [2023-11-15 15:58:29,475]  INFO {org.wso2.carbon.event.publisher.core.EventPublisherDeployer} - Event Publisher configuration successfully deployed and in active state : cacheInvalidationJMSPublisher
TID: [-1234] [] [2023-11-15 15:58:29,481]  INFO {org.wso2.carbon.event.stream.core.internal.EventJunction} - WSO2EventConsumer added to the junction. Stream:cache.invalidation.stream:1.0.0
TID: [-1234] [] [2023-11-15 15:58:29,481]  INFO {org.wso2.carbon.event.publisher.core.EventPublisherDeployer} - Event Publisher configuration successfully deployed and in active state : globalCacheInvalidationJMSPublisher
TID: [-1234] [] [2023-11-15 15:58:29,505]  INFO {org.wso2.carbon.event.stream.core.internal.EventJunction} - WSO2EventConsumer added to the junction. Stream:org.wso2.throttle.globalThrottle.stream:1.0.0
TID: [-1234] [] [2023-11-15 15:58:29,505]  INFO {org.wso2.carbon.event.publisher.core.EventPublisherDeployer} - Event Publisher configuration successfully deployed and in active state : jmsEventPublisher
TID: [-1234] [] [2023-11-15 15:58:29,507]  INFO {org.wso2.carbon.event.stream.core.internal.EventJunction} - WSO2EventConsumer added to the junction. Stream:org.wso2.throttle.globalThrottle.stream:1.0.0
TID: [-1234] [] [2023-11-15 15:58:29,507]  INFO {org.wso2.carbon.event.publisher.core.EventPublisherDeployer} - Event Publisher configuration successfully deployed and in active state : jmsEventPublisher2
TID: [-1234] [] [2023-11-15 15:58:29,512]  INFO {org.wso2.carbon.event.stream.core.internal.EventJunction} - WSO2EventConsumer added to the junction. Stream:org.wso2.throttle.globalThrottle.stream:1.1.0
TID: [-1234] [] [2023-11-15 15:58:29,512]  INFO {org.wso2.carbon.event.publisher.core.EventPublisherDeployer} - Event Publisher configuration successfully deployed and in active state : jmsEventPublisher-1.0.0
TID: [-1234] [] [2023-11-15 15:58:29,514]  INFO {org.wso2.carbon.event.stream.core.internal.EventJunction} - WSO2EventConsumer added to the junction. Stream:org.wso2.throttle.globalThrottle.stream:1.1.0
TID: [-1234] [] [2023-11-15 15:58:29,515]  INFO {org.wso2.carbon.event.publisher.core.EventPublisherDeployer} - Event Publisher configuration successfully deployed and in active state : jmsEventPublisher-1.0.0-2
TID: [-1234] [] [2023-11-15 15:58:29,519]  INFO {org.wso2.carbon.event.stream.core.internal.EventJunction} - WSO2EventConsumer added to the junction. Stream:org.wso2.keytemplate.request.stream:1.0.0
TID: [-1234] [] [2023-11-15 15:58:29,519]  INFO {org.wso2.carbon.event.publisher.core.EventPublisherDeployer} - Event Publisher configuration successfully deployed and in active state : keyTemplateEventPublisher
TID: [-1234] [] [2023-11-15 15:58:29,522]  INFO {org.wso2.carbon.event.stream.core.internal.EventJunction} - WSO2EventConsumer added to the junction. Stream:org.wso2.apimgt.keymgt.stream:1.0.0
TID: [-1234] [] [2023-11-15 15:58:29,523]  INFO {org.wso2.carbon.event.publisher.core.EventPublisherDeployer} - Event Publisher configuration successfully deployed and in active state : keymgtEventJMSEventPublisher
TID: [-1234] [] [2023-11-15 15:58:29,528]  INFO {org.wso2.carbon.event.stream.core.internal.EventJunction} - WSO2EventConsumer added to the junction. Stream:org.wso2.apimgt.notification.stream:1.0.0
TID: [-1234] [] [2023-11-15 15:58:29,528]  INFO {org.wso2.carbon.event.publisher.core.EventPublisherDeployer} - Event Publisher configuration successfully deployed and in active state : notificationJMSPublisher
TID: [-1234] [] [2023-11-15 15:58:29,531]  INFO {org.wso2.carbon.event.stream.core.internal.EventJunction} - WSO2EventConsumer added to the junction. Stream:org.wso2.apimgt.token.revocation.stream:1.0.0
TID: [-1234] [] [2023-11-15 15:58:29,532]  INFO {org.wso2.carbon.event.publisher.core.EventPublisherDeployer} - Event Publisher configuration successfully deployed and in active state : tokenRevocationJMSPublisher
TID: [-1234] [] [2023-11-15 15:58:29,533]  INFO {org.wso2.carbon.event.stream.core.internal.EventJunction} - WSO2EventConsumer added to the junction. Stream:org.wso2.apimgt.token.revocation.stream:1.0.0
TID: [-1234] [] [2023-11-15 15:58:29,534]  INFO {org.wso2.carbon.event.publisher.core.EventPublisherDeployer} - Event Publisher configuration successfully deployed and in active state : tokenRevocationJMSPublisher2
TID: [-1234] [] [2023-11-15 15:58:29,576]  INFO {org.wso2.carbon.event.input.adapter.core.internal.InputAdapterRuntime} - Connecting receiver blockingWso2EventReceiver
TID: [-1234] [] [2023-11-15 15:58:29,577]  INFO {org.wso2.carbon.event.stream.core.internal.EventJunction} - Producer added to the junction. Stream:org.wso2.blocking.request.stream:1.0.0
TID: [-1234] [] [2023-11-15 15:58:29,579]  INFO {org.wso2.carbon.event.receiver.core.EventReceiverDeployer} - Event Receiver configuration successfully deployed and in active state: blockingWso2EventReceiver
TID: [-1234] [] [2023-11-15 15:58:29,582]  INFO {org.wso2.carbon.event.input.adapter.core.internal.InputAdapterRuntime} - Connecting receiver cacheInvalidationRequestReceiver
TID: [-1234] [] [2023-11-15 15:58:29,582]  INFO {org.wso2.carbon.event.stream.core.internal.EventJunction} - Producer added to the junction. Stream:cache.invalidation.stream:1.0.0
TID: [-1234] [] [2023-11-15 15:58:29,582]  INFO {org.wso2.carbon.event.receiver.core.EventReceiverDeployer} - Event Receiver configuration successfully deployed and in active state: cacheInvalidationRequestReceiver
TID: [-1234] [] [2023-11-15 15:58:29,586]  INFO {org.wso2.carbon.event.input.adapter.core.internal.InputAdapterRuntime} - Connecting receiver cacheInvalidationWso2EventReceiver
TID: [-1234] [] [2023-11-15 15:58:29,586]  INFO {org.wso2.carbon.event.stream.core.internal.EventJunction} - Producer added to the junction. Stream:org.wso2.apimgt.cache.invalidation.stream:1.0.0
TID: [-1234] [] [2023-11-15 15:58:29,586]  INFO {org.wso2.carbon.event.receiver.core.EventReceiverDeployer} - Event Receiver configuration successfully deployed and in active state: cacheInvalidationWso2EventReceiver
TID: [-1234] [] [2023-11-15 15:58:29,588]  INFO {org.wso2.carbon.event.input.adapter.core.internal.InputAdapterRuntime} - Connecting receiver keyMgtWso2EventReceiver
TID: [-1234] [] [2023-11-15 15:58:29,588]  INFO {org.wso2.carbon.event.stream.core.internal.EventJunction} - Producer added to the junction. Stream:org.wso2.apimgt.keymgt.stream:1.0.0
TID: [-1234] [] [2023-11-15 15:58:29,588]  INFO {org.wso2.carbon.event.receiver.core.EventReceiverDeployer} - Event Receiver configuration successfully deployed and in active state: keyMgtWso2EventReceiver
TID: [-1234] [] [2023-11-15 15:58:29,590]  INFO {org.wso2.carbon.event.input.adapter.core.internal.InputAdapterRuntime} - Connecting receiver keyTemplateWso2EventReceiver
TID: [-1234] [] [2023-11-15 15:58:29,590]  INFO {org.wso2.carbon.event.stream.core.internal.EventJunction} - Producer added to the junction. Stream:org.wso2.keytemplate.request.stream:1.0.0
TID: [-1234] [] [2023-11-15 15:58:29,590]  INFO {org.wso2.carbon.event.receiver.core.EventReceiverDeployer} - Event Receiver configuration successfully deployed and in active state: keyTemplateWso2EventReceiver
TID: [-1234] [] [2023-11-15 15:58:29,592]  INFO {org.wso2.carbon.event.input.adapter.core.internal.InputAdapterRuntime} - Connecting receiver notificationsWSO2EventReceiver
TID: [-1234] [] [2023-11-15 15:58:29,593]  INFO {org.wso2.carbon.event.stream.core.internal.EventJunction} - Producer added to the junction. Stream:org.wso2.apimgt.notification.stream:1.0.0
TID: [-1234] [] [2023-11-15 15:58:29,593]  INFO {org.wso2.carbon.event.receiver.core.EventReceiverDeployer} - Event Receiver configuration successfully deployed and in active state: notificationsWSO2EventReceiver
TID: [-1234] [] [2023-11-15 15:58:29,597]  INFO {org.wso2.carbon.event.input.adapter.core.internal.InputAdapterRuntime} - Connecting receiver recommendationWso2EventReceiver
TID: [-1234] [] [2023-11-15 15:58:29,598]  INFO {org.wso2.carbon.event.stream.core.internal.EventJunction} - Producer added to the junction. Stream:org.wso2.apimgt.recommendation.event.stream:1.0.0
TID: [-1234] [] [2023-11-15 15:58:29,598]  INFO {org.wso2.carbon.event.receiver.core.EventReceiverDeployer} - Event Receiver configuration successfully deployed and in active state: recommendationWso2EventReceiver
TID: [-1234] [] [2023-11-15 15:58:29,642]  INFO {org.wso2.carbon.event.input.adapter.core.internal.InputAdapterRuntime} - Connecting receiver throttleEventReceiver
TID: [-1234] [] [2023-11-15 15:58:29,646]  INFO {org.wso2.carbon.event.stream.core.internal.EventJunction} - Producer added to the junction. Stream:org.wso2.throttle.request.stream:1.0.0
TID: [-1234] [] [2023-11-15 15:58:29,646]  INFO {org.wso2.carbon.event.receiver.core.EventReceiverDeployer} - Event Receiver configuration successfully deployed and in active state: throttleEventReceiver
TID: [-1234] [] [2023-11-15 15:58:29,649]  INFO {org.wso2.carbon.event.input.adapter.core.internal.InputAdapterRuntime} - Connecting receiver throttleWSO2EventReceiver
TID: [-1234] [] [2023-11-15 15:58:29,649]  INFO {org.wso2.carbon.event.stream.core.internal.EventJunction} - Producer added to the junction. Stream:org.wso2.throttle.request.stream:1.0.0
TID: [-1234] [] [2023-11-15 15:58:29,650]  INFO {org.wso2.carbon.event.receiver.core.EventReceiverDeployer} - Event Receiver configuration successfully deployed and in active state: throttleWSO2EventReceiver
TID: [-1234] [] [2023-11-15 15:58:29,653]  INFO {org.wso2.carbon.event.input.adapter.core.internal.InputAdapterRuntime} - Connecting receiver tokenRevocationWso2EventReceiver
TID: [-1234] [] [2023-11-15 15:58:29,654]  INFO {org.wso2.carbon.event.stream.core.internal.EventJunction} - Producer added to the junction. Stream:org.wso2.apimgt.token.revocation.stream:1.0.0
TID: [-1234] [] [2023-11-15 15:58:29,654]  INFO {org.wso2.carbon.event.receiver.core.EventReceiverDeployer} - Event Receiver configuration successfully deployed and in active state: tokenRevocationWso2EventReceiver
TID: [-1234] [] [2023-11-15 15:58:30,560]  INFO {org.wso2.carbon.event.stream.core.internal.EventJunction} - Producer added to the junction. Stream:org.wso2.throttle.processed.request.stream:1.0.0
TID: [-1234] [] [2023-11-15 15:58:30,588]  INFO {org.wso2.carbon.event.stream.core.internal.EventJunction} - Consumer added to the junction. Stream:org.wso2.throttle.request.stream:1.0.0
TID: [-1234] [] [2023-11-15 15:58:30,589]  INFO {org.wso2.carbon.event.processor.core.EventProcessorDeployer} - Execution plan is deployed successfully and in active state  : requestPreProcessorExecutionPlan
TID: [-1234] [] [2023-11-15 15:58:30,892]  INFO {org.wso2.carbon.event.stream.core.internal.EventJunction} - Producer added to the junction. Stream:org.wso2.throttle.globalThrottle.stream:1.0.0
TID: [-1234] [] [2023-11-15 15:58:30,892]  INFO {org.wso2.carbon.event.stream.core.internal.EventJunction} - Consumer added to the junction. Stream:org.wso2.throttle.processed.request.stream:1.0.0
TID: [-1234] [] [2023-11-15 15:58:30,892]  INFO {org.wso2.carbon.event.processor.core.EventProcessorDeployer} - Execution plan is deployed successfully and in active state  : carbon.super_app_10PerMin
TID: [-1234] [] [2023-11-15 15:58:31,102]  INFO {org.wso2.carbon.event.stream.core.internal.EventJunction} - Producer added to the junction. Stream:org.wso2.throttle.globalThrottle.stream:1.0.0
TID: [-1234] [] [2023-11-15 15:58:31,102]  INFO {org.wso2.carbon.event.stream.core.internal.EventJunction} - Consumer added to the junction. Stream:org.wso2.throttle.processed.request.stream:1.0.0
TID: [-1234] [] [2023-11-15 15:58:31,102]  INFO {org.wso2.carbon.event.processor.core.EventProcessorDeployer} - Execution plan is deployed successfully and in active state  : carbon.super_app_20PerMin
TID: [-1234] [] [2023-11-15 15:58:31,278]  INFO {org.wso2.carbon.event.stream.core.internal.EventJunction} - Producer added to the junction. Stream:org.wso2.throttle.globalThrottle.stream:1.0.0
TID: [-1234] [] [2023-11-15 15:58:31,278]  INFO {org.wso2.carbon.event.stream.core.internal.EventJunction} - Consumer added to the junction. Stream:org.wso2.throttle.processed.request.stream:1.0.0
TID: [-1234] [] [2023-11-15 15:58:31,278]  INFO {org.wso2.carbon.event.processor.core.EventProcessorDeployer} - Execution plan is deployed successfully and in active state  : carbon.super_app_50PerMin
TID: [-1234] [] [2023-11-15 15:58:31,479]  INFO {org.wso2.carbon.event.stream.core.internal.EventJunction} - Producer added to the junction. Stream:org.wso2.throttle.globalThrottle.stream:1.1.0
TID: [-1234] [] [2023-11-15 15:58:31,479]  INFO {org.wso2.carbon.event.stream.core.internal.EventJunction} - Consumer added to the junction. Stream:org.wso2.throttle.processed.request.stream:1.0.0
TID: [-1234] [] [2023-11-15 15:58:31,480]  INFO {org.wso2.carbon.event.processor.core.EventProcessorDeployer} - Execution plan is deployed successfully and in active state  : carbon.super_resource_10KPerMin_default
TID: [-1234] [] [2023-11-15 15:58:31,636]  INFO {org.wso2.carbon.event.stream.core.internal.EventJunction} - Producer added to the junction. Stream:org.wso2.throttle.globalThrottle.stream:1.1.0
TID: [-1234] [] [2023-11-15 15:58:31,636]  INFO {org.wso2.carbon.event.stream.core.internal.EventJunction} - Consumer added to the junction. Stream:org.wso2.throttle.processed.request.stream:1.0.0
TID: [-1234] [] [2023-11-15 15:58:31,637]  INFO {org.wso2.carbon.event.processor.core.EventProcessorDeployer} - Execution plan is deployed successfully and in active state  : carbon.super_resource_20KPerMin_default
TID: [-1234] [] [2023-11-15 15:58:31,940]  INFO {org.wso2.carbon.event.stream.core.internal.EventJunction} - Producer added to the junction. Stream:org.wso2.throttle.globalThrottle.stream:1.1.0
TID: [-1234] [] [2023-11-15 15:58:31,941]  INFO {org.wso2.carbon.event.stream.core.internal.EventJunction} - Consumer added to the junction. Stream:org.wso2.throttle.processed.request.stream:1.0.0
TID: [-1234] [] [2023-11-15 15:58:31,941]  INFO {org.wso2.carbon.event.processor.core.EventProcessorDeployer} - Execution plan is deployed successfully and in active state  : carbon.super_resource_50KPerMin_default
TID: [-1234] [] [2023-11-15 15:58:32,328]  INFO {org.wso2.carbon.event.stream.core.internal.EventJunction} - Producer added to the junction. Stream:org.wso2.throttle.globalThrottle.stream:1.0.0
TID: [-1234] [] [2023-11-15 15:58:32,328]  INFO {org.wso2.carbon.event.stream.core.internal.EventJunction} - Consumer added to the junction. Stream:org.wso2.throttle.processed.request.stream:1.0.0
TID: [-1234] [] [2023-11-15 15:58:32,328]  INFO {org.wso2.carbon.event.processor.core.EventProcessorDeployer} - Execution plan is deployed successfully and in active state  : carbon.super_sub_AsyncBronze
TID: [-1234] [] [2023-11-15 15:58:32,705]  INFO {org.wso2.carbon.event.stream.core.internal.EventJunction} - Producer added to the junction. Stream:org.wso2.throttle.globalThrottle.stream:1.0.0
TID: [-1234] [] [2023-11-15 15:58:32,705]  INFO {org.wso2.carbon.event.stream.core.internal.EventJunction} - Consumer added to the junction. Stream:org.wso2.throttle.processed.request.stream:1.0.0
TID: [-1234] [] [2023-11-15 15:58:32,705]  INFO {org.wso2.carbon.event.processor.core.EventProcessorDeployer} - Execution plan is deployed successfully and in active state  : carbon.super_sub_AsyncGold
TID: [-1234] [] [2023-11-15 15:58:33,047]  INFO {org.wso2.carbon.event.stream.core.internal.EventJunction} - Producer added to the junction. Stream:org.wso2.throttle.globalThrottle.stream:1.0.0
TID: [-1234] [] [2023-11-15 15:58:33,047]  INFO {org.wso2.carbon.event.stream.core.internal.EventJunction} - Consumer added to the junction. Stream:org.wso2.throttle.processed.request.stream:1.0.0
TID: [-1234] [] [2023-11-15 15:58:33,047]  INFO {org.wso2.carbon.event.processor.core.EventProcessorDeployer} - Execution plan is deployed successfully and in active state  : carbon.super_sub_AsyncSilver
TID: [-1234] [] [2023-11-15 15:58:33,415]  INFO {org.wso2.carbon.event.stream.core.internal.EventJunction} - Producer added to the junction. Stream:org.wso2.throttle.globalThrottle.stream:1.0.0
TID: [-1234] [] [2023-11-15 15:58:33,415]  INFO {org.wso2.carbon.event.stream.core.internal.EventJunction} - Consumer added to the junction. Stream:org.wso2.throttle.processed.request.stream:1.0.0
TID: [-1234] [] [2023-11-15 15:58:33,415]  INFO {org.wso2.carbon.event.processor.core.EventProcessorDeployer} - Execution plan is deployed successfully and in active state  : carbon.super_sub_AsyncWHBronze
TID: [-1234] [] [2023-11-15 15:58:33,772]  INFO {org.wso2.carbon.event.stream.core.internal.EventJunction} - Producer added to the junction. Stream:org.wso2.throttle.globalThrottle.stream:1.0.0
TID: [-1234] [] [2023-11-15 15:58:33,773]  INFO {org.wso2.carbon.event.stream.core.internal.EventJunction} - Consumer added to the junction. Stream:org.wso2.throttle.processed.request.stream:1.0.0
TID: [-1234] [] [2023-11-15 15:58:33,773]  INFO {org.wso2.carbon.event.processor.core.EventProcessorDeployer} - Execution plan is deployed successfully and in active state  : carbon.super_sub_AsyncWHGold
TID: [-1234] [] [2023-11-15 15:58:34,311]  INFO {org.wso2.carbon.event.stream.core.internal.EventJunction} - Producer added to the junction. Stream:org.wso2.throttle.globalThrottle.stream:1.0.0
TID: [-1234] [] [2023-11-15 15:58:34,311]  INFO {org.wso2.carbon.event.stream.core.internal.EventJunction} - Consumer added to the junction. Stream:org.wso2.throttle.processed.request.stream:1.0.0
TID: [-1234] [] [2023-11-15 15:58:34,311]  INFO {org.wso2.carbon.event.processor.core.EventProcessorDeployer} - Execution plan is deployed successfully and in active state  : carbon.super_sub_AsyncWHSilver
TID: [-1234] [] [2023-11-15 15:58:34,692]  INFO {org.wso2.carbon.event.stream.core.internal.EventJunction} - Producer added to the junction. Stream:org.wso2.throttle.globalThrottle.stream:1.0.0
TID: [-1234] [] [2023-11-15 15:58:34,693]  INFO {org.wso2.carbon.event.stream.core.internal.EventJunction} - Consumer added to the junction. Stream:org.wso2.throttle.processed.request.stream:1.0.0
TID: [-1234] [] [2023-11-15 15:58:34,693]  INFO {org.wso2.carbon.event.processor.core.EventProcessorDeployer} - Execution plan is deployed successfully and in active state  : carbon.super_sub_Bronze
TID: [-1234] [] [2023-11-15 15:58:35,043]  INFO {org.wso2.carbon.event.stream.core.internal.EventJunction} - Producer added to the junction. Stream:org.wso2.throttle.globalThrottle.stream:1.0.0
TID: [-1234] [] [2023-11-15 15:58:35,043]  INFO {org.wso2.carbon.event.stream.core.internal.EventJunction} - Consumer added to the junction. Stream:org.wso2.throttle.processed.request.stream:1.0.0
TID: [-1234] [] [2023-11-15 15:58:35,043]  INFO {org.wso2.carbon.event.processor.core.EventProcessorDeployer} - Execution plan is deployed successfully and in active state  : carbon.super_sub_Gold
TID: [-1234] [] [2023-11-15 15:58:35,325]  INFO {org.wso2.carbon.event.stream.core.internal.EventJunction} - Producer added to the junction. Stream:org.wso2.throttle.globalThrottle.stream:1.0.0
TID: [-1234] [] [2023-11-15 15:58:35,325]  INFO {org.wso2.carbon.event.stream.core.internal.EventJunction} - Consumer added to the junction. Stream:org.wso2.throttle.processed.request.stream:1.0.0
TID: [-1234] [] [2023-11-15 15:58:35,325]  INFO {org.wso2.carbon.event.processor.core.EventProcessorDeployer} - Execution plan is deployed successfully and in active state  : carbon.super_sub_Silver
TID: [-1234] [] [2023-11-15 15:58:35,576]  INFO {org.wso2.carbon.event.stream.core.internal.EventJunction} - Producer added to the junction. Stream:org.wso2.throttle.globalThrottle.stream:1.0.0
TID: [-1234] [] [2023-11-15 15:58:35,577]  INFO {org.wso2.carbon.event.stream.core.internal.EventJunction} - Consumer added to the junction. Stream:org.wso2.throttle.processed.request.stream:1.0.0
TID: [-1234] [] [2023-11-15 15:58:35,577]  INFO {org.wso2.carbon.event.processor.core.EventProcessorDeployer} - Execution plan is deployed successfully and in active state  : carbon.super_sub_Unauthenticated
TID: [-1234] [] [2023-11-15 15:58:38,186]  INFO {org.wso2.carbon.webapp.mgt.TomcatGenericWebappsDeployer} - Deployed webapp: StandardEngine[Catalina].StandardHost[localhost].StandardContext[/accountrecoveryendpoint].File[/home/server/Documents/HieuNMe/wso2am-4.1.0/repository/deployment/server/webapps/accountrecoveryendpoint]
TID: [-1234] [] [2023-11-15 15:58:43,589]  INFO {org.wso2.carbon.webapp.mgt.TomcatGenericWebappsDeployer} - Deployed webapp: StandardEngine[Catalina].StandardHost[localhost].StandardContext[/am/sample/calculator/v1].File[/home/server/Documents/HieuNMe/wso2am-4.1.0/repository/deployment/server/webapps/am#sample#calculator#v1.war]
TID: [-1234] [] [2023-11-15 15:58:44,934]  INFO {org.wso2.carbon.event.processor.manager.core.internal.CarbonEventManagementService} - Starting polling event receivers
TID: [-1234] [] [2023-11-15 15:58:48,133]  INFO {org.wso2.carbon.webapp.mgt.TomcatGenericWebappsDeployer} - Deployed webapp: StandardEngine[Catalina].StandardHost[localhost].StandardContext[/am/sample/pizzashack/v1].File[/home/server/Documents/HieuNMe/wso2am-4.1.0/repository/deployment/server/webapps/am#sample#pizzashack#v1.war]
TID: [-1234] [] [2023-11-15 15:58:59,116]  INFO {org.wso2.carbon.webapp.mgt.TomcatGenericWebappsDeployer} - Deployed webapp: StandardEngine[Catalina].StandardHost[localhost].StandardContext[/api/am/admin].File[/home/server/Documents/HieuNMe/wso2am-4.1.0/repository/deployment/server/webapps/api#am#admin.war]
TID: [-1234] [] [2023-11-15 15:59:05,289]  WARN {org.wso2.carbon.application.deployer.internal.AppDeployerServiceComponent} - Waiting for required OSGi services: org.wso2.carbon.application.deployer.synapse.service.SynapseAppDeployerService,org.wso2.carbon.mediation.initializer.services.SynapseEnvironmentService,
TID: [-1234] [] [2023-11-15 15:59:05,351]  WARN {org.wso2.carbon.core.internal.StartupFinalizerServiceComponent} - Waiting for required OSGi services: org.wso2.carbon.application.deployer.service.CappDeploymentService,org.wso2.carbon.server.admin.common.IServerAdmin,org.wso2.carbon.throttling.agent.ThrottlingAgent,
TID: [-1234] [] [2023-11-15 15:59:10,578]  INFO {org.wso2.carbon.webapp.mgt.TomcatGenericWebappsDeployer} - Deployed webapp: StandardEngine[Catalina].StandardHost[localhost].StandardContext[/api/am/devops/v0].File[/home/server/Documents/HieuNMe/wso2am-4.1.0/repository/deployment/server/webapps/api#am#devops#v0.war]
TID: [-1234] [] [2023-11-15 15:59:20,035]  INFO {org.wso2.carbon.webapp.mgt.TomcatGenericWebappsDeployer} - Deployed webapp: StandardEngine[Catalina].StandardHost[localhost].StandardContext[/api/am/devportal].File[/home/server/Documents/HieuNMe/wso2am-4.1.0/repository/deployment/server/webapps/api#am#devportal.war]
TID: [-1234] [] [2023-11-15 15:59:27,799]  INFO {org.wso2.carbon.webapp.mgt.TomcatGenericWebappsDeployer} - Deployed webapp: StandardEngine[Catalina].StandardHost[localhost].StandardContext[/api/am/gateway/v2].File[/home/server/Documents/HieuNMe/wso2am-4.1.0/repository/deployment/server/webapps/api#am#gateway#v2.war]
TID: [-1234] [] [2023-11-15 15:59:35,357]  INFO {org.wso2.carbon.webapp.mgt.TomcatGenericWebappsDeployer} - Deployed webapp: StandardEngine[Catalina].StandardHost[localhost].StandardContext[/api/am/publisher].File[/home/server/Documents/HieuNMe/wso2am-4.1.0/repository/deployment/server/webapps/api#am#publisher.war]
TID: [-1234] [] [2023-11-15 15:59:41,145]  INFO {org.wso2.carbon.webapp.mgt.TomcatGenericWebappsDeployer} - Deployed webapp: StandardEngine[Catalina].StandardHost[localhost].StandardContext[/api/am/service-catalog/v1].File[/home/server/Documents/HieuNMe/wso2am-4.1.0/repository/deployment/server/webapps/api#am#service-catalog#v1.war]
TID: [-1234] [] [2023-11-15 15:59:45,498]  INFO {org.wso2.carbon.webapp.mgt.TomcatGenericWebappsDeployer} - Deployed webapp: StandardEngine[Catalina].StandardHost[localhost].StandardContext[/api/identity/consent-mgt/v1.0].File[/home/server/Documents/HieuNMe/wso2am-4.1.0/repository/deployment/server/webapps/api#identity#consent-mgt#v1.0.war]
TID: [-1234] [] [2023-11-15 15:59:50,325]  INFO {org.wso2.carbon.webapp.mgt.TomcatGenericWebappsDeployer} - Deployed webapp: StandardEngine[Catalina].StandardHost[localhost].StandardContext[/api/identity/oauth2/dcr/v1.1].File[/home/server/Documents/HieuNMe/wso2am-4.1.0/repository/deployment/server/webapps/api#identity#oauth2#dcr#v1.1.war]
TID: [-1234] [] [2023-11-15 15:59:54,533]  INFO {org.wso2.carbon.webapp.mgt.TomcatGenericWebappsDeployer} - Deployed webapp: StandardEngine[Catalina].StandardHost[localhost].StandardContext[/api/identity/oauth2/v1.0].File[/home/server/Documents/HieuNMe/wso2am-4.1.0/repository/deployment/server/webapps/api#identity#oauth2#v1.0.war]
TID: [-1234] [] [2023-11-15 15:59:58,754]  INFO {org.wso2.carbon.webapp.mgt.TomcatGenericWebappsDeployer} - Deployed webapp: StandardEngine[Catalina].StandardHost[localhost].StandardContext[/api/identity/recovery/v0.9].File[/home/server/Documents/HieuNMe/wso2am-4.1.0/repository/deployment/server/webapps/api#identity#recovery#v0.9.war]
TID: [-1234] [] [2023-11-15 16:00:03,235]  INFO {org.wso2.carbon.webapp.mgt.TomcatGenericWebappsDeployer} - Deployed webapp: StandardEngine[Catalina].StandardHost[localhost].StandardContext[/api/identity/user/v1.0].File[/home/server/Documents/HieuNMe/wso2am-4.1.0/repository/deployment/server/webapps/api#identity#user#v1.0.war]
TID: [-1234] [] [2023-11-15 16:00:04,145]  INFO {org.wso2.carbon.identity.application.authentication.endpoint.util.TenantDataManager} - EndpointConfig.properties file loaded from ./repository/conf/identity/EndpointConfig.properties
TID: [-1234] [] [2023-11-15 16:00:04,153]  INFO {org.wso2.carbon.identity.application.authentication.endpoint.util.MutualSSLManager} - EndpointConfig.properties file loaded from ./repository/conf/identity/EndpointConfig.properties
TID: [-1234] [] [2023-11-15 16:00:04,241]  INFO {org.wso2.carbon.identity.application.authentication.endpoint.util.EndpointConfigManager} - EndpointConfig.properties file loaded from ./repository/conf/identity/EndpointConfig.properties
TID: [-1234] [] [2023-11-15 16:00:05,202]  INFO {org.wso2.carbon.webapp.mgt.TomcatGenericWebappsDeployer} - Deployed webapp: StandardEngine[Catalina].StandardHost[localhost].StandardContext[/authenticationendpoint].File[/home/server/Documents/HieuNMe/wso2am-4.1.0/repository/deployment/server/webapps/authenticationendpoint]
TID: [-1234] [] [2023-11-15 16:00:05,289]  WARN {org.wso2.carbon.application.deployer.internal.AppDeployerServiceComponent} - Waiting for required OSGi services: org.wso2.carbon.application.deployer.synapse.service.SynapseAppDeployerService,org.wso2.carbon.mediation.initializer.services.SynapseEnvironmentService,
TID: [-1234] [] [2023-11-15 16:00:05,351]  WARN {org.wso2.carbon.core.internal.StartupFinalizerServiceComponent} - Waiting for required OSGi services: org.wso2.carbon.application.deployer.service.CappDeploymentService,org.wso2.carbon.server.admin.common.IServerAdmin,org.wso2.carbon.throttling.agent.ThrottlingAgent,
TID: [-1234] [] [2023-11-15 16:00:10,225]  INFO {org.wso2.carbon.webapp.mgt.TomcatGenericWebappsDeployer} - Deployed webapp: StandardEngine[Catalina].StandardHost[localhost].StandardContext[/client-registration/v0.17].File[/home/server/Documents/HieuNMe/wso2am-4.1.0/repository/deployment/server/webapps/client-registration#v0.17.war]
TID: [-1234] [] [2023-11-15 16:00:14,898]  INFO {org.wso2.carbon.webapp.mgt.TomcatGenericWebappsDeployer} - Deployed webapp: StandardEngine[Catalina].StandardHost[localhost].StandardContext[/internal/data/v1].File[/home/server/Documents/HieuNMe/wso2am-4.1.0/repository/deployment/server/webapps/internal#data#v1.war]
TID: [-1234] [] [2023-11-15 16:00:19,351]  INFO {org.wso2.carbon.webapp.mgt.TomcatGenericWebappsDeployer} - Deployed webapp: StandardEngine[Catalina].StandardHost[localhost].StandardContext[/keymanager-operations].File[/home/server/Documents/HieuNMe/wso2am-4.1.0/repository/deployment/server/webapps/keymanager-operations.war]
TID: [-1234] [] [2023-11-15 16:00:25,498]  INFO {org.wso2.carbon.webapp.mgt.TomcatGenericWebappsDeployer} - Deployed webapp: StandardEngine[Catalina].StandardHost[localhost].StandardContext[/oauth2].File[/home/server/Documents/HieuNMe/wso2am-4.1.0/repository/deployment/server/webapps/oauth2.war]
TID: [-1234] [] [2023-11-15 16:00:29,462]  INFO {org.apache.synapse.Axis2SynapseController} - Deploying the Synapse service...
TID: [-1234] [] [2023-11-15 16:00:29,475]  INFO {org.apache.synapse.Axis2SynapseController} - Deploying Proxy services...
TID: [-1234] [] [2023-11-15 16:00:29,483]  INFO {org.apache.synapse.core.axis2.ProxyService} - {proxy:WorkflowCallbackService} Building Axis service for Proxy service : WorkflowCallbackService
TID: [-1234] [] [2023-11-15 16:00:29,528]  INFO {org.apache.synapse.core.axis2.ProxyService} - {proxy:WorkflowCallbackService} Adding service WorkflowCallbackService to the Axis2 configuration
TID: [-1234] [] [2023-11-15 16:00:29,530]  INFO {org.wso2.carbon.core.deployment.DeploymentInterceptor} - Deploying Axis2 service: WorkflowCallbackService {super-tenant}
TID: [-1234] [] [2023-11-15 16:00:29,530]  INFO {org.apache.synapse.core.axis2.ProxyService} - {proxy:WorkflowCallbackService} Successfully created the Axis2 service for Proxy service : WorkflowCallbackService
TID: [-1234] [] [2023-11-15 16:00:29,531]  INFO {org.apache.synapse.Axis2SynapseController} - Deployed Proxy service : WorkflowCallbackService
TID: [-1234] [] [2023-11-15 16:00:29,531]  INFO {org.apache.synapse.Axis2SynapseController} - Deploying EventSources...
TID: [-1234] [] [2023-11-15 16:00:29,663]  INFO {org.apache.synapse.inbound.InboundEndpoint} - Initializing Inbound Endpoint: WebSocketInboundEndpoint
TID: [-1234] [] [2023-11-15 16:00:30,827]  INFO {org.wso2.carbon.inbound.endpoint.protocol.websocket.management.WebsocketEndpointManager} - Netty Listener starting on port 9099
TID: [-1234] [] [2023-11-15 16:00:30,827]  INFO {org.apache.synapse.inbound.InboundEndpoint} - Initializing Inbound Endpoint: SecureWebSocketEP
TID: [-1234] [] [2023-11-15 16:00:30,878]  INFO {org.wso2.carbon.inbound.endpoint.protocol.websocket.management.WebsocketEndpointManager} - Netty SSL Listener starting on port 8099
TID: [-1234] [] [2023-11-15 16:00:30,878]  INFO {org.apache.synapse.inbound.InboundEndpoint} - Initializing Inbound Endpoint: WebhookServer
TID: [-1234] [] [2023-11-15 16:00:31,096]  INFO {org.apache.synapse.transport.passthru.core.PassThroughListeningIOReactorManager} - Pass-through WebhookServer Listener started on 0.0.0.0:9021
TID: [-1234] [] [2023-11-15 16:00:31,096]  INFO {org.apache.synapse.inbound.InboundEndpoint} - Initializing Inbound Endpoint: SecureWebhookServer
TID: [-1234] [] [2023-11-15 16:00:31,198]  INFO {org.apache.synapse.transport.passthru.core.PassThroughListeningIOReactorManager} - Pass-through SecureWebhookServer Listener started on 0.0.0.0:8021
TID: [-1234] [] [2023-11-15 16:00:31,207]  INFO {org.apache.synapse.api.API} - {api:_OpenService_} Initializing API: _OpenService_
TID: [-1234] [] [2023-11-15 16:00:31,208]  INFO {org.apache.synapse.ServerManager} - Server ready for processing...
TID: [-1234] [] [2023-11-15 16:00:33,922]  INFO {org.wso2.carbon.apimgt.common.jms.factory.JMSConnectionFactory} - JMS ConnectionFactory : Siddhi-JMS-Consumer initialized
TID: [-1234] [] [2023-11-15 16:00:33,922]  INFO {org.wso2.carbon.apimgt.common.jms.factory.JMSConnectionFactory} - JMS ConnectionFactory : Siddhi-JMS-Consumer initialized
TID: [-1234] [] [2023-11-15 16:00:34,102]  INFO {org.wso2.carbon.inbound.endpoint.protocol.websocket.management.WebsocketEndpointManager} - Netty Listener already started on port 8099
TID: [-1234] [] [2023-11-15 16:00:34,102]  INFO {org.wso2.carbon.inbound.endpoint.protocol.http.management.HTTPEndpointManager} - Listener is already started for port : 8021
TID: [-1234] [] [2023-11-15 16:00:34,102]  INFO {org.wso2.carbon.inbound.endpoint.protocol.websocket.management.WebsocketEndpointManager} - Netty Listener already started on port 9099
TID: [-1234] [] [2023-11-15 16:00:34,102]  INFO {org.wso2.carbon.inbound.endpoint.protocol.http.management.HTTPEndpointManager} - Listener is already started for port : 9021
TID: [-1234] [] [2023-11-15 16:00:34,681]  INFO {org.wso2.carbon.andes.internal.QpidServiceComponent} - Activating Andes Message Broker Engine...
TID: [-1234] [] [2023-11-15 16:00:37,039]  INFO {qpid.message.broker.listening} - [Broker] BRK-1002 : Starting : Listening on TCP port 5672
TID: [-1234] [] [2023-11-15 16:00:37,084]  INFO {qpid.message.broker.listening} - [Broker] BRK-1002 : Starting : Listening on TCP/SSL port 8672
TID: [-1234] [] [2023-11-15 16:00:37,107]  INFO {org.wso2.carbon.andes.internal.QpidServiceComponent} - AMQP Host Address : 0.0.0.0 Port : 5672
TID: [-1234] [] [2023-11-15 16:00:37,107]  INFO {org.wso2.carbon.andes.internal.QpidServiceComponent} - Successfully connected to AMQP server on port 5672
TID: [-1234] [] [2023-11-15 16:00:37,109]  INFO {org.wso2.carbon.andes.internal.QpidServiceComponent} - WSO2 Message Broker is started.
TID: [-1234] [] [2023-11-15 16:00:37,979]  INFO {org.wso2.carbon.databridge.receiver.binary.internal.BinaryDataReceiver} - Started Binary SSL Transport on port : 9711
TID: [-1234] [] [2023-11-15 16:00:37,982]  INFO {org.wso2.carbon.databridge.receiver.binary.internal.BinaryDataReceiver} - Started Binary TCP Transport on port : 9611
TID: [-1234] [] [2023-11-15 16:00:38,518]  INFO {org.wso2.carbon.databridge.receiver.thrift.internal.ThriftServerStartupObserver} -  Thrift Data Receiver is disabled.
TID: [-1234] [] [2023-11-15 16:00:38,709]  INFO {org.apache.synapse.transport.passthru.PassThroughHttpListener} - Starting Pass-through HTTP Listener...
TID: [-1234] [] [2023-11-15 16:00:38,754]  INFO {org.apache.synapse.transport.passthru.core.PassThroughListeningIOReactorManager} - Pass-through HTTP Listener started on 0.0.0.0:8280
TID: [-1234] [] [2023-11-15 16:00:38,755]  INFO {org.apache.synapse.transport.passthru.PassThroughHttpMultiSSLListener} - Starting Pass-through HTTPS Listener...
TID: [-1234] [] [2023-11-15 16:00:38,767]  INFO {org.apache.synapse.transport.passthru.core.PassThroughListeningIOReactorManager} - Pass-through HTTPS Listener started on 0.0.0.0:8243
TID: [-1234] [] [2023-11-15 16:00:39,193]  WARN {org.apache.tomcat.util.net.SSLUtilBase} - The trusted certificate with alias [secomscrootca1] and DN [OU=Security Communication RootCA1, O=SECOM Trust.net, C=JP] is not valid due to [NotAfter: Sat Sep 30 11:20:49 ICT 2023]. Certificates signed by this trusted certificate WILL be accepted
TID: [-1234] [] [2023-11-15 16:00:39,194]  WARN {org.apache.tomcat.util.net.SSLUtilBase} - The trusted certificate with alias [geotrustglobalca] and DN [CN=GeoTrust Global CA, O=GeoTrust Inc., C=US] is not valid due to [NotAfter: Sat May 21 11:00:00 ICT 2022]. Certificates signed by this trusted certificate WILL be accepted
TID: [-1234] [] [2023-11-15 16:00:41,359]  INFO {org.wso2.carbon.ntask.core.service.impl.TaskServiceImpl} - Task service starting in STANDALONE mode...
TID: [-1234] [] [2023-11-15 16:00:41,780]  INFO {org.wso2.carbon.registry.eventing.internal.RegistryEventingServiceComponent} - Successfully Initialized Eventing on Registry
TID: [-1234] [] [2023-11-15 16:00:43,001]  INFO {org.wso2.carbon.core.init.JMXServerManager} - JMX Service URL  : service:jmx:rmi://localhost:11111/jndi/rmi://localhost:9999/jmxrmi
TID: [-1234] [] [2023-11-15 16:00:43,505]  INFO {org.wso2.carbon.event.processor.core.internal.util.EventProcessorConfigurationFilesystemInvoker} - carbon.super_sub_AsyncWHSilver.siddhiql is deleted from the file system
TID: [-1234] [] [2023-11-15 16:00:43,510]  INFO {org.wso2.carbon.event.processor.core.EventProcessorDeployer} - Execution Plan was undeployed successfully : carbon.super_sub_AsyncWHSilver.siddhiql
TID: [-1234] [] [2023-11-15 16:00:43,518]  INFO {org.wso2.carbon.event.processor.core.internal.util.EventProcessorConfigurationFilesystemInvoker} - carbon.super_sub_AsyncBronze.siddhiql is deleted from the file system
TID: [-1234] [] [2023-11-15 16:00:43,519]  INFO {org.wso2.carbon.event.processor.core.EventProcessorDeployer} - Execution Plan was undeployed successfully : carbon.super_sub_AsyncBronze.siddhiql
TID: [-1234] [] [2023-11-15 16:00:43,547]  INFO {org.wso2.carbon.event.processor.core.internal.util.EventProcessorConfigurationFilesystemInvoker} - carbon.super_sub_Unauthenticated.siddhiql is deleted from the file system
TID: [-1234] [] [2023-11-15 16:00:43,547]  INFO {org.wso2.carbon.event.processor.core.EventProcessorDeployer} - Execution Plan was undeployed successfully : carbon.super_sub_Unauthenticated.siddhiql
TID: [-1234] [] [2023-11-15 16:00:43,554]  INFO {org.wso2.carbon.event.processor.core.internal.util.EventProcessorConfigurationFilesystemInvoker} - carbon.super_sub_AsyncWHGold.siddhiql is deleted from the file system
TID: [-1234] [] [2023-11-15 16:00:43,554]  INFO {org.wso2.carbon.event.processor.core.EventProcessorDeployer} - Execution Plan was undeployed successfully : carbon.super_sub_AsyncWHGold.siddhiql
TID: [-1234] [] [2023-11-15 16:00:43,558]  INFO {org.wso2.carbon.event.processor.core.internal.util.EventProcessorConfigurationFilesystemInvoker} - carbon.super_resource_10KPerMin_default.siddhiql is deleted from the file system
TID: [-1234] [] [2023-11-15 16:00:43,558]  INFO {org.wso2.carbon.event.processor.core.EventProcessorDeployer} - Execution Plan was undeployed successfully : carbon.super_resource_10KPerMin_default.siddhiql
TID: [-1234] [] [2023-11-15 16:00:43,562]  INFO {org.wso2.carbon.event.processor.core.internal.util.EventProcessorConfigurationFilesystemInvoker} - carbon.super_sub_AsyncWHBronze.siddhiql is deleted from the file system
TID: [-1234] [] [2023-11-15 16:00:43,562]  INFO {org.wso2.carbon.event.processor.core.EventProcessorDeployer} - Execution Plan was undeployed successfully : carbon.super_sub_AsyncWHBronze.siddhiql
TID: [-1234] [] [2023-11-15 16:00:43,566]  INFO {org.wso2.carbon.event.processor.core.internal.util.EventProcessorConfigurationFilesystemInvoker} - carbon.super_sub_AsyncSilver.siddhiql is deleted from the file system
TID: [-1234] [] [2023-11-15 16:00:43,566]  INFO {org.wso2.carbon.event.processor.core.EventProcessorDeployer} - Execution Plan was undeployed successfully : carbon.super_sub_AsyncSilver.siddhiql
TID: [-1234] [] [2023-11-15 16:00:43,570]  INFO {org.wso2.carbon.event.processor.core.internal.util.EventProcessorConfigurationFilesystemInvoker} - carbon.super_sub_Silver.siddhiql is deleted from the file system
TID: [-1234] [] [2023-11-15 16:00:43,570]  INFO {org.wso2.carbon.event.processor.core.EventProcessorDeployer} - Execution Plan was undeployed successfully : carbon.super_sub_Silver.siddhiql
TID: [-1234] [] [2023-11-15 16:00:43,573]  INFO {org.wso2.carbon.event.processor.core.internal.util.EventProcessorConfigurationFilesystemInvoker} - carbon.super_resource_50KPerMin_default.siddhiql is deleted from the file system
TID: [-1234] [] [2023-11-15 16:00:43,573]  INFO {org.wso2.carbon.event.processor.core.EventProcessorDeployer} - Execution Plan was undeployed successfully : carbon.super_resource_50KPerMin_default.siddhiql
TID: [-1234] [] [2023-11-15 16:00:43,576]  INFO {org.wso2.carbon.event.processor.core.internal.util.EventProcessorConfigurationFilesystemInvoker} - carbon.super_sub_Bronze.siddhiql is deleted from the file system
TID: [-1234] [] [2023-11-15 16:00:43,576]  INFO {org.wso2.carbon.event.processor.core.EventProcessorDeployer} - Execution Plan was undeployed successfully : carbon.super_sub_Bronze.siddhiql
TID: [-1234] [] [2023-11-15 16:00:43,582]  INFO {org.wso2.carbon.event.processor.core.internal.util.EventProcessorConfigurationFilesystemInvoker} - carbon.super_resource_20KPerMin_default.siddhiql is deleted from the file system
TID: [-1234] [] [2023-11-15 16:00:43,582]  INFO {org.wso2.carbon.event.processor.core.EventProcessorDeployer} - Execution Plan was undeployed successfully : carbon.super_resource_20KPerMin_default.siddhiql
TID: [-1234] [] [2023-11-15 16:00:43,586]  INFO {org.wso2.carbon.event.processor.core.internal.util.EventProcessorConfigurationFilesystemInvoker} - carbon.super_sub_AsyncGold.siddhiql is deleted from the file system
TID: [-1234] [] [2023-11-15 16:00:43,586]  INFO {org.wso2.carbon.event.processor.core.EventProcessorDeployer} - Execution Plan was undeployed successfully : carbon.super_sub_AsyncGold.siddhiql
TID: [-1234] [] [2023-11-15 16:00:43,590]  INFO {org.wso2.carbon.event.processor.core.internal.util.EventProcessorConfigurationFilesystemInvoker} - carbon.super_sub_Gold.siddhiql is deleted from the file system
TID: [-1234] [] [2023-11-15 16:00:43,590]  INFO {org.wso2.carbon.event.processor.core.EventProcessorDeployer} - Execution Plan was undeployed successfully : carbon.super_sub_Gold.siddhiql
TID: [-1234] [] [2023-11-15 16:00:43,594]  INFO {org.wso2.carbon.event.processor.core.internal.util.EventProcessorConfigurationFilesystemInvoker} - carbon.super_app_10PerMin.siddhiql is deleted from the file system
TID: [-1234] [] [2023-11-15 16:00:43,594]  INFO {org.wso2.carbon.event.processor.core.EventProcessorDeployer} - Execution Plan was undeployed successfully : carbon.super_app_10PerMin.siddhiql
TID: [-1234] [] [2023-11-15 16:00:43,600]  INFO {org.wso2.carbon.event.processor.core.internal.util.EventProcessorConfigurationFilesystemInvoker} - carbon.super_app_20PerMin.siddhiql is deleted from the file system
TID: [-1234] [] [2023-11-15 16:00:43,600]  INFO {org.wso2.carbon.event.processor.core.EventProcessorDeployer} - Execution Plan was undeployed successfully : carbon.super_app_20PerMin.siddhiql
TID: [-1234] [] [2023-11-15 16:00:43,606]  INFO {org.wso2.carbon.event.processor.core.internal.util.EventProcessorConfigurationFilesystemInvoker} - carbon.super_app_50PerMin.siddhiql is deleted from the file system
TID: [-1234] [] [2023-11-15 16:00:43,606]  INFO {org.wso2.carbon.event.processor.core.EventProcessorDeployer} - Execution Plan was undeployed successfully : carbon.super_app_50PerMin.siddhiql
TID: [-1234] [] [2023-11-15 16:00:43,614]  INFO {org.wso2.carbon.apimgt.common.jms.JMSTransportHandler} - Starting jms topic consumer thread for the notification topic...
TID: [-1234] [] [2023-11-15 16:00:43,621]  INFO {org.wso2.carbon.apimgt.common.jms.JMSTransportHandler} - Starting jms topic consumer thread for the keyManager topic...
TID: [-1234] [] [2023-11-15 16:00:43,949]  INFO {org.wso2.carbon.apimgt.common.jms.JMSTransportHandler} - Starting jms topic consumer thread for the throttleData topic...
TID: [-1234] [] [2023-11-15 16:00:43,975]  INFO {org.wso2.carbon.apimgt.common.jms.JMSTransportHandler} - Starting jms topic consumer thread for the tokenRevocation topic...
TID: [-1234] [] [2023-11-15 16:00:43,983]  INFO {org.wso2.carbon.apimgt.common.jms.JMSTransportHandler} - Starting jms topic consumer thread for the cacheInvalidation topic...
TID: [-1234] [] [2023-11-15 16:00:44,099]  INFO {org.wso2.carbon.apimgt.common.jms.JMSTransportHandler} - Starting jms topic consumer thread for the notification topic...
TID: [-1234] [] [2023-11-15 16:00:44,101]  INFO {org.wso2.carbon.apimgt.common.jms.JMSTransportHandler} - Starting jms topic consumer thread for the throttleData topic...
TID: [-1234] [] [2023-11-15 16:00:44,102]  INFO {org.wso2.carbon.apimgt.common.jms.JMSTransportHandler} - Starting jms topic consumer thread for the asyncWebhooksData topic...
TID: [-1234] [] [2023-11-15 16:00:47,426]  INFO {org.wso2.carbon.apimgt.common.jms.JMSListener} - Connection attempt: 1 for JMS Provider for listener: Siddhi-JMS-Consumer#notification was successful!
TID: [-1234] [] [2023-11-15 16:00:47,427]  INFO {org.wso2.carbon.apimgt.common.jms.JMSListener} - Connection attempt: 1 for JMS Provider for listener: Siddhi-JMS-Consumer#asyncWebhooksData was successful!
TID: [-1234] [] [2023-11-15 16:00:47,428]  INFO {org.wso2.carbon.apimgt.common.jms.JMSListener} - Connection attempt: 1 for JMS Provider for listener: Siddhi-JMS-Consumer#tokenRevocation was successful!
TID: [-1234] [] [2023-11-15 16:00:47,428]  INFO {org.wso2.carbon.apimgt.common.jms.JMSListener} - Connection attempt: 1 for JMS Provider for listener: Siddhi-JMS-Consumer#cacheInvalidation was successful!
TID: [-1234] [] [2023-11-15 16:00:47,429]  INFO {org.wso2.carbon.apimgt.common.jms.JMSListener} - Connection attempt: 1 for JMS Provider for listener: Siddhi-JMS-Consumer#notification was successful!
TID: [-1234] [] [2023-11-15 16:00:47,429]  INFO {org.wso2.carbon.apimgt.common.jms.JMSListener} - Connection attempt: 1 for JMS Provider for listener: Siddhi-JMS-Consumer#throttleData was successful!
TID: [-1234] [] [2023-11-15 16:00:47,430]  INFO {org.wso2.carbon.apimgt.common.jms.JMSListener} - Connection attempt: 1 for JMS Provider for listener: Siddhi-JMS-Consumer#throttleData was successful!
TID: [-1234] [] [2023-11-15 16:00:47,431]  INFO {org.wso2.carbon.apimgt.common.jms.JMSListener} - Connection attempt: 1 for JMS Provider for listener: Siddhi-JMS-Consumer#keyManager was successful!
TID: [-1234] [] [2023-11-15 16:00:47,468]  INFO {org.wso2.carbon.apimgt.common.jms.JMSTaskManager} - Task manager for Siddhi-JMS-Consumer [re-]initialized
TID: [-1234] [] [2023-11-15 16:00:47,468]  INFO {org.wso2.carbon.apimgt.common.jms.JMSTaskManager} - Task manager for Siddhi-JMS-Consumer [re-]initialized
TID: [-1234] [] [2023-11-15 16:00:47,469]  INFO {org.wso2.carbon.apimgt.common.jms.JMSTaskManager} - Task manager for Siddhi-JMS-Consumer [re-]initialized
TID: [-1234] [] [2023-11-15 16:00:47,469]  INFO {org.wso2.carbon.apimgt.common.jms.JMSTaskManager} - Task manager for Siddhi-JMS-Consumer [re-]initialized
TID: [-1234] [] [2023-11-15 16:00:47,469]  INFO {org.wso2.carbon.apimgt.common.jms.JMSTaskManager} - Task manager for Siddhi-JMS-Consumer [re-]initialized
TID: [-1234] [] [2023-11-15 16:00:47,470]  INFO {org.wso2.carbon.apimgt.common.jms.JMSTaskManager} - Task manager for Siddhi-JMS-Consumer [re-]initialized
TID: [-1234] [] [2023-11-15 16:00:47,470]  INFO {org.wso2.carbon.apimgt.common.jms.JMSTaskManager} - Task manager for Siddhi-JMS-Consumer [re-]initialized
TID: [-1234] [] [2023-11-15 16:00:47,470]  INFO {org.wso2.carbon.apimgt.common.jms.JMSTaskManager} - Task manager for Siddhi-JMS-Consumer [re-]initialized
TID: [-1234] [internal/data/v1] [2023-11-15 16:00:48,229]  INFO {org.wso2.carbon.identity.oauth.config.OAuthServerConfiguration} - An instance of org.wso2.carbon.identity.oauth2.token.OauthTokenIssuerImpl is created for Identity OAuth token generation.
TID: [-1234] [internal/data/v1] [2023-11-15 16:00:48,668]  INFO {org.wso2.carbon.apimgt.impl.importexport.utils.CommonUtil} - Creation of folder is successful. Directory Name : Definitions
TID: [-1234] [] [2023-11-15 16:00:49,469]  INFO {org.wso2.carbon.apimgt.common.jms.JMSListener} - Started to listen on destination : asyncWebhooksData of type topic for listener Siddhi-JMS-Consumer#asyncWebhooksData
TID: [-1234] [] [2023-11-15 16:00:49,469]  INFO {org.wso2.carbon.apimgt.common.jms.JMSListener} - Started to listen on destination : cacheInvalidation of type topic for listener Siddhi-JMS-Consumer#cacheInvalidation
TID: [-1234] [] [2023-11-15 16:00:49,470]  INFO {org.wso2.carbon.apimgt.common.jms.JMSListener} - Started to listen on destination : throttleData of type topic for listener Siddhi-JMS-Consumer#throttleData
TID: [-1234] [] [2023-11-15 16:00:49,470]  INFO {org.wso2.carbon.apimgt.common.jms.JMSListener} - Started to listen on destination : notification of type topic for listener Siddhi-JMS-Consumer#notification
TID: [-1234] [] [2023-11-15 16:00:49,470]  INFO {org.wso2.carbon.apimgt.common.jms.JMSListener} - Started to listen on destination : throttleData of type topic for listener Siddhi-JMS-Consumer#throttleData
TID: [-1234] [] [2023-11-15 16:00:49,471]  INFO {org.wso2.carbon.apimgt.common.jms.JMSListener} - Started to listen on destination : notification of type topic for listener Siddhi-JMS-Consumer#notification
TID: [-1234] [] [2023-11-15 16:00:50,469]  WARN {org.wso2.carbon.apimgt.common.jms.JMSListener} - Polling tasks on destination : tokenRevocation of type topic for listener Siddhi-JMS-Consumer#tokenRevocation have not yet started after 3 seconds ..
TID: [-1234] [] [2023-11-15 16:00:50,473]  WARN {org.wso2.carbon.apimgt.common.jms.JMSListener} - Polling tasks on destination : keyManager of type topic for listener Siddhi-JMS-Consumer#keyManager have not yet started after 3 seconds ..
TID: [-1234] [] [2023-11-15 16:00:51,902]  INFO {org.wso2.carbon.mediation.dependency.mgt.DependencyTracker} - Local entry : ga-config-key was added to the Synapse configuration successfully
TID: [-1234] [] [2023-11-15 16:00:52,447]  INFO {org.wso2.carbon.core.internal.StartupFinalizerServiceComponent} - Server           :  WSO2 API Manager-4.1.0
TID: [-1234] [] [2023-11-15 16:00:52,448]  INFO {org.wso2.carbon.core.internal.StartupFinalizerServiceComponent} - WSO2 Carbon started in 271 sec
TID: [-1234] [] [2023-11-15 16:00:52,517]  INFO {org.wso2.carbon.event.processor.core.internal.util.EventProcessorConfigurationFilesystemInvoker} - Execution plan: carbon.super_sub_Gold saved in the filesystem
TID: [-1234] [] [2023-11-15 16:00:52,708]  INFO {org.wso2.carbon.databridge.core.DataBridge} - user admin connected
TID: [-1234] [] [2023-11-15 16:00:52,927]  INFO {org.wso2.carbon.event.stream.core.internal.EventJunction} - Producer added to the junction. Stream:org.wso2.throttle.globalThrottle.stream:1.0.0
TID: [-1234] [] [2023-11-15 16:00:52,927]  INFO {org.wso2.carbon.event.stream.core.internal.EventJunction} - Consumer added to the junction. Stream:org.wso2.throttle.processed.request.stream:1.0.0
TID: [-1234] [] [2023-11-15 16:00:52,928]  INFO {org.wso2.carbon.event.processor.core.EventProcessorDeployer} - Execution plan is deployed successfully and in active state  : carbon.super_sub_Gold
TID: [-1234] [] [2023-11-15 16:00:53,081]  INFO {org.wso2.carbon.event.processor.core.internal.util.EventProcessorConfigurationFilesystemInvoker} - Execution plan: carbon.super_sub_Silver saved in the filesystem
TID: [-1234] [] [2023-11-15 16:00:53,222]  INFO {org.wso2.carbon.event.stream.core.internal.EventJunction} - Producer added to the junction. Stream:org.wso2.throttle.globalThrottle.stream:1.0.0
TID: [-1234] [] [2023-11-15 16:00:53,223]  INFO {org.wso2.carbon.event.stream.core.internal.EventJunction} - Consumer added to the junction. Stream:org.wso2.throttle.processed.request.stream:1.0.0
TID: [-1234] [] [2023-11-15 16:00:53,223]  INFO {org.wso2.carbon.event.processor.core.EventProcessorDeployer} - Execution plan is deployed successfully and in active state  : carbon.super_sub_Silver
TID: [-1234] [] [2023-11-15 16:00:53,291]  INFO {org.wso2.carbon.event.processor.core.internal.util.EventProcessorConfigurationFilesystemInvoker} - Execution plan: carbon.super_sub_Bronze saved in the filesystem
TID: [-1234] [] [2023-11-15 16:00:53,413]  INFO {org.wso2.carbon.event.stream.core.internal.EventJunction} - Producer added to the junction. Stream:org.wso2.throttle.globalThrottle.stream:1.0.0
TID: [-1234] [] [2023-11-15 16:00:53,413]  INFO {org.wso2.carbon.event.stream.core.internal.EventJunction} - Consumer added to the junction. Stream:org.wso2.throttle.processed.request.stream:1.0.0
TID: [-1234] [] [2023-11-15 16:00:53,413]  INFO {org.wso2.carbon.event.processor.core.EventProcessorDeployer} - Execution plan is deployed successfully and in active state  : carbon.super_sub_Bronze
TID: [-1234] [] [2023-11-15 16:00:53,446]  INFO {org.wso2.carbon.event.processor.core.internal.util.EventProcessorConfigurationFilesystemInvoker} - Execution plan: carbon.super_sub_Unauthenticated saved in the filesystem
TID: [-1234] [] [2023-11-15 16:00:53,552]  INFO {org.wso2.carbon.event.stream.core.internal.EventJunction} - Producer added to the junction. Stream:org.wso2.throttle.globalThrottle.stream:1.0.0
TID: [-1234] [] [2023-11-15 16:00:53,552]  INFO {org.wso2.carbon.event.stream.core.internal.EventJunction} - Consumer added to the junction. Stream:org.wso2.throttle.processed.request.stream:1.0.0
TID: [-1234] [] [2023-11-15 16:00:53,552]  INFO {org.wso2.carbon.event.processor.core.EventProcessorDeployer} - Execution plan is deployed successfully and in active state  : carbon.super_sub_Unauthenticated
TID: [-1234] [] [2023-11-15 16:00:53,588]  INFO {org.wso2.carbon.event.processor.core.internal.util.EventProcessorConfigurationFilesystemInvoker} - Execution plan: carbon.super_sub_AsyncGold saved in the filesystem
TID: [-1234] [] [2023-11-15 16:00:53,714]  INFO {org.wso2.carbon.event.stream.core.internal.EventJunction} - Producer added to the junction. Stream:org.wso2.throttle.globalThrottle.stream:1.0.0
TID: [-1234] [] [2023-11-15 16:00:53,714]  INFO {org.wso2.carbon.event.stream.core.internal.EventJunction} - Consumer added to the junction. Stream:org.wso2.throttle.processed.request.stream:1.0.0
TID: [-1234] [] [2023-11-15 16:00:53,714]  INFO {org.wso2.carbon.event.processor.core.EventProcessorDeployer} - Execution plan is deployed successfully and in active state  : carbon.super_sub_AsyncGold
TID: [-1234] [] [2023-11-15 16:00:53,772]  INFO {org.wso2.carbon.event.processor.core.internal.util.EventProcessorConfigurationFilesystemInvoker} - Execution plan: carbon.super_sub_AsyncSilver saved in the filesystem
TID: [-1234] [] [2023-11-15 16:00:53,893]  INFO {org.wso2.carbon.event.stream.core.internal.EventJunction} - Producer added to the junction. Stream:org.wso2.throttle.globalThrottle.stream:1.0.0
TID: [-1234] [] [2023-11-15 16:00:53,893]  INFO {org.wso2.carbon.event.stream.core.internal.EventJunction} - Consumer added to the junction. Stream:org.wso2.throttle.processed.request.stream:1.0.0
TID: [-1234] [] [2023-11-15 16:00:53,893]  INFO {org.wso2.carbon.event.processor.core.EventProcessorDeployer} - Execution plan is deployed successfully and in active state  : carbon.super_sub_AsyncSilver
TID: [-1234] [] [2023-11-15 16:00:53,995]  INFO {org.wso2.carbon.event.processor.core.internal.util.EventProcessorConfigurationFilesystemInvoker} - Execution plan: carbon.super_sub_AsyncBronze saved in the filesystem
TID: [-1234] [] [2023-11-15 16:00:54,079]  INFO {org.wso2.carbon.event.stream.core.internal.EventJunction} - Producer added to the junction. Stream:org.wso2.throttle.globalThrottle.stream:1.0.0
TID: [-1234] [] [2023-11-15 16:00:54,116]  INFO {org.wso2.carbon.event.stream.core.internal.EventJunction} - Consumer added to the junction. Stream:org.wso2.throttle.processed.request.stream:1.0.0
TID: [-1234] [] [2023-11-15 16:00:54,117]  INFO {org.wso2.carbon.event.processor.core.EventProcessorDeployer} - Execution plan is deployed successfully and in active state  : carbon.super_sub_AsyncBronze
TID: [-1234] [] [2023-11-15 16:00:54,149]  INFO {org.wso2.carbon.event.processor.core.internal.util.EventProcessorConfigurationFilesystemInvoker} - Execution plan: carbon.super_sub_AsyncWHGold saved in the filesystem
TID: [-1234] [] [2023-11-15 16:00:54,266]  INFO {org.wso2.carbon.event.stream.core.internal.EventJunction} - Producer added to the junction. Stream:org.wso2.throttle.globalThrottle.stream:1.0.0
TID: [-1234] [] [2023-11-15 16:00:54,267]  INFO {org.wso2.carbon.event.stream.core.internal.EventJunction} - Consumer added to the junction. Stream:org.wso2.throttle.processed.request.stream:1.0.0
TID: [-1234] [] [2023-11-15 16:00:54,267]  INFO {org.wso2.carbon.event.processor.core.EventProcessorDeployer} - Execution plan is deployed successfully and in active state  : carbon.super_sub_AsyncWHGold
TID: [-1234] [] [2023-11-15 16:00:54,294]  INFO {org.wso2.carbon.event.processor.core.internal.util.EventProcessorConfigurationFilesystemInvoker} - Execution plan: carbon.super_sub_AsyncWHSilver saved in the filesystem
TID: [-1234] [] [2023-11-15 16:00:54,410]  INFO {org.wso2.carbon.event.stream.core.internal.EventJunction} - Producer added to the junction. Stream:org.wso2.throttle.globalThrottle.stream:1.0.0
TID: [-1234] [] [2023-11-15 16:00:54,410]  INFO {org.wso2.carbon.event.stream.core.internal.EventJunction} - Consumer added to the junction. Stream:org.wso2.throttle.processed.request.stream:1.0.0
TID: [-1234] [] [2023-11-15 16:00:54,410]  INFO {org.wso2.carbon.event.processor.core.EventProcessorDeployer} - Execution plan is deployed successfully and in active state  : carbon.super_sub_AsyncWHSilver
TID: [-1234] [] [2023-11-15 16:00:54,439]  INFO {org.wso2.carbon.event.processor.core.internal.util.EventProcessorConfigurationFilesystemInvoker} - Execution plan: carbon.super_sub_AsyncWHBronze saved in the filesystem
TID: [-1234] [] [2023-11-15 16:00:54,548]  INFO {org.wso2.carbon.event.stream.core.internal.EventJunction} - Producer added to the junction. Stream:org.wso2.throttle.globalThrottle.stream:1.0.0
TID: [-1234] [] [2023-11-15 16:00:54,548]  INFO {org.wso2.carbon.event.stream.core.internal.EventJunction} - Consumer added to the junction. Stream:org.wso2.throttle.processed.request.stream:1.0.0
TID: [-1234] [] [2023-11-15 16:00:54,549]  INFO {org.wso2.carbon.event.processor.core.EventProcessorDeployer} - Execution plan is deployed successfully and in active state  : carbon.super_sub_AsyncWHBronze
TID: [-1234] [] [2023-11-15 16:00:54,872]  INFO {org.wso2.carbon.event.processor.core.internal.util.EventProcessorConfigurationFilesystemInvoker} - Execution plan: carbon.super_app_50PerMin saved in the filesystem
TID: [-1234] [internal/data/v1] [2023-11-15 16:00:54,914]  INFO {org.wso2.carbon.apimgt.impl.importexport.utils.CommonUtil} - Creation of folder is successful. Directory Name : Definitions
TID: [-1234] [internal/data/v1] [2023-11-15 16:00:54,917]  INFO {org.wso2.carbon.apimgt.impl.importexport.utils.CommonUtil} - Creation of folder is successful. Directory Name : Policies
TID: [-1234] [] [2023-11-15 16:00:55,099]  INFO {org.wso2.carbon.event.stream.core.internal.EventJunction} - Producer added to the junction. Stream:org.wso2.throttle.globalThrottle.stream:1.0.0
TID: [-1234] [] [2023-11-15 16:00:55,099]  INFO {org.wso2.carbon.event.stream.core.internal.EventJunction} - Consumer added to the junction. Stream:org.wso2.throttle.processed.request.stream:1.0.0
TID: [-1234] [] [2023-11-15 16:00:55,099]  INFO {org.wso2.carbon.event.processor.core.EventProcessorDeployer} - Execution plan is deployed successfully and in active state  : carbon.super_app_50PerMin
TID: [-1234] [] [2023-11-15 16:00:55,141]  INFO {org.wso2.carbon.event.processor.core.internal.util.EventProcessorConfigurationFilesystemInvoker} - Execution plan: carbon.super_app_20PerMin saved in the filesystem
TID: [-1234] [] [2023-11-15 16:00:55,262]  INFO {org.wso2.carbon.event.stream.core.internal.EventJunction} - Producer added to the junction. Stream:org.wso2.throttle.globalThrottle.stream:1.0.0
TID: [-1234] [] [2023-11-15 16:00:55,262]  INFO {org.wso2.carbon.event.stream.core.internal.EventJunction} - Consumer added to the junction. Stream:org.wso2.throttle.processed.request.stream:1.0.0
TID: [-1234] [] [2023-11-15 16:00:55,262]  INFO {org.wso2.carbon.event.processor.core.EventProcessorDeployer} - Execution plan is deployed successfully and in active state  : carbon.super_app_20PerMin
TID: [-1234] [] [2023-11-15 16:00:55,327]  INFO {org.wso2.carbon.event.processor.core.internal.util.EventProcessorConfigurationFilesystemInvoker} - Execution plan: carbon.super_app_10PerMin saved in the filesystem
TID: [-1234] [] [2023-11-15 16:00:55,398]  INFO {org.wso2.carbon.event.stream.core.internal.EventJunction} - Producer added to the junction. Stream:org.wso2.throttle.globalThrottle.stream:1.0.0
TID: [-1234] [] [2023-11-15 16:00:55,398]  INFO {org.wso2.carbon.event.stream.core.internal.EventJunction} - Consumer added to the junction. Stream:org.wso2.throttle.processed.request.stream:1.0.0
TID: [-1234] [] [2023-11-15 16:00:55,398]  INFO {org.wso2.carbon.event.processor.core.EventProcessorDeployer} - Execution plan is deployed successfully and in active state  : carbon.super_app_10PerMin
TID: [-1234] [] [2023-11-15 16:00:55,632]  INFO {org.wso2.carbon.event.processor.core.internal.util.EventProcessorConfigurationFilesystemInvoker} - Execution plan: carbon.super_resource_50KPerMin_default saved in the filesystem
TID: [-1234] [] [2023-11-15 16:00:55,734]  INFO {org.wso2.carbon.event.stream.core.internal.EventJunction} - Producer added to the junction. Stream:org.wso2.throttle.globalThrottle.stream:1.1.0
TID: [-1234] [] [2023-11-15 16:00:55,735]  INFO {org.wso2.carbon.event.stream.core.internal.EventJunction} - Consumer added to the junction. Stream:org.wso2.throttle.processed.request.stream:1.0.0
TID: [-1234] [] [2023-11-15 16:00:55,735]  INFO {org.wso2.carbon.event.processor.core.EventProcessorDeployer} - Execution plan is deployed successfully and in active state  : carbon.super_resource_50KPerMin_default
TID: [-1234] [] [2023-11-15 16:00:55,802]  INFO {org.wso2.carbon.event.processor.core.internal.util.EventProcessorConfigurationFilesystemInvoker} - Execution plan: carbon.super_resource_20KPerMin_default saved in the filesystem
TID: [-1234] [] [2023-11-15 16:00:55,873]  INFO {org.wso2.carbon.event.stream.core.internal.EventJunction} - Producer added to the junction. Stream:org.wso2.throttle.globalThrottle.stream:1.1.0
TID: [-1234] [] [2023-11-15 16:00:55,873]  INFO {org.wso2.carbon.event.stream.core.internal.EventJunction} - Consumer added to the junction. Stream:org.wso2.throttle.processed.request.stream:1.0.0
TID: [-1234] [] [2023-11-15 16:00:55,873]  INFO {org.wso2.carbon.event.processor.core.EventProcessorDeployer} - Execution plan is deployed successfully and in active state  : carbon.super_resource_20KPerMin_default
TID: [-1234] [] [2023-11-15 16:00:55,942]  INFO {org.wso2.carbon.event.processor.core.internal.util.EventProcessorConfigurationFilesystemInvoker} - Execution plan: carbon.super_resource_10KPerMin_default saved in the filesystem
TID: [-1234] [] [2023-11-15 16:00:55,997]  INFO {org.wso2.carbon.ui.internal.CarbonUIServiceComponent} - Mgt Console URL  : https://localhost:9443/carbon/
TID: [-1234] [] [2023-11-15 16:00:55,998]  INFO {org.wso2.carbon.ui.internal.CarbonUIServiceComponent} - API Developer Portal Default Context : https://localhost:9443/devportal
TID: [-1234] [] [2023-11-15 16:00:55,998]  INFO {org.wso2.carbon.ui.internal.CarbonUIServiceComponent} - API Publisher Default Context : https://localhost:9443/publisher
TID: [-1234] [] [2023-11-15 16:00:56,037]  INFO {org.wso2.carbon.event.stream.core.internal.EventJunction} - Producer added to the junction. Stream:org.wso2.throttle.globalThrottle.stream:1.1.0
TID: [-1234] [] [2023-11-15 16:00:56,037]  INFO {org.wso2.carbon.event.stream.core.internal.EventJunction} - Consumer added to the junction. Stream:org.wso2.throttle.processed.request.stream:1.0.0
TID: [-1234] [] [2023-11-15 16:00:56,037]  INFO {org.wso2.carbon.event.processor.core.EventProcessorDeployer} - Execution plan is deployed successfully and in active state  : carbon.super_resource_10KPerMin_default
TID: [-1234] [] [2023-11-15 16:00:56,388]  INFO {org.wso2.carbon.apimgt.gateway.InMemoryAPIDeployer} - Deploying synapse artifacts of TestAPI
TID: [-1234] [] [2023-11-15 16:00:56,596]  INFO {org.wso2.carbon.mediation.dependency.mgt.DependencyTracker} - Local entry : 92bc144e-3c52-4226-967c-841e76ffe52e was added to the Synapse configuration successfully
TID: [-1234] [] [2023-11-15 16:00:56,645]  INFO {org.wso2.carbon.mediation.dependency.mgt.DependencyTracker} - Endpoint : TestAPI--v1.0.0_APIsandboxEndpoint was added to the Synapse configuration successfully
TID: [-1234] [] [2023-11-15 16:00:56,650]  INFO {org.wso2.carbon.mediation.dependency.mgt.DependencyTracker} - Endpoint : TestAPI--v1.0.0_APIproductionEndpoint was added to the Synapse configuration successfully
TID: [-1234] [] [2023-11-15 16:00:57,840]  INFO {org.wso2.carbon.mediation.dependency.mgt.DependencyTracker} - API : TestAPI:v1.0.0 was added to the Synapse configuration successfully
TID: [-1234] [] [2023-11-15 16:00:57,841]  INFO {org.apache.synapse.api.API} - {api:TestAPI:v1.0.0} Initializing API: TestAPI:v1.0.0
TID: [-1234] [] [2023-11-15 16:00:57,922]  INFO {org.wso2.carbon.apimgt.gateway.InMemoryAPIDeployer} - Deploying synapse artifacts of PizzaShackAPI
TID: [-1234] [] [2023-11-15 16:00:57,947]  INFO {org.wso2.carbon.mediation.dependency.mgt.DependencyTracker} - Local entry : c814a00c-4add-4cad-b3fe-99b1c5c9f322 was added to the Synapse configuration successfully
TID: [-1234] [] [2023-11-15 16:00:57,952]  INFO {org.wso2.carbon.mediation.dependency.mgt.DependencyTracker} - Endpoint : PizzaShackAPI--v1.0.0_APIproductionEndpoint was added to the Synapse configuration successfully
TID: [-1234] [] [2023-11-15 16:00:57,957]  INFO {org.wso2.carbon.mediation.dependency.mgt.DependencyTracker} - Endpoint : PizzaShackAPI--v1.0.0_APIsandboxEndpoint was added to the Synapse configuration successfully
TID: [-1234] [] [2023-11-15 16:00:58,103]  INFO {org.wso2.carbon.mediation.dependency.mgt.DependencyTracker} - Sequence : PizzaShackAPI:v1.0.0--Out was added to the Synapse configuration successfully
TID: [-1234] [] [2023-11-15 16:00:58,120]  INFO {org.wso2.carbon.mediation.dependency.mgt.DependencyTracker} - API : PizzaShackAPI:v1.0.0 was added to the Synapse configuration successfully
TID: [-1234] [] [2023-11-15 16:00:58,120]  INFO {org.apache.synapse.api.API} - {api:PizzaShackAPI:v1.0.0} Initializing API: PizzaShackAPI:v1.0.0
TID: [-1234] [] [2023-11-15 16:00:58,123]  INFO {org.apache.synapse.transport.passthru.PassThroughHttpSSLSender} - PassThroughHttpSender reloading SSL Config..
TID: [-1234] [] [2023-11-15 16:00:58,123]  INFO {org.wso2.carbon.apimgt.gateway.listeners.GatewayStartupListener} - Synapse Artifacts deployed Successfully in the Gateway
TID: [-1234] [] [2023-11-15 16:00:58,123]  INFO {org.apache.synapse.transport.passthru.PassThroughHttpMultiSSLListener} - PassThroughHttpListener reloading SSL Config..
TID: [-1234] [] [2023-11-15 16:00:58,136]  INFO {org.apache.synapse.transport.nhttp.config.ClientConnFactoryBuilder} - customSSLProfiles configuration is loaded from path: /home/server/Documents/HieuNMe/wso2am-4.1.0/repository/resources/security/sslprofiles.xml
TID: [-1234] [] [2023-11-15 16:00:58,136]  INFO {org.apache.synapse.transport.nhttp.config.ServerConnFactoryBuilder} - SSLProfile configuration is loaded from path: /home/server/Documents/HieuNMe/wso2am-4.1.0/repository/resources/security/listenerprofiles.xml
TID: [-1234] [] [2023-11-15 16:00:58,136]  INFO {org.apache.synapse.transport.nhttp.config.ClientConnFactoryBuilder} - HTTPS Loading custom SSL profiles for the HTTPS sender
TID: [-1234] [] [2023-11-15 16:00:58,147]  INFO {org.apache.synapse.transport.nhttp.config.ClientConnFactoryBuilder} - HTTPS Custom SSL profiles initialized for 1 servers
TID: [-1234] [] [2023-11-15 16:00:58,148]  INFO {org.apache.synapse.transport.passthru.PassThroughHttpSSLSender} - Pass-through HTTPS Sender updated with Dynamic Configuration Updates ...
TID: [-1234] [] [2023-11-15 16:00:58,158]  INFO {org.apache.synapse.transport.passthru.core.PassThroughListeningIOReactorManager} - Pass-through HTTPS Listener started on 0.0.0.0:8243
TID: [-1234] [] [2023-11-15 16:00:58,158]  INFO {org.apache.synapse.transport.passthru.PassThroughHttpMultiSSLListener} - HTTPS Reloaded
TID: [-1234] [] [2023-11-15 16:13:57,703] ERROR {org.wso2.carbon.identity.oidc.session.servlet.OIDCSessionIFrameServlet} - Error while retrieving OAuth application information for the provided client id : null, Cannot find an application associated with the given consumer key : null
TID: [-1234] [] [2023-11-15 16:15:37,324] ERROR {org.wso2.carbon.identity.oidc.session.servlet.OIDCSessionIFrameServlet} - Error while retrieving OAuth application information for the provided client id : null, Cannot find an application associated with the given consumer key : null
TID: [-1234] [] [2023-11-15 16:22:47,406] ERROR {org.wso2.carbon.identity.oidc.session.servlet.OIDCSessionIFrameServlet} - Error while retrieving OAuth application information for the provided client id : null, Cannot find an application associated with the given consumer key : null
TID: [-1234] [api/am/publisher] [2023-11-15 16:38:06,899]  INFO {org.wso2.carbon.apimgt.impl.importexport.utils.CommonUtil} - Creation of folder is successful. Directory Name : Definitions
TID: [-1234] [api/am/publisher] [2023-11-15 16:38:06,926]  INFO {org.wso2.carbon.apimgt.impl.importexport.utils.CommonUtil} - Creation of folder is successful. Directory Name : Policies
TID: [-1234] [] [2023-11-15 16:38:08,569]  INFO {org.wso2.carbon.databridge.core.DataBridge} - user admin connected
TID: [-1234] [] [2023-11-15 16:38:10,014]  INFO {org.wso2.carbon.event.output.adapter.jms.internal.util.JMSConnectionFactory} - JMS ConnectionFactory : notificationJMSPublisher initialized
TID: [-1234] [] [2023-11-15 16:41:52,360]  WARN {org.wso2.carbon.identity.oidc.session.servlet.OIDCLogoutServlet} - Provided Post logout redirect URL does not match the registered callback url.
TID: [-1234] [oauth2] [2023-11-15 16:42:32,334]  WARN {org.wso2.carbon.identity.oauth2.OAuth2Service} - Provided Callback URL does not match with the provided one.
TID: [-1234] [] [2023-11-15 16:42:52,633] ERROR {org.wso2.carbon.identity.oidc.session.servlet.OIDCSessionIFrameServlet} - Error while retrieving OAuth application information for the provided client id : null, Cannot find an application associated with the given consumer key : null
TID: [-1234] [] [2023-11-15 16:43:09,231]  INFO {org.wso2.carbon.core.services.util.CarbonAuthenticationUtil} - 'admin@carbon.super [-1234]' logged in at [2023-11-15 16:43:09,230+0700]
TID: [-1234] [] [2023-11-15 16:46:45,916]  WARN {org.apache.synapse.transport.passthru.SourceHandler} - I/O error: Received fatal alert: certificate_unknown
TID: [-1234] [] [2023-11-15 16:46:45,916]  WARN {org.apache.synapse.transport.passthru.SourceHandler} - I/O error: Received fatal alert: certificate_unknown
TID: [-1234] [] [2023-11-15 16:46:46,153]  WARN {org.apache.synapse.transport.http.access.AccessConfiguration} - Error loading properties from file: access-log.properties
TID: [-1234] [] [2023-11-15 16:46:46,188]  WARN {org.apache.synapse.commons.util.MiscellaneousUtil} - Error loading properties from a file at from the System defined location: access-log.properties
TID: [-1234] [] [2023-11-15 16:46:46,199]  WARN {org.apache.synapse.commons.util.MiscellaneousUtil} - Error loading properties from a file at from the System defined location: access-log.properties
TID: [-1234] [] [2023-11-15 16:46:46,633]  INFO {org.apache.synapse.mediators.builtin.LogMediator} - {api:PizzaShackAPI:v1.0.0} STATUS = Executing default 'fault' sequence, ERROR_CODE = 404, ERROR_MESSAGE = No matching resource found for given API Request
